{
  "numFailedTestSuites": 1,
  "numFailedTests": 3,
  "numPassedTestSuites": 0,
  "numPassedTests": 335,
  "numPendingTestSuites": 0,
  "numPendingTests": 0,
  "numRuntimeErrorTestSuites": 0,
  "numTodoTests": 0,
  "numTotalTestSuites": 3,
  "numTotalTests": 338,
  "openHandles": [],
  "snapshot": {
    "added": 0,
    "didUpdate": false,
    "failure": false,
    "filesAdded": 0,
    "filesRemoved": 0,
    "filesRemovedList": [],
    "filesUnmatched": 0,
    "filesUpdated": 0,
    "matched": 0,
    "total": 0,
    "unchecked": 0,
    "uncheckedKeysByFile": [],
    "unmatched": 0,
    "updated": 0
  },
  "startTime": 1669307755906,
  "success": false,
  "testResults": [
    {
      "leaks": false,
      "numFailingTests": 3,
      "numPassingTests": 335,
      "numPendingTests": 0,
      "numTodoTests": 0,
      "openHandles": [],
      "perfStats": {
        "end": 1669307778040,
        "runtime": 21871,
        "slow": true,
        "start": 1669307756169
      },
      "skipped": false,
      "snapshot": {
        "added": 0,
        "fileDeleted": false,
        "matched": 0,
        "unchecked": 0,
        "uncheckedKeys": [],
        "unmatched": 0,
        "updated": 0
      },
      "testFilePath": "/home/jenkinsqa/workspace/_2809-archiveArtifacts-Storybook/aurora/enduser-app/jest/storyshotsHtml.test.ts",
      "testResults": [
        {
          "ancestorTitles": [
            "Storyshot HTML"
          ],
          "duration": 171,
          "failureDetails": [],
          "failureMessages": [],
          "fullName": "Storyshot HTML should be valid for enduser-app storyshots in components/attachments/AttachmentEditor/__snapshots__/AttachmentEditor.stories.storyshot",
          "invocations": 1,
          "location": null,
          "numPassingAsserts": 0,
          "status": "passed",
          "title": "should be valid for enduser-app storyshots in components/attachments/AttachmentEditor/__snapshots__/AttachmentEditor.stories.storyshot"
        },
        {
          "ancestorTitles": [
            "Storyshot HTML"
          ],
          "duration": 110,
          "failureDetails": [],
          "failureMessages": [],
          "fullName": "Storyshot HTML should be valid for enduser-app storyshots in components/attachments/AttachmentsList/__snapshots__/AttachmentList.stories.storyshot",
          "invocations": 1,
          "location": null,
          "numPassingAsserts": 0,
          "status": "passed",
          "title": "should be valid for enduser-app storyshots in components/attachments/AttachmentsList/__snapshots__/AttachmentList.stories.storyshot"
        },
        {
          "ancestorTitles": [
            "Storyshot HTML"
          ],
          "duration": 94,
          "failureDetails": [],
          "failureMessages": [],
          "fullName": "Storyshot HTML should be valid for enduser-app storyshots in components/attachments/AttachmentView/__snapshots__/AttachmentView.stories.storyshot",
          "invocations": 1,
          "location": null,
          "numPassingAsserts": 0,
          "status": "passed",
          "title": "should be valid for enduser-app storyshots in components/attachments/AttachmentView/__snapshots__/AttachmentView.stories.storyshot"
        },
        {
          "ancestorTitles": [
            "Storyshot HTML"
          ],
          "duration": 89,
          "failureDetails": [],
          "failureMessages": [],
          "fullName": "Storyshot HTML should be valid for enduser-app storyshots in components/authentication/AuthenticationLink/__snapshots__/AuthenticationLink.stories.storyshot",
          "invocations": 1,
          "location": null,
          "numPassingAsserts": 0,
          "status": "passed",
          "title": "should be valid for enduser-app storyshots in components/authentication/AuthenticationLink/__snapshots__/AuthenticationLink.stories.storyshot"
        },
        {
          "ancestorTitles": [
            "Storyshot HTML"
          ],
          "duration": 64,
          "failureDetails": [],
          "failureMessages": [],
          "fullName": "Storyshot HTML should be valid for enduser-app storyshots in components/authentication/AuthenticationModal/__snapshots__/AuthenticationModal.stories.storyshot",
          "invocations": 1,
          "location": null,
          "numPassingAsserts": 0,
          "status": "passed",
          "title": "should be valid for enduser-app storyshots in components/authentication/AuthenticationModal/__snapshots__/AuthenticationModal.stories.storyshot"
        },
        {
          "ancestorTitles": [
            "Storyshot HTML"
          ],
          "duration": 66,
          "failureDetails": [],
          "failureMessages": [],
          "fullName": "Storyshot HTML should be valid for enduser-app storyshots in components/authentication/ChangePasswordForm/__snapshots__/ChangePasswordForm.stories.storyshot",
          "invocations": 1,
          "location": null,
          "numPassingAsserts": 0,
          "status": "passed",
          "title": "should be valid for enduser-app storyshots in components/authentication/ChangePasswordForm/__snapshots__/ChangePasswordForm.stories.storyshot"
        },
        {
          "ancestorTitles": [
            "Storyshot HTML"
          ],
          "duration": 56,
          "failureDetails": [],
          "failureMessages": [],
          "fullName": "Storyshot HTML should be valid for enduser-app storyshots in components/authentication/ChangePasswordModal/__snapshots__/ChangePasswordModal.stories.storyshot",
          "invocations": 1,
          "location": null,
          "numPassingAsserts": 0,
          "status": "passed",
          "title": "should be valid for enduser-app storyshots in components/authentication/ChangePasswordModal/__snapshots__/ChangePasswordModal.stories.storyshot"
        },
        {
          "ancestorTitles": [
            "Storyshot HTML"
          ],
          "duration": 52,
          "failureDetails": [],
          "failureMessages": [],
          "fullName": "Storyshot HTML should be valid for enduser-app storyshots in components/authentication/ForgotPasswordForm/__snapshots__/ForgotPasswordForm.stories.storyshot",
          "invocations": 1,
          "location": null,
          "numPassingAsserts": 0,
          "status": "passed",
          "title": "should be valid for enduser-app storyshots in components/authentication/ForgotPasswordForm/__snapshots__/ForgotPasswordForm.stories.storyshot"
        },
        {
          "ancestorTitles": [
            "Storyshot HTML"
          ],
          "duration": 60,
          "failureDetails": [],
          "failureMessages": [],
          "fullName": "Storyshot HTML should be valid for enduser-app storyshots in components/authentication/ForgotPasswordWidget/__snapshots__/ForgotPasswordWidget.stories.storyshot",
          "invocations": 1,
          "location": null,
          "numPassingAsserts": 0,
          "status": "passed",
          "title": "should be valid for enduser-app storyshots in components/authentication/ForgotPasswordWidget/__snapshots__/ForgotPasswordWidget.stories.storyshot"
        },
        {
          "ancestorTitles": [
            "Storyshot HTML"
          ],
          "duration": 53,
          "failureDetails": [],
          "failureMessages": [],
          "fullName": "Storyshot HTML should be valid for enduser-app storyshots in components/authentication/LoginWidget/__snapshots__/LoginWidget.stories.storyshot",
          "invocations": 1,
          "location": null,
          "numPassingAsserts": 0,
          "status": "passed",
          "title": "should be valid for enduser-app storyshots in components/authentication/LoginWidget/__snapshots__/LoginWidget.stories.storyshot"
        },
        {
          "ancestorTitles": [
            "Storyshot HTML"
          ],
          "duration": 76,
          "failureDetails": [],
          "failureMessages": [],
          "fullName": "Storyshot HTML should be valid for enduser-app storyshots in components/authentication/RegistrationForm/__snapshots__/RegistrationForm.stories.storyshot",
          "invocations": 1,
          "location": null,
          "numPassingAsserts": 0,
          "status": "passed",
          "title": "should be valid for enduser-app storyshots in components/authentication/RegistrationForm/__snapshots__/RegistrationForm.stories.storyshot"
        },
        {
          "ancestorTitles": [
            "Storyshot HTML"
          ],
          "duration": 62,
          "failureDetails": [],
          "failureMessages": [],
          "fullName": "Storyshot HTML should be valid for enduser-app storyshots in components/authentication/RegistrationWidget/__snapshots__/RegistrationWidget.stories.storyshot",
          "invocations": 1,
          "location": null,
          "numPassingAsserts": 0,
          "status": "passed",
          "title": "should be valid for enduser-app storyshots in components/authentication/RegistrationWidget/__snapshots__/RegistrationWidget.stories.storyshot"
        },
        {
          "ancestorTitles": [
            "Storyshot HTML"
          ],
          "duration": 44,
          "failureDetails": [],
          "failureMessages": [],
          "fullName": "Storyshot HTML should be valid for enduser-app storyshots in components/authentication/ResetPasswordForm/__snapshots__/ResetPasswordForm.stories.storyshot",
          "invocations": 1,
          "location": null,
          "numPassingAsserts": 0,
          "status": "passed",
          "title": "should be valid for enduser-app storyshots in components/authentication/ResetPasswordForm/__snapshots__/ResetPasswordForm.stories.storyshot"
        },
        {
          "ancestorTitles": [
            "Storyshot HTML"
          ],
          "duration": 61,
          "failureDetails": [],
          "failureMessages": [],
          "fullName": "Storyshot HTML should be valid for enduser-app storyshots in components/authentication/ResetPasswordWidget/__snapshots__/ResetPasswordWidget.stories.storyshot",
          "invocations": 1,
          "location": null,
          "numPassingAsserts": 0,
          "status": "passed",
          "title": "should be valid for enduser-app storyshots in components/authentication/ResetPasswordWidget/__snapshots__/ResetPasswordWidget.stories.storyshot"
        },
        {
          "ancestorTitles": [
            "Storyshot HTML"
          ],
          "duration": 54,
          "failureDetails": [],
          "failureMessages": [],
          "fullName": "Storyshot HTML should be valid for enduser-app storyshots in components/authentication/TermsOfServiceWidget/__snapshots__/TermsOfServiceWidget.stories.storyshot",
          "invocations": 1,
          "location": null,
          "numPassingAsserts": 0,
          "status": "passed",
          "title": "should be valid for enduser-app storyshots in components/authentication/TermsOfServiceWidget/__snapshots__/TermsOfServiceWidget.stories.storyshot"
        },
        {
          "ancestorTitles": [
            "Storyshot HTML"
          ],
          "duration": 50,
          "failureDetails": [],
          "failureMessages": [],
          "fullName": "Storyshot HTML should be valid for enduser-app storyshots in components/badges/UserBadge/__snapshots__/UserBadge.stories.storyshot",
          "invocations": 1,
          "location": null,
          "numPassingAsserts": 0,
          "status": "passed",
          "title": "should be valid for enduser-app storyshots in components/badges/UserBadge/__snapshots__/UserBadge.stories.storyshot"
        },
        {
          "ancestorTitles": [
            "Storyshot HTML"
          ],
          "duration": 70,
          "failureDetails": [],
          "failureMessages": [],
          "fullName": "Storyshot HTML should be valid for enduser-app storyshots in components/blogs/BlogArticleWidget/__snapshots__/BlogArticleWidget.stories.storyshot",
          "invocations": 1,
          "location": null,
          "numPassingAsserts": 0,
          "status": "passed",
          "title": "should be valid for enduser-app storyshots in components/blogs/BlogArticleWidget/__snapshots__/BlogArticleWidget.stories.storyshot"
        },
        {
          "ancestorTitles": [
            "Storyshot HTML"
          ],
          "duration": 50,
          "failureDetails": [],
          "failureMessages": [],
          "fullName": "Storyshot HTML should be valid for enduser-app storyshots in components/common/ActionPanel/__snapshots__/ActionPanel.stories.storyshot",
          "invocations": 1,
          "location": null,
          "numPassingAsserts": 0,
          "status": "passed",
          "title": "should be valid for enduser-app storyshots in components/common/ActionPanel/__snapshots__/ActionPanel.stories.storyshot"
        },
        {
          "ancestorTitles": [
            "Storyshot HTML"
          ],
          "duration": 49,
          "failureDetails": [],
          "failureMessages": [],
          "fullName": "Storyshot HTML should be valid for enduser-app storyshots in components/common/Avatar/__snapshots__/ShapedAvatar.stories.storyshot",
          "invocations": 1,
          "location": null,
          "numPassingAsserts": 0,
          "status": "passed",
          "title": "should be valid for enduser-app storyshots in components/common/Avatar/__snapshots__/ShapedAvatar.stories.storyshot"
        },
        {
          "ancestorTitles": [
            "Storyshot HTML"
          ],
          "duration": 52,
          "failureDetails": [],
          "failureMessages": [],
          "fullName": "Storyshot HTML should be valid for enduser-app storyshots in components/common/DataGrid/__snapshots__/DataGrid.stories.storyshot",
          "invocations": 1,
          "location": null,
          "numPassingAsserts": 0,
          "status": "passed",
          "title": "should be valid for enduser-app storyshots in components/common/DataGrid/__snapshots__/DataGrid.stories.storyshot"
        },
        {
          "ancestorTitles": [
            "Storyshot HTML"
          ],
          "duration": 44,
          "failureDetails": [],
          "failureMessages": [],
          "fullName": "Storyshot HTML should be valid for enduser-app storyshots in components/common/DoubleDivider/__snapshots__/DoubleDivider.stories.storyshot",
          "invocations": 1,
          "location": null,
          "numPassingAsserts": 0,
          "status": "passed",
          "title": "should be valid for enduser-app storyshots in components/common/DoubleDivider/__snapshots__/DoubleDivider.stories.storyshot"
        },
        {
          "ancestorTitles": [
            "Storyshot HTML"
          ],
          "duration": 52,
          "failureDetails": [],
          "failureMessages": [],
          "fullName": "Storyshot HTML should be valid for enduser-app storyshots in components/common/HeaderWidget/__snapshots__/HeaderWidget.stories.storyshot",
          "invocations": 1,
          "location": null,
          "numPassingAsserts": 0,
          "status": "passed",
          "title": "should be valid for enduser-app storyshots in components/common/HeaderWidget/__snapshots__/HeaderWidget.stories.storyshot"
        },
        {
          "ancestorTitles": [
            "Storyshot HTML"
          ],
          "duration": 46,
          "failureDetails": [],
          "failureMessages": [],
          "fullName": "Storyshot HTML should be valid for enduser-app storyshots in components/common/JumbotronWithBackground/__snapshots__/JumbotronWithBackground.stories.storyshot",
          "invocations": 1,
          "location": null,
          "numPassingAsserts": 0,
          "status": "passed",
          "title": "should be valid for enduser-app storyshots in components/common/JumbotronWithBackground/__snapshots__/JumbotronWithBackground.stories.storyshot"
        },
        {
          "ancestorTitles": [
            "Storyshot HTML"
          ],
          "duration": 87,
          "failureDetails": [],
          "failureMessages": [],
          "fullName": "Storyshot HTML should be valid for enduser-app storyshots in components/common/List/__snapshots__/ItemList.stories.storyshot",
          "invocations": 1,
          "location": null,
          "numPassingAsserts": 0,
          "status": "passed",
          "title": "should be valid for enduser-app storyshots in components/common/List/__snapshots__/ItemList.stories.storyshot"
        },
        {
          "ancestorTitles": [
            "Storyshot HTML"
          ],
          "duration": 142,
          "failureDetails": [],
          "failureMessages": [],
          "fullName": "Storyshot HTML should be valid for enduser-app storyshots in components/common/List/PaneledItemList/__snapshots__/PaneledItemList.stories.storyshot",
          "invocations": 1,
          "location": null,
          "numPassingAsserts": 0,
          "status": "passed",
          "title": "should be valid for enduser-app storyshots in components/common/List/PaneledItemList/__snapshots__/PaneledItemList.stories.storyshot"
        },
        {
          "ancestorTitles": [
            "Storyshot HTML"
          ],
          "duration": 45,
          "failureDetails": [],
          "failureMessages": [],
          "fullName": "Storyshot HTML should be valid for enduser-app storyshots in components/common/ManageDataGridFilterButton/__snapshots__/ManageDataGridFilterButton.stories.storyshot",
          "invocations": 1,
          "location": null,
          "numPassingAsserts": 0,
          "status": "passed",
          "title": "should be valid for enduser-app storyshots in components/common/ManageDataGridFilterButton/__snapshots__/ManageDataGridFilterButton.stories.storyshot"
        },
        {
          "ancestorTitles": [
            "Storyshot HTML"
          ],
          "duration": 44,
          "failureDetails": [],
          "failureMessages": [],
          "fullName": "Storyshot HTML should be valid for enduser-app storyshots in components/common/NestedAccordion/__snapshots__/NestedAccordion.stories.storyshot",
          "invocations": 1,
          "location": null,
          "numPassingAsserts": 0,
          "status": "passed",
          "title": "should be valid for enduser-app storyshots in components/common/NestedAccordion/__snapshots__/NestedAccordion.stories.storyshot"
        },
        {
          "ancestorTitles": [
            "Storyshot HTML"
          ],
          "duration": 45,
          "failureDetails": [],
          "failureMessages": [],
          "fullName": "Storyshot HTML should be valid for enduser-app storyshots in components/common/OverflowSet/__snapshots__/OverflowSet.stories.storyshot",
          "invocations": 1,
          "location": null,
          "numPassingAsserts": 0,
          "status": "passed",
          "title": "should be valid for enduser-app storyshots in components/common/OverflowSet/__snapshots__/OverflowSet.stories.storyshot"
        },
        {
          "ancestorTitles": [
            "Storyshot HTML"
          ],
          "duration": 74,
          "failureDetails": [],
          "failureMessages": [],
          "fullName": "Storyshot HTML should be valid for enduser-app storyshots in components/community/BrandLogo/__snapshots__/BrandLogo.stories.storyshot",
          "invocations": 1,
          "location": null,
          "numPassingAsserts": 0,
          "status": "passed",
          "title": "should be valid for enduser-app storyshots in components/community/BrandLogo/__snapshots__/BrandLogo.stories.storyshot"
        },
        {
          "ancestorTitles": [
            "Storyshot HTML"
          ],
          "duration": 107,
          "failureDetails": [],
          "failureMessages": [],
          "fullName": "Storyshot HTML should be valid for enduser-app storyshots in components/community/Breadcrumb/__snapshots__/Breadcrumb.stories.storyshot",
          "invocations": 1,
          "location": null,
          "numPassingAsserts": 0,
          "status": "passed",
          "title": "should be valid for enduser-app storyshots in components/community/Breadcrumb/__snapshots__/Breadcrumb.stories.storyshot"
        },
        {
          "ancestorTitles": [
            "Storyshot HTML"
          ],
          "duration": 54,
          "failureDetails": [],
          "failureMessages": [],
          "fullName": "Storyshot HTML should be valid for enduser-app storyshots in components/community/CommunityUsersCount/__snapshots__/CommunityUsersCount.stories.storyshot",
          "invocations": 1,
          "location": null,
          "numPassingAsserts": 0,
          "status": "passed",
          "title": "should be valid for enduser-app storyshots in components/community/CommunityUsersCount/__snapshots__/CommunityUsersCount.stories.storyshot"
        },
        {
          "ancestorTitles": [
            "Storyshot HTML"
          ],
          "duration": 53,
          "failureDetails": [],
          "failureMessages": [],
          "fullName": "Storyshot HTML should be valid for enduser-app storyshots in components/community/DefaultAvatarSet/__snapshots__/DefaultAvatarSet.stories.storyshot",
          "invocations": 1,
          "location": null,
          "numPassingAsserts": 0,
          "status": "passed",
          "title": "should be valid for enduser-app storyshots in components/community/DefaultAvatarSet/__snapshots__/DefaultAvatarSet.stories.storyshot"
        },
        {
          "ancestorTitles": [
            "Storyshot HTML"
          ],
          "duration": 45,
          "failureDetails": [],
          "failureMessages": [],
          "fullName": "Storyshot HTML should be valid for enduser-app storyshots in components/community/EditControlsSet/__snapshots__/EditControlsSet.stories.storyshot",
          "invocations": 1,
          "location": null,
          "numPassingAsserts": 0,
          "status": "passed",
          "title": "should be valid for enduser-app storyshots in components/community/EditControlsSet/__snapshots__/EditControlsSet.stories.storyshot"
        },
        {
          "ancestorTitles": [
            "Storyshot HTML"
          ],
          "duration": 39,
          "failureDetails": [],
          "failureMessages": [],
          "fullName": "Storyshot HTML should be valid for enduser-app storyshots in components/community/EntityLink/__snapshots__/EntityLink.stories.storyshot",
          "invocations": 1,
          "location": null,
          "numPassingAsserts": 0,
          "status": "passed",
          "title": "should be valid for enduser-app storyshots in components/community/EntityLink/__snapshots__/EntityLink.stories.storyshot"
        },
        {
          "ancestorTitles": [
            "Storyshot HTML"
          ],
          "duration": 39,
          "failureDetails": [],
          "failureMessages": [],
          "fullName": "Storyshot HTML should be valid for enduser-app storyshots in components/community/FooterWidget/__snapshots__/FooterWidget.stories.storyshot",
          "invocations": 1,
          "location": null,
          "numPassingAsserts": 0,
          "status": "passed",
          "title": "should be valid for enduser-app storyshots in components/community/FooterWidget/__snapshots__/FooterWidget.stories.storyshot"
        },
        {
          "ancestorTitles": [
            "Storyshot HTML"
          ],
          "duration": 44,
          "failureDetails": [],
          "failureMessages": [],
          "fullName": "Storyshot HTML should be valid for enduser-app storyshots in components/community/FormBackButton/__snapshots__/FormBackButton.stories.storyshot",
          "invocations": 1,
          "location": null,
          "numPassingAsserts": 0,
          "status": "passed",
          "title": "should be valid for enduser-app storyshots in components/community/FormBackButton/__snapshots__/FormBackButton.stories.storyshot"
        },
        {
          "ancestorTitles": [
            "Storyshot HTML"
          ],
          "duration": 36,
          "failureDetails": [],
          "failureMessages": [],
          "fullName": "Storyshot HTML should be valid for enduser-app storyshots in components/community/KhorosLogo/__snapshots__/KhorosLogo.stories.storyshot",
          "invocations": 1,
          "location": null,
          "numPassingAsserts": 0,
          "status": "passed",
          "title": "should be valid for enduser-app storyshots in components/community/KhorosLogo/__snapshots__/KhorosLogo.stories.storyshot"
        },
        {
          "ancestorTitles": [
            "Storyshot HTML"
          ],
          "duration": 49,
          "failureDetails": [],
          "failureMessages": [],
          "fullName": "Storyshot HTML should be valid for enduser-app storyshots in components/community/Navbar/__snapshots__/Navbar.stories.storyshot",
          "invocations": 1,
          "location": null,
          "numPassingAsserts": 0,
          "status": "passed",
          "title": "should be valid for enduser-app storyshots in components/community/Navbar/__snapshots__/Navbar.stories.storyshot"
        },
        {
          "ancestorTitles": [
            "Storyshot HTML"
          ],
          "duration": 40,
          "failureDetails": [],
          "failureMessages": [],
          "fullName": "Storyshot HTML should be valid for enduser-app storyshots in components/community/NavbarAccountMenu/__snapshots__/NavbarAccountMenu.stories.storyshot",
          "invocations": 1,
          "location": null,
          "numPassingAsserts": 0,
          "status": "passed",
          "title": "should be valid for enduser-app storyshots in components/community/NavbarAccountMenu/__snapshots__/NavbarAccountMenu.stories.storyshot"
        },
        {
          "ancestorTitles": [
            "Storyshot HTML"
          ],
          "duration": 40,
          "failureDetails": [],
          "failureMessages": [],
          "fullName": "Storyshot HTML should be valid for enduser-app storyshots in components/community/NavbarCollapseMenu/__snapshots__/NavbarCollapseMenu.stories.storyshot",
          "invocations": 1,
          "location": null,
          "numPassingAsserts": 0,
          "status": "passed",
          "title": "should be valid for enduser-app storyshots in components/community/NavbarCollapseMenu/__snapshots__/NavbarCollapseMenu.stories.storyshot"
        },
        {
          "ancestorTitles": [
            "Storyshot HTML"
          ],
          "duration": 37,
          "failureDetails": [],
          "failureMessages": [],
          "fullName": "Storyshot HTML should be valid for enduser-app storyshots in components/community/NavbarDropdown/__snapshots__/NavbarDropdown.stories.storyshot",
          "invocations": 1,
          "location": null,
          "numPassingAsserts": 0,
          "status": "passed",
          "title": "should be valid for enduser-app storyshots in components/community/NavbarDropdown/__snapshots__/NavbarDropdown.stories.storyshot"
        },
        {
          "ancestorTitles": [
            "Storyshot HTML"
          ],
          "duration": 45,
          "failureDetails": [],
          "failureMessages": [],
          "fullName": "Storyshot HTML should be valid for enduser-app storyshots in components/community/PageHeaderWidget/__snapshots__/PageHeaderWidget.stories.storyshot",
          "invocations": 1,
          "location": null,
          "numPassingAsserts": 0,
          "status": "passed",
          "title": "should be valid for enduser-app storyshots in components/community/PageHeaderWidget/__snapshots__/PageHeaderWidget.stories.storyshot"
        },
        {
          "ancestorTitles": [
            "Storyshot HTML"
          ],
          "duration": 71,
          "failureDetails": [],
          "failureMessages": [],
          "fullName": "Storyshot HTML should be valid for enduser-app storyshots in components/community/ThemeEditor/__snapshots__/ThemeEditor.stories.storyshot",
          "invocations": 1,
          "location": null,
          "numPassingAsserts": 0,
          "status": "passed",
          "title": "should be valid for enduser-app storyshots in components/community/ThemeEditor/__snapshots__/ThemeEditor.stories.storyshot"
        },
        {
          "ancestorTitles": [
            "Storyshot HTML"
          ],
          "duration": 50,
          "failureDetails": [],
          "failureMessages": [],
          "fullName": "Storyshot HTML should be valid for enduser-app storyshots in components/community/ThemeEditorMenu/__snapshots__/ThemeEditorMenu.stories.storyshot",
          "invocations": 1,
          "location": null,
          "numPassingAsserts": 0,
          "status": "passed",
          "title": "should be valid for enduser-app storyshots in components/community/ThemeEditorMenu/__snapshots__/ThemeEditorMenu.stories.storyshot"
        },
        {
          "ancestorTitles": [
            "Storyshot HTML"
          ],
          "duration": 45,
          "failureDetails": [],
          "failureMessages": [],
          "fullName": "Storyshot HTML should be valid for enduser-app storyshots in components/community/ThemeEditorModeSelector/__snapshots__/ThemeEditorModeSelector.stories.storyshot",
          "invocations": 1,
          "location": null,
          "numPassingAsserts": 0,
          "status": "passed",
          "title": "should be valid for enduser-app storyshots in components/community/ThemeEditorModeSelector/__snapshots__/ThemeEditorModeSelector.stories.storyshot"
        },
        {
          "ancestorTitles": [
            "Storyshot HTML"
          ],
          "duration": 39,
          "failureDetails": [],
          "failureMessages": [],
          "fullName": "Storyshot HTML should be valid for enduser-app storyshots in components/community/ThemeEditorSectionsMenu/__snapshots__/ThemeEditorSectionsMenu.stories.storyshot",
          "invocations": 1,
          "location": null,
          "numPassingAsserts": 0,
          "status": "passed",
          "title": "should be valid for enduser-app storyshots in components/community/ThemeEditorSectionsMenu/__snapshots__/ThemeEditorSectionsMenu.stories.storyshot"
        },
        {
          "ancestorTitles": [
            "Storyshot HTML"
          ],
          "duration": 43,
          "failureDetails": [],
          "failureMessages": [],
          "fullName": "Storyshot HTML should be valid for enduser-app storyshots in components/community/ThemeEditorToolbar/__snapshots__/ThemeEditorToolbar.stories.storyshot",
          "invocations": 1,
          "location": null,
          "numPassingAsserts": 0,
          "status": "passed",
          "title": "should be valid for enduser-app storyshots in components/community/ThemeEditorToolbar/__snapshots__/ThemeEditorToolbar.stories.storyshot"
        },
        {
          "ancestorTitles": [
            "Storyshot HTML"
          ],
          "duration": 43,
          "failureDetails": [],
          "failureMessages": [],
          "fullName": "Storyshot HTML should be valid for enduser-app storyshots in components/community/ThemeStyleguide/__snapshots__/ThemeStyleguide.stories.storyshot",
          "invocations": 1,
          "location": null,
          "numPassingAsserts": 0,
          "status": "passed",
          "title": "should be valid for enduser-app storyshots in components/community/ThemeStyleguide/__snapshots__/ThemeStyleguide.stories.storyshot"
        },
        {
          "ancestorTitles": [
            "Storyshot HTML"
          ],
          "duration": 64,
          "failureDetails": [],
          "failureMessages": [],
          "fullName": "Storyshot HTML should be valid for enduser-app storyshots in components/community/ThemeStyleguideAddCustomFontButton/__snapshots__/ThemeStyleguideAddCustomFontButton.stories.storyshot",
          "invocations": 1,
          "location": null,
          "numPassingAsserts": 0,
          "status": "passed",
          "title": "should be valid for enduser-app storyshots in components/community/ThemeStyleguideAddCustomFontButton/__snapshots__/ThemeStyleguideAddCustomFontButton.stories.storyshot"
        },
        {
          "ancestorTitles": [
            "Storyshot HTML"
          ],
          "duration": 71,
          "failureDetails": [],
          "failureMessages": [],
          "fullName": "Storyshot HTML should be valid for enduser-app storyshots in components/community/ThemeStyleguideAvatars/__snapshots__/ThemeStyleguideAvatars.stories.storyshot",
          "invocations": 1,
          "location": null,
          "numPassingAsserts": 0,
          "status": "passed",
          "title": "should be valid for enduser-app storyshots in components/community/ThemeStyleguideAvatars/__snapshots__/ThemeStyleguideAvatars.stories.storyshot"
        },
        {
          "ancestorTitles": [
            "Storyshot HTML"
          ],
          "duration": 64,
          "failureDetails": [],
          "failureMessages": [],
          "fullName": "Storyshot HTML should be valid for enduser-app storyshots in components/community/ThemeStyleguideAvatarsAddCustomAvatarButton/__snapshots__/ThemeStyleguideAvatarsAddCustomAvatarButton.stories.storyshot",
          "invocations": 1,
          "location": null,
          "numPassingAsserts": 0,
          "status": "passed",
          "title": "should be valid for enduser-app storyshots in components/community/ThemeStyleguideAvatarsAddCustomAvatarButton/__snapshots__/ThemeStyleguideAvatarsAddCustomAvatarButton.stories.storyshot"
        },
        {
          "ancestorTitles": [
            "Storyshot HTML"
          ],
          "duration": 73,
          "failureDetails": [],
          "failureMessages": [],
          "fullName": "Storyshot HTML should be valid for enduser-app storyshots in components/community/ThemeStyleguideAvatarsAddCustomAvatarDialog/__snapshots__/ThemeStyleguideAvatarsAddCustomAvatarDialog.stories.storyshot",
          "invocations": 1,
          "location": null,
          "numPassingAsserts": 0,
          "status": "passed",
          "title": "should be valid for enduser-app storyshots in components/community/ThemeStyleguideAvatarsAddCustomAvatarDialog/__snapshots__/ThemeStyleguideAvatarsAddCustomAvatarDialog.stories.storyshot"
        },
        {
          "ancestorTitles": [
            "Storyshot HTML"
          ],
          "duration": 47,
          "failureDetails": [],
          "failureMessages": [],
          "fullName": "Storyshot HTML should be valid for enduser-app storyshots in components/community/ThemeStyleguideAvatarsCard/__snapshots__/ThemeStyleguideAvatarsCard.stories.storyshot",
          "invocations": 1,
          "location": null,
          "numPassingAsserts": 0,
          "status": "passed",
          "title": "should be valid for enduser-app storyshots in components/community/ThemeStyleguideAvatarsCard/__snapshots__/ThemeStyleguideAvatarsCard.stories.storyshot"
        },
        {
          "ancestorTitles": [
            "Storyshot HTML"
          ],
          "duration": 62,
          "failureDetails": [],
          "failureMessages": [],
          "fullName": "Storyshot HTML should be valid for enduser-app storyshots in components/community/ThemeStyleguideAvatarsOnlineNow/__snapshots__/ThemeStyleguideAvatarsOnlineNow.stories.storyshot",
          "invocations": 1,
          "location": null,
          "numPassingAsserts": 0,
          "status": "passed",
          "title": "should be valid for enduser-app storyshots in components/community/ThemeStyleguideAvatarsOnlineNow/__snapshots__/ThemeStyleguideAvatarsOnlineNow.stories.storyshot"
        },
        {
          "ancestorTitles": [
            "Storyshot HTML"
          ],
          "duration": 55,
          "failureDetails": [],
          "failureMessages": [],
          "fullName": "Storyshot HTML should be valid for enduser-app storyshots in components/community/ThemeStyleguideAvatarsPreviewBanner/__snapshots__/ThemeStyleguideAvatarsPreviewBanner.stories.storyshot",
          "invocations": 1,
          "location": null,
          "numPassingAsserts": 0,
          "status": "passed",
          "title": "should be valid for enduser-app storyshots in components/community/ThemeStyleguideAvatarsPreviewBanner/__snapshots__/ThemeStyleguideAvatarsPreviewBanner.stories.storyshot"
        },
        {
          "ancestorTitles": [
            "Storyshot HTML"
          ],
          "duration": 43,
          "failureDetails": [],
          "failureMessages": [],
          "fullName": "Storyshot HTML should be valid for enduser-app storyshots in components/community/ThemeStyleguideAvatarsUsernamePreview/__snapshots__/ThemeStyleguideAvatarsUsernamePreview.stories.storyshot",
          "invocations": 1,
          "location": null,
          "numPassingAsserts": 0,
          "status": "passed",
          "title": "should be valid for enduser-app storyshots in components/community/ThemeStyleguideAvatarsUsernamePreview/__snapshots__/ThemeStyleguideAvatarsUsernamePreview.stories.storyshot"
        },
        {
          "ancestorTitles": [
            "Storyshot HTML"
          ],
          "duration": 52,
          "failureDetails": [],
          "failureMessages": [],
          "fullName": "Storyshot HTML should be valid for enduser-app storyshots in components/community/ThemeStyleguideBasics/__snapshots__/ThemeStyleguideBasics.stories.storyshot",
          "invocations": 1,
          "location": null,
          "numPassingAsserts": 0,
          "status": "passed",
          "title": "should be valid for enduser-app storyshots in components/community/ThemeStyleguideBasics/__snapshots__/ThemeStyleguideBasics.stories.storyshot"
        },
        {
          "ancestorTitles": [
            "Storyshot HTML"
          ],
          "duration": 39,
          "failureDetails": [],
          "failureMessages": [],
          "fullName": "Storyshot HTML should be valid for enduser-app storyshots in components/community/ThemeStyleguideBasicsBanner/__snapshots__/ThemeStyleguideBasicsBanner.stories.storyshot",
          "invocations": 1,
          "location": null,
          "numPassingAsserts": 0,
          "status": "passed",
          "title": "should be valid for enduser-app storyshots in components/community/ThemeStyleguideBasicsBanner/__snapshots__/ThemeStyleguideBasicsBanner.stories.storyshot"
        },
        {
          "ancestorTitles": [
            "Storyshot HTML"
          ],
          "duration": 87,
          "failureDetails": [],
          "failureMessages": [],
          "fullName": "Storyshot HTML should be valid for enduser-app storyshots in components/community/ThemeStyleguideBasicsCard/__snapshots__/ThemeStyleguideBasicsCard.stories.storyshot",
          "invocations": 1,
          "location": null,
          "numPassingAsserts": 0,
          "status": "passed",
          "title": "should be valid for enduser-app storyshots in components/community/ThemeStyleguideBasicsCard/__snapshots__/ThemeStyleguideBasicsCard.stories.storyshot"
        },
        {
          "ancestorTitles": [
            "Storyshot HTML"
          ],
          "duration": 70,
          "failureDetails": [],
          "failureMessages": [],
          "fullName": "Storyshot HTML should be valid for enduser-app storyshots in components/community/ThemeStyleguideButtons/__snapshots__/ThemeStyleguideButtons.stories.storyshot",
          "invocations": 1,
          "location": null,
          "numPassingAsserts": 0,
          "status": "passed",
          "title": "should be valid for enduser-app storyshots in components/community/ThemeStyleguideButtons/__snapshots__/ThemeStyleguideButtons.stories.storyshot"
        },
        {
          "ancestorTitles": [
            "Storyshot HTML"
          ],
          "duration": 54,
          "failureDetails": [],
          "failureMessages": [],
          "fullName": "Storyshot HTML should be valid for enduser-app storyshots in components/community/ThemeStyleguideCodeSnippetText/__snapshots__/ThemeStyleguideCodeSnippetText.stories.storyshot",
          "invocations": 1,
          "location": null,
          "numPassingAsserts": 0,
          "status": "passed",
          "title": "should be valid for enduser-app storyshots in components/community/ThemeStyleguideCodeSnippetText/__snapshots__/ThemeStyleguideCodeSnippetText.stories.storyshot"
        },
        {
          "ancestorTitles": [
            "Storyshot HTML"
          ],
          "duration": 57,
          "failureDetails": [],
          "failureMessages": [],
          "fullName": "Storyshot HTML should be valid for enduser-app storyshots in components/community/ThemeStyleguideColorAdder/__snapshots__/ThemeStyleguideColorAdder.stories.storyshot",
          "invocations": 1,
          "location": null,
          "numPassingAsserts": 0,
          "status": "passed",
          "title": "should be valid for enduser-app storyshots in components/community/ThemeStyleguideColorAdder/__snapshots__/ThemeStyleguideColorAdder.stories.storyshot"
        },
        {
          "ancestorTitles": [
            "Storyshot HTML"
          ],
          "duration": 48,
          "failureDetails": [],
          "failureMessages": [],
          "fullName": "Storyshot HTML should be valid for enduser-app storyshots in components/community/ThemeStyleguideColorEditor/__snapshots__/ThemeStyleguideColorEditor.stories.storyshot",
          "invocations": 1,
          "location": null,
          "numPassingAsserts": 0,
          "status": "passed",
          "title": "should be valid for enduser-app storyshots in components/community/ThemeStyleguideColorEditor/__snapshots__/ThemeStyleguideColorEditor.stories.storyshot"
        },
        {
          "ancestorTitles": [
            "Storyshot HTML"
          ],
          "duration": 38,
          "failureDetails": [],
          "failureMessages": [],
          "fullName": "Storyshot HTML should be valid for enduser-app storyshots in components/community/ThemeStyleguideColorEditorForm/__snapshots__/ThemeStyleguideColorEditorForm.stories.storyshot",
          "invocations": 1,
          "location": null,
          "numPassingAsserts": 0,
          "status": "passed",
          "title": "should be valid for enduser-app storyshots in components/community/ThemeStyleguideColorEditorForm/__snapshots__/ThemeStyleguideColorEditorForm.stories.storyshot"
        },
        {
          "ancestorTitles": [
            "Storyshot HTML"
          ],
          "duration": 59,
          "failureDetails": [],
          "failureMessages": [],
          "fullName": "Storyshot HTML should be valid for enduser-app storyshots in components/community/ThemeStyleguideColors/__snapshots__/ThemeStyleguideColors.stories.storyshot",
          "invocations": 1,
          "location": null,
          "numPassingAsserts": 0,
          "status": "passed",
          "title": "should be valid for enduser-app storyshots in components/community/ThemeStyleguideColors/__snapshots__/ThemeStyleguideColors.stories.storyshot"
        },
        {
          "ancestorTitles": [
            "Storyshot HTML"
          ],
          "duration": 78,
          "failureDetails": [],
          "failureMessages": [],
          "fullName": "Storyshot HTML should be valid for enduser-app storyshots in components/community/ThemeStyleguideColorsCard/__snapshots__/ThemeStyleguideColorsCard.stories.storyshot",
          "invocations": 1,
          "location": null,
          "numPassingAsserts": 0,
          "status": "passed",
          "title": "should be valid for enduser-app storyshots in components/community/ThemeStyleguideColorsCard/__snapshots__/ThemeStyleguideColorsCard.stories.storyshot"
        },
        {
          "ancestorTitles": [
            "Storyshot HTML"
          ],
          "duration": 66,
          "failureDetails": [],
          "failureMessages": [],
          "fullName": "Storyshot HTML should be valid for enduser-app storyshots in components/community/ThemeStyleguideColorsColorPreview/__snapshots__/ThemeStyleguideColorsColorPreview.stories.storyshot",
          "invocations": 1,
          "location": null,
          "numPassingAsserts": 0,
          "status": "passed",
          "title": "should be valid for enduser-app storyshots in components/community/ThemeStyleguideColorsColorPreview/__snapshots__/ThemeStyleguideColorsColorPreview.stories.storyshot"
        },
        {
          "ancestorTitles": [
            "Storyshot HTML"
          ],
          "duration": 56,
          "failureDetails": [],
          "failureMessages": [],
          "fullName": "Storyshot HTML should be valid for enduser-app storyshots in components/community/ThemeStyleguideColorsGrayscale/__snapshots__/ThemeStyleguideColorsGrayscale.stories.storyshot",
          "invocations": 1,
          "location": null,
          "numPassingAsserts": 0,
          "status": "passed",
          "title": "should be valid for enduser-app storyshots in components/community/ThemeStyleguideColorsGrayscale/__snapshots__/ThemeStyleguideColorsGrayscale.stories.storyshot"
        },
        {
          "ancestorTitles": [
            "Storyshot HTML"
          ],
          "duration": 64,
          "failureDetails": [],
          "failureMessages": [],
          "fullName": "Storyshot HTML should be valid for enduser-app storyshots in components/community/ThemeStyleguideColorsPrimaryColorsPreview/__snapshots__/ThemeStyleguideColorsPrimaryColorsPreview.stories.storyshot",
          "invocations": 1,
          "location": null,
          "numPassingAsserts": 0,
          "status": "passed",
          "title": "should be valid for enduser-app storyshots in components/community/ThemeStyleguideColorsPrimaryColorsPreview/__snapshots__/ThemeStyleguideColorsPrimaryColorsPreview.stories.storyshot"
        },
        {
          "ancestorTitles": [
            "Storyshot HTML"
          ],
          "duration": 52,
          "failureDetails": [],
          "failureMessages": [],
          "fullName": "Storyshot HTML should be valid for enduser-app storyshots in components/community/ThemeStyleguideColorsSecondaryColorsPreview/__snapshots__/ThemeStyleguideColorsSecondaryColorsPreview.stories.storyshot",
          "invocations": 1,
          "location": null,
          "numPassingAsserts": 0,
          "status": "passed",
          "title": "should be valid for enduser-app storyshots in components/community/ThemeStyleguideColorsSecondaryColorsPreview/__snapshots__/ThemeStyleguideColorsSecondaryColorsPreview.stories.storyshot"
        },
        {
          "ancestorTitles": [
            "Storyshot HTML"
          ],
          "duration": 38,
          "failureDetails": [],
          "failureMessages": [],
          "fullName": "Storyshot HTML should be valid for enduser-app storyshots in components/community/ThemeStyleguideColorSwatch/__snapshots__/ThemeStyleguideColorSwatch.stories.storyshot",
          "invocations": 1,
          "location": null,
          "numPassingAsserts": 0,
          "status": "passed",
          "title": "should be valid for enduser-app storyshots in components/community/ThemeStyleguideColorSwatch/__snapshots__/ThemeStyleguideColorSwatch.stories.storyshot"
        },
        {
          "ancestorTitles": [
            "Storyshot HTML"
          ],
          "duration": 39,
          "failureDetails": [],
          "failureMessages": [],
          "fullName": "Storyshot HTML should be valid for enduser-app storyshots in components/community/ThemeStyleguideCustomFontForm/__snapshots__/ThemeStyleguideCustomFontForm.stories.storyshot",
          "invocations": 1,
          "location": null,
          "numPassingAsserts": 0,
          "status": "passed",
          "title": "should be valid for enduser-app storyshots in components/community/ThemeStyleguideCustomFontForm/__snapshots__/ThemeStyleguideCustomFontForm.stories.storyshot"
        },
        {
          "ancestorTitles": [
            "Storyshot HTML"
          ],
          "duration": 48,
          "failureDetails": [],
          "failureMessages": [],
          "fullName": "Storyshot HTML should be valid for enduser-app storyshots in components/community/ThemeStyleguideFontExample/__snapshots__/ThemeStyleguideFontExample.stories.storyshot",
          "invocations": 1,
          "location": null,
          "numPassingAsserts": 0,
          "status": "passed",
          "title": "should be valid for enduser-app storyshots in components/community/ThemeStyleguideFontExample/__snapshots__/ThemeStyleguideFontExample.stories.storyshot"
        },
        {
          "ancestorTitles": [
            "Storyshot HTML"
          ],
          "duration": 45,
          "failureDetails": [],
          "failureMessages": [],
          "fullName": "Storyshot HTML should be valid for enduser-app storyshots in components/community/ThemeStyleguideFontFamilySelector/__snapshots__/ThemeStyleguideFontFamilySelector.stories.storyshot",
          "invocations": 1,
          "location": null,
          "numPassingAsserts": 0,
          "status": "passed",
          "title": "should be valid for enduser-app storyshots in components/community/ThemeStyleguideFontFamilySelector/__snapshots__/ThemeStyleguideFontFamilySelector.stories.storyshot"
        },
        {
          "ancestorTitles": [
            "Storyshot HTML"
          ],
          "duration": 59,
          "failureDetails": [],
          "failureMessages": [],
          "fullName": "Storyshot HTML should be valid for enduser-app storyshots in components/community/ThemeStyleguideFontPreview/__snapshots__/ThemeStyleguideFontPreview.stories.storyshot",
          "invocations": 1,
          "location": null,
          "numPassingAsserts": 0,
          "status": "passed",
          "title": "should be valid for enduser-app storyshots in components/community/ThemeStyleguideFontPreview/__snapshots__/ThemeStyleguideFontPreview.stories.storyshot"
        },
        {
          "ancestorTitles": [
            "Storyshot HTML"
          ],
          "duration": 47,
          "failureDetails": [],
          "failureMessages": [],
          "fullName": "Storyshot HTML should be valid for enduser-app storyshots in components/community/ThemeStyleguideFontPreviewBanner/__snapshots__/ThemeStyleguideFontPreviewBanner.stories.storyshot",
          "invocations": 1,
          "location": null,
          "numPassingAsserts": 0,
          "status": "passed",
          "title": "should be valid for enduser-app storyshots in components/community/ThemeStyleguideFontPreviewBanner/__snapshots__/ThemeStyleguideFontPreviewBanner.stories.storyshot"
        },
        {
          "ancestorTitles": [
            "Storyshot HTML"
          ],
          "duration": 46,
          "failureDetails": [],
          "failureMessages": [],
          "fullName": "Storyshot HTML should be valid for enduser-app storyshots in components/community/ThemeStyleguideFonts/__snapshots__/ThemeStyleguideFonts.stories.storyshot",
          "invocations": 1,
          "location": null,
          "numPassingAsserts": 0,
          "status": "passed",
          "title": "should be valid for enduser-app storyshots in components/community/ThemeStyleguideFonts/__snapshots__/ThemeStyleguideFonts.stories.storyshot"
        },
        {
          "ancestorTitles": [
            "Storyshot HTML"
          ],
          "duration": 69,
          "failureDetails": [],
          "failureMessages": [],
          "fullName": "Storyshot HTML should be valid for enduser-app storyshots in components/community/ThemeStyleguideFontsBodyTextForm/__snapshots__/ThemeStyleguideFontsBodyTextForm.stories.storyshot",
          "invocations": 1,
          "location": null,
          "numPassingAsserts": 0,
          "status": "passed",
          "title": "should be valid for enduser-app storyshots in components/community/ThemeStyleguideFontsBodyTextForm/__snapshots__/ThemeStyleguideFontsBodyTextForm.stories.storyshot"
        },
        {
          "ancestorTitles": [
            "Storyshot HTML"
          ],
          "duration": 82,
          "failureDetails": [],
          "failureMessages": [],
          "fullName": "Storyshot HTML should be valid for enduser-app storyshots in components/community/ThemeStyleguideFontsCard/__snapshots__/ThemeStyleguideFontsCard.stories.storyshot",
          "invocations": 1,
          "location": null,
          "numPassingAsserts": 0,
          "status": "passed",
          "title": "should be valid for enduser-app storyshots in components/community/ThemeStyleguideFontsCard/__snapshots__/ThemeStyleguideFontsCard.stories.storyshot"
        },
        {
          "ancestorTitles": [
            "Storyshot HTML"
          ],
          "duration": 57,
          "failureDetails": [],
          "failureMessages": [],
          "fullName": "Storyshot HTML should be valid for enduser-app storyshots in components/community/ThemeStyleguideFontsCardChooseFont/__snapshots__/ThemeStyleguideFontsCardChooseFont.stories.storyshot",
          "invocations": 1,
          "location": null,
          "numPassingAsserts": 0,
          "status": "passed",
          "title": "should be valid for enduser-app storyshots in components/community/ThemeStyleguideFontsCardChooseFont/__snapshots__/ThemeStyleguideFontsCardChooseFont.stories.storyshot"
        },
        {
          "ancestorTitles": [
            "Storyshot HTML"
          ],
          "duration": 48,
          "failureDetails": [],
          "failureMessages": [],
          "fullName": "Storyshot HTML should be valid for enduser-app storyshots in components/community/ThemeStyleguideFontSelectionButton/__snapshots__/ThemeStyleguideFontSelectionButton.stories.storyshot",
          "invocations": 1,
          "location": null,
          "numPassingAsserts": 0,
          "status": "passed",
          "title": "should be valid for enduser-app storyshots in components/community/ThemeStyleguideFontSelectionButton/__snapshots__/ThemeStyleguideFontSelectionButton.stories.storyshot"
        },
        {
          "ancestorTitles": [
            "Storyshot HTML"
          ],
          "duration": 49,
          "failureDetails": [],
          "failureMessages": [],
          "fullName": "Storyshot HTML should be valid for enduser-app storyshots in components/community/ThemeStyleguideFontSelectionMenu/__snapshots__/ThemeStyleguideFontSelectionMenu.stories.storyshot",
          "invocations": 1,
          "location": null,
          "numPassingAsserts": 0,
          "status": "passed",
          "title": "should be valid for enduser-app storyshots in components/community/ThemeStyleguideFontSelectionMenu/__snapshots__/ThemeStyleguideFontSelectionMenu.stories.storyshot"
        },
        {
          "ancestorTitles": [
            "Storyshot HTML"
          ],
          "duration": 44,
          "failureDetails": [],
          "failureMessages": [],
          "fullName": "Storyshot HTML should be valid for enduser-app storyshots in components/community/ThemeStyleguideFontsHeadingsForm/__snapshots__/ThemeStyleguideFontsHeadingsForm.stories.storyshot",
          "invocations": 1,
          "location": null,
          "numPassingAsserts": 0,
          "status": "passed",
          "title": "should be valid for enduser-app storyshots in components/community/ThemeStyleguideFontsHeadingsForm/__snapshots__/ThemeStyleguideFontsHeadingsForm.stories.storyshot"
        },
        {
          "ancestorTitles": [
            "Storyshot HTML"
          ],
          "duration": 35,
          "failureDetails": [],
          "failureMessages": [],
          "fullName": "Storyshot HTML should be valid for enduser-app storyshots in components/community/ThemeStyleguideFontsSpacingPreview/__snapshots__/ThemeStyleguideFontsSpacingPreview.stories.storyshot",
          "invocations": 1,
          "location": null,
          "numPassingAsserts": 0,
          "status": "passed",
          "title": "should be valid for enduser-app storyshots in components/community/ThemeStyleguideFontsSpacingPreview/__snapshots__/ThemeStyleguideFontsSpacingPreview.stories.storyshot"
        },
        {
          "ancestorTitles": [
            "Storyshot HTML"
          ],
          "duration": 43,
          "failureDetails": [],
          "failureMessages": [],
          "fullName": "Storyshot HTML should be valid for enduser-app storyshots in components/community/ThemeStyleguideIcons/__snapshots__/ThemeStyleguideIcons.stories.storyshot",
          "invocations": 1,
          "location": null,
          "numPassingAsserts": 0,
          "status": "passed",
          "title": "should be valid for enduser-app storyshots in components/community/ThemeStyleguideIcons/__snapshots__/ThemeStyleguideIcons.stories.storyshot"
        },
        {
          "ancestorTitles": [
            "Storyshot HTML"
          ],
          "duration": 37,
          "failureDetails": [],
          "failureMessages": [],
          "fullName": "Storyshot HTML should be valid for enduser-app storyshots in components/community/ThemeStyleguideIconSelectionButton/__snapshots__/ThemeStyleguideIconSelectionButton.stories.storyshot",
          "invocations": 1,
          "location": null,
          "numPassingAsserts": 0,
          "status": "passed",
          "title": "should be valid for enduser-app storyshots in components/community/ThemeStyleguideIconSelectionButton/__snapshots__/ThemeStyleguideIconSelectionButton.stories.storyshot"
        },
        {
          "ancestorTitles": [
            "Storyshot HTML"
          ],
          "duration": 34,
          "failureDetails": [],
          "failureMessages": [],
          "fullName": "Storyshot HTML should be valid for enduser-app storyshots in components/community/ThemeStyleguideSubheading/__snapshots__/ThemeStyleguideSubheading.stories.storyshot",
          "invocations": 1,
          "location": null,
          "numPassingAsserts": 0,
          "status": "passed",
          "title": "should be valid for enduser-app storyshots in components/community/ThemeStyleguideSubheading/__snapshots__/ThemeStyleguideSubheading.stories.storyshot"
        },
        {
          "ancestorTitles": [
            "Storyshot HTML"
          ],
          "duration": 39,
          "failureDetails": [],
          "failureMessages": [],
          "fullName": "Storyshot HTML should be valid for enduser-app storyshots in components/context/AppContext/AppContextProvider/__snapshots__/AppContextProvider.stories.storyshot",
          "invocations": 1,
          "location": null,
          "numPassingAsserts": 0,
          "status": "passed",
          "title": "should be valid for enduser-app storyshots in components/context/AppContext/AppContextProvider/__snapshots__/AppContextProvider.stories.storyshot"
        },
        {
          "ancestorTitles": [
            "Storyshot HTML"
          ],
          "duration": 46,
          "failureDetails": [],
          "failureMessages": [],
          "fullName": "Storyshot HTML should be valid for enduser-app storyshots in components/customContent/CustomContentTypeSelectorDialog/__snapshots__/CustomContentTypeSelectorDialog.stories.storyshot",
          "invocations": 1,
          "location": null,
          "numPassingAsserts": 0,
          "status": "passed",
          "title": "should be valid for enduser-app storyshots in components/customContent/CustomContentTypeSelectorDialog/__snapshots__/CustomContentTypeSelectorDialog.stories.storyshot"
        },
        {
          "ancestorTitles": [
            "Storyshot HTML"
          ],
          "duration": 47,
          "failureDetails": [],
          "failureMessages": [],
          "fullName": "Storyshot HTML should be valid for enduser-app storyshots in components/customContent/CustomContentWidgetLibrary/__snapshots__/CustomContentWidgetLibrary.stories.storyshot",
          "invocations": 1,
          "location": null,
          "numPassingAsserts": 0,
          "status": "passed",
          "title": "should be valid for enduser-app storyshots in components/customContent/CustomContentWidgetLibrary/__snapshots__/CustomContentWidgetLibrary.stories.storyshot"
        },
        {
          "ancestorTitles": [
            "Storyshot HTML"
          ],
          "duration": 48,
          "failureDetails": [],
          "failureMessages": [],
          "fullName": "Storyshot HTML should be valid for enduser-app storyshots in components/customContent/StaticCustomContentCreateModal/__snapshots__/StaticCustomContentCreateModal.stories.storyshot",
          "invocations": 1,
          "location": null,
          "numPassingAsserts": 0,
          "status": "passed",
          "title": "should be valid for enduser-app storyshots in components/customContent/StaticCustomContentCreateModal/__snapshots__/StaticCustomContentCreateModal.stories.storyshot"
        },
        {
          "ancestorTitles": [
            "Storyshot HTML"
          ],
          "duration": 60,
          "failureDetails": [],
          "failureMessages": [],
          "fullName": "Storyshot HTML should be valid for enduser-app storyshots in components/featuredcontent/AddFeaturedContentModal/__snapshots__/AddFeaturedContextModal.stories.storyshot",
          "invocations": 1,
          "location": null,
          "numPassingAsserts": 0,
          "status": "passed",
          "title": "should be valid for enduser-app storyshots in components/featuredcontent/AddFeaturedContentModal/__snapshots__/AddFeaturedContextModal.stories.storyshot"
        },
        {
          "ancestorTitles": [
            "Storyshot HTML"
          ],
          "duration": 37,
          "failureDetails": [],
          "failureMessages": [],
          "fullName": "Storyshot HTML should be valid for enduser-app storyshots in components/featuredcontent/FeaturedContentWidget/__snapshots__/FeaturedContentWidget.stories.storyshot",
          "invocations": 1,
          "location": null,
          "numPassingAsserts": 0,
          "status": "passed",
          "title": "should be valid for enduser-app storyshots in components/featuredcontent/FeaturedContentWidget/__snapshots__/FeaturedContentWidget.stories.storyshot"
        },
        {
          "ancestorTitles": [
            "Storyshot HTML"
          ],
          "duration": 40,
          "failureDetails": [],
          "failureMessages": [],
          "fullName": "Storyshot HTML should be valid for enduser-app storyshots in components/form/MessageSearchField/__snapshots__/MessageSearchField.stories.storyshot",
          "invocations": 1,
          "location": null,
          "numPassingAsserts": 0,
          "status": "passed",
          "title": "should be valid for enduser-app storyshots in components/form/MessageSearchField/__snapshots__/MessageSearchField.stories.storyshot"
        },
        {
          "ancestorTitles": [
            "Storyshot HTML"
          ],
          "duration": 49,
          "failureDetails": [],
          "failureMessages": [],
          "fullName": "Storyshot HTML should be valid for enduser-app storyshots in components/form/NodeCheckboxTreeField/__snapshots__/NodeCheckboxTreeField.stories.storyshot",
          "invocations": 1,
          "location": null,
          "numPassingAsserts": 0,
          "status": "passed",
          "title": "should be valid for enduser-app storyshots in components/form/NodeCheckboxTreeField/__snapshots__/NodeCheckboxTreeField.stories.storyshot"
        },
        {
          "ancestorTitles": [
            "Storyshot HTML"
          ],
          "duration": 50,
          "failureDetails": [],
          "failureMessages": [],
          "fullName": "Storyshot HTML should be valid for enduser-app storyshots in components/grouphubs/CreateGroupHubWidget/__snapshots__/CreateGroupHubWidget.stories.storyshot",
          "invocations": 1,
          "location": null,
          "numPassingAsserts": 0,
          "status": "passed",
          "title": "should be valid for enduser-app storyshots in components/grouphubs/CreateGroupHubWidget/__snapshots__/CreateGroupHubWidget.stories.storyshot"
        },
        {
          "ancestorTitles": [
            "Storyshot HTML"
          ],
          "duration": 49,
          "failureDetails": [],
          "failureMessages": [],
          "fullName": "Storyshot HTML should be valid for enduser-app storyshots in components/grouphubs/EditGroupHubWidget/__snapshots__/EditGroupHubWidget.stories.storyshot",
          "invocations": 1,
          "location": null,
          "numPassingAsserts": 0,
          "status": "passed",
          "title": "should be valid for enduser-app storyshots in components/grouphubs/EditGroupHubWidget/__snapshots__/EditGroupHubWidget.stories.storyshot"
        },
        {
          "ancestorTitles": [
            "Storyshot HTML"
          ],
          "duration": 47,
          "failureDetails": [],
          "failureMessages": [],
          "fullName": "Storyshot HTML should be valid for enduser-app storyshots in components/grouphubs/EditGroupHubWidget/EditGroupHubForm/__snapshots__/EditGroupHubForm.stories.storyshot",
          "invocations": 1,
          "location": null,
          "numPassingAsserts": 0,
          "status": "passed",
          "title": "should be valid for enduser-app storyshots in components/grouphubs/EditGroupHubWidget/EditGroupHubForm/__snapshots__/EditGroupHubForm.stories.storyshot"
        },
        {
          "ancestorTitles": [
            "Storyshot HTML"
          ],
          "duration": 49,
          "failureDetails": [],
          "failureMessages": [],
          "fullName": "Storyshot HTML should be valid for enduser-app storyshots in components/grouphubs/GroupHubActionMenu/__snapshots__/GroupHubActionMenu.stories.storyshot",
          "invocations": 1,
          "location": null,
          "numPassingAsserts": 0,
          "status": "passed",
          "title": "should be valid for enduser-app storyshots in components/grouphubs/GroupHubActionMenu/__snapshots__/GroupHubActionMenu.stories.storyshot"
        },
        {
          "ancestorTitles": [
            "Storyshot HTML"
          ],
          "duration": 52,
          "failureDetails": [],
          "failureMessages": [],
          "fullName": "Storyshot HTML should be valid for enduser-app storyshots in components/grouphubs/GroupHubListForNodeByMembersCountWidget/__snapshots__/GroupHubListForNodeByMembersCountWidget.stories.storyshot",
          "invocations": 1,
          "location": null,
          "numPassingAsserts": 0,
          "status": "passed",
          "title": "should be valid for enduser-app storyshots in components/grouphubs/GroupHubListForNodeByMembersCountWidget/__snapshots__/GroupHubListForNodeByMembersCountWidget.stories.storyshot"
        },
        {
          "ancestorTitles": [
            "Storyshot HTML"
          ],
          "duration": 46,
          "failureDetails": [],
          "failureMessages": [],
          "fullName": "Storyshot HTML should be valid for enduser-app storyshots in components/grouphubs/GroupHubListForNodeWidget/__snapshots__/GroupHubListForNodeWidget.stories.storyshot",
          "invocations": 1,
          "location": null,
          "numPassingAsserts": 0,
          "status": "passed",
          "title": "should be valid for enduser-app storyshots in components/grouphubs/GroupHubListForNodeWidget/__snapshots__/GroupHubListForNodeWidget.stories.storyshot"
        },
        {
          "ancestorTitles": [
            "Storyshot HTML"
          ],
          "duration": 62,
          "failureDetails": [],
          "failureMessages": [],
          "fullName": "Storyshot HTML should be valid for enduser-app storyshots in components/grouphubs/GroupHubListSortsAndFilters/__snapshots__/GroupHubListSortsAndFilters.stories.storyshot",
          "invocations": 1,
          "location": null,
          "numPassingAsserts": 0,
          "status": "passed",
          "title": "should be valid for enduser-app storyshots in components/grouphubs/GroupHubListSortsAndFilters/__snapshots__/GroupHubListSortsAndFilters.stories.storyshot"
        },
        {
          "ancestorTitles": [
            "Storyshot HTML"
          ],
          "duration": 63,
          "failureDetails": [],
          "failureMessages": [],
          "fullName": "Storyshot HTML should be valid for enduser-app storyshots in components/grouphubs/GroupHubsHeaderWidget/__snapshots__/GroupHubsHeaderWidget.stories.storyshot",
          "invocations": 1,
          "location": null,
          "numPassingAsserts": 0,
          "status": "passed",
          "title": "should be valid for enduser-app storyshots in components/grouphubs/GroupHubsHeaderWidget/__snapshots__/GroupHubsHeaderWidget.stories.storyshot"
        },
        {
          "ancestorTitles": [
            "Storyshot HTML"
          ],
          "duration": 60,
          "failureDetails": [],
          "failureMessages": [],
          "fullName": "Storyshot HTML should be valid for enduser-app storyshots in components/help/HelpFAQWidget/__snapshots__/HelpFAQWidget.stories.storyshot",
          "invocations": 1,
          "location": null,
          "numPassingAsserts": 0,
          "status": "passed",
          "title": "should be valid for enduser-app storyshots in components/help/HelpFAQWidget/__snapshots__/HelpFAQWidget.stories.storyshot"
        },
        {
          "ancestorTitles": [
            "Storyshot HTML"
          ],
          "duration": 40,
          "failureDetails": [],
          "failureMessages": [],
          "fullName": "Storyshot HTML should be valid for enduser-app storyshots in components/images/CoverImageEditor/__snapshots__/CoverImageEditor.stories.storyshot",
          "invocations": 1,
          "location": null,
          "numPassingAsserts": 0,
          "status": "passed",
          "title": "should be valid for enduser-app storyshots in components/images/CoverImageEditor/__snapshots__/CoverImageEditor.stories.storyshot"
        },
        {
          "ancestorTitles": [
            "Storyshot HTML"
          ],
          "duration": 50,
          "failureDetails": [],
          "failureMessages": [],
          "fullName": "Storyshot HTML should be valid for enduser-app storyshots in components/images/ImageA11yOptionModal/__snapshots__/ImageA11yOptionModal.stories.storyshot",
          "invocations": 1,
          "location": null,
          "numPassingAsserts": 0,
          "status": "passed",
          "title": "should be valid for enduser-app storyshots in components/images/ImageA11yOptionModal/__snapshots__/ImageA11yOptionModal.stories.storyshot"
        },
        {
          "ancestorTitles": [
            "Storyshot HTML"
          ],
          "duration": 45,
          "failureDetails": [],
          "failureMessages": [],
          "fullName": "Storyshot HTML should be valid for enduser-app storyshots in components/images/ImagePreviewModal/__snapshots__/ImagePreviewModal.stories.storyshot",
          "invocations": 1,
          "location": null,
          "numPassingAsserts": 0,
          "status": "passed",
          "title": "should be valid for enduser-app storyshots in components/images/ImagePreviewModal/__snapshots__/ImagePreviewModal.stories.storyshot"
        },
        {
          "ancestorTitles": [
            "Storyshot HTML"
          ],
          "duration": 45,
          "failureDetails": [],
          "failureMessages": [],
          "fullName": "Storyshot HTML should be valid for enduser-app storyshots in components/inbox/InboxActionMenu/__snapshots__/InboxActionMenu.stories.storyshot",
          "invocations": 1,
          "location": null,
          "numPassingAsserts": 0,
          "status": "passed",
          "title": "should be valid for enduser-app storyshots in components/inbox/InboxActionMenu/__snapshots__/InboxActionMenu.stories.storyshot"
        },
        {
          "ancestorTitles": [
            "Storyshot HTML"
          ],
          "duration": 47,
          "failureDetails": [],
          "failureMessages": [],
          "fullName": "Storyshot HTML should be valid for enduser-app storyshots in components/inbox/InboxToolbar/__snapshots__/InboxToolbar.stories.storyshot",
          "invocations": 1,
          "location": null,
          "numPassingAsserts": 0,
          "status": "passed",
          "title": "should be valid for enduser-app storyshots in components/inbox/InboxToolbar/__snapshots__/InboxToolbar.stories.storyshot"
        },
        {
          "ancestorTitles": [
            "Storyshot HTML"
          ],
          "duration": 51,
          "failureDetails": [],
          "failureMessages": [],
          "fullName": "Storyshot HTML should be valid for enduser-app storyshots in components/inbox/InboxView/__snapshots__/InboxView.stories.storyshot",
          "invocations": 1,
          "location": null,
          "numPassingAsserts": 0,
          "status": "passed",
          "title": "should be valid for enduser-app storyshots in components/inbox/InboxView/__snapshots__/InboxView.stories.storyshot"
        },
        {
          "ancestorTitles": [
            "Storyshot HTML"
          ],
          "duration": 45,
          "failureDetails": [],
          "failureMessages": [],
          "fullName": "Storyshot HTML should be valid for enduser-app storyshots in components/inbox/NotesIcon/__snapshots__/NotesIcon.stories.storyshot",
          "invocations": 1,
          "location": null,
          "numPassingAsserts": 0,
          "status": "passed",
          "title": "should be valid for enduser-app storyshots in components/inbox/NotesIcon/__snapshots__/NotesIcon.stories.storyshot"
        },
        {
          "ancestorTitles": [
            "Storyshot HTML"
          ],
          "duration": 42,
          "failureDetails": [],
          "failureMessages": [],
          "fullName": "Storyshot HTML should be valid for enduser-app storyshots in components/inbox/PrivateConversationActionsSection/__snapshots__/PrivateConversationActionsSection.stories.storyshot",
          "invocations": 1,
          "location": null,
          "numPassingAsserts": 0,
          "status": "passed",
          "title": "should be valid for enduser-app storyshots in components/inbox/PrivateConversationActionsSection/__snapshots__/PrivateConversationActionsSection.stories.storyshot"
        },
        {
          "ancestorTitles": [
            "Storyshot HTML"
          ],
          "duration": 49,
          "failureDetails": [],
          "failureMessages": [],
          "fullName": "Storyshot HTML should be valid for enduser-app storyshots in components/inbox/PrivateConversationChildNotesList/__snapshots__/PrivateConversationChildNotesList.stories.storyshot",
          "invocations": 1,
          "location": null,
          "numPassingAsserts": 0,
          "status": "passed",
          "title": "should be valid for enduser-app storyshots in components/inbox/PrivateConversationChildNotesList/__snapshots__/PrivateConversationChildNotesList.stories.storyshot"
        },
        {
          "ancestorTitles": [
            "Storyshot HTML"
          ],
          "duration": 59,
          "failureDetails": [],
          "failureMessages": [],
          "fullName": "Storyshot HTML should be valid for enduser-app storyshots in components/inbox/PrivateConversationCreationModal/__snapshots__/PrivateConversationCreationModal.stories.storyshot",
          "invocations": 1,
          "location": null,
          "numPassingAsserts": 0,
          "status": "passed",
          "title": "should be valid for enduser-app storyshots in components/inbox/PrivateConversationCreationModal/__snapshots__/PrivateConversationCreationModal.stories.storyshot"
        },
        {
          "ancestorTitles": [
            "Storyshot HTML"
          ],
          "duration": 61,
          "failureDetails": [],
          "failureMessages": [],
          "fullName": "Storyshot HTML should be valid for enduser-app storyshots in components/inbox/PrivateConversationCreationWidget/__snapshots__/PrivateConversationCreationWidget.stories.storyshot",
          "invocations": 1,
          "location": null,
          "numPassingAsserts": 0,
          "status": "passed",
          "title": "should be valid for enduser-app storyshots in components/inbox/PrivateConversationCreationWidget/__snapshots__/PrivateConversationCreationWidget.stories.storyshot"
        },
        {
          "ancestorTitles": [
            "Storyshot HTML"
          ],
          "duration": 44,
          "failureDetails": [],
          "failureMessages": [],
          "fullName": "Storyshot HTML should be valid for enduser-app storyshots in components/inbox/PrivateConversationList/__snapshots__/PrivateConversationList.stories.storyshot",
          "invocations": 1,
          "location": null,
          "numPassingAsserts": 0,
          "status": "passed",
          "title": "should be valid for enduser-app storyshots in components/inbox/PrivateConversationList/__snapshots__/PrivateConversationList.stories.storyshot"
        },
        {
          "ancestorTitles": [
            "Storyshot HTML"
          ],
          "duration": 42,
          "failureDetails": [],
          "failureMessages": [],
          "fullName": "Storyshot HTML should be valid for enduser-app storyshots in components/inbox/PrivateConversationView/__snapshots__/PrivateConversationView.stories.storyshot",
          "invocations": 1,
          "location": null,
          "numPassingAsserts": 0,
          "status": "passed",
          "title": "should be valid for enduser-app storyshots in components/inbox/PrivateConversationView/__snapshots__/PrivateConversationView.stories.storyshot"
        },
        {
          "ancestorTitles": [
            "Storyshot HTML"
          ],
          "duration": 38,
          "failureDetails": [],
          "failureMessages": [],
          "fullName": "Storyshot HTML should be valid for enduser-app storyshots in components/inbox/PrivateConversationView/PrivateConversationRecipientsModal/__snapshots__/PrivateConversationRecipientsModal.stories.storyshot",
          "invocations": 1,
          "location": null,
          "numPassingAsserts": 0,
          "status": "passed",
          "title": "should be valid for enduser-app storyshots in components/inbox/PrivateConversationView/PrivateConversationRecipientsModal/__snapshots__/PrivateConversationRecipientsModal.stories.storyshot"
        },
        {
          "ancestorTitles": [
            "Storyshot HTML"
          ],
          "duration": 38,
          "failureDetails": [],
          "failureMessages": [],
          "fullName": "Storyshot HTML should be valid for enduser-app storyshots in components/inbox/PrivateNoteAttachmentList/__snapshots__/PrivateNoteAttachmentList.stories.storyshot",
          "invocations": 1,
          "location": null,
          "numPassingAsserts": 0,
          "status": "passed",
          "title": "should be valid for enduser-app storyshots in components/inbox/PrivateNoteAttachmentList/__snapshots__/PrivateNoteAttachmentList.stories.storyshot"
        },
        {
          "ancestorTitles": [
            "Storyshot HTML"
          ],
          "duration": 36,
          "failureDetails": [],
          "failureMessages": [],
          "fullName": "Storyshot HTML should be valid for enduser-app storyshots in components/inbox/PrivateNoteBody/__snapshots__/PrivateNoteBody.stories.storyshot",
          "invocations": 1,
          "location": null,
          "numPassingAsserts": 0,
          "status": "passed",
          "title": "should be valid for enduser-app storyshots in components/inbox/PrivateNoteBody/__snapshots__/PrivateNoteBody.stories.storyshot"
        },
        {
          "ancestorTitles": [
[...]
      "path": "/home/jenkinsqa/workspace/_2809-archiveArtifacts-Storybook/aurora/enduser-app/components/users/UserListByMessagesCountWidget/__snapshots__/UserListByMessagesCountWidget.stories.storyshot",
      "statementMap": {
        "0": {
          "start": {
            "line": 3,
            "column": 0
          },
          "end": {
            "line": 123,
            "column": 2
          }
        }
      },
      "fnMap": {},
      "branchMap": {},
      "s": {
        "0": 1
      },
      "f": {},
      "b": {},
      "inputSourceMap": null,
      "_coverageSchema": "1a1c01bbd47fc00a2c39e90264f33305004495a9",
      "hash": "4a4f0cb0789206434664a6e92f3824c35696808c"
    },
    "/home/jenkinsqa/workspace/_2809-archiveArtifacts-Storybook/aurora/enduser-app/components/users/UserListForNodeByJoinDateWidget/__snapshots__/UserListForNodeByJoinDateWidget.stories.storyshot": {
      "path": "/home/jenkinsqa/workspace/_2809-archiveArtifacts-Storybook/aurora/enduser-app/components/users/UserListForNodeByJoinDateWidget/__snapshots__/UserListForNodeByJoinDateWidget.stories.storyshot",
      "statementMap": {
        "0": {
          "start": {
            "line": 3,
            "column": 0
          },
          "end": {
            "line": 144,
            "column": 2
          }
        }
      },
      "fnMap": {},
      "branchMap": {},
      "s": {
        "0": 1
      },
      "f": {},
      "b": {},
      "inputSourceMap": null,
      "_coverageSchema": "1a1c01bbd47fc00a2c39e90264f33305004495a9",
      "hash": "974be8171fa3ea33615ee49034071cef1a9f6bbc"
    },
    "/home/jenkinsqa/workspace/_2809-archiveArtifacts-Storybook/aurora/enduser-app/components/users/UserListForNodeByTopContributorsWidget/__snapshots__/UserListForNodeByKudosCountWidget.stories.storyshot": {
      "path": "/home/jenkinsqa/workspace/_2809-archiveArtifacts-Storybook/aurora/enduser-app/components/users/UserListForNodeByTopContributorsWidget/__snapshots__/UserListForNodeByKudosCountWidget.stories.storyshot",
      "statementMap": {
        "0": {
          "start": {
            "line": 3,
            "column": 0
          },
          "end": {
            "line": 150,
            "column": 2
          }
        }
      },
      "fnMap": {},
      "branchMap": {},
      "s": {
        "0": 1
      },
      "f": {},
      "b": {},
      "inputSourceMap": null,
      "_coverageSchema": "1a1c01bbd47fc00a2c39e90264f33305004495a9",
      "hash": "27ce2d9a71c3e852d18d2424cf9ae2ae2d06707e"
    },
    "/home/jenkinsqa/workspace/_2809-archiveArtifacts-Storybook/aurora/enduser-app/components/users/UserListForNodeByTopContributorsWidget/__snapshots__/UserListForNodeByTopContributorsWidget.stories.storyshot": {
      "path": "/home/jenkinsqa/workspace/_2809-archiveArtifacts-Storybook/aurora/enduser-app/components/users/UserListForNodeByTopContributorsWidget/__snapshots__/UserListForNodeByTopContributorsWidget.stories.storyshot",
      "statementMap": {
        "0": {
          "start": {
            "line": 3,
            "column": 0
          },
          "end": {
            "line": 138,
            "column": 2
          }
        }
      },
      "fnMap": {},
      "branchMap": {},
      "s": {
        "0": 1
      },
      "f": {},
      "b": {},
      "inputSourceMap": null,
      "_coverageSchema": "1a1c01bbd47fc00a2c39e90264f33305004495a9",
      "hash": "a9e8e6870791a20a40ade3061921cdb413b208f8"
    },
    "/home/jenkinsqa/workspace/_2809-archiveArtifacts-Storybook/aurora/enduser-app/components/users/UserListForSearchTerm/__snapshots__/UserListForSearchTerm.stories.storyshot": {
      "path": "/home/jenkinsqa/workspace/_2809-archiveArtifacts-Storybook/aurora/enduser-app/components/users/UserListForSearchTerm/__snapshots__/UserListForSearchTerm.stories.storyshot",
      "statementMap": {
        "0": {
          "start": {
            "line": 3,
            "column": 0
          },
          "end": {
            "line": 154,
            "column": 2
          }
        }
      },
      "fnMap": {},
      "branchMap": {},
      "s": {
        "0": 1
      },
      "f": {},
      "b": {},
      "inputSourceMap": null,
      "_coverageSchema": "1a1c01bbd47fc00a2c39e90264f33305004495a9",
      "hash": "baa4009bd99aac26ec3a516a941dcae2f4e34133"
    },
    "/home/jenkinsqa/workspace/_2809-archiveArtifacts-Storybook/aurora/enduser-app/components/users/UserListForSearchWidget/__snapshots__/UserListForSearchWidget.stories.storyshot": {
      "path": "/home/jenkinsqa/workspace/_2809-archiveArtifacts-Storybook/aurora/enduser-app/components/users/UserListForSearchWidget/__snapshots__/UserListForSearchWidget.stories.storyshot",
      "statementMap": {
        "0": {
          "start": {
            "line": 3,
            "column": 0
          },
          "end": {
            "line": 111,
            "column": 2
          }
        }
      },
      "fnMap": {},
      "branchMap": {},
      "s": {
        "0": 1
      },
      "f": {},
      "b": {},
      "inputSourceMap": null,
      "_coverageSchema": "1a1c01bbd47fc00a2c39e90264f33305004495a9",
      "hash": "d52ff9e402310ee10aa16da15a5d0183804c79f8"
    },
    "/home/jenkinsqa/workspace/_2809-archiveArtifacts-Storybook/aurora/enduser-app/components/users/UserMembershipDateForNode/__snapshots__/UserMembershipDateForNode.stories.storyshot": {
      "path": "/home/jenkinsqa/workspace/_2809-archiveArtifacts-Storybook/aurora/enduser-app/components/users/UserMembershipDateForNode/__snapshots__/UserMembershipDateForNode.stories.storyshot",
      "statementMap": {
        "0": {
          "start": {
            "line": 3,
            "column": 0
          },
          "end": {
            "line": 9,
            "column": 2
          }
        }
      },
      "fnMap": {},
      "branchMap": {},
      "s": {
        "0": 1
      },
      "f": {},
      "b": {},
      "inputSourceMap": null,
      "_coverageSchema": "1a1c01bbd47fc00a2c39e90264f33305004495a9",
      "hash": "d1ae41ffe2fd4da9603233b65fabae00dba6e3da"
    },
    "/home/jenkinsqa/workspace/_2809-archiveArtifacts-Storybook/aurora/enduser-app/components/users/UserMessagesCount/__snapshots__/UserMessagesCount.stories.storyshot": {
      "path": "/home/jenkinsqa/workspace/_2809-archiveArtifacts-Storybook/aurora/enduser-app/components/users/UserMessagesCount/__snapshots__/UserMessagesCount.stories.storyshot",
      "statementMap": {
        "0": {
          "start": {
            "line": 3,
            "column": 0
          },
          "end": {
            "line": 17,
            "column": 2
          }
        }
      },
      "fnMap": {},
      "branchMap": {},
      "s": {
        "0": 1
      },
      "f": {},
      "b": {},
      "inputSourceMap": null,
      "_coverageSchema": "1a1c01bbd47fc00a2c39e90264f33305004495a9",
      "hash": "797d94124f46c7b730681093f11030451789b20b"
    },
    "/home/jenkinsqa/workspace/_2809-archiveArtifacts-Storybook/aurora/enduser-app/components/users/UserOnlineListForCommunityWidget/__snapshots__/UserOnlineListForCommunityWidget.stories.storyshot": {
      "path": "/home/jenkinsqa/workspace/_2809-archiveArtifacts-Storybook/aurora/enduser-app/components/users/UserOnlineListForCommunityWidget/__snapshots__/UserOnlineListForCommunityWidget.stories.storyshot",
      "statementMap": {
        "0": {
          "start": {
            "line": 3,
            "column": 0
          },
          "end": {
            "line": 71,
            "column": 2
          }
        }
      },
      "fnMap": {},
      "branchMap": {},
      "s": {
        "0": 1
      },
      "f": {},
      "b": {},
      "inputSourceMap": null,
      "_coverageSchema": "1a1c01bbd47fc00a2c39e90264f33305004495a9",
      "hash": "c4b6988ed9d4d0e9951a6de27680c321ea779655"
    },
    "/home/jenkinsqa/workspace/_2809-archiveArtifacts-Storybook/aurora/enduser-app/components/users/UserProfileActionMenu/__snapshots__/UserProfileActionMenu.stories.storyshot": {
      "path": "/home/jenkinsqa/workspace/_2809-archiveArtifacts-Storybook/aurora/enduser-app/components/users/UserProfileActionMenu/__snapshots__/UserProfileActionMenu.stories.storyshot",
      "statementMap": {
        "0": {
          "start": {
            "line": 3,
            "column": 0
          },
          "end": {
            "line": 36,
            "column": 2
          }
        }
      },
      "fnMap": {},
      "branchMap": {},
      "s": {
        "0": 1
      },
      "f": {},
      "b": {},
      "inputSourceMap": null,
      "_coverageSchema": "1a1c01bbd47fc00a2c39e90264f33305004495a9",
      "hash": "6e558bbf7e81d16cbc0eec07044ce5379193127c"
    },
    "/home/jenkinsqa/workspace/_2809-archiveArtifacts-Storybook/aurora/enduser-app/components/users/UserRank/__snapshots__/UserRank.stories.storyshot": {
      "path": "/home/jenkinsqa/workspace/_2809-archiveArtifacts-Storybook/aurora/enduser-app/components/users/UserRank/__snapshots__/UserRank.stories.storyshot",
      "statementMap": {
        "0": {
          "start": {
            "line": 3,
            "column": 0
          },
          "end": {
            "line": 9,
            "column": 2
          }
        }
      },
      "fnMap": {},
      "branchMap": {},
      "s": {
        "0": 1
      },
      "f": {},
      "b": {},
      "inputSourceMap": null,
      "_coverageSchema": "1a1c01bbd47fc00a2c39e90264f33305004495a9",
      "hash": "068de2632aa2b0cfc51b1e85a0c887d2aa191392"
    },
    "/home/jenkinsqa/workspace/_2809-archiveArtifacts-Storybook/aurora/enduser-app/components/users/UserRegistrationDate/__snapshots__/UserRegistrationDate.stories.storyshot": {
      "path": "/home/jenkinsqa/workspace/_2809-archiveArtifacts-Storybook/aurora/enduser-app/components/users/UserRegistrationDate/__snapshots__/UserRegistrationDate.stories.storyshot",
      "statementMap": {
        "0": {
          "start": {
            "line": 3,
            "column": 0
          },
          "end": {
            "line": 9,
            "column": 2
          }
        }
      },
      "fnMap": {},
      "branchMap": {},
      "s": {
        "0": 1
      },
      "f": {},
      "b": {},
      "inputSourceMap": null,
      "_coverageSchema": "1a1c01bbd47fc00a2c39e90264f33305004495a9",
      "hash": "8bbfa9d428e6289791b046a42f6efdfe00cc8ca4"
    },
    "/home/jenkinsqa/workspace/_2809-archiveArtifacts-Storybook/aurora/enduser-app/components/users/UserRoleForNode/__snapshots__/UserRoleForNode.stories.storyshot": {
      "path": "/home/jenkinsqa/workspace/_2809-archiveArtifacts-Storybook/aurora/enduser-app/components/users/UserRoleForNode/__snapshots__/UserRoleForNode.stories.storyshot",
      "statementMap": {
        "0": {
          "start": {
            "line": 3,
            "column": 0
          },
          "end": {
            "line": 9,
            "column": 2
          }
        }
      },
      "fnMap": {},
      "branchMap": {},
      "s": {
        "0": 1
      },
      "f": {},
      "b": {},
      "inputSourceMap": null,
      "_coverageSchema": "1a1c01bbd47fc00a2c39e90264f33305004495a9",
      "hash": "2f8f81531dd311a9b035a5fb5742ccd8c6a0c2b5"
    },
    "/home/jenkinsqa/workspace/_2809-archiveArtifacts-Storybook/aurora/enduser-app/components/users/UserSettingsWidget/__snapshots__/UserSettingsWidget.stories.storyshot": {
      "path": "/home/jenkinsqa/workspace/_2809-archiveArtifacts-Storybook/aurora/enduser-app/components/users/UserSettingsWidget/__snapshots__/UserSettingsWidget.stories.storyshot",
      "statementMap": {
        "0": {
          "start": {
            "line": 3,
            "column": 0
          },
          "end": {
            "line": 299,
            "column": 2
          }
        }
      },
      "fnMap": {},
      "branchMap": {},
      "s": {
        "0": 1
      },
      "f": {},
      "b": {},
      "inputSourceMap": null,
      "_coverageSchema": "1a1c01bbd47fc00a2c39e90264f33305004495a9",
      "hash": "96e6469bb0c4f0d278bf951aa2d259f2cd3802e1"
    },
    "/home/jenkinsqa/workspace/_2809-archiveArtifacts-Storybook/aurora/enduser-app/components/users/UserSettingsWidget/FollowsAndNotificationsTab/__snapshots__/FollowsAndNotificationsTab.stories.storyshot": {
      "path": "/home/jenkinsqa/workspace/_2809-archiveArtifacts-Storybook/aurora/enduser-app/components/users/UserSettingsWidget/FollowsAndNotificationsTab/__snapshots__/FollowsAndNotificationsTab.stories.storyshot",
      "statementMap": {
        "0": {
          "start": {
            "line": 3,
            "column": 0
          },
          "end": {
            "line": 101,
            "column": 2
          }
        }
      },
      "fnMap": {},
      "branchMap": {},
      "s": {
        "0": 1
      },
      "f": {},
      "b": {},
      "inputSourceMap": null,
      "_coverageSchema": "1a1c01bbd47fc00a2c39e90264f33305004495a9",
      "hash": "fe3049e51140568bda7a39e494d8c8afc3ee7756"
    },
    "/home/jenkinsqa/workspace/_2809-archiveArtifacts-Storybook/aurora/enduser-app/components/users/UserSettingsWidget/PersonalSettingsTab/__snapshots__/PersonalSettingsTab.stories.storyshot": {
      "path": "/home/jenkinsqa/workspace/_2809-archiveArtifacts-Storybook/aurora/enduser-app/components/users/UserSettingsWidget/PersonalSettingsTab/__snapshots__/PersonalSettingsTab.stories.storyshot",
      "statementMap": {
        "0": {
          "start": {
            "line": 3,
            "column": 0
          },
          "end": {
            "line": 267,
            "column": 2
          }
        }
      },
      "fnMap": {},
      "branchMap": {},
      "s": {
        "0": 1
      },
      "f": {},
      "b": {},
      "inputSourceMap": null,
      "_coverageSchema": "1a1c01bbd47fc00a2c39e90264f33305004495a9",
      "hash": "1ed8b7293ab82e8ca8f2e5b4c4e4441a373137a6"
    },
    "/home/jenkinsqa/workspace/_2809-archiveArtifacts-Storybook/aurora/enduser-app/components/users/UserSettingsWidget/PersonalSettingsTab/ChangeEmailModal/__snapshots__/ChangeEmailModal.stories.storyshot": {
      "path": "/home/jenkinsqa/workspace/_2809-archiveArtifacts-Storybook/aurora/enduser-app/components/users/UserSettingsWidget/PersonalSettingsTab/ChangeEmailModal/__snapshots__/ChangeEmailModal.stories.storyshot",
      "statementMap": {
        "0": {
          "start": {
            "line": 3,
            "column": 0
          },
          "end": {
            "line": 14,
            "column": 2
          }
        }
      },
      "fnMap": {},
      "branchMap": {},
      "s": {
        "0": 1
      },
      "f": {},
      "b": {},
      "inputSourceMap": null,
      "_coverageSchema": "1a1c01bbd47fc00a2c39e90264f33305004495a9",
      "hash": "30e7bc4f5a6da46147914a25853bbae9d4b1bd71"
    },
    "/home/jenkinsqa/workspace/_2809-archiveArtifacts-Storybook/aurora/enduser-app/components/users/UserSettingsWidget/PersonalSettingsTab/ChangeUsernameModal/__snapshots__/ChangeUsernameModal.stories.storyshot": {
      "path": "/home/jenkinsqa/workspace/_2809-archiveArtifacts-Storybook/aurora/enduser-app/components/users/UserSettingsWidget/PersonalSettingsTab/ChangeUsernameModal/__snapshots__/ChangeUsernameModal.stories.storyshot",
      "statementMap": {
        "0": {
          "start": {
            "line": 3,
            "column": 0
          },
          "end": {
            "line": 14,
            "column": 2
          }
        }
      },
      "fnMap": {},
      "branchMap": {},
      "s": {
        "0": 1
      },
      "f": {},
      "b": {},
      "inputSourceMap": null,
      "_coverageSchema": "1a1c01bbd47fc00a2c39e90264f33305004495a9",
      "hash": "77d36a3fbfaa82451403266aadde3cc74cc15c5e"
    },
    "/home/jenkinsqa/workspace/_2809-archiveArtifacts-Storybook/aurora/enduser-app/components/users/UserSettingsWidget/PreferencesTab/__snapshots__/PreferencesTab.stories.storyshot": {
      "path": "/home/jenkinsqa/workspace/_2809-archiveArtifacts-Storybook/aurora/enduser-app/components/users/UserSettingsWidget/PreferencesTab/__snapshots__/PreferencesTab.stories.storyshot",
      "statementMap": {
        "0": {
          "start": {
            "line": 3,
            "column": 0
          },
          "end": {
            "line": 127,
            "column": 2
          }
        }
      },
      "fnMap": {},
      "branchMap": {},
      "s": {
        "0": 1
      },
      "f": {},
      "b": {},
      "inputSourceMap": null,
      "_coverageSchema": "1a1c01bbd47fc00a2c39e90264f33305004495a9",
      "hash": "9f7396dac7334d2f81f1c237183a2e74b8a06bd6"
    },
    "/home/jenkinsqa/workspace/_2809-archiveArtifacts-Storybook/aurora/enduser-app/components/users/UserSettingsWidget/SecurityAndAccountTab/__snapshots__/SecurityAndAccountTab.stories.storyshot": {
      "path": "/home/jenkinsqa/workspace/_2809-archiveArtifacts-Storybook/aurora/enduser-app/components/users/UserSettingsWidget/SecurityAndAccountTab/__snapshots__/SecurityAndAccountTab.stories.storyshot",
      "statementMap": {
        "0": {
          "start": {
            "line": 3,
            "column": 0
          },
          "end": {
            "line": 127,
            "column": 2
          }
        }
      },
      "fnMap": {},
      "branchMap": {},
      "s": {
        "0": 1
      },
      "f": {},
      "b": {},
      "inputSourceMap": null,
      "_coverageSchema": "1a1c01bbd47fc00a2c39e90264f33305004495a9",
      "hash": "ff09f85bdbecba40cb613042198c9c53f53a109a"
    },
    "/home/jenkinsqa/workspace/_2809-archiveArtifacts-Storybook/aurora/enduser-app/components/users/UserSolutionCount/__snapshots__/UserSolutionCount.stories.storyshot": {
      "path": "/home/jenkinsqa/workspace/_2809-archiveArtifacts-Storybook/aurora/enduser-app/components/users/UserSolutionCount/__snapshots__/UserSolutionCount.stories.storyshot",
      "statementMap": {
        "0": {
          "start": {
            "line": 3,
            "column": 0
          },
          "end": {
            "line": 16,
            "column": 2
          }
        }
      },
      "fnMap": {},
      "branchMap": {},
      "s": {
        "0": 1
      },
      "f": {},
      "b": {},
      "inputSourceMap": null,
      "_coverageSchema": "1a1c01bbd47fc00a2c39e90264f33305004495a9",
      "hash": "0daff09d8530429466cfd8771d93031436d6c361"
    },
    "/home/jenkinsqa/workspace/_2809-archiveArtifacts-Storybook/aurora/enduser-app/components/users/UserTopicsCount/__snapshots__/UserTopicsCount.stories.storyshot": {
      "path": "/home/jenkinsqa/workspace/_2809-archiveArtifacts-Storybook/aurora/enduser-app/components/users/UserTopicsCount/__snapshots__/UserTopicsCount.stories.storyshot",
      "statementMap": {
        "0": {
          "start": {
            "line": 3,
            "column": 0
          },
          "end": {
            "line": 13,
            "column": 2
          }
        }
      },
      "fnMap": {},
      "branchMap": {},
      "s": {
        "0": 1
      },
      "f": {},
      "b": {},
      "inputSourceMap": null,
      "_coverageSchema": "1a1c01bbd47fc00a2c39e90264f33305004495a9",
      "hash": "2f3677df221f12cdbd02611c727e1fb8c008902a"
    },
    "/home/jenkinsqa/workspace/_2809-archiveArtifacts-Storybook/aurora/enduser-app/components/users/UserView/__snapshots__/UserView.stories.storyshot": {
      "path": "/home/jenkinsqa/workspace/_2809-archiveArtifacts-Storybook/aurora/enduser-app/components/users/UserView/__snapshots__/UserView.stories.storyshot",
      "statementMap": {
        "0": {
          "start": {
            "line": 3,
            "column": 0
          },
          "end": {
            "line": 83,
            "column": 2
          }
        }
      },
      "fnMap": {},
      "branchMap": {},
      "s": {
        "0": 1
      },
      "f": {},
      "b": {},
      "inputSourceMap": null,
      "_coverageSchema": "1a1c01bbd47fc00a2c39e90264f33305004495a9",
      "hash": "124dcc6b442b4eb789771570ac3402d39d7bd7ea"
    }
  }
}
