<?xml version="1.0" encoding="UTF-8"?>
<testsuite xmlns:xsi="http://www.w3.org/2001/XMLSchema-instance" xsi:noNamespaceSchemaLocation="https://maven.apache.org/surefire/maven-surefire-plugin/xsd/surefire-test-report-3.0.xsd" version="3.0" name="TestSuite" time="2,437.552" tests="41" errors="0" skipped="0" failures="19">
  <properties>
[...]
</properties>
  <testcase name="testDisableConnector" classname="com.clarolab.AdminConsoleTest" time="27.22">
    <failure message="expected:&lt;[Circle]&gt; but was:&lt;[URL]&gt;" type="org.junit.ComparisonFailure"><![CDATA[org.junit.ComparisonFailure: expected:<[Circle]> but was:<[URL]>
	at com.clarolab.AdminConsoleTest.testDisableConnector(AdminConsoleTest.java:114)
]]></failure>
    <system-err><![CDATA[SLF4J: Failed to load class "org.slf4j.impl.StaticLoggerBinder".
SLF4J: Defaulting to no-operation (NOP) logger implementation
SLF4J: See http://www.slf4j.org/codes.html#StaticLoggerBinder for further details.
Apr 25, 2019 6:06:02 PM org.openqa.selenium.remote.RemoteWebDriver log
WARNING: Executing: setTimeout [44756a9900c2acee4036e1547789dba4af8b91e0, setTimeout {type=page load, ms=80000}]
Apr 25, 2019 6:06:02 PM org.openqa.selenium.remote.RemoteWebDriver log
WARNING: Executed: [44756a9900c2acee4036e1547789dba4af8b91e0, setTimeout {type=page load, ms=80000}]
Apr 25, 2019 6:06:02 PM org.openqa.selenium.remote.RemoteWebDriver log
WARNING: Executing: implicitlyWait [44756a9900c2acee4036e1547789dba4af8b91e0, implicitlyWait {ms=2000}]
Apr 25, 2019 6:06:02 PM org.openqa.selenium.remote.RemoteWebDriver log
WARNING: Executed: [44756a9900c2acee4036e1547789dba4af8b91e0, implicitlyWait {ms=2000}]
Apr 25, 2019 6:06:02 PM org.openqa.selenium.remote.RemoteWebDriver log
WARNING: Executing: get [44756a9900c2acee4036e1547789dba4af8b91e0, get {url=http://tdev.clarolab.com/}]
Apr 25, 2019 6:06:09 PM org.openqa.selenium.remote.RemoteWebDriver log
WARNING: Executed: [44756a9900c2acee4036e1547789dba4af8b91e0, get {url=http://tdev.clarolab.com/}]
Apr 25, 2019 6:06:09 PM org.openqa.selenium.remote.RemoteWebDriver log
WARNING: Executing: getCurrentUrl [44756a9900c2acee4036e1547789dba4af8b91e0, getCurrentUrl {}]
Apr 25, 2019 6:06:09 PM org.openqa.selenium.remote.RemoteWebDriver log
WARNING: Executed: [44756a9900c2acee4036e1547789dba4af8b91e0, getCurrentUrl {}]
Apr 25, 2019 6:06:09 PM org.openqa.selenium.remote.RemoteWebDriver log
WARNING: Executing: getCurrentUrl [44756a9900c2acee4036e1547789dba4af8b91e0, getCurrentUrl {}]
Apr 25, 2019 6:06:10 PM org.openqa.selenium.remote.RemoteWebDriver log
WARNING: Executed: [44756a9900c2acee4036e1547789dba4af8b91e0, getCurrentUrl {}]
Apr 25, 2019 6:06:10 PM org.openqa.selenium.remote.RemoteWebDriver log
WARNING: Executing: findElement [44756a9900c2acee4036e1547789dba4af8b91e0, findElement {using=id, value=loginForm}]
Apr 25, 2019 6:06:10 PM org.openqa.selenium.remote.RemoteWebDriver log
WARNING: Executed: [44756a9900c2acee4036e1547789dba4af8b91e0, findElement {using=id, value=loginForm}]
Apr 25, 2019 6:06:10 PM org.openqa.selenium.remote.RemoteWebDriver log
WARNING: Executing: findElement [44756a9900c2acee4036e1547789dba4af8b91e0, findElement {using=tag name, value=body}]
Apr 25, 2019 6:06:10 PM org.openqa.selenium.remote.RemoteWebDriver log
WARNING: Executed: [44756a9900c2acee4036e1547789dba4af8b91e0, findElement {using=tag name, value=body}]
Apr 25, 2019 6:06:10 PM org.openqa.selenium.remote.RemoteWebDriver log
WARNING: Executing: getElementText [44756a9900c2acee4036e1547789dba4af8b91e0, getElementText {id=1}]
Apr 25, 2019 6:06:11 PM org.openqa.selenium.remote.RemoteWebDriver log
WARNING: Executed: [44756a9900c2acee4036e1547789dba4af8b91e0, getElementText {id=1}]
Apr 25, 2019 6:06:11 PM org.openqa.selenium.remote.RemoteWebDriver log
WARNING: Executing: findElement [44756a9900c2acee4036e1547789dba4af8b91e0, findElement {using=tag name, value=body}]
Apr 25, 2019 6:06:11 PM org.openqa.selenium.remote.RemoteWebDriver log
WARNING: Executed: [44756a9900c2acee4036e1547789dba4af8b91e0, findElement {using=tag name, value=body}]
Apr 25, 2019 6:06:11 PM org.openqa.selenium.remote.RemoteWebDriver log
WARNING: Executing: getElementText [44756a9900c2acee4036e1547789dba4af8b91e0, getElementText {id=1}]
Apr 25, 2019 6:06:11 PM org.openqa.selenium.remote.RemoteWebDriver log
WARNING: Executed: [44756a9900c2acee4036e1547789dba4af8b91e0, getElementText {id=1}]
Apr 25, 2019 6:06:12 PM org.openqa.selenium.remote.RemoteWebDriver log
WARNING: Executing: findElement [44756a9900c2acee4036e1547789dba4af8b91e0, findElement {using=tag name, value=body}]
Apr 25, 2019 6:06:12 PM org.openqa.selenium.remote.RemoteWebDriver log
WARNING: Executed: [44756a9900c2acee4036e1547789dba4af8b91e0, findElement {using=tag name, value=body}]
Apr 25, 2019 6:06:12 PM org.openqa.selenium.remote.RemoteWebDriver log
WARNING: Executing: getElementText [44756a9900c2acee4036e1547789dba4af8b91e0, getElementText {id=1}]
Apr 25, 2019 6:06:13 PM org.openqa.selenium.remote.RemoteWebDriver log
WARNING: Executed: [44756a9900c2acee4036e1547789dba4af8b91e0, getElementText {id=1}]
Apr 25, 2019 6:06:13 PM org.openqa.selenium.remote.RemoteWebDriver log
WARNING: Executing: findElement [44756a9900c2acee4036e1547789dba4af8b91e0, findElement {using=id, value=email}]
Apr 25, 2019 6:06:13 PM org.openqa.selenium.remote.RemoteWebDriver log
WARNING: Executed: [44756a9900c2acee4036e1547789dba4af8b91e0, findElement {using=id, value=email}]
Apr 25, 2019 6:06:13 PM org.openqa.selenium.remote.RemoteWebDriver log
WARNING: Executing: sendKeysToElement [44756a9900c2acee4036e1547789dba4af8b91e0, sendKeysToElement {id=2, value=[Ljava.lang.CharSequence;@536dbea0}]
Apr 25, 2019 6:06:13 PM org.openqa.selenium.remote.RemoteWebDriver log
WARNING: Executed: [44756a9900c2acee4036e1547789dba4af8b91e0, sendKeysToElement {id=2, value=[Ljava.lang.CharSequence;@536dbea0}]
Apr 25, 2019 6:06:13 PM org.openqa.selenium.remote.RemoteWebDriver log
WARNING: Executing: findElement [44756a9900c2acee4036e1547789dba4af8b91e0, findElement {using=id, value=password}]
Apr 25, 2019 6:06:14 PM org.openqa.selenium.remote.RemoteWebDriver log
WARNING: Executed: [44756a9900c2acee4036e1547789dba4af8b91e0, findElement {using=id, value=password}]
Apr 25, 2019 6:06:14 PM org.openqa.selenium.remote.RemoteWebDriver log
WARNING: Executing: sendKeysToElement [44756a9900c2acee4036e1547789dba4af8b91e0, sendKeysToElement {id=3, value=[Ljava.lang.CharSequence;@747f281}]
Apr 25, 2019 6:06:14 PM org.openqa.selenium.remote.RemoteWebDriver log
WARNING: Executed: [44756a9900c2acee4036e1547789dba4af8b91e0, sendKeysToElement {id=3, value=[Ljava.lang.CharSequence;@747f281}]
Apr 25, 2019 6:06:14 PM org.openqa.selenium.remote.RemoteWebDriver log
WARNING: Executing: findElement [44756a9900c2acee4036e1547789dba4af8b91e0, findElement {using=id, value=internalLoginSubmit}]
Apr 25, 2019 6:06:14 PM org.openqa.selenium.remote.RemoteWebDriver log
WARNING: Executed: [44756a9900c2acee4036e1547789dba4af8b91e0, findElement {using=id, value=internalLoginSubmit}]
Apr 25, 2019 6:06:14 PM org.openqa.selenium.remote.RemoteWebDriver log
WARNING: Executing: isElementDisplayed [44756a9900c2acee4036e1547789dba4af8b91e0, isElementDisplayed {id=4}]
Apr 25, 2019 6:06:14 PM org.openqa.selenium.remote.RemoteWebDriver log
WARNING: Executed: [44756a9900c2acee4036e1547789dba4af8b91e0, isElementDisplayed {id=4}]
Apr 25, 2019 6:06:14 PM org.openqa.selenium.remote.RemoteWebDriver log
WARNING: Executing: isElementEnabled [44756a9900c2acee4036e1547789dba4af8b91e0, isElementEnabled {id=4}]
Apr 25, 2019 6:06:15 PM org.openqa.selenium.remote.RemoteWebDriver log
WARNING: Executed: [44756a9900c2acee4036e1547789dba4af8b91e0, isElementEnabled {id=4}]
Apr 25, 2019 6:06:15 PM org.openqa.selenium.remote.RemoteWebDriver log
WARNING: Executing: clickElement [44756a9900c2acee4036e1547789dba4af8b91e0, clickElement {id=4}]
Apr 25, 2019 6:06:15 PM org.openqa.selenium.remote.RemoteWebDriver log
WARNING: Executed: [44756a9900c2acee4036e1547789dba4af8b91e0, clickElement {id=4}]
Apr 25, 2019 6:06:15 PM org.openqa.selenium.remote.RemoteWebDriver log
WARNING: Executing: getCurrentUrl [44756a9900c2acee4036e1547789dba4af8b91e0, getCurrentUrl {}]
Apr 25, 2019 6:06:15 PM org.openqa.selenium.remote.RemoteWebDriver log
WARNING: Executed: [44756a9900c2acee4036e1547789dba4af8b91e0, getCurrentUrl {}]
Apr 25, 2019 6:06:15 PM org.openqa.selenium.remote.RemoteWebDriver log
WARNING: Executing: findElement [44756a9900c2acee4036e1547789dba4af8b91e0, findElement {using=class name, value=homeRoot}]
Apr 25, 2019 6:06:16 PM org.openqa.selenium.remote.RemoteWebDriver log
WARNING: Executed: [44756a9900c2acee4036e1547789dba4af8b91e0, findElement {using=class name, value=homeRoot}]
Apr 25, 2019 6:06:16 PM org.openqa.selenium.remote.RemoteWebDriver log
WARNING: Executing: findElement [44756a9900c2acee4036e1547789dba4af8b91e0, findElement {using=tag name, value=body}]
Apr 25, 2019 6:06:16 PM org.openqa.selenium.remote.RemoteWebDriver log
WARNING: Executed: [44756a9900c2acee4036e1547789dba4af8b91e0, findElement {using=tag name, value=body}]
Apr 25, 2019 6:06:16 PM org.openqa.selenium.remote.RemoteWebDriver log
WARNING: Executing: getElementText [44756a9900c2acee4036e1547789dba4af8b91e0, getElementText {id=1}]
Apr 25, 2019 6:06:17 PM org.openqa.selenium.remote.RemoteWebDriver log
WARNING: Executed: [44756a9900c2acee4036e1547789dba4af8b91e0, getElementText {id=1}]
Apr 25, 2019 6:06:17 PM org.openqa.selenium.remote.RemoteWebDriver log
WARNING: Executing: findElement [44756a9900c2acee4036e1547789dba4af8b91e0, findElement {using=tag name, value=body}]
Apr 25, 2019 6:06:18 PM org.openqa.selenium.remote.RemoteWebDriver log
WARNING: Executed: [44756a9900c2acee4036e1547789dba4af8b91e0, findElement {using=tag name, value=body}]
Apr 25, 2019 6:06:18 PM org.openqa.selenium.remote.RemoteWebDriver log
WARNING: Executing: getElementText [44756a9900c2acee4036e1547789dba4af8b91e0, getElementText {id=1}]
Apr 25, 2019 6:06:18 PM org.openqa.selenium.remote.RemoteWebDriver log
WARNING: Executed: [44756a9900c2acee4036e1547789dba4af8b91e0, getElementText {id=1}]
Apr 25, 2019 6:06:19 PM org.openqa.selenium.remote.RemoteWebDriver log
WARNING: Executing: findElement [44756a9900c2acee4036e1547789dba4af8b91e0, findElement {using=tag name, value=body}]
Apr 25, 2019 6:06:19 PM org.openqa.selenium.remote.RemoteWebDriver log
WARNING: Executed: [44756a9900c2acee4036e1547789dba4af8b91e0, findElement {using=tag name, value=body}]
Apr 25, 2019 6:06:19 PM org.openqa.selenium.remote.RemoteWebDriver log
WARNING: Executing: getElementText [44756a9900c2acee4036e1547789dba4af8b91e0, getElementText {id=1}]
Apr 25, 2019 6:06:20 PM org.openqa.selenium.remote.RemoteWebDriver log
WARNING: Executed: [44756a9900c2acee4036e1547789dba4af8b91e0, getElementText {id=1}]
Apr 25, 2019 6:06:20 PM org.openqa.selenium.remote.RemoteWebDriver log
WARNING: Executing: getCurrentUrl [44756a9900c2acee4036e1547789dba4af8b91e0, getCurrentUrl {}]
Apr 25, 2019 6:06:20 PM org.openqa.selenium.remote.RemoteWebDriver log
WARNING: Executed: [44756a9900c2acee4036e1547789dba4af8b91e0, getCurrentUrl {}]
Apr 25, 2019 6:06:20 PM org.openqa.selenium.remote.RemoteWebDriver log
WARNING: Executing: getCurrentUrl [44756a9900c2acee4036e1547789dba4af8b91e0, getCurrentUrl {}]
Apr 25, 2019 6:06:20 PM org.openqa.selenium.remote.RemoteWebDriver log
WARNING: Executed: [44756a9900c2acee4036e1547789dba4af8b91e0, getCurrentUrl {}]
Apr 25, 2019 6:06:20 PM org.openqa.selenium.remote.RemoteWebDriver log
WARNING: Executing: findElement [44756a9900c2acee4036e1547789dba4af8b91e0, findElement {using=class name, value=homeRoot}]
Apr 25, 2019 6:06:20 PM org.openqa.selenium.remote.RemoteWebDriver log
WARNING: Executed: [44756a9900c2acee4036e1547789dba4af8b91e0, findElement {using=class name, value=homeRoot}]
Apr 25, 2019 6:06:20 PM org.openqa.selenium.remote.RemoteWebDriver log
WARNING: Executing: get [44756a9900c2acee4036e1547789dba4af8b91e0, get {url=http://tdev.clarolab.com/admin/}]
Apr 25, 2019 6:06:22 PM org.openqa.selenium.remote.RemoteWebDriver log
WARNING: Executed: [44756a9900c2acee4036e1547789dba4af8b91e0, get {url=http://tdev.clarolab.com/admin/}]
Apr 25, 2019 6:06:22 PM org.openqa.selenium.remote.RemoteWebDriver log
WARNING: Executing: getCurrentUrl [44756a9900c2acee4036e1547789dba4af8b91e0, getCurrentUrl {}]
Apr 25, 2019 6:06:22 PM org.openqa.selenium.remote.RemoteWebDriver log
WARNING: Executed: [44756a9900c2acee4036e1547789dba4af8b91e0, getCurrentUrl {}]
Apr 25, 2019 6:06:22 PM org.openqa.selenium.remote.RemoteWebDriver log
WARNING: Executing: findElement [44756a9900c2acee4036e1547789dba4af8b91e0, findElement {using=class name, value=CenterList}]
Apr 25, 2019 6:06:23 PM org.openqa.selenium.remote.RemoteWebDriver log
WARNING: Executed: [44756a9900c2acee4036e1547789dba4af8b91e0, findElement {using=class name, value=CenterList}]
Apr 25, 2019 6:06:23 PM org.openqa.selenium.remote.RemoteWebDriver log
WARNING: Executing: findElements [44756a9900c2acee4036e1547789dba4af8b91e0, findElements {using=css selector, value=nav button}]
Apr 25, 2019 6:06:23 PM org.openqa.selenium.remote.RemoteWebDriver log
WARNING: Executed: [44756a9900c2acee4036e1547789dba4af8b91e0, findElements {using=css selector, value=nav button}]
Apr 25, 2019 6:06:23 PM org.openqa.selenium.remote.RemoteWebDriver log
WARNING: Executing: clickElement [44756a9900c2acee4036e1547789dba4af8b91e0, clickElement {id=10}]
Apr 25, 2019 6:06:23 PM org.openqa.selenium.remote.RemoteWebDriver log
WARNING: Executed: [44756a9900c2acee4036e1547789dba4af8b91e0, clickElement {id=10}]
Apr 25, 2019 6:06:23 PM org.openqa.selenium.remote.RemoteWebDriver log
WARNING: Executing: findElement [44756a9900c2acee4036e1547789dba4af8b91e0, findElement {using=tag name, value=body}]
Apr 25, 2019 6:06:23 PM org.openqa.selenium.remote.RemoteWebDriver log
WARNING: Executed: [44756a9900c2acee4036e1547789dba4af8b91e0, findElement {using=tag name, value=body}]
Apr 25, 2019 6:06:23 PM org.openqa.selenium.remote.RemoteWebDriver log
WARNING: Executing: getElementText [44756a9900c2acee4036e1547789dba4af8b91e0, getElementText {id=15}]
Apr 25, 2019 6:06:24 PM org.openqa.selenium.remote.RemoteWebDriver log
WARNING: Executed: [44756a9900c2acee4036e1547789dba4af8b91e0, getElementText {id=15}]
Apr 25, 2019 6:06:24 PM org.openqa.selenium.remote.RemoteWebDriver log
WARNING: Executing: findElement [44756a9900c2acee4036e1547789dba4af8b91e0, findElement {using=tag name, value=body}]
Apr 25, 2019 6:06:25 PM org.openqa.selenium.remote.RemoteWebDriver log
WARNING: Executed: [44756a9900c2acee4036e1547789dba4af8b91e0, findElement {using=tag name, value=body}]
Apr 25, 2019 6:06:25 PM org.openqa.selenium.remote.RemoteWebDriver log
WARNING: Executing: getElementText [44756a9900c2acee4036e1547789dba4af8b91e0, getElementText {id=15}]
Apr 25, 2019 6:06:26 PM org.openqa.selenium.remote.RemoteWebDriver log
WARNING: Executed: [44756a9900c2acee4036e1547789dba4af8b91e0, getElementText {id=15}]
Apr 25, 2019 6:06:26 PM org.openqa.selenium.remote.RemoteWebDriver log
WARNING: Executing: findElement [44756a9900c2acee4036e1547789dba4af8b91e0, findElement {using=tag name, value=body}]
Apr 25, 2019 6:06:26 PM org.openqa.selenium.remote.RemoteWebDriver log
WARNING: Executed: [44756a9900c2acee4036e1547789dba4af8b91e0, findElement {using=tag name, value=body}]
Apr 25, 2019 6:06:26 PM org.openqa.selenium.remote.RemoteWebDriver log
WARNING: Executing: getElementText [44756a9900c2acee4036e1547789dba4af8b91e0, getElementText {id=15}]
Apr 25, 2019 6:06:27 PM org.openqa.selenium.remote.RemoteWebDriver log
WARNING: Executed: [44756a9900c2acee4036e1547789dba4af8b91e0, getElementText {id=15}]
Apr 25, 2019 6:06:27 PM org.openqa.selenium.remote.RemoteWebDriver log
WARNING: Executing: findElement [44756a9900c2acee4036e1547789dba4af8b91e0, findElement {using=css selector, value=button[title='Deactivate']}]
Apr 25, 2019 6:06:28 PM org.openqa.selenium.remote.RemoteWebDriver log
WARNING: Executed: [44756a9900c2acee4036e1547789dba4af8b91e0, findElement {using=css selector, value=button[title='Deactivate']}]
Apr 25, 2019 6:06:28 PM org.openqa.selenium.remote.RemoteWebDriver log
WARNING: Executing: isElementDisplayed [44756a9900c2acee4036e1547789dba4af8b91e0, isElementDisplayed {id=16}]
Apr 25, 2019 6:06:28 PM org.openqa.selenium.remote.RemoteWebDriver log
WARNING: Executed: [44756a9900c2acee4036e1547789dba4af8b91e0, isElementDisplayed {id=16}]
Apr 25, 2019 6:06:28 PM org.openqa.selenium.remote.RemoteWebDriver log
WARNING: Executing: isElementEnabled [44756a9900c2acee4036e1547789dba4af8b91e0, isElementEnabled {id=16}]
Apr 25, 2019 6:06:28 PM org.openqa.selenium.remote.RemoteWebDriver log
WARNING: Executed: [44756a9900c2acee4036e1547789dba4af8b91e0, isElementEnabled {id=16}]
Apr 25, 2019 6:06:28 PM org.openqa.selenium.remote.RemoteWebDriver log
WARNING: Executing: findElements [44756a9900c2acee4036e1547789dba4af8b91e0, findElements {using=css selector, value=ul li div div > span}]
Apr 25, 2019 6:06:28 PM org.openqa.selenium.remote.RemoteWebDriver log
WARNING: Executed: [44756a9900c2acee4036e1547789dba4af8b91e0, findElements {using=css selector, value=ul li div div > span}]
Apr 25, 2019 6:06:28 PM org.openqa.selenium.remote.RemoteWebDriver log
WARNING: Executing: getElementText [44756a9900c2acee4036e1547789dba4af8b91e0, getElementText {id=17}]
Apr 25, 2019 6:06:29 PM org.openqa.selenium.remote.RemoteWebDriver log
WARNING: Executed: [44756a9900c2acee4036e1547789dba4af8b91e0, getElementText {id=17}]
Apr 25, 2019 6:06:29 PM org.openqa.selenium.remote.RemoteWebDriver log
WARNING: Executing: findElement [44756a9900c2acee4036e1547789dba4af8b91e0, findElement {using=css selector, value=button[title='Deactivate']}]
Apr 25, 2019 6:06:29 PM org.openqa.selenium.remote.RemoteWebDriver log
WARNING: Executed: [44756a9900c2acee4036e1547789dba4af8b91e0, findElement {using=css selector, value=button[title='Deactivate']}]
Apr 25, 2019 6:06:29 PM org.openqa.selenium.remote.RemoteWebDriver log
WARNING: Executing: isElementDisplayed [44756a9900c2acee4036e1547789dba4af8b91e0, isElementDisplayed {id=16}]
Apr 25, 2019 6:06:29 PM org.openqa.selenium.remote.RemoteWebDriver log
WARNING: Executed: [44756a9900c2acee4036e1547789dba4af8b91e0, isElementDisplayed {id=16}]
Apr 25, 2019 6:06:29 PM org.openqa.selenium.remote.RemoteWebDriver log
WARNING: Executing: isElementEnabled [44756a9900c2acee4036e1547789dba4af8b91e0, isElementEnabled {id=16}]
Apr 25, 2019 6:06:29 PM org.openqa.selenium.remote.RemoteWebDriver log
WARNING: Executed: [44756a9900c2acee4036e1547789dba4af8b91e0, isElementEnabled {id=16}]
Apr 25, 2019 6:06:29 PM org.openqa.selenium.remote.RemoteWebDriver log
WARNING: Executing: clickElement [44756a9900c2acee4036e1547789dba4af8b91e0, clickElement {id=16}]
Apr 25, 2019 6:06:30 PM org.openqa.selenium.remote.RemoteWebDriver log
WARNING: Executed: [44756a9900c2acee4036e1547789dba4af8b91e0, clickElement {id=16}]
Apr 25, 2019 6:06:30 PM org.openqa.selenium.remote.RemoteWebDriver log
WARNING: Executing: findElement [44756a9900c2acee4036e1547789dba4af8b91e0, findElement {using=tag name, value=body}]
Apr 25, 2019 6:06:30 PM org.openqa.selenium.remote.RemoteWebDriver log
WARNING: Executed: [44756a9900c2acee4036e1547789dba4af8b91e0, findElement {using=tag name, value=body}]
Apr 25, 2019 6:06:30 PM org.openqa.selenium.remote.RemoteWebDriver log
WARNING: Executing: getElementText [44756a9900c2acee4036e1547789dba4af8b91e0, getElementText {id=15}]
Apr 25, 2019 6:06:31 PM org.openqa.selenium.remote.RemoteWebDriver log
WARNING: Executed: [44756a9900c2acee4036e1547789dba4af8b91e0, getElementText {id=15}]
Apr 25, 2019 6:06:31 PM org.openqa.selenium.remote.RemoteWebDriver log
WARNING: Executing: findElement [44756a9900c2acee4036e1547789dba4af8b91e0, findElement {using=tag name, value=body}]
Apr 25, 2019 6:06:32 PM org.openqa.selenium.remote.RemoteWebDriver log
WARNING: Executed: [44756a9900c2acee4036e1547789dba4af8b91e0, findElement {using=tag name, value=body}]
Apr 25, 2019 6:06:32 PM org.openqa.selenium.remote.RemoteWebDriver log
WARNING: Executing: getElementText [44756a9900c2acee4036e1547789dba4af8b91e0, getElementText {id=15}]
Apr 25, 2019 6:06:32 PM org.openqa.selenium.remote.RemoteWebDriver log
WARNING: Executed: [44756a9900c2acee4036e1547789dba4af8b91e0, getElementText {id=15}]
Apr 25, 2019 6:06:32 PM org.openqa.selenium.remote.RemoteWebDriver log
WARNING: Executing: findElements [44756a9900c2acee4036e1547789dba4af8b91e0, findElements {using=css selector, value=ul li div div > span}]
Apr 25, 2019 6:06:33 PM org.openqa.selenium.remote.RemoteWebDriver log
WARNING: Executed: [44756a9900c2acee4036e1547789dba4af8b91e0, findElements {using=css selector, value=ul li div div > span}]
Apr 25, 2019 6:06:33 PM org.openqa.selenium.remote.RemoteWebDriver log
WARNING: Executing: isElementDisplayed [44756a9900c2acee4036e1547789dba4af8b91e0, isElementDisplayed {id=17}]
Apr 25, 2019 6:06:33 PM org.openqa.selenium.remote.RemoteWebDriver log
WARNING: Executed: [44756a9900c2acee4036e1547789dba4af8b91e0, isElementDisplayed {id=17}]
Apr 25, 2019 6:06:33 PM org.openqa.selenium.remote.RemoteWebDriver log
WARNING: Executing: isElementDisplayed [44756a9900c2acee4036e1547789dba4af8b91e0, isElementDisplayed {id=18}]
Apr 25, 2019 6:06:33 PM org.openqa.selenium.remote.RemoteWebDriver log
WARNING: Executed: [44756a9900c2acee4036e1547789dba4af8b91e0, isElementDisplayed {id=18}]
Apr 25, 2019 6:06:33 PM org.openqa.selenium.remote.RemoteWebDriver log
WARNING: Executing: isElementDisplayed [44756a9900c2acee4036e1547789dba4af8b91e0, isElementDisplayed {id=19}]
Apr 25, 2019 6:06:33 PM org.openqa.selenium.remote.RemoteWebDriver log
WARNING: Executed: [44756a9900c2acee4036e1547789dba4af8b91e0, isElementDisplayed {id=19}]
Apr 25, 2019 6:06:33 PM org.openqa.selenium.remote.RemoteWebDriver log
WARNING: Executing: isElementDisplayed [44756a9900c2acee4036e1547789dba4af8b91e0, isElementDisplayed {id=20}]
Apr 25, 2019 6:06:34 PM org.openqa.selenium.remote.RemoteWebDriver log
WARNING: Executed: [44756a9900c2acee4036e1547789dba4af8b91e0, isElementDisplayed {id=20}]
Apr 25, 2019 6:06:34 PM org.openqa.selenium.remote.RemoteWebDriver log
WARNING: Executing: isElementDisplayed [44756a9900c2acee4036e1547789dba4af8b91e0, isElementDisplayed {id=21}]
Apr 25, 2019 6:06:34 PM org.openqa.selenium.remote.RemoteWebDriver log
WARNING: Executed: [44756a9900c2acee4036e1547789dba4af8b91e0, isElementDisplayed {id=21}]
Apr 25, 2019 6:06:34 PM org.openqa.selenium.remote.RemoteWebDriver log
WARNING: Executing: isElementDisplayed [44756a9900c2acee4036e1547789dba4af8b91e0, isElementDisplayed {id=22}]
Apr 25, 2019 6:06:34 PM org.openqa.selenium.remote.RemoteWebDriver log
WARNING: Executed: [44756a9900c2acee4036e1547789dba4af8b91e0, isElementDisplayed {id=22}]
Apr 25, 2019 6:06:34 PM org.openqa.selenium.remote.RemoteWebDriver log
WARNING: Executing: isElementDisplayed [44756a9900c2acee4036e1547789dba4af8b91e0, isElementDisplayed {id=23}]
Apr 25, 2019 6:06:34 PM org.openqa.selenium.remote.RemoteWebDriver log
WARNING: Executed: [44756a9900c2acee4036e1547789dba4af8b91e0, isElementDisplayed {id=23}]
Apr 25, 2019 6:06:34 PM org.openqa.selenium.remote.RemoteWebDriver log
WARNING: Executing: isElementDisplayed [44756a9900c2acee4036e1547789dba4af8b91e0, isElementDisplayed {id=24}]
Apr 25, 2019 6:06:35 PM org.openqa.selenium.remote.RemoteWebDriver log
WARNING: Executed: [44756a9900c2acee4036e1547789dba4af8b91e0, isElementDisplayed {id=24}]
Apr 25, 2019 6:06:35 PM org.openqa.selenium.remote.RemoteWebDriver log
WARNING: Executing: isElementDisplayed [44756a9900c2acee4036e1547789dba4af8b91e0, isElementDisplayed {id=25}]
Apr 25, 2019 6:06:35 PM org.openqa.selenium.remote.RemoteWebDriver log
WARNING: Executed: [44756a9900c2acee4036e1547789dba4af8b91e0, isElementDisplayed {id=25}]
Apr 25, 2019 6:06:35 PM org.openqa.selenium.remote.RemoteWebDriver log
WARNING: Executing: isElementDisplayed [44756a9900c2acee4036e1547789dba4af8b91e0, isElementDisplayed {id=26}]
Apr 25, 2019 6:06:35 PM org.openqa.selenium.remote.RemoteWebDriver log
WARNING: Executed: [44756a9900c2acee4036e1547789dba4af8b91e0, isElementDisplayed {id=26}]
Apr 25, 2019 6:06:35 PM org.openqa.selenium.remote.RemoteWebDriver log
WARNING: Executing: isElementDisplayed [44756a9900c2acee4036e1547789dba4af8b91e0, isElementDisplayed {id=27}]
Apr 25, 2019 6:06:35 PM org.openqa.selenium.remote.RemoteWebDriver log
WARNING: Executed: [44756a9900c2acee4036e1547789dba4af8b91e0, isElementDisplayed {id=27}]
Apr 25, 2019 6:06:35 PM org.openqa.selenium.remote.RemoteWebDriver log
WARNING: Executing: isElementDisplayed [44756a9900c2acee4036e1547789dba4af8b91e0, isElementDisplayed {id=28}]
Apr 25, 2019 6:06:35 PM org.openqa.selenium.remote.RemoteWebDriver log
WARNING: Executed: [44756a9900c2acee4036e1547789dba4af8b91e0, isElementDisplayed {id=28}]
Apr 25, 2019 6:06:35 PM org.openqa.selenium.remote.RemoteWebDriver log
WARNING: Executing: isElementDisplayed [44756a9900c2acee4036e1547789dba4af8b91e0, isElementDisplayed {id=29}]
Apr 25, 2019 6:06:36 PM org.openqa.selenium.remote.RemoteWebDriver log
WARNING: Executed: [44756a9900c2acee4036e1547789dba4af8b91e0, isElementDisplayed {id=29}]
Apr 25, 2019 6:06:36 PM org.openqa.selenium.remote.RemoteWebDriver log
WARNING: Executing: isElementDisplayed [44756a9900c2acee4036e1547789dba4af8b91e0, isElementDisplayed {id=30}]
Apr 25, 2019 6:06:36 PM org.openqa.selenium.remote.RemoteWebDriver log
WARNING: Executed: [44756a9900c2acee4036e1547789dba4af8b91e0, isElementDisplayed {id=30}]
Apr 25, 2019 6:06:36 PM org.openqa.selenium.remote.RemoteWebDriver log
WARNING: Executing: isElementDisplayed [44756a9900c2acee4036e1547789dba4af8b91e0, isElementDisplayed {id=31}]
Apr 25, 2019 6:06:36 PM org.openqa.selenium.remote.RemoteWebDriver log
WARNING: Executed: [44756a9900c2acee4036e1547789dba4af8b91e0, isElementDisplayed {id=31}]
Apr 25, 2019 6:06:36 PM org.openqa.selenium.remote.RemoteWebDriver log
WARNING: Executing: isElementDisplayed [44756a9900c2acee4036e1547789dba4af8b91e0, isElementDisplayed {id=32}]
Apr 25, 2019 6:06:36 PM org.openqa.selenium.remote.RemoteWebDriver log
WARNING: Executed: [44756a9900c2acee4036e1547789dba4af8b91e0, isElementDisplayed {id=32}]
Apr 25, 2019 6:06:36 PM org.openqa.selenium.remote.RemoteWebDriver log
WARNING: Executing: isElementDisplayed [44756a9900c2acee4036e1547789dba4af8b91e0, isElementDisplayed {id=33}]
Apr 25, 2019 6:06:37 PM org.openqa.selenium.remote.RemoteWebDriver log
WARNING: Executed: [44756a9900c2acee4036e1547789dba4af8b91e0, isElementDisplayed {id=33}]
Apr 25, 2019 6:06:37 PM org.openqa.selenium.remote.RemoteWebDriver log
WARNING: Executing: isElementDisplayed [44756a9900c2acee4036e1547789dba4af8b91e0, isElementDisplayed {id=34}]
Apr 25, 2019 6:06:37 PM org.openqa.selenium.remote.RemoteWebDriver log
WARNING: Executed: [44756a9900c2acee4036e1547789dba4af8b91e0, isElementDisplayed {id=34}]
Apr 25, 2019 6:06:37 PM org.openqa.selenium.remote.RemoteWebDriver log
WARNING: Executing: isElementDisplayed [44756a9900c2acee4036e1547789dba4af8b91e0, isElementDisplayed {id=35}]
Apr 25, 2019 6:06:37 PM org.openqa.selenium.remote.RemoteWebDriver log
WARNING: Executed: [44756a9900c2acee4036e1547789dba4af8b91e0, isElementDisplayed {id=35}]
Apr 25, 2019 6:06:37 PM org.openqa.selenium.remote.RemoteWebDriver log
WARNING: Executing: isElementDisplayed [44756a9900c2acee4036e1547789dba4af8b91e0, isElementDisplayed {id=36}]
Apr 25, 2019 6:06:37 PM org.openqa.selenium.remote.RemoteWebDriver log
WARNING: Executed: [44756a9900c2acee4036e1547789dba4af8b91e0, isElementDisplayed {id=36}]
Apr 25, 2019 6:06:37 PM org.openqa.selenium.remote.RemoteWebDriver log
WARNING: Executing: isElementDisplayed [44756a9900c2acee4036e1547789dba4af8b91e0, isElementDisplayed {id=37}]
Apr 25, 2019 6:06:38 PM org.openqa.selenium.remote.RemoteWebDriver log
WARNING: Executed: [44756a9900c2acee4036e1547789dba4af8b91e0, isElementDisplayed {id=37}]
Apr 25, 2019 6:06:38 PM org.openqa.selenium.remote.RemoteWebDriver log
WARNING: Executing: isElementDisplayed [44756a9900c2acee4036e1547789dba4af8b91e0, isElementDisplayed {id=38}]
Apr 25, 2019 6:06:38 PM org.openqa.selenium.remote.RemoteWebDriver log
WARNING: Executed: [44756a9900c2acee4036e1547789dba4af8b91e0, isElementDisplayed {id=38}]
Apr 25, 2019 6:06:38 PM org.openqa.selenium.remote.RemoteWebDriver log
WARNING: Executing: findElements [44756a9900c2acee4036e1547789dba4af8b91e0, findElements {using=css selector, value=ul li div div > span}]
Apr 25, 2019 6:06:38 PM org.openqa.selenium.remote.RemoteWebDriver log
WARNING: Executed: [44756a9900c2acee4036e1547789dba4af8b91e0, findElements {using=css selector, value=ul li div div > span}]
Apr 25, 2019 6:06:38 PM org.openqa.selenium.remote.RemoteWebDriver log
WARNING: Executing: isElementDisplayed [44756a9900c2acee4036e1547789dba4af8b91e0, isElementDisplayed {id=19}]
Apr 25, 2019 6:06:38 PM org.openqa.selenium.remote.RemoteWebDriver log
WARNING: Executed: [44756a9900c2acee4036e1547789dba4af8b91e0, isElementDisplayed {id=19}]
Apr 25, 2019 6:06:38 PM org.openqa.selenium.remote.RemoteWebDriver log
WARNING: Executing: isElementDisplayed [44756a9900c2acee4036e1547789dba4af8b91e0, isElementDisplayed {id=20}]
Apr 25, 2019 6:06:38 PM org.openqa.selenium.remote.RemoteWebDriver log
WARNING: Executed: [44756a9900c2acee4036e1547789dba4af8b91e0, isElementDisplayed {id=20}]
Apr 25, 2019 6:06:38 PM org.openqa.selenium.remote.RemoteWebDriver log
WARNING: Executing: isElementDisplayed [44756a9900c2acee4036e1547789dba4af8b91e0, isElementDisplayed {id=21}]
Apr 25, 2019 6:06:39 PM org.openqa.selenium.remote.RemoteWebDriver log
WARNING: Executed: [44756a9900c2acee4036e1547789dba4af8b91e0, isElementDisplayed {id=21}]
Apr 25, 2019 6:06:39 PM org.openqa.selenium.remote.RemoteWebDriver log
WARNING: Executing: isElementDisplayed [44756a9900c2acee4036e1547789dba4af8b91e0, isElementDisplayed {id=22}]
Apr 25, 2019 6:06:39 PM org.openqa.selenium.remote.RemoteWebDriver log
WARNING: Executed: [44756a9900c2acee4036e1547789dba4af8b91e0, isElementDisplayed {id=22}]
Apr 25, 2019 6:06:39 PM org.openqa.selenium.remote.RemoteWebDriver log
WARNING: Executing: isElementDisplayed [44756a9900c2acee4036e1547789dba4af8b91e0, isElementDisplayed {id=23}]
Apr 25, 2019 6:06:39 PM org.openqa.selenium.remote.RemoteWebDriver log
WARNING: Executed: [44756a9900c2acee4036e1547789dba4af8b91e0, isElementDisplayed {id=23}]
Apr 25, 2019 6:06:39 PM org.openqa.selenium.remote.RemoteWebDriver log
WARNING: Executing: isElementDisplayed [44756a9900c2acee4036e1547789dba4af8b91e0, isElementDisplayed {id=24}]
Apr 25, 2019 6:06:39 PM org.openqa.selenium.remote.RemoteWebDriver log
WARNING: Executed: [44756a9900c2acee4036e1547789dba4af8b91e0, isElementDisplayed {id=24}]
Apr 25, 2019 6:06:39 PM org.openqa.selenium.remote.RemoteWebDriver log
WARNING: Executing: isElementDisplayed [44756a9900c2acee4036e1547789dba4af8b91e0, isElementDisplayed {id=25}]
Apr 25, 2019 6:06:39 PM org.openqa.selenium.remote.RemoteWebDriver log
WARNING: Executed: [44756a9900c2acee4036e1547789dba4af8b91e0, isElementDisplayed {id=25}]
Apr 25, 2019 6:06:39 PM org.openqa.selenium.remote.RemoteWebDriver log
WARNING: Executing: isElementDisplayed [44756a9900c2acee4036e1547789dba4af8b91e0, isElementDisplayed {id=26}]
Apr 25, 2019 6:06:40 PM org.openqa.selenium.remote.RemoteWebDriver log
WARNING: Executed: [44756a9900c2acee4036e1547789dba4af8b91e0, isElementDisplayed {id=26}]
Apr 25, 2019 6:06:40 PM org.openqa.selenium.remote.RemoteWebDriver log
WARNING: Executing: isElementDisplayed [44756a9900c2acee4036e1547789dba4af8b91e0, isElementDisplayed {id=27}]
Apr 25, 2019 6:06:40 PM org.openqa.selenium.remote.RemoteWebDriver log
WARNING: Executed: [44756a9900c2acee4036e1547789dba4af8b91e0, isElementDisplayed {id=27}]
Apr 25, 2019 6:06:40 PM org.openqa.selenium.remote.RemoteWebDriver log
WARNING: Executing: isElementDisplayed [44756a9900c2acee4036e1547789dba4af8b91e0, isElementDisplayed {id=28}]
Apr 25, 2019 6:06:40 PM org.openqa.selenium.remote.RemoteWebDriver log
WARNING: Executed: [44756a9900c2acee4036e1547789dba4af8b91e0, isElementDisplayed {id=28}]
Apr 25, 2019 6:06:40 PM org.openqa.selenium.remote.RemoteWebDriver log
WARNING: Executing: isElementDisplayed [44756a9900c2acee4036e1547789dba4af8b91e0, isElementDisplayed {id=29}]
Apr 25, 2019 6:06:40 PM org.openqa.selenium.remote.RemoteWebDriver log
WARNING: Executed: [44756a9900c2acee4036e1547789dba4af8b91e0, isElementDisplayed {id=29}]
Apr 25, 2019 6:06:40 PM org.openqa.selenium.remote.RemoteWebDriver log
WARNING: Executing: isElementDisplayed [44756a9900c2acee4036e1547789dba4af8b91e0, isElementDisplayed {id=30}]
Apr 25, 2019 6:06:41 PM org.openqa.selenium.remote.RemoteWebDriver log
WARNING: Executed: [44756a9900c2acee4036e1547789dba4af8b91e0, isElementDisplayed {id=30}]
Apr 25, 2019 6:06:41 PM org.openqa.selenium.remote.RemoteWebDriver log
WARNING: Executing: isElementDisplayed [44756a9900c2acee4036e1547789dba4af8b91e0, isElementDisplayed {id=31}]
Apr 25, 2019 6:06:41 PM org.openqa.selenium.remote.RemoteWebDriver log
WARNING: Executed: [44756a9900c2acee4036e1547789dba4af8b91e0, isElementDisplayed {id=31}]
Apr 25, 2019 6:06:41 PM org.openqa.selenium.remote.RemoteWebDriver log
WARNING: Executing: isElementDisplayed [44756a9900c2acee4036e1547789dba4af8b91e0, isElementDisplayed {id=32}]
Apr 25, 2019 6:06:41 PM org.openqa.selenium.remote.RemoteWebDriver log
WARNING: Executed: [44756a9900c2acee4036e1547789dba4af8b91e0, isElementDisplayed {id=32}]
Apr 25, 2019 6:06:41 PM org.openqa.selenium.remote.RemoteWebDriver log
WARNING: Executing: isElementDisplayed [44756a9900c2acee4036e1547789dba4af8b91e0, isElementDisplayed {id=33}]
Apr 25, 2019 6:06:41 PM org.openqa.selenium.remote.RemoteWebDriver log
WARNING: Executed: [44756a9900c2acee4036e1547789dba4af8b91e0, isElementDisplayed {id=33}]
Apr 25, 2019 6:06:41 PM org.openqa.selenium.remote.RemoteWebDriver log
WARNING: Executing: isElementDisplayed [44756a9900c2acee4036e1547789dba4af8b91e0, isElementDisplayed {id=34}]
Apr 25, 2019 6:06:42 PM org.openqa.selenium.remote.RemoteWebDriver log
WARNING: Executed: [44756a9900c2acee4036e1547789dba4af8b91e0, isElementDisplayed {id=34}]
Apr 25, 2019 6:06:42 PM org.openqa.selenium.remote.RemoteWebDriver log
WARNING: Executing: isElementDisplayed [44756a9900c2acee4036e1547789dba4af8b91e0, isElementDisplayed {id=35}]
Apr 25, 2019 6:06:42 PM org.openqa.selenium.remote.RemoteWebDriver log
WARNING: Executed: [44756a9900c2acee4036e1547789dba4af8b91e0, isElementDisplayed {id=35}]
Apr 25, 2019 6:06:42 PM org.openqa.selenium.remote.RemoteWebDriver log
WARNING: Executing: isElementDisplayed [44756a9900c2acee4036e1547789dba4af8b91e0, isElementDisplayed {id=36}]
Apr 25, 2019 6:06:42 PM org.openqa.selenium.remote.RemoteWebDriver log
WARNING: Executed: [44756a9900c2acee4036e1547789dba4af8b91e0, isElementDisplayed {id=36}]
Apr 25, 2019 6:06:42 PM org.openqa.selenium.remote.RemoteWebDriver log
WARNING: Executing: isElementDisplayed [44756a9900c2acee4036e1547789dba4af8b91e0, isElementDisplayed {id=37}]
Apr 25, 2019 6:06:42 PM org.openqa.selenium.remote.RemoteWebDriver log
WARNING: Executed: [44756a9900c2acee4036e1547789dba4af8b91e0, isElementDisplayed {id=37}]
Apr 25, 2019 6:06:42 PM org.openqa.selenium.remote.RemoteWebDriver log
WARNING: Executing: isElementDisplayed [44756a9900c2acee4036e1547789dba4af8b91e0, isElementDisplayed {id=38}]
Apr 25, 2019 6:06:43 PM org.openqa.selenium.remote.RemoteWebDriver log
WARNING: Executed: [44756a9900c2acee4036e1547789dba4af8b91e0, isElementDisplayed {id=38}]
Apr 25, 2019 6:06:43 PM org.openqa.selenium.remote.RemoteWebDriver log
WARNING: Executing: isElementDisplayed [44756a9900c2acee4036e1547789dba4af8b91e0, isElementDisplayed {id=17}]
Apr 25, 2019 6:06:43 PM org.openqa.selenium.remote.RemoteWebDriver log
WARNING: Executed: [44756a9900c2acee4036e1547789dba4af8b91e0, isElementDisplayed {id=17}]
Apr 25, 2019 6:06:43 PM org.openqa.selenium.remote.RemoteWebDriver log
WARNING: Executing: isElementDisplayed [44756a9900c2acee4036e1547789dba4af8b91e0, isElementDisplayed {id=18}]
Apr 25, 2019 6:06:43 PM org.openqa.selenium.remote.RemoteWebDriver log
WARNING: Executed: [44756a9900c2acee4036e1547789dba4af8b91e0, isElementDisplayed {id=18}]
Apr 25, 2019 6:06:43 PM org.openqa.selenium.remote.RemoteWebDriver log
WARNING: Executing: executeScript [44756a9900c2acee4036e1547789dba4af8b91e0, executeScript {script=return window.innerHeight || document.documentElement.clientHeight || document.body.clientHeight;, args=[]}]
Apr 25, 2019 6:06:43 PM org.openqa.selenium.remote.RemoteWebDriver log
WARNING: Executed: [44756a9900c2acee4036e1547789dba4af8b91e0, executeScript {script=return window.innerHeight || document.documentElement.clientHeight || document.body.clientHeight;, args=[]}]
Apr 25, 2019 6:06:43 PM org.openqa.selenium.remote.RemoteWebDriver log
WARNING: Executing: getElementLocation [44756a9900c2acee4036e1547789dba4af8b91e0, getElementLocation {id=38}]
Apr 25, 2019 6:06:43 PM org.openqa.selenium.remote.RemoteWebDriver log
WARNING: Executed: [44756a9900c2acee4036e1547789dba4af8b91e0, getElementLocation {id=38}]
Apr 25, 2019 6:06:43 PM org.openqa.selenium.remote.RemoteWebDriver log
WARNING: Executing: executeScript [44756a9900c2acee4036e1547789dba4af8b91e0, executeScript {script=window.scrollTo(0, 1002), args=[]}]
Apr 25, 2019 6:06:44 PM org.openqa.selenium.remote.RemoteWebDriver log
WARNING: Executed: [44756a9900c2acee4036e1547789dba4af8b91e0, executeScript {script=window.scrollTo(0, 1002), args=[]}]
Apr 25, 2019 6:06:44 PM org.openqa.selenium.remote.RemoteWebDriver log
WARNING: Executing: findElement [44756a9900c2acee4036e1547789dba4af8b91e0, findElement {using=tag name, value=body}]
Apr 25, 2019 6:06:44 PM org.openqa.selenium.remote.RemoteWebDriver log
WARNING: Executed: [44756a9900c2acee4036e1547789dba4af8b91e0, findElement {using=tag name, value=body}]
Apr 25, 2019 6:06:44 PM org.openqa.selenium.remote.RemoteWebDriver log
WARNING: Executing: getElementText [44756a9900c2acee4036e1547789dba4af8b91e0, getElementText {id=15}]
Apr 25, 2019 6:06:45 PM org.openqa.selenium.remote.RemoteWebDriver log
WARNING: Executed: [44756a9900c2acee4036e1547789dba4af8b91e0, getElementText {id=15}]
Apr 25, 2019 6:06:45 PM org.openqa.selenium.remote.RemoteWebDriver log
WARNING: Executing: findElement [44756a9900c2acee4036e1547789dba4af8b91e0, findElement {using=tag name, value=body}]
Apr 25, 2019 6:06:45 PM org.openqa.selenium.remote.RemoteWebDriver log
WARNING: Executed: [44756a9900c2acee4036e1547789dba4af8b91e0, findElement {using=tag name, value=body}]
Apr 25, 2019 6:06:45 PM org.openqa.selenium.remote.RemoteWebDriver log
WARNING: Executing: getElementText [44756a9900c2acee4036e1547789dba4af8b91e0, getElementText {id=15}]
Apr 25, 2019 6:06:47 PM org.openqa.selenium.remote.RemoteWebDriver log
WARNING: Executed: [44756a9900c2acee4036e1547789dba4af8b91e0, getElementText {id=15}]
Apr 25, 2019 6:06:47 PM org.openqa.selenium.remote.RemoteWebDriver log
WARNING: Executing: getElementText [44756a9900c2acee4036e1547789dba4af8b91e0, getElementText {id=38}]
Apr 25, 2019 6:06:47 PM org.openqa.selenium.remote.RemoteWebDriver log
WARNING: Executed: [44756a9900c2acee4036e1547789dba4af8b91e0, getElementText {id=38}]
]]></system-err>
  </testcase>
  <testcase name="testDisableContainer" classname="com.clarolab.AdminConsoleTest" time="23.17">
    <failure message="expected:&lt;[Content Regression Test]s&gt; but was:&lt;[DONTDISPLAY2]s&gt;" type="org.junit.ComparisonFailure"><![CDATA[org.junit.ComparisonFailure: expected:<[Content Regression Test]s> but was:<[DONTDISPLAY2]s>
	at com.clarolab.AdminConsoleTest.testDisableContainer(AdminConsoleTest.java:152)
]]></failure>
    <system-err><![CDATA[Apr 25, 2019 6:06:47 PM org.openqa.selenium.remote.RemoteWebDriver log
WARNING: Executing: deleteAllCookies [44756a9900c2acee4036e1547789dba4af8b91e0, deleteAllCookies {}]
Apr 25, 2019 6:06:47 PM org.openqa.selenium.remote.RemoteWebDriver log
WARNING: Executed: [44756a9900c2acee4036e1547789dba4af8b91e0, deleteAllCookies {}]
Apr 25, 2019 6:06:47 PM org.openqa.selenium.remote.RemoteWebDriver log
WARNING: Executing: quit [44756a9900c2acee4036e1547789dba4af8b91e0, quit {}]
Apr 25, 2019 6:06:49 PM org.openqa.selenium.remote.RemoteWebDriver log
WARNING: Executed: [44756a9900c2acee4036e1547789dba4af8b91e0, quit {}]
Apr 25, 2019 6:06:53 PM org.openqa.selenium.remote.RemoteWebDriver log
WARNING: Executing: setTimeout [856be816e2e222d10e5a16a8402c469580320caa, setTimeout {type=page load, ms=80000}]
Apr 25, 2019 6:06:53 PM org.openqa.selenium.remote.RemoteWebDriver log
WARNING: Executed: [856be816e2e222d10e5a16a8402c469580320caa, setTimeout {type=page load, ms=80000}]
Apr 25, 2019 6:06:53 PM org.openqa.selenium.remote.RemoteWebDriver log
WARNING: Executing: implicitlyWait [856be816e2e222d10e5a16a8402c469580320caa, implicitlyWait {ms=2000}]
Apr 25, 2019 6:06:54 PM org.openqa.selenium.remote.RemoteWebDriver log
WARNING: Executed: [856be816e2e222d10e5a16a8402c469580320caa, implicitlyWait {ms=2000}]
Apr 25, 2019 6:06:54 PM org.openqa.selenium.remote.RemoteWebDriver log
WARNING: Executing: get [856be816e2e222d10e5a16a8402c469580320caa, get {url=http://tdev.clarolab.com/}]
Apr 25, 2019 6:07:00 PM org.openqa.selenium.remote.RemoteWebDriver log
WARNING: Executed: [856be816e2e222d10e5a16a8402c469580320caa, get {url=http://tdev.clarolab.com/}]
Apr 25, 2019 6:07:00 PM org.openqa.selenium.remote.RemoteWebDriver log
WARNING: Executing: getCurrentUrl [856be816e2e222d10e5a16a8402c469580320caa, getCurrentUrl {}]
Apr 25, 2019 6:07:00 PM org.openqa.selenium.remote.RemoteWebDriver log
WARNING: Executed: [856be816e2e222d10e5a16a8402c469580320caa, getCurrentUrl {}]
Apr 25, 2019 6:07:00 PM org.openqa.selenium.remote.RemoteWebDriver log
WARNING: Executing: getCurrentUrl [856be816e2e222d10e5a16a8402c469580320caa, getCurrentUrl {}]
Apr 25, 2019 6:07:00 PM org.openqa.selenium.remote.RemoteWebDriver log
WARNING: Executed: [856be816e2e222d10e5a16a8402c469580320caa, getCurrentUrl {}]
Apr 25, 2019 6:07:00 PM org.openqa.selenium.remote.RemoteWebDriver log
WARNING: Executing: findElement [856be816e2e222d10e5a16a8402c469580320caa, findElement {using=id, value=loginForm}]
Apr 25, 2019 6:07:00 PM org.openqa.selenium.remote.RemoteWebDriver log
WARNING: Executed: [856be816e2e222d10e5a16a8402c469580320caa, findElement {using=id, value=loginForm}]
Apr 25, 2019 6:07:00 PM org.openqa.selenium.remote.RemoteWebDriver log
WARNING: Executing: findElement [856be816e2e222d10e5a16a8402c469580320caa, findElement {using=tag name, value=body}]
Apr 25, 2019 6:07:01 PM org.openqa.selenium.remote.RemoteWebDriver log
WARNING: Executed: [856be816e2e222d10e5a16a8402c469580320caa, findElement {using=tag name, value=body}]
Apr 25, 2019 6:07:01 PM org.openqa.selenium.remote.RemoteWebDriver log
WARNING: Executing: getElementText [856be816e2e222d10e5a16a8402c469580320caa, getElementText {id=1}]
Apr 25, 2019 6:07:01 PM org.openqa.selenium.remote.RemoteWebDriver log
WARNING: Executed: [856be816e2e222d10e5a16a8402c469580320caa, getElementText {id=1}]
Apr 25, 2019 6:07:01 PM org.openqa.selenium.remote.RemoteWebDriver log
WARNING: Executing: findElement [856be816e2e222d10e5a16a8402c469580320caa, findElement {using=tag name, value=body}]
Apr 25, 2019 6:07:02 PM org.openqa.selenium.remote.RemoteWebDriver log
WARNING: Executed: [856be816e2e222d10e5a16a8402c469580320caa, findElement {using=tag name, value=body}]
Apr 25, 2019 6:07:02 PM org.openqa.selenium.remote.RemoteWebDriver log
WARNING: Executing: getElementText [856be816e2e222d10e5a16a8402c469580320caa, getElementText {id=1}]
Apr 25, 2019 6:07:02 PM org.openqa.selenium.remote.RemoteWebDriver log
WARNING: Executed: [856be816e2e222d10e5a16a8402c469580320caa, getElementText {id=1}]
Apr 25, 2019 6:07:02 PM org.openqa.selenium.remote.RemoteWebDriver log
WARNING: Executing: findElement [856be816e2e222d10e5a16a8402c469580320caa, findElement {using=tag name, value=body}]
Apr 25, 2019 6:07:02 PM org.openqa.selenium.remote.RemoteWebDriver log
WARNING: Executed: [856be816e2e222d10e5a16a8402c469580320caa, findElement {using=tag name, value=body}]
Apr 25, 2019 6:07:02 PM org.openqa.selenium.remote.RemoteWebDriver log
WARNING: Executing: getElementText [856be816e2e222d10e5a16a8402c469580320caa, getElementText {id=1}]
Apr 25, 2019 6:07:03 PM org.openqa.selenium.remote.RemoteWebDriver log
WARNING: Executed: [856be816e2e222d10e5a16a8402c469580320caa, getElementText {id=1}]
Apr 25, 2019 6:07:03 PM org.openqa.selenium.remote.RemoteWebDriver log
WARNING: Executing: findElement [856be816e2e222d10e5a16a8402c469580320caa, findElement {using=id, value=email}]
Apr 25, 2019 6:07:03 PM org.openqa.selenium.remote.RemoteWebDriver log
WARNING: Executed: [856be816e2e222d10e5a16a8402c469580320caa, findElement {using=id, value=email}]
Apr 25, 2019 6:07:03 PM org.openqa.selenium.remote.RemoteWebDriver log
WARNING: Executing: sendKeysToElement [856be816e2e222d10e5a16a8402c469580320caa, sendKeysToElement {id=2, value=[Ljava.lang.CharSequence;@791d1f8b}]
Apr 25, 2019 6:07:03 PM org.openqa.selenium.remote.RemoteWebDriver log
WARNING: Executed: [856be816e2e222d10e5a16a8402c469580320caa, sendKeysToElement {id=2, value=[Ljava.lang.CharSequence;@791d1f8b}]
Apr 25, 2019 6:07:03 PM org.openqa.selenium.remote.RemoteWebDriver log
WARNING: Executing: findElement [856be816e2e222d10e5a16a8402c469580320caa, findElement {using=id, value=password}]
Apr 25, 2019 6:07:04 PM org.openqa.selenium.remote.RemoteWebDriver log
WARNING: Executed: [856be816e2e222d10e5a16a8402c469580320caa, findElement {using=id, value=password}]
Apr 25, 2019 6:07:04 PM org.openqa.selenium.remote.RemoteWebDriver log
WARNING: Executing: sendKeysToElement [856be816e2e222d10e5a16a8402c469580320caa, sendKeysToElement {id=3, value=[Ljava.lang.CharSequence;@2415fc55}]
Apr 25, 2019 6:07:04 PM org.openqa.selenium.remote.RemoteWebDriver log
WARNING: Executed: [856be816e2e222d10e5a16a8402c469580320caa, sendKeysToElement {id=3, value=[Ljava.lang.CharSequence;@2415fc55}]
Apr 25, 2019 6:07:04 PM org.openqa.selenium.remote.RemoteWebDriver log
WARNING: Executing: findElement [856be816e2e222d10e5a16a8402c469580320caa, findElement {using=id, value=internalLoginSubmit}]
Apr 25, 2019 6:07:04 PM org.openqa.selenium.remote.RemoteWebDriver log
WARNING: Executed: [856be816e2e222d10e5a16a8402c469580320caa, findElement {using=id, value=internalLoginSubmit}]
Apr 25, 2019 6:07:04 PM org.openqa.selenium.remote.RemoteWebDriver log
WARNING: Executing: isElementDisplayed [856be816e2e222d10e5a16a8402c469580320caa, isElementDisplayed {id=4}]
Apr 25, 2019 6:07:05 PM org.openqa.selenium.remote.RemoteWebDriver log
WARNING: Executed: [856be816e2e222d10e5a16a8402c469580320caa, isElementDisplayed {id=4}]
Apr 25, 2019 6:07:05 PM org.openqa.selenium.remote.RemoteWebDriver log
WARNING: Executing: isElementEnabled [856be816e2e222d10e5a16a8402c469580320caa, isElementEnabled {id=4}]
Apr 25, 2019 6:07:05 PM org.openqa.selenium.remote.RemoteWebDriver log
WARNING: Executed: [856be816e2e222d10e5a16a8402c469580320caa, isElementEnabled {id=4}]
Apr 25, 2019 6:07:05 PM org.openqa.selenium.remote.RemoteWebDriver log
WARNING: Executing: clickElement [856be816e2e222d10e5a16a8402c469580320caa, clickElement {id=4}]
Apr 25, 2019 6:07:05 PM org.openqa.selenium.remote.RemoteWebDriver log
WARNING: Executed: [856be816e2e222d10e5a16a8402c469580320caa, clickElement {id=4}]
Apr 25, 2019 6:07:05 PM org.openqa.selenium.remote.RemoteWebDriver log
WARNING: Executing: getCurrentUrl [856be816e2e222d10e5a16a8402c469580320caa, getCurrentUrl {}]
Apr 25, 2019 6:07:05 PM org.openqa.selenium.remote.RemoteWebDriver log
WARNING: Executed: [856be816e2e222d10e5a16a8402c469580320caa, getCurrentUrl {}]
Apr 25, 2019 6:07:05 PM org.openqa.selenium.remote.RemoteWebDriver log
WARNING: Executing: findElement [856be816e2e222d10e5a16a8402c469580320caa, findElement {using=class name, value=homeRoot}]
Apr 25, 2019 6:07:07 PM org.openqa.selenium.remote.RemoteWebDriver log
WARNING: Executed: [856be816e2e222d10e5a16a8402c469580320caa, findElement {using=class name, value=homeRoot}]
Apr 25, 2019 6:07:07 PM org.openqa.selenium.remote.RemoteWebDriver log
WARNING: Executing: findElement [856be816e2e222d10e5a16a8402c469580320caa, findElement {using=tag name, value=body}]
Apr 25, 2019 6:07:08 PM org.openqa.selenium.remote.RemoteWebDriver log
WARNING: Executed: [856be816e2e222d10e5a16a8402c469580320caa, findElement {using=tag name, value=body}]
Apr 25, 2019 6:07:08 PM org.openqa.selenium.remote.RemoteWebDriver log
WARNING: Executing: getElementText [856be816e2e222d10e5a16a8402c469580320caa, getElementText {id=1}]
Apr 25, 2019 6:07:08 PM org.openqa.selenium.remote.RemoteWebDriver log
WARNING: Executed: [856be816e2e222d10e5a16a8402c469580320caa, getElementText {id=1}]
Apr 25, 2019 6:07:09 PM org.openqa.selenium.remote.RemoteWebDriver log
WARNING: Executing: findElement [856be816e2e222d10e5a16a8402c469580320caa, findElement {using=tag name, value=body}]
Apr 25, 2019 6:07:09 PM org.openqa.selenium.remote.RemoteWebDriver log
WARNING: Executed: [856be816e2e222d10e5a16a8402c469580320caa, findElement {using=tag name, value=body}]
Apr 25, 2019 6:07:09 PM org.openqa.selenium.remote.RemoteWebDriver log
WARNING: Executing: getElementText [856be816e2e222d10e5a16a8402c469580320caa, getElementText {id=1}]
Apr 25, 2019 6:07:10 PM org.openqa.selenium.remote.RemoteWebDriver log
WARNING: Executed: [856be816e2e222d10e5a16a8402c469580320caa, getElementText {id=1}]
Apr 25, 2019 6:07:10 PM org.openqa.selenium.remote.RemoteWebDriver log
WARNING: Executing: findElement [856be816e2e222d10e5a16a8402c469580320caa, findElement {using=tag name, value=body}]
Apr 25, 2019 6:07:11 PM org.openqa.selenium.remote.RemoteWebDriver log
WARNING: Executed: [856be816e2e222d10e5a16a8402c469580320caa, findElement {using=tag name, value=body}]
Apr 25, 2019 6:07:11 PM org.openqa.selenium.remote.RemoteWebDriver log
WARNING: Executing: getElementText [856be816e2e222d10e5a16a8402c469580320caa, getElementText {id=1}]
Apr 25, 2019 6:07:11 PM org.openqa.selenium.remote.RemoteWebDriver log
WARNING: Executed: [856be816e2e222d10e5a16a8402c469580320caa, getElementText {id=1}]
Apr 25, 2019 6:07:11 PM org.openqa.selenium.remote.RemoteWebDriver log
WARNING: Executing: getCurrentUrl [856be816e2e222d10e5a16a8402c469580320caa, getCurrentUrl {}]
Apr 25, 2019 6:07:12 PM org.openqa.selenium.remote.RemoteWebDriver log
WARNING: Executed: [856be816e2e222d10e5a16a8402c469580320caa, getCurrentUrl {}]
Apr 25, 2019 6:07:12 PM org.openqa.selenium.remote.RemoteWebDriver log
WARNING: Executing: getCurrentUrl [856be816e2e222d10e5a16a8402c469580320caa, getCurrentUrl {}]
Apr 25, 2019 6:07:12 PM org.openqa.selenium.remote.RemoteWebDriver log
WARNING: Executed: [856be816e2e222d10e5a16a8402c469580320caa, getCurrentUrl {}]
Apr 25, 2019 6:07:12 PM org.openqa.selenium.remote.RemoteWebDriver log
WARNING: Executing: findElement [856be816e2e222d10e5a16a8402c469580320caa, findElement {using=class name, value=homeRoot}]
Apr 25, 2019 6:07:12 PM org.openqa.selenium.remote.RemoteWebDriver log
WARNING: Executed: [856be816e2e222d10e5a16a8402c469580320caa, findElement {using=class name, value=homeRoot}]
Apr 25, 2019 6:07:12 PM org.openqa.selenium.remote.RemoteWebDriver log
WARNING: Executing: get [856be816e2e222d10e5a16a8402c469580320caa, get {url=http://tdev.clarolab.com/admin/}]
Apr 25, 2019 6:07:13 PM org.openqa.selenium.remote.RemoteWebDriver log
WARNING: Executed: [856be816e2e222d10e5a16a8402c469580320caa, get {url=http://tdev.clarolab.com/admin/}]
Apr 25, 2019 6:07:13 PM org.openqa.selenium.remote.RemoteWebDriver log
WARNING: Executing: getCurrentUrl [856be816e2e222d10e5a16a8402c469580320caa, getCurrentUrl {}]
Apr 25, 2019 6:07:14 PM org.openqa.selenium.remote.RemoteWebDriver log
WARNING: Executed: [856be816e2e222d10e5a16a8402c469580320caa, getCurrentUrl {}]
Apr 25, 2019 6:07:14 PM org.openqa.selenium.remote.RemoteWebDriver log
WARNING: Executing: findElement [856be816e2e222d10e5a16a8402c469580320caa, findElement {using=class name, value=CenterList}]
Apr 25, 2019 6:07:14 PM org.openqa.selenium.remote.RemoteWebDriver log
WARNING: Executed: [856be816e2e222d10e5a16a8402c469580320caa, findElement {using=class name, value=CenterList}]
Apr 25, 2019 6:07:14 PM org.openqa.selenium.remote.RemoteWebDriver log
WARNING: Executing: findElements [856be816e2e222d10e5a16a8402c469580320caa, findElements {using=css selector, value=nav button}]
Apr 25, 2019 6:07:14 PM org.openqa.selenium.remote.RemoteWebDriver log
WARNING: Executed: [856be816e2e222d10e5a16a8402c469580320caa, findElements {using=css selector, value=nav button}]
Apr 25, 2019 6:07:14 PM org.openqa.selenium.remote.RemoteWebDriver log
WARNING: Executing: clickElement [856be816e2e222d10e5a16a8402c469580320caa, clickElement {id=11}]
Apr 25, 2019 6:07:15 PM org.openqa.selenium.remote.RemoteWebDriver log
WARNING: Executed: [856be816e2e222d10e5a16a8402c469580320caa, clickElement {id=11}]
Apr 25, 2019 6:07:15 PM org.openqa.selenium.remote.RemoteWebDriver log
WARNING: Executing: findElement [856be816e2e222d10e5a16a8402c469580320caa, findElement {using=tag name, value=body}]
Apr 25, 2019 6:07:15 PM org.openqa.selenium.remote.RemoteWebDriver log
WARNING: Executed: [856be816e2e222d10e5a16a8402c469580320caa, findElement {using=tag name, value=body}]
Apr 25, 2019 6:07:15 PM org.openqa.selenium.remote.RemoteWebDriver log
WARNING: Executing: getElementText [856be816e2e222d10e5a16a8402c469580320caa, getElementText {id=15}]
Apr 25, 2019 6:07:16 PM org.openqa.selenium.remote.RemoteWebDriver log
WARNING: Executed: [856be816e2e222d10e5a16a8402c469580320caa, getElementText {id=15}]
Apr 25, 2019 6:07:17 PM org.openqa.selenium.remote.RemoteWebDriver log
WARNING: Executing: findElement [856be816e2e222d10e5a16a8402c469580320caa, findElement {using=tag name, value=body}]
Apr 25, 2019 6:07:17 PM org.openqa.selenium.remote.RemoteWebDriver log
WARNING: Executed: [856be816e2e222d10e5a16a8402c469580320caa, findElement {using=tag name, value=body}]
Apr 25, 2019 6:07:17 PM org.openqa.selenium.remote.RemoteWebDriver log
WARNING: Executing: getElementText [856be816e2e222d10e5a16a8402c469580320caa, getElementText {id=15}]
Apr 25, 2019 6:07:18 PM org.openqa.selenium.remote.RemoteWebDriver log
WARNING: Executed: [856be816e2e222d10e5a16a8402c469580320caa, getElementText {id=15}]
Apr 25, 2019 6:07:18 PM org.openqa.selenium.remote.RemoteWebDriver log
WARNING: Executing: findElement [856be816e2e222d10e5a16a8402c469580320caa, findElement {using=css selector, value=button[title='Deactivate']}]
Apr 25, 2019 6:07:18 PM org.openqa.selenium.remote.RemoteWebDriver log
WARNING: Executed: [856be816e2e222d10e5a16a8402c469580320caa, findElement {using=css selector, value=button[title='Deactivate']}]
Apr 25, 2019 6:07:18 PM org.openqa.selenium.remote.RemoteWebDriver log
WARNING: Executing: isElementDisplayed [856be816e2e222d10e5a16a8402c469580320caa, isElementDisplayed {id=16}]
Apr 25, 2019 6:07:19 PM org.openqa.selenium.remote.RemoteWebDriver log
WARNING: Executed: [856be816e2e222d10e5a16a8402c469580320caa, isElementDisplayed {id=16}]
Apr 25, 2019 6:07:19 PM org.openqa.selenium.remote.RemoteWebDriver log
WARNING: Executing: isElementEnabled [856be816e2e222d10e5a16a8402c469580320caa, isElementEnabled {id=16}]
Apr 25, 2019 6:07:19 PM org.openqa.selenium.remote.RemoteWebDriver log
WARNING: Executed: [856be816e2e222d10e5a16a8402c469580320caa, isElementEnabled {id=16}]
Apr 25, 2019 6:07:19 PM org.openqa.selenium.remote.RemoteWebDriver log
WARNING: Executing: findElements [856be816e2e222d10e5a16a8402c469580320caa, findElements {using=css selector, value=ul li div div > span}]
Apr 25, 2019 6:07:19 PM org.openqa.selenium.remote.RemoteWebDriver log
WARNING: Executed: [856be816e2e222d10e5a16a8402c469580320caa, findElements {using=css selector, value=ul li div div > span}]
Apr 25, 2019 6:07:19 PM org.openqa.selenium.remote.RemoteWebDriver log
WARNING: Executing: getElementText [856be816e2e222d10e5a16a8402c469580320caa, getElementText {id=17}]
Apr 25, 2019 6:07:19 PM org.openqa.selenium.remote.RemoteWebDriver log
WARNING: Executed: [856be816e2e222d10e5a16a8402c469580320caa, getElementText {id=17}]
Apr 25, 2019 6:07:19 PM org.openqa.selenium.remote.RemoteWebDriver log
WARNING: Executing: findElement [856be816e2e222d10e5a16a8402c469580320caa, findElement {using=css selector, value=button[title='Deactivate']}]
Apr 25, 2019 6:07:20 PM org.openqa.selenium.remote.RemoteWebDriver log
WARNING: Executed: [856be816e2e222d10e5a16a8402c469580320caa, findElement {using=css selector, value=button[title='Deactivate']}]
Apr 25, 2019 6:07:20 PM org.openqa.selenium.remote.RemoteWebDriver log
WARNING: Executing: isElementDisplayed [856be816e2e222d10e5a16a8402c469580320caa, isElementDisplayed {id=16}]
Apr 25, 2019 6:07:20 PM org.openqa.selenium.remote.RemoteWebDriver log
WARNING: Executed: [856be816e2e222d10e5a16a8402c469580320caa, isElementDisplayed {id=16}]
Apr 25, 2019 6:07:20 PM org.openqa.selenium.remote.RemoteWebDriver log
WARNING: Executing: isElementEnabled [856be816e2e222d10e5a16a8402c469580320caa, isElementEnabled {id=16}]
Apr 25, 2019 6:07:20 PM org.openqa.selenium.remote.RemoteWebDriver log
WARNING: Executed: [856be816e2e222d10e5a16a8402c469580320caa, isElementEnabled {id=16}]
Apr 25, 2019 6:07:20 PM org.openqa.selenium.remote.RemoteWebDriver log
WARNING: Executing: clickElement [856be816e2e222d10e5a16a8402c469580320caa, clickElement {id=16}]
Apr 25, 2019 6:07:21 PM org.openqa.selenium.remote.RemoteWebDriver log
WARNING: Executed: [856be816e2e222d10e5a16a8402c469580320caa, clickElement {id=16}]
Apr 25, 2019 6:07:21 PM org.openqa.selenium.remote.RemoteWebDriver log
WARNING: Executing: findElement [856be816e2e222d10e5a16a8402c469580320caa, findElement {using=tag name, value=body}]
Apr 25, 2019 6:07:21 PM org.openqa.selenium.remote.RemoteWebDriver log
WARNING: Executed: [856be816e2e222d10e5a16a8402c469580320caa, findElement {using=tag name, value=body}]
Apr 25, 2019 6:07:21 PM org.openqa.selenium.remote.RemoteWebDriver log
WARNING: Executing: getElementText [856be816e2e222d10e5a16a8402c469580320caa, getElementText {id=15}]
Apr 25, 2019 6:07:22 PM org.openqa.selenium.remote.RemoteWebDriver log
WARNING: Executed: [856be816e2e222d10e5a16a8402c469580320caa, getElementText {id=15}]
Apr 25, 2019 6:07:23 PM org.openqa.selenium.remote.RemoteWebDriver log
WARNING: Executing: findElement [856be816e2e222d10e5a16a8402c469580320caa, findElement {using=tag name, value=body}]
Apr 25, 2019 6:07:23 PM org.openqa.selenium.remote.RemoteWebDriver log
WARNING: Executed: [856be816e2e222d10e5a16a8402c469580320caa, findElement {using=tag name, value=body}]
Apr 25, 2019 6:07:23 PM org.openqa.selenium.remote.RemoteWebDriver log
WARNING: Executing: getElementText [856be816e2e222d10e5a16a8402c469580320caa, getElementText {id=15}]
Apr 25, 2019 6:07:24 PM org.openqa.selenium.remote.RemoteWebDriver log
WARNING: Executed: [856be816e2e222d10e5a16a8402c469580320caa, getElementText {id=15}]
Apr 25, 2019 6:07:25 PM org.openqa.selenium.remote.RemoteWebDriver log
WARNING: Executing: findElement [856be816e2e222d10e5a16a8402c469580320caa, findElement {using=tag name, value=body}]
Apr 25, 2019 6:07:25 PM org.openqa.selenium.remote.RemoteWebDriver log
WARNING: Executed: [856be816e2e222d10e5a16a8402c469580320caa, findElement {using=tag name, value=body}]
Apr 25, 2019 6:07:25 PM org.openqa.selenium.remote.RemoteWebDriver log
WARNING: Executing: getElementText [856be816e2e222d10e5a16a8402c469580320caa, getElementText {id=15}]
Apr 25, 2019 6:07:26 PM org.openqa.selenium.remote.RemoteWebDriver log
WARNING: Executed: [856be816e2e222d10e5a16a8402c469580320caa, getElementText {id=15}]
Apr 25, 2019 6:07:26 PM org.openqa.selenium.remote.RemoteWebDriver log
WARNING: Executing: findElements [856be816e2e222d10e5a16a8402c469580320caa, findElements {using=css selector, value=ul li div div > span}]
Apr 25, 2019 6:07:26 PM org.openqa.selenium.remote.RemoteWebDriver log
WARNING: Executed: [856be816e2e222d10e5a16a8402c469580320caa, findElements {using=css selector, value=ul li div div > span}]
Apr 25, 2019 6:07:26 PM org.openqa.selenium.remote.RemoteWebDriver log
WARNING: Executing: isElementDisplayed [856be816e2e222d10e5a16a8402c469580320caa, isElementDisplayed {id=18}]
Apr 25, 2019 6:07:26 PM org.openqa.selenium.remote.RemoteWebDriver log
WARNING: Executed: [856be816e2e222d10e5a16a8402c469580320caa, isElementDisplayed {id=18}]
Apr 25, 2019 6:07:26 PM org.openqa.selenium.remote.RemoteWebDriver log
WARNING: Executing: isElementDisplayed [856be816e2e222d10e5a16a8402c469580320caa, isElementDisplayed {id=19}]
Apr 25, 2019 6:07:27 PM org.openqa.selenium.remote.RemoteWebDriver log
WARNING: Executed: [856be816e2e222d10e5a16a8402c469580320caa, isElementDisplayed {id=19}]
Apr 25, 2019 6:07:27 PM org.openqa.selenium.remote.RemoteWebDriver log
WARNING: Executing: isElementDisplayed [856be816e2e222d10e5a16a8402c469580320caa, isElementDisplayed {id=20}]
Apr 25, 2019 6:07:27 PM org.openqa.selenium.remote.RemoteWebDriver log
WARNING: Executed: [856be816e2e222d10e5a16a8402c469580320caa, isElementDisplayed {id=20}]
Apr 25, 2019 6:07:27 PM org.openqa.selenium.remote.RemoteWebDriver log
WARNING: Executing: isElementDisplayed [856be816e2e222d10e5a16a8402c469580320caa, isElementDisplayed {id=21}]
Apr 25, 2019 6:07:27 PM org.openqa.selenium.remote.RemoteWebDriver log
WARNING: Executed: [856be816e2e222d10e5a16a8402c469580320caa, isElementDisplayed {id=21}]
Apr 25, 2019 6:07:27 PM org.openqa.selenium.remote.RemoteWebDriver log
WARNING: Executing: isElementDisplayed [856be816e2e222d10e5a16a8402c469580320caa, isElementDisplayed {id=22}]
Apr 25, 2019 6:07:27 PM org.openqa.selenium.remote.RemoteWebDriver log
WARNING: Executed: [856be816e2e222d10e5a16a8402c469580320caa, isElementDisplayed {id=22}]
Apr 25, 2019 6:07:27 PM org.openqa.selenium.remote.RemoteWebDriver log
WARNING: Executing: isElementDisplayed [856be816e2e222d10e5a16a8402c469580320caa, isElementDisplayed {id=23}]
Apr 25, 2019 6:07:28 PM org.openqa.selenium.remote.RemoteWebDriver log
WARNING: Executed: [856be816e2e222d10e5a16a8402c469580320caa, isElementDisplayed {id=23}]
Apr 25, 2019 6:07:28 PM org.openqa.selenium.remote.RemoteWebDriver log
WARNING: Executing: isElementDisplayed [856be816e2e222d10e5a16a8402c469580320caa, isElementDisplayed {id=24}]
Apr 25, 2019 6:07:28 PM org.openqa.selenium.remote.RemoteWebDriver log
WARNING: Executed: [856be816e2e222d10e5a16a8402c469580320caa, isElementDisplayed {id=24}]
Apr 25, 2019 6:07:28 PM org.openqa.selenium.remote.RemoteWebDriver log
WARNING: Executing: isElementDisplayed [856be816e2e222d10e5a16a8402c469580320caa, isElementDisplayed {id=25}]
Apr 25, 2019 6:07:28 PM org.openqa.selenium.remote.RemoteWebDriver log
WARNING: Executed: [856be816e2e222d10e5a16a8402c469580320caa, isElementDisplayed {id=25}]
Apr 25, 2019 6:07:28 PM org.openqa.selenium.remote.RemoteWebDriver log
WARNING: Executing: isElementDisplayed [856be816e2e222d10e5a16a8402c469580320caa, isElementDisplayed {id=17}]
Apr 25, 2019 6:07:28 PM org.openqa.selenium.remote.RemoteWebDriver log
WARNING: Executed: [856be816e2e222d10e5a16a8402c469580320caa, isElementDisplayed {id=17}]
Apr 25, 2019 6:07:28 PM org.openqa.selenium.remote.RemoteWebDriver log
WARNING: Executing: isElementDisplayed [856be816e2e222d10e5a16a8402c469580320caa, isElementDisplayed {id=26}]
Apr 25, 2019 6:07:29 PM org.openqa.selenium.remote.RemoteWebDriver log
WARNING: Executed: [856be816e2e222d10e5a16a8402c469580320caa, isElementDisplayed {id=26}]
Apr 25, 2019 6:07:29 PM org.openqa.selenium.remote.RemoteWebDriver log
WARNING: Executing: findElements [856be816e2e222d10e5a16a8402c469580320caa, findElements {using=css selector, value=ul li div div > span}]
Apr 25, 2019 6:07:29 PM org.openqa.selenium.remote.RemoteWebDriver log
WARNING: Executed: [856be816e2e222d10e5a16a8402c469580320caa, findElements {using=css selector, value=ul li div div > span}]
Apr 25, 2019 6:07:29 PM org.openqa.selenium.remote.RemoteWebDriver log
WARNING: Executing: isElementDisplayed [856be816e2e222d10e5a16a8402c469580320caa, isElementDisplayed {id=18}]
Apr 25, 2019 6:07:29 PM org.openqa.selenium.remote.RemoteWebDriver log
WARNING: Executed: [856be816e2e222d10e5a16a8402c469580320caa, isElementDisplayed {id=18}]
Apr 25, 2019 6:07:29 PM org.openqa.selenium.remote.RemoteWebDriver log
WARNING: Executing: isElementDisplayed [856be816e2e222d10e5a16a8402c469580320caa, isElementDisplayed {id=19}]
Apr 25, 2019 6:07:29 PM org.openqa.selenium.remote.RemoteWebDriver log
WARNING: Executed: [856be816e2e222d10e5a16a8402c469580320caa, isElementDisplayed {id=19}]
Apr 25, 2019 6:07:29 PM org.openqa.selenium.remote.RemoteWebDriver log
WARNING: Executing: isElementDisplayed [856be816e2e222d10e5a16a8402c469580320caa, isElementDisplayed {id=20}]
Apr 25, 2019 6:07:29 PM org.openqa.selenium.remote.RemoteWebDriver log
WARNING: Executed: [856be816e2e222d10e5a16a8402c469580320caa, isElementDisplayed {id=20}]
Apr 25, 2019 6:07:29 PM org.openqa.selenium.remote.RemoteWebDriver log
WARNING: Executing: isElementDisplayed [856be816e2e222d10e5a16a8402c469580320caa, isElementDisplayed {id=21}]
Apr 25, 2019 6:07:30 PM org.openqa.selenium.remote.RemoteWebDriver log
WARNING: Executed: [856be816e2e222d10e5a16a8402c469580320caa, isElementDisplayed {id=21}]
Apr 25, 2019 6:07:30 PM org.openqa.selenium.remote.RemoteWebDriver log
WARNING: Executing: isElementDisplayed [856be816e2e222d10e5a16a8402c469580320caa, isElementDisplayed {id=22}]
Apr 25, 2019 6:07:30 PM org.openqa.selenium.remote.RemoteWebDriver log
WARNING: Executed: [856be816e2e222d10e5a16a8402c469580320caa, isElementDisplayed {id=22}]
Apr 25, 2019 6:07:30 PM org.openqa.selenium.remote.RemoteWebDriver log
WARNING: Executing: isElementDisplayed [856be816e2e222d10e5a16a8402c469580320caa, isElementDisplayed {id=23}]
Apr 25, 2019 6:07:30 PM org.openqa.selenium.remote.RemoteWebDriver log
WARNING: Executed: [856be816e2e222d10e5a16a8402c469580320caa, isElementDisplayed {id=23}]
Apr 25, 2019 6:07:30 PM org.openqa.selenium.remote.RemoteWebDriver log
WARNING: Executing: isElementDisplayed [856be816e2e222d10e5a16a8402c469580320caa, isElementDisplayed {id=24}]
Apr 25, 2019 6:07:30 PM org.openqa.selenium.remote.RemoteWebDriver log
WARNING: Executed: [856be816e2e222d10e5a16a8402c469580320caa, isElementDisplayed {id=24}]
Apr 25, 2019 6:07:30 PM org.openqa.selenium.remote.RemoteWebDriver log
WARNING: Executing: isElementDisplayed [856be816e2e222d10e5a16a8402c469580320caa, isElementDisplayed {id=25}]
Apr 25, 2019 6:07:31 PM org.openqa.selenium.remote.RemoteWebDriver log
WARNING: Executed: [856be816e2e222d10e5a16a8402c469580320caa, isElementDisplayed {id=25}]
Apr 25, 2019 6:07:31 PM org.openqa.selenium.remote.RemoteWebDriver log
WARNING: Executing: isElementDisplayed [856be816e2e222d10e5a16a8402c469580320caa, isElementDisplayed {id=17}]
Apr 25, 2019 6:07:31 PM org.openqa.selenium.remote.RemoteWebDriver log
WARNING: Executed: [856be816e2e222d10e5a16a8402c469580320caa, isElementDisplayed {id=17}]
Apr 25, 2019 6:07:31 PM org.openqa.selenium.remote.RemoteWebDriver log
WARNING: Executing: isElementDisplayed [856be816e2e222d10e5a16a8402c469580320caa, isElementDisplayed {id=26}]
Apr 25, 2019 6:07:31 PM org.openqa.selenium.remote.RemoteWebDriver log
WARNING: Executed: [856be816e2e222d10e5a16a8402c469580320caa, isElementDisplayed {id=26}]
Apr 25, 2019 6:07:31 PM org.openqa.selenium.remote.RemoteWebDriver log
WARNING: Executing: executeScript [856be816e2e222d10e5a16a8402c469580320caa, executeScript {script=return window.innerHeight || document.documentElement.clientHeight || document.body.clientHeight;, args=[]}]
Apr 25, 2019 6:07:31 PM org.openqa.selenium.remote.RemoteWebDriver log
WARNING: Executed: [856be816e2e222d10e5a16a8402c469580320caa, executeScript {script=return window.innerHeight || document.documentElement.clientHeight || document.body.clientHeight;, args=[]}]
Apr 25, 2019 6:07:31 PM org.openqa.selenium.remote.RemoteWebDriver log
WARNING: Executing: getElementLocation [856be816e2e222d10e5a16a8402c469580320caa, getElementLocation {id=26}]
Apr 25, 2019 6:07:31 PM org.openqa.selenium.remote.RemoteWebDriver log
WARNING: Executed: [856be816e2e222d10e5a16a8402c469580320caa, getElementLocation {id=26}]
Apr 25, 2019 6:07:31 PM org.openqa.selenium.remote.RemoteWebDriver log
WARNING: Executing: executeScript [856be816e2e222d10e5a16a8402c469580320caa, executeScript {script=window.scrollTo(0, 1079), args=[]}]
Apr 25, 2019 6:07:32 PM org.openqa.selenium.remote.RemoteWebDriver log
WARNING: Executed: [856be816e2e222d10e5a16a8402c469580320caa, executeScript {script=window.scrollTo(0, 1079), args=[]}]
Apr 25, 2019 6:07:32 PM org.openqa.selenium.remote.RemoteWebDriver log
WARNING: Executing: findElement [856be816e2e222d10e5a16a8402c469580320caa, findElement {using=tag name, value=body}]
Apr 25, 2019 6:07:32 PM org.openqa.selenium.remote.RemoteWebDriver log
WARNING: Executed: [856be816e2e222d10e5a16a8402c469580320caa, findElement {using=tag name, value=body}]
Apr 25, 2019 6:07:32 PM org.openqa.selenium.remote.RemoteWebDriver log
WARNING: Executing: getElementText [856be816e2e222d10e5a16a8402c469580320caa, getElementText {id=15}]
Apr 25, 2019 6:07:33 PM org.openqa.selenium.remote.RemoteWebDriver log
WARNING: Executed: [856be816e2e222d10e5a16a8402c469580320caa, getElementText {id=15}]
Apr 25, 2019 6:07:34 PM org.openqa.selenium.remote.RemoteWebDriver log
WARNING: Executing: findElement [856be816e2e222d10e5a16a8402c469580320caa, findElement {using=tag name, value=body}]
Apr 25, 2019 6:07:34 PM org.openqa.selenium.remote.RemoteWebDriver log
WARNING: Executed: [856be816e2e222d10e5a16a8402c469580320caa, findElement {using=tag name, value=body}]
Apr 25, 2019 6:07:34 PM org.openqa.selenium.remote.RemoteWebDriver log
WARNING: Executing: getElementText [856be816e2e222d10e5a16a8402c469580320caa, getElementText {id=15}]
Apr 25, 2019 6:07:34 PM org.openqa.selenium.remote.RemoteWebDriver log
WARNING: Executed: [856be816e2e222d10e5a16a8402c469580320caa, getElementText {id=15}]
Apr 25, 2019 6:07:34 PM org.openqa.selenium.remote.RemoteWebDriver log
WARNING: Executing: getElementText [856be816e2e222d10e5a16a8402c469580320caa, getElementText {id=26}]
Apr 25, 2019 6:07:35 PM org.openqa.selenium.remote.RemoteWebDriver log
WARNING: Executed: [856be816e2e222d10e5a16a8402c469580320caa, getElementText {id=26}]
]]></system-err>
  </testcase>
  <testcase name="testDisableMilestone" classname="com.clarolab.AdminConsoleTest" time="46.104">
    <failure message="no such element: Unable to locate element: {&quot;method&quot;:&quot;css selector&quot;,&quot;selector&quot;:&quot;button[title='Activate']&quot;}
  (Session info: chrome=73.0.3683.86)
  (Driver info: chromedriver=73.0.3683.68 (47787ec04b6e38e22703e856e101e840b65afe72),platform=Windows NT 6.1.7601 SP1 x86_64) (WARNING: The server did not provide any stacktrace information)
Command duration or timeout: 2.04 seconds
For documentation on this error, please visit: http://seleniumhq.org/exceptions/no_such_element.html
Build info: version: '2.53.0', revision: '35ae25b', time: '2016-03-15 17:00:58'
System info: host: '207-254-76-24', ip: '207.254.76.24', os.name: 'windows', os.arch: 'x86', os.version: '6.1', java.version: '1.8.0_151'
Driver info: org.openqa.selenium.chrome.ChromeDriver
Capabilities [{mobileEmulationEnabled=false, timeouts={implicit=0, pageLoad=300000, script=30000}, hasTouchScreen=false, platform=XP, acceptSslCerts=false, goog:chromeOptions={debuggerAddress=localhost:1086}, acceptInsecureCerts=false, webStorageEnabled=true, browserName=chrome, takesScreenshot=true, javascriptEnabled=true, setWindowRect=true, unexpectedAlertBehaviour=ignore, applicationCacheEnabled=false, rotatable=false, networkConnectionEnabled=false, chrome={chromedriverVersion=73.0.3683.68 (47787ec04b6e38e22703e856e101e840b65afe72), userDataDir=C:\Windows\proxy\scoped_dir2612_13847}, takesHeapSnapshot=true, pageLoadStrategy=normal, strictFileInteractability=false, databaseEnabled=false, handlesAlerts=true, version=73.0.3683.86, browserConnectionEnabled=false, proxy={}, nativeEvents=true, locationContextEnabled=true, cssSelectorsEnabled=true}]
Session ID: 582717fa7481157d8f83c95f8d5b32c5
*** Element info: {Using=css selector, value=button[title='Activate']}
Command duration or timeout: 4.55 seconds
For documentation on this error, please visit: http://seleniumhq.org/exceptions/no_such_element.html
Build info: version: '2.45.0', revision: '5017cb8e7ca8e37638dc3091b2440b90a1d8686f', time: '2015-02-27 09:10:26'
System info: host: '6888e31d0e98', ip: '172.17.0.9', os.name: 'Linux', os.arch: 'amd64', os.version: '4.15.0-29-generic', java.version: '1.8.0_181'
Driver info: org.openqa.selenium.remote.RemoteWebDriver
Capabilities [{mobileEmulationEnabled=false, timeouts={implicit=0, pageLoad=300000, script=30000}, hasTouchScreen=false, platform=WINDOWS, acceptSslCerts=false, goog:chromeOptions={debuggerAddress=localhost:1086}, acceptInsecureCerts=false, webStorageEnabled=true, browserName=chrome, takesScreenshot=true, javascriptEnabled=true, setWindowRect=true, unexpectedAlertBehaviour=ignore, applicationCacheEnabled=false, rotatable=false, networkConnectionEnabled=false, chrome={chromedriverVersion=73.0.3683.68 (47787ec04b6e38e22703e856e101e840b65afe72), userDataDir=C:\Windows\proxy\scoped_dir2612_13847}, takesHeapSnapshot=true, pageLoadStrategy=normal, strictFileInteractability=false, databaseEnabled=false, handlesAlerts=true, version=73.0.3683.86, browserConnectionEnabled=false, nativeEvents=true, webdriver.remote.sessionid=ff9da18a4cbb5a8dc08da65e74afc6d921e562d7, locationContextEnabled=true, cssSelectorsEnabled=true}]
Session ID: ff9da18a4cbb5a8dc08da65e74afc6d921e562d7
*** Element info: {Using=css selector, value=button[title='Activate']}" type="org.openqa.selenium.NoSuchElementException">org.openqa.selenium.NoSuchElementException: 
no such element: Unable to locate element: {"method":"css selector","selector":"button[title='Activate']"}
  (Session info: chrome=73.0.3683.86)
  (Driver info: chromedriver=73.0.3683.68 (47787ec04b6e38e22703e856e101e840b65afe72),platform=Windows NT 6.1.7601 SP1 x86_64) (WARNING: The server did not provide any stacktrace information)
Command duration or timeout: 2.04 seconds
For documentation on this error, please visit: http://seleniumhq.org/exceptions/no_such_element.html
Build info: version: '2.53.0', revision: '35ae25b', time: '2016-03-15 17:00:58'
System info: host: '207-254-76-24', ip: '207.254.76.24', os.name: 'windows', os.arch: 'x86', os.version: '6.1', java.version: '1.8.0_151'
Driver info: org.openqa.selenium.chrome.ChromeDriver
Capabilities [{mobileEmulationEnabled=false, timeouts={implicit=0, pageLoad=300000, script=30000}, hasTouchScreen=false, platform=XP, acceptSslCerts=false, goog:chromeOptions={debuggerAddress=localhost:1086}, acceptInsecureCerts=false, webStorageEnabled=true, browserName=chrome, takesScreenshot=true, javascriptEnabled=true, setWindowRect=true, unexpectedAlertBehaviour=ignore, applicationCacheEnabled=false, rotatable=false, networkConnectionEnabled=false, chrome={chromedriverVersion=73.0.3683.68 (47787ec04b6e38e22703e856e101e840b65afe72), userDataDir=C:\Windows\proxy\scoped_dir2612_13847}, takesHeapSnapshot=true, pageLoadStrategy=normal, strictFileInteractability=false, databaseEnabled=false, handlesAlerts=true, version=73.0.3683.86, browserConnectionEnabled=false, proxy={}, nativeEvents=true, locationContextEnabled=true, cssSelectorsEnabled=true}]
Session ID: 582717fa7481157d8f83c95f8d5b32c5
*** Element info: {Using=css selector, value=button[title='Activate']}
Command duration or timeout: 4.55 seconds
For documentation on this error, please visit: http://seleniumhq.org/exceptions/no_such_element.html
Build info: version: '2.45.0', revision: '5017cb8e7ca8e37638dc3091b2440b90a1d8686f', time: '2015-02-27 09:10:26'
System info: host: '6888e31d0e98', ip: '172.17.0.9', os.name: 'Linux', os.arch: 'amd64', os.version: '4.15.0-29-generic', java.version: '1.8.0_181'
Driver info: org.openqa.selenium.remote.RemoteWebDriver
Capabilities [{mobileEmulationEnabled=false, timeouts={implicit=0, pageLoad=300000, script=30000}, hasTouchScreen=false, platform=WINDOWS, acceptSslCerts=false, goog:chromeOptions={debuggerAddress=localhost:1086}, acceptInsecureCerts=false, webStorageEnabled=true, browserName=chrome, takesScreenshot=true, javascriptEnabled=true, setWindowRect=true, unexpectedAlertBehaviour=ignore, applicationCacheEnabled=false, rotatable=false, networkConnectionEnabled=false, chrome={chromedriverVersion=73.0.3683.68 (47787ec04b6e38e22703e856e101e840b65afe72), userDataDir=C:\Windows\proxy\scoped_dir2612_13847}, takesHeapSnapshot=true, pageLoadStrategy=normal, strictFileInteractability=false, databaseEnabled=false, handlesAlerts=true, version=73.0.3683.86, browserConnectionEnabled=false, nativeEvents=true, webdriver.remote.sessionid=ff9da18a4cbb5a8dc08da65e74afc6d921e562d7, locationContextEnabled=true, cssSelectorsEnabled=true}]
Session ID: ff9da18a4cbb5a8dc08da65e74afc6d921e562d7
*** Element info: {Using=css selector, value=button[title='Activate']}
	at com.clarolab.AdminConsoleTest.testDisableMilestone(AdminConsoleTest.java:77)
Caused by: org.openqa.selenium.remote.ScreenshotException: 
Screen shot has been taken
Build info: version: '2.45.0', revision: '5017cb8e7ca8e37638dc3091b2440b90a1d8686f', time: '2015-02-27 09:10:26'
System info: host: '6888e31d0e98', ip: '172.17.0.9', os.name: 'Linux', os.arch: 'amd64', os.version: '4.15.0-29-generic', java.version: '1.8.0_181'
Driver info: driver.version: RemoteWebDriver
	at com.clarolab.AdminConsoleTest.testDisableMilestone(AdminConsoleTest.java:77)
Caused by: org.openqa.selenium.NoSuchElementException: 
no such element: Unable to locate element: {"method":"css selector","selector":"button[title='Activate']"}
  (Session info: chrome=73.0.3683.86)
  (Driver info: chromedriver=73.0.3683.68 (47787ec04b6e38e22703e856e101e840b65afe72),platform=Windows NT 6.1.7601 SP1 x86_64) (WARNING: The server did not provide any stacktrace information)
Command duration or timeout: 2.04 seconds
For documentation on this error, please visit: http://seleniumhq.org/exceptions/no_such_element.html
Build info: version: '2.53.0', revision: '35ae25b', time: '2016-03-15 17:00:58'
System info: host: '207-254-76-24', ip: '207.254.76.24', os.name: 'windows', os.arch: 'x86', os.version: '6.1', java.version: '1.8.0_151'
Driver info: org.openqa.selenium.chrome.ChromeDriver
Capabilities [{mobileEmulationEnabled=false, timeouts={implicit=0, pageLoad=300000, script=30000}, hasTouchScreen=false, platform=XP, acceptSslCerts=false, goog:chromeOptions={debuggerAddress=localhost:1086}, acceptInsecureCerts=false, webStorageEnabled=true, browserName=chrome, takesScreenshot=true, javascriptEnabled=true, setWindowRect=true, unexpectedAlertBehaviour=ignore, applicationCacheEnabled=false, rotatable=false, networkConnectionEnabled=false, chrome={chromedriverVersion=73.0.3683.68 (47787ec04b6e38e22703e856e101e840b65afe72), userDataDir=C:\Windows\proxy\scoped_dir2612_13847}, takesHeapSnapshot=true, pageLoadStrategy=normal, strictFileInteractability=false, databaseEnabled=false, handlesAlerts=true, version=73.0.3683.86, browserConnectionEnabled=false, proxy={}, nativeEvents=true, locationContextEnabled=true, cssSelectorsEnabled=true}]
Session ID: 582717fa7481157d8f83c95f8d5b32c5
*** Element info: {Using=css selector, value=button[title='Activate']}
For documentation on this error, please visit: http://seleniumhq.org/exceptions/no_such_element.html
Build info: version: '2.45.0', revision: '5017cb8e7ca8e37638dc3091b2440b90a1d8686f', time: '2015-02-27 09:10:26'
System info: host: '6888e31d0e98', ip: '172.17.0.9', os.name: 'Linux', os.arch: 'amd64', os.version: '4.15.0-29-generic', java.version: '1.8.0_181'
Driver info: driver.version: RemoteWebDriver
</failure>
    <system-err><![CDATA[Apr 25, 2019 6:07:35 PM org.openqa.selenium.remote.RemoteWebDriver log
WARNING: Executing: deleteAllCookies [856be816e2e222d10e5a16a8402c469580320caa, deleteAllCookies {}]
Apr 25, 2019 6:07:35 PM org.openqa.selenium.remote.RemoteWebDriver log
WARNING: Executed: [856be816e2e222d10e5a16a8402c469580320caa, deleteAllCookies {}]
[...]
WARNING: Executing: implicitlyWait [7652b17113d9e0e5bca376410d41627a59f6086f, implicitlyWait {ms=2000}]
Apr 25, 2019 6:45:57 PM org.openqa.selenium.remote.RemoteWebDriver log
WARNING: Executed: [7652b17113d9e0e5bca376410d41627a59f6086f, implicitlyWait {ms=2000}]
Apr 25, 2019 6:45:57 PM org.openqa.selenium.remote.RemoteWebDriver log
WARNING: Executing: get [7652b17113d9e0e5bca376410d41627a59f6086f, get {url=http://tdev.clarolab.com/}]
Apr 25, 2019 6:46:03 PM org.openqa.selenium.remote.RemoteWebDriver log
WARNING: Executed: [7652b17113d9e0e5bca376410d41627a59f6086f, get {url=http://tdev.clarolab.com/}]
Apr 25, 2019 6:46:03 PM org.openqa.selenium.remote.RemoteWebDriver log
WARNING: Executing: getCurrentUrl [7652b17113d9e0e5bca376410d41627a59f6086f, getCurrentUrl {}]
Apr 25, 2019 6:46:04 PM org.openqa.selenium.remote.RemoteWebDriver log
WARNING: Executed: [7652b17113d9e0e5bca376410d41627a59f6086f, getCurrentUrl {}]
Apr 25, 2019 6:46:04 PM org.openqa.selenium.remote.RemoteWebDriver log
WARNING: Executing: getCurrentUrl [7652b17113d9e0e5bca376410d41627a59f6086f, getCurrentUrl {}]
Apr 25, 2019 6:46:04 PM org.openqa.selenium.remote.RemoteWebDriver log
WARNING: Executed: [7652b17113d9e0e5bca376410d41627a59f6086f, getCurrentUrl {}]
Apr 25, 2019 6:46:04 PM org.openqa.selenium.remote.RemoteWebDriver log
WARNING: Executing: findElement [7652b17113d9e0e5bca376410d41627a59f6086f, findElement {using=id, value=loginForm}]
Apr 25, 2019 6:46:04 PM org.openqa.selenium.remote.RemoteWebDriver log
WARNING: Executed: [7652b17113d9e0e5bca376410d41627a59f6086f, findElement {using=id, value=loginForm}]
Apr 25, 2019 6:46:04 PM org.openqa.selenium.remote.RemoteWebDriver log
WARNING: Executing: findElement [7652b17113d9e0e5bca376410d41627a59f6086f, findElement {using=tag name, value=body}]
Apr 25, 2019 6:46:04 PM org.openqa.selenium.remote.RemoteWebDriver log
WARNING: Executed: [7652b17113d9e0e5bca376410d41627a59f6086f, findElement {using=tag name, value=body}]
Apr 25, 2019 6:46:04 PM org.openqa.selenium.remote.RemoteWebDriver log
WARNING: Executing: getElementText [7652b17113d9e0e5bca376410d41627a59f6086f, getElementText {id=1}]
Apr 25, 2019 6:46:05 PM org.openqa.selenium.remote.RemoteWebDriver log
WARNING: Executed: [7652b17113d9e0e5bca376410d41627a59f6086f, getElementText {id=1}]
Apr 25, 2019 6:46:05 PM org.openqa.selenium.remote.RemoteWebDriver log
WARNING: Executing: findElement [7652b17113d9e0e5bca376410d41627a59f6086f, findElement {using=tag name, value=body}]
Apr 25, 2019 6:46:05 PM org.openqa.selenium.remote.RemoteWebDriver log
WARNING: Executed: [7652b17113d9e0e5bca376410d41627a59f6086f, findElement {using=tag name, value=body}]
Apr 25, 2019 6:46:05 PM org.openqa.selenium.remote.RemoteWebDriver log
WARNING: Executing: getElementText [7652b17113d9e0e5bca376410d41627a59f6086f, getElementText {id=1}]
Apr 25, 2019 6:46:06 PM org.openqa.selenium.remote.RemoteWebDriver log
WARNING: Executed: [7652b17113d9e0e5bca376410d41627a59f6086f, getElementText {id=1}]
Apr 25, 2019 6:46:06 PM org.openqa.selenium.remote.RemoteWebDriver log
WARNING: Executing: findElement [7652b17113d9e0e5bca376410d41627a59f6086f, findElement {using=id, value=email}]
Apr 25, 2019 6:46:06 PM org.openqa.selenium.remote.RemoteWebDriver log
WARNING: Executed: [7652b17113d9e0e5bca376410d41627a59f6086f, findElement {using=id, value=email}]
Apr 25, 2019 6:46:06 PM org.openqa.selenium.remote.RemoteWebDriver log
WARNING: Executing: sendKeysToElement [7652b17113d9e0e5bca376410d41627a59f6086f, sendKeysToElement {id=2, value=[Ljava.lang.CharSequence;@5505ae1a}]
Apr 25, 2019 6:46:06 PM org.openqa.selenium.remote.RemoteWebDriver log
WARNING: Executed: [7652b17113d9e0e5bca376410d41627a59f6086f, sendKeysToElement {id=2, value=[Ljava.lang.CharSequence;@5505ae1a}]
Apr 25, 2019 6:46:06 PM org.openqa.selenium.remote.RemoteWebDriver log
WARNING: Executing: findElement [7652b17113d9e0e5bca376410d41627a59f6086f, findElement {using=id, value=password}]
Apr 25, 2019 6:46:06 PM org.openqa.selenium.remote.RemoteWebDriver log
WARNING: Executed: [7652b17113d9e0e5bca376410d41627a59f6086f, findElement {using=id, value=password}]
Apr 25, 2019 6:46:06 PM org.openqa.selenium.remote.RemoteWebDriver log
WARNING: Executing: sendKeysToElement [7652b17113d9e0e5bca376410d41627a59f6086f, sendKeysToElement {id=3, value=[Ljava.lang.CharSequence;@73cd37c0}]
Apr 25, 2019 6:46:07 PM org.openqa.selenium.remote.RemoteWebDriver log
WARNING: Executed: [7652b17113d9e0e5bca376410d41627a59f6086f, sendKeysToElement {id=3, value=[Ljava.lang.CharSequence;@73cd37c0}]
Apr 25, 2019 6:46:07 PM org.openqa.selenium.remote.RemoteWebDriver log
WARNING: Executing: findElement [7652b17113d9e0e5bca376410d41627a59f6086f, findElement {using=id, value=internalLoginSubmit}]
Apr 25, 2019 6:46:07 PM org.openqa.selenium.remote.RemoteWebDriver log
WARNING: Executed: [7652b17113d9e0e5bca376410d41627a59f6086f, findElement {using=id, value=internalLoginSubmit}]
Apr 25, 2019 6:46:07 PM org.openqa.selenium.remote.RemoteWebDriver log
WARNING: Executing: isElementDisplayed [7652b17113d9e0e5bca376410d41627a59f6086f, isElementDisplayed {id=4}]
Apr 25, 2019 6:46:07 PM org.openqa.selenium.remote.RemoteWebDriver log
WARNING: Executed: [7652b17113d9e0e5bca376410d41627a59f6086f, isElementDisplayed {id=4}]
Apr 25, 2019 6:46:07 PM org.openqa.selenium.remote.RemoteWebDriver log
WARNING: Executing: isElementEnabled [7652b17113d9e0e5bca376410d41627a59f6086f, isElementEnabled {id=4}]
Apr 25, 2019 6:46:07 PM org.openqa.selenium.remote.RemoteWebDriver log
WARNING: Executed: [7652b17113d9e0e5bca376410d41627a59f6086f, isElementEnabled {id=4}]
Apr 25, 2019 6:46:07 PM org.openqa.selenium.remote.RemoteWebDriver log
WARNING: Executing: clickElement [7652b17113d9e0e5bca376410d41627a59f6086f, clickElement {id=4}]
Apr 25, 2019 6:46:08 PM org.openqa.selenium.remote.RemoteWebDriver log
WARNING: Executed: [7652b17113d9e0e5bca376410d41627a59f6086f, clickElement {id=4}]
Apr 25, 2019 6:46:08 PM org.openqa.selenium.remote.RemoteWebDriver log
WARNING: Executing: getCurrentUrl [7652b17113d9e0e5bca376410d41627a59f6086f, getCurrentUrl {}]
Apr 25, 2019 6:46:08 PM org.openqa.selenium.remote.RemoteWebDriver log
WARNING: Executed: [7652b17113d9e0e5bca376410d41627a59f6086f, getCurrentUrl {}]
Apr 25, 2019 6:46:08 PM org.openqa.selenium.remote.RemoteWebDriver log
WARNING: Executing: findElement [7652b17113d9e0e5bca376410d41627a59f6086f, findElement {using=class name, value=homeRoot}]
Apr 25, 2019 6:46:10 PM org.openqa.selenium.remote.RemoteWebDriver log
WARNING: Executed: [7652b17113d9e0e5bca376410d41627a59f6086f, findElement {using=class name, value=homeRoot}]
Apr 25, 2019 6:46:10 PM org.openqa.selenium.remote.RemoteWebDriver log
WARNING: Executing: findElement [7652b17113d9e0e5bca376410d41627a59f6086f, findElement {using=tag name, value=body}]
Apr 25, 2019 6:46:10 PM org.openqa.selenium.remote.RemoteWebDriver log
WARNING: Executed: [7652b17113d9e0e5bca376410d41627a59f6086f, findElement {using=tag name, value=body}]
Apr 25, 2019 6:46:10 PM org.openqa.selenium.remote.RemoteWebDriver log
WARNING: Executing: getElementText [7652b17113d9e0e5bca376410d41627a59f6086f, getElementText {id=1}]
Apr 25, 2019 6:46:10 PM org.openqa.selenium.remote.RemoteWebDriver log
WARNING: Executed: [7652b17113d9e0e5bca376410d41627a59f6086f, getElementText {id=1}]
Apr 25, 2019 6:46:11 PM org.openqa.selenium.remote.RemoteWebDriver log
WARNING: Executing: findElement [7652b17113d9e0e5bca376410d41627a59f6086f, findElement {using=tag name, value=body}]
Apr 25, 2019 6:46:11 PM org.openqa.selenium.remote.RemoteWebDriver log
WARNING: Executed: [7652b17113d9e0e5bca376410d41627a59f6086f, findElement {using=tag name, value=body}]
Apr 25, 2019 6:46:11 PM org.openqa.selenium.remote.RemoteWebDriver log
WARNING: Executing: getElementText [7652b17113d9e0e5bca376410d41627a59f6086f, getElementText {id=1}]
Apr 25, 2019 6:46:12 PM org.openqa.selenium.remote.RemoteWebDriver log
WARNING: Executed: [7652b17113d9e0e5bca376410d41627a59f6086f, getElementText {id=1}]
Apr 25, 2019 6:46:12 PM org.openqa.selenium.remote.RemoteWebDriver log
WARNING: Executing: findElement [7652b17113d9e0e5bca376410d41627a59f6086f, findElement {using=tag name, value=body}]
Apr 25, 2019 6:46:12 PM org.openqa.selenium.remote.RemoteWebDriver log
WARNING: Executed: [7652b17113d9e0e5bca376410d41627a59f6086f, findElement {using=tag name, value=body}]
Apr 25, 2019 6:46:12 PM org.openqa.selenium.remote.RemoteWebDriver log
WARNING: Executing: getElementText [7652b17113d9e0e5bca376410d41627a59f6086f, getElementText {id=1}]
Apr 25, 2019 6:46:14 PM org.openqa.selenium.remote.RemoteWebDriver log
WARNING: Executed: [7652b17113d9e0e5bca376410d41627a59f6086f, getElementText {id=1}]
Apr 25, 2019 6:46:14 PM org.openqa.selenium.remote.RemoteWebDriver log
WARNING: Executing: get [7652b17113d9e0e5bca376410d41627a59f6086f, get {url=http://tdev.clarolab.com/AutomationIssues/}]
Apr 25, 2019 6:46:15 PM org.openqa.selenium.remote.RemoteWebDriver log
WARNING: Executed: [7652b17113d9e0e5bca376410d41627a59f6086f, get {url=http://tdev.clarolab.com/AutomationIssues/}]
Apr 25, 2019 6:46:15 PM org.openqa.selenium.remote.RemoteWebDriver log
WARNING: Executing: getCurrentUrl [7652b17113d9e0e5bca376410d41627a59f6086f, getCurrentUrl {}]
Apr 25, 2019 6:46:15 PM org.openqa.selenium.remote.RemoteWebDriver log
WARNING: Executed: [7652b17113d9e0e5bca376410d41627a59f6086f, getCurrentUrl {}]
Apr 25, 2019 6:46:15 PM org.openqa.selenium.remote.RemoteWebDriver log
WARNING: Executing: findElement [7652b17113d9e0e5bca376410d41627a59f6086f, findElement {using=css selector, value=main#automationListDiv}]
Apr 25, 2019 6:46:16 PM org.openqa.selenium.remote.RemoteWebDriver log
WARNING: Executed: [7652b17113d9e0e5bca376410d41627a59f6086f, findElement {using=css selector, value=main#automationListDiv}]
Apr 25, 2019 6:46:16 PM org.openqa.selenium.remote.RemoteWebDriver log
WARNING: Executing: findElement [7652b17113d9e0e5bca376410d41627a59f6086f, findElement {using=css selector, value=img.iconStyle}]
Apr 25, 2019 6:46:17 PM org.openqa.selenium.remote.RemoteWebDriver log
WARNING: Executed: [7652b17113d9e0e5bca376410d41627a59f6086f, findElement {using=css selector, value=img.iconStyle}]
Apr 25, 2019 6:46:17 PM org.openqa.selenium.remote.RemoteWebDriver log
WARNING: Executing: isElementDisplayed [7652b17113d9e0e5bca376410d41627a59f6086f, isElementDisplayed {id=7}]
Apr 25, 2019 6:46:17 PM org.openqa.selenium.remote.RemoteWebDriver log
WARNING: Executed: [7652b17113d9e0e5bca376410d41627a59f6086f, isElementDisplayed {id=7}]
Apr 25, 2019 6:46:17 PM org.openqa.selenium.remote.RemoteWebDriver log
WARNING: Executing: isElementEnabled [7652b17113d9e0e5bca376410d41627a59f6086f, isElementEnabled {id=7}]
Apr 25, 2019 6:46:17 PM org.openqa.selenium.remote.RemoteWebDriver log
WARNING: Executed: [7652b17113d9e0e5bca376410d41627a59f6086f, isElementEnabled {id=7}]
Apr 25, 2019 6:46:17 PM org.openqa.selenium.remote.RemoteWebDriver log
WARNING: Executing: findElement [7652b17113d9e0e5bca376410d41627a59f6086f, findElement {using=css selector, value=button[title='Filter and Sort']}]
Apr 25, 2019 6:46:18 PM org.openqa.selenium.remote.RemoteWebDriver log
WARNING: Executed: [7652b17113d9e0e5bca376410d41627a59f6086f, findElement {using=css selector, value=button[title='Filter and Sort']}]
Apr 25, 2019 6:46:18 PM org.openqa.selenium.remote.RemoteWebDriver log
WARNING: Executing: isElementDisplayed [7652b17113d9e0e5bca376410d41627a59f6086f, isElementDisplayed {id=8}]
Apr 25, 2019 6:46:18 PM org.openqa.selenium.remote.RemoteWebDriver log
WARNING: Executed: [7652b17113d9e0e5bca376410d41627a59f6086f, isElementDisplayed {id=8}]
Apr 25, 2019 6:46:18 PM org.openqa.selenium.remote.RemoteWebDriver log
WARNING: Executing: isElementEnabled [7652b17113d9e0e5bca376410d41627a59f6086f, isElementEnabled {id=8}]
Apr 25, 2019 6:46:18 PM org.openqa.selenium.remote.RemoteWebDriver log
WARNING: Executed: [7652b17113d9e0e5bca376410d41627a59f6086f, isElementEnabled {id=8}]
Apr 25, 2019 6:46:18 PM org.openqa.selenium.remote.RemoteWebDriver log
WARNING: Executing: clickElement [7652b17113d9e0e5bca376410d41627a59f6086f, clickElement {id=8}]
Apr 25, 2019 6:46:19 PM org.openqa.selenium.remote.RemoteWebDriver log
WARNING: Executed: [7652b17113d9e0e5bca376410d41627a59f6086f, clickElement {id=8}]
Apr 25, 2019 6:46:19 PM org.openqa.selenium.remote.RemoteWebDriver log
WARNING: Executing: findElement [7652b17113d9e0e5bca376410d41627a59f6086f, findElement {using=css selector, value=label.sortBySuite}]
Apr 25, 2019 6:46:19 PM org.openqa.selenium.remote.RemoteWebDriver log
WARNING: Executed: [7652b17113d9e0e5bca376410d41627a59f6086f, findElement {using=css selector, value=label.sortBySuite}]
Apr 25, 2019 6:46:19 PM org.openqa.selenium.remote.RemoteWebDriver log
WARNING: Executing: isElementDisplayed [7652b17113d9e0e5bca376410d41627a59f6086f, isElementDisplayed {id=9}]
Apr 25, 2019 6:46:19 PM org.openqa.selenium.remote.RemoteWebDriver log
WARNING: Executed: [7652b17113d9e0e5bca376410d41627a59f6086f, isElementDisplayed {id=9}]
Apr 25, 2019 6:46:19 PM org.openqa.selenium.remote.RemoteWebDriver log
WARNING: Executing: isElementEnabled [7652b17113d9e0e5bca376410d41627a59f6086f, isElementEnabled {id=9}]
Apr 25, 2019 6:46:19 PM org.openqa.selenium.remote.RemoteWebDriver log
WARNING: Executed: [7652b17113d9e0e5bca376410d41627a59f6086f, isElementEnabled {id=9}]
Apr 25, 2019 6:46:19 PM org.openqa.selenium.remote.RemoteWebDriver log
WARNING: Executing: clickElement [7652b17113d9e0e5bca376410d41627a59f6086f, clickElement {id=9}]
Apr 25, 2019 6:46:20 PM org.openqa.selenium.remote.RemoteWebDriver log
WARNING: Executed: [7652b17113d9e0e5bca376410d41627a59f6086f, clickElement {id=9}]
Apr 25, 2019 6:46:20 PM org.openqa.selenium.remote.RemoteWebDriver log
WARNING: Executing: findElement [7652b17113d9e0e5bca376410d41627a59f6086f, findElement {using=css selector, value=img.iconStyle}]
Apr 25, 2019 6:46:20 PM org.openqa.selenium.remote.RemoteWebDriver log
WARNING: Executed: [7652b17113d9e0e5bca376410d41627a59f6086f, findElement {using=css selector, value=img.iconStyle}]
Apr 25, 2019 6:46:20 PM org.openqa.selenium.remote.RemoteWebDriver log
WARNING: Executing: isElementDisplayed [7652b17113d9e0e5bca376410d41627a59f6086f, isElementDisplayed {id=7}]
Apr 25, 2019 6:46:20 PM org.openqa.selenium.remote.RemoteWebDriver log
WARNING: Executed: [7652b17113d9e0e5bca376410d41627a59f6086f, isElementDisplayed {id=7}]
Apr 25, 2019 6:46:20 PM org.openqa.selenium.remote.RemoteWebDriver log
WARNING: Executing: isElementEnabled [7652b17113d9e0e5bca376410d41627a59f6086f, isElementEnabled {id=7}]
Apr 25, 2019 6:46:20 PM org.openqa.selenium.remote.RemoteWebDriver log
WARNING: Executed: [7652b17113d9e0e5bca376410d41627a59f6086f, isElementEnabled {id=7}]
Apr 25, 2019 6:46:20 PM org.openqa.selenium.remote.RemoteWebDriver log
WARNING: Executing: findElements [7652b17113d9e0e5bca376410d41627a59f6086f, findElements {using=class name, value=suiteName}]
Apr 25, 2019 6:46:20 PM org.openqa.selenium.remote.RemoteWebDriver log
WARNING: Executed: [7652b17113d9e0e5bca376410d41627a59f6086f, findElements {using=class name, value=suiteName}]
Apr 25, 2019 6:46:20 PM org.openqa.selenium.remote.RemoteWebDriver log
WARNING: Executing: executeScript [7652b17113d9e0e5bca376410d41627a59f6086f, executeScript {script=return window.innerHeight || document.documentElement.clientHeight || document.body.clientHeight;, args=[]}]
Apr 25, 2019 6:46:21 PM org.openqa.selenium.remote.RemoteWebDriver log
WARNING: Executed: [7652b17113d9e0e5bca376410d41627a59f6086f, executeScript {script=return window.innerHeight || document.documentElement.clientHeight || document.body.clientHeight;, args=[]}]
Apr 25, 2019 6:46:21 PM org.openqa.selenium.remote.RemoteWebDriver log
WARNING: Executing: getElementLocation [7652b17113d9e0e5bca376410d41627a59f6086f, getElementLocation {id=10}]
Apr 25, 2019 6:46:21 PM org.openqa.selenium.remote.RemoteWebDriver log
WARNING: Executed: [7652b17113d9e0e5bca376410d41627a59f6086f, getElementLocation {id=10}]
Apr 25, 2019 6:46:21 PM org.openqa.selenium.remote.RemoteWebDriver log
WARNING: Executing: executeScript [7652b17113d9e0e5bca376410d41627a59f6086f, executeScript {script=window.scrollTo(0, 6), args=[]}]
Apr 25, 2019 6:46:21 PM org.openqa.selenium.remote.RemoteWebDriver log
WARNING: Executed: [7652b17113d9e0e5bca376410d41627a59f6086f, executeScript {script=window.scrollTo(0, 6), args=[]}]
Apr 25, 2019 6:46:21 PM org.openqa.selenium.remote.RemoteWebDriver log
WARNING: Executing: getElementText [7652b17113d9e0e5bca376410d41627a59f6086f, getElementText {id=10}]
Apr 25, 2019 6:46:21 PM org.openqa.selenium.remote.RemoteWebDriver log
WARNING: Executed: [7652b17113d9e0e5bca376410d41627a59f6086f, getElementText {id=10}]
Apr 25, 2019 6:46:21 PM org.openqa.selenium.remote.RemoteWebDriver log
WARNING: Executing: executeScript [7652b17113d9e0e5bca376410d41627a59f6086f, executeScript {script=return window.innerHeight || document.documentElement.clientHeight || document.body.clientHeight;, args=[]}]
Apr 25, 2019 6:46:21 PM org.openqa.selenium.remote.RemoteWebDriver log
WARNING: Executed: [7652b17113d9e0e5bca376410d41627a59f6086f, executeScript {script=return window.innerHeight || document.documentElement.clientHeight || document.body.clientHeight;, args=[]}]
Apr 25, 2019 6:46:21 PM org.openqa.selenium.remote.RemoteWebDriver log
WARNING: Executing: getElementLocation [7652b17113d9e0e5bca376410d41627a59f6086f, getElementLocation {id=11}]
Apr 25, 2019 6:46:22 PM org.openqa.selenium.remote.RemoteWebDriver log
WARNING: Executed: [7652b17113d9e0e5bca376410d41627a59f6086f, getElementLocation {id=11}]
Apr 25, 2019 6:46:22 PM org.openqa.selenium.remote.RemoteWebDriver log
WARNING: Executing: executeScript [7652b17113d9e0e5bca376410d41627a59f6086f, executeScript {script=window.scrollTo(0, 766), args=[]}]
Apr 25, 2019 6:46:22 PM org.openqa.selenium.remote.RemoteWebDriver log
WARNING: Executed: [7652b17113d9e0e5bca376410d41627a59f6086f, executeScript {script=window.scrollTo(0, 766), args=[]}]
Apr 25, 2019 6:46:22 PM org.openqa.selenium.remote.RemoteWebDriver log
WARNING: Executing: getElementText [7652b17113d9e0e5bca376410d41627a59f6086f, getElementText {id=11}]
Apr 25, 2019 6:46:22 PM org.openqa.selenium.remote.RemoteWebDriver log
WARNING: Executed: [7652b17113d9e0e5bca376410d41627a59f6086f, getElementText {id=11}]
Apr 25, 2019 6:46:22 PM org.openqa.selenium.remote.RemoteWebDriver log
WARNING: Executing: executeScript [7652b17113d9e0e5bca376410d41627a59f6086f, executeScript {script=return window.innerHeight || document.documentElement.clientHeight || document.body.clientHeight;, args=[]}]
Apr 25, 2019 6:46:22 PM org.openqa.selenium.remote.RemoteWebDriver log
WARNING: Executed: [7652b17113d9e0e5bca376410d41627a59f6086f, executeScript {script=return window.innerHeight || document.documentElement.clientHeight || document.body.clientHeight;, args=[]}]
Apr 25, 2019 6:46:22 PM org.openqa.selenium.remote.RemoteWebDriver log
WARNING: Executing: getElementLocation [7652b17113d9e0e5bca376410d41627a59f6086f, getElementLocation {id=12}]
Apr 25, 2019 6:46:22 PM org.openqa.selenium.remote.RemoteWebDriver log
WARNING: Executed: [7652b17113d9e0e5bca376410d41627a59f6086f, getElementLocation {id=12}]
Apr 25, 2019 6:46:22 PM org.openqa.selenium.remote.RemoteWebDriver log
WARNING: Executing: executeScript [7652b17113d9e0e5bca376410d41627a59f6086f, executeScript {script=window.scrollTo(0, 15), args=[]}]
Apr 25, 2019 6:46:23 PM org.openqa.selenium.remote.RemoteWebDriver log
WARNING: Executed: [7652b17113d9e0e5bca376410d41627a59f6086f, executeScript {script=window.scrollTo(0, 15), args=[]}]
Apr 25, 2019 6:46:23 PM org.openqa.selenium.remote.RemoteWebDriver log
WARNING: Executing: getElementText [7652b17113d9e0e5bca376410d41627a59f6086f, getElementText {id=12}]
Apr 25, 2019 6:46:23 PM org.openqa.selenium.remote.RemoteWebDriver log
WARNING: Executed: [7652b17113d9e0e5bca376410d41627a59f6086f, getElementText {id=12}]
]]></system-err>
  </testcase>
</testsuite>