<?xml version="1.0" encoding="UTF-8"?>
<!--
  ~ Copyright (c) 2019, Clarolab. All rights reserved.
  -->

<testsuite xmlns:xsi="http://www.w3.org/2001/XMLSchema-instance" xsi:noNamespaceSchemaLocation="https://maven.apache.org/surefire/maven-surefire-plugin/xsd/surefire-test-report-3.0.xsd" version="3.0" name="com.clarolab.runner.suite.ApiTestSuite" time="215.072" tests="62" errors="0" skipped="0" failures="1">
  <properties>
[...]
</properties>
  <testcase name="testBuildListTimeOut" classname="com.clarolab.api.test.BuildAPITest" time="9.011">
    <failure message="1 expectation failed.&#10;Expected response time was not a value less than &lt;7000L&gt; milliseconds, was 8123 milliseconds (8123 milliseconds)." type="java.lang.AssertionError"><![CDATA[java.lang.AssertionError: 
1 expectation failed.
Expected response time was not a value less than <7000L> milliseconds, was 8123 milliseconds (8123 milliseconds).
	at com.clarolab.api.test.BuildAPITest.testBuildListTimeOut(BuildAPITest.java:35)
]]></failure>
    <system-out><![CDATA[09:55:44.333 [main] DEBUG org.springframework.test.context.junit4.SpringJUnit4ClassRunner - SpringJUnit4ClassRunner constructor called with [class com.clarolab.api.entry.BuildAPITest]
09:55:44.338 [main] DEBUG org.springframework.test.context.BootstrapUtils - Instantiating CacheAwareContextLoaderDelegate from class [org.springframework.test.context.cache.DefaultCacheAwareContextLoaderDelegate]
09:55:44.346 [main] DEBUG org.springframework.test.context.BootstrapUtils - Instantiating BootstrapContext using constructor [public org.springframework.test.context.support.DefaultBootstrapContext(java.lang.Class,org.springframework.test.context.CacheAwareContextLoaderDelegate)]
09:55:44.371 [main] DEBUG org.springframework.test.context.BootstrapUtils - Instantiating TestContextBootstrapper for test class [com.clarolab.api.entry.BuildAPITest] from class [org.springframework.boot.test.context.SpringBootTestContextBootstrapper]
09:55:44.386 [main] INFO org.springframework.boot.test.context.SpringBootTestContextBootstrapper - Neither @ContextConfiguration nor @ContextHierarchy found for test class [com.clarolab.api.entry.BuildAPITest], using SpringBootContextLoader
09:55:44.390 [main] DEBUG org.springframework.test.context.support.AbstractContextLoader - Did not detect default resource location for test class [com.clarolab.api.entry.BuildAPITest]: class path resource [com/clarolab/api/entry/BuildAPITest-context.xml] does not exist
09:55:44.391 [main] DEBUG org.springframework.test.context.support.AbstractContextLoader - Did not detect default resource location for test class [com.clarolab.api.entry.BuildAPITest]: class path resource [com/clarolab/api/entry/BuildAPITestContext.groovy] does not exist
09:55:44.391 [main] INFO org.springframework.test.context.support.AbstractContextLoader - Could not detect default resource locations for test class [com.clarolab.api.entry.BuildAPITest]: no resource found for suffixes {-context.xml, Context.groovy}.
09:55:44.438 [main] DEBUG org.springframework.test.context.support.ActiveProfilesUtils - Could not find an 'annotation declaring class' for annotation type [org.springframework.test.context.ActiveProfiles] and class [com.clarolab.api.entry.BuildAPITest]
09:55:44.563 [main] DEBUG org.springframework.boot.test.context.SpringBootTestContextBootstrapper - @TestExecutionListeners is not present for class [com.clarolab.api.entry.BuildAPITest]: using defaults.
09:55:44.564 [main] INFO org.springframework.boot.test.context.SpringBootTestContextBootstrapper - Loaded default TestExecutionListener class names from location [META-INF/spring.factories]: [org.springframework.boot.test.mock.mockito.MockitoTestExecutionListener, org.springframework.boot.test.mock.mockito.ResetMocksTestExecutionListener, org.springframework.boot.test.autoconfigure.restdocs.RestDocsTestExecutionListener, org.springframework.boot.test.autoconfigure.web.client.MockRestServiceServerResetTestExecutionListener, org.springframework.boot.test.autoconfigure.web.servlet.MockMvcPrintOnlyOnFailureTestExecutionListener, org.springframework.boot.test.autoconfigure.web.servlet.WebDriverTestExecutionListener, org.springframework.test.context.web.ServletTestExecutionListener, org.springframework.test.context.support.DirtiesContextBeforeModesTestExecutionListener, org.springframework.test.context.support.DependencyInjectionTestExecutionListener, org.springframework.test.context.support.DirtiesContextTestExecutionListener, org.springframework.test.context.transaction.TransactionalTestExecutionListener, org.springframework.test.context.jdbc.SqlScriptsTestExecutionListener]
09:55:44.577 [main] INFO org.springframework.boot.test.context.SpringBootTestContextBootstrapper - Using TestExecutionListeners: [org.springframework.test.context.web.ServletTestExecutionListener@f79e, org.springframework.test.context.support.DirtiesContextBeforeModesTestExecutionListener@7ee8290b, org.springframework.boot.test.mock.mockito.MockitoTestExecutionListener@1f59a598, org.springframework.boot.test.autoconfigure.SpringBootDependencyInjectionTestExecutionListener@1e178745, org.springframework.test.context.support.DirtiesContextTestExecutionListener@192c3f1e, org.springframework.test.context.transaction.TransactionalTestExecutionListener@26b3fd41, org.springframework.test.context.jdbc.SqlScriptsTestExecutionListener@7494f96a, org.springframework.boot.test.mock.mockito.ResetMocksTestExecutionListener@561b6512, org.springframework.boot.test.autoconfigure.restdocs.RestDocsTestExecutionListener@2e377400, org.springframework.boot.test.autoconfigure.web.client.MockRestServiceServerResetTestExecutionListener@1757cd72, org.springframework.boot.test.autoconfigure.web.servlet.MockMvcPrintOnlyOnFailureTestExecutionListener@445b295b, org.springframework.boot.test.autoconfigure.web.servlet.WebDriverTestExecutionListener@49e5f737]
09:55:44.579 [main] DEBUG org.springframework.test.context.junit4.SpringJUnit4ClassRunner - SpringJUnit4ClassRunner constructor called with [class com.clarolab.api.entry.ConnectorAPITest]
09:55:44.579 [main] DEBUG org.springframework.test.context.BootstrapUtils - Instantiating CacheAwareContextLoaderDelegate from class [org.springframework.test.context.cache.DefaultCacheAwareContextLoaderDelegate]
09:55:44.579 [main] DEBUG org.springframework.test.context.BootstrapUtils - Instantiating BootstrapContext using constructor [public org.springframework.test.context.support.DefaultBootstrapContext(java.lang.Class,org.springframework.test.context.CacheAwareContextLoaderDelegate)]
09:55:44.579 [main] DEBUG org.springframework.test.context.BootstrapUtils - Instantiating TestContextBootstrapper for test class [com.clarolab.api.entry.ConnectorAPITest] from class [org.springframework.boot.test.context.SpringBootTestContextBootstrapper]
09:55:44.580 [main] INFO org.springframework.boot.test.context.SpringBootTestContextBootstrapper - Neither @ContextConfiguration nor @ContextHierarchy found for test class [com.clarolab.api.entry.ConnectorAPITest], using SpringBootContextLoader
09:55:44.581 [main] DEBUG org.springframework.test.context.support.AbstractContextLoader - Did not detect default resource location for test class [com.clarolab.api.entry.ConnectorAPITest]: class path resource [com/clarolab/api/entry/ConnectorAPITest-context.xml] does not exist
09:55:44.581 [main] DEBUG org.springframework.test.context.support.AbstractContextLoader - Did not detect default resource location for test class [com.clarolab.api.entry.ConnectorAPITest]: class path resource [com/clarolab/api/entry/ConnectorAPITestContext.groovy] does not exist
09:55:44.581 [main] INFO org.springframework.test.context.support.AbstractContextLoader - Could not detect default resource locations for test class [com.clarolab.api.entry.ConnectorAPITest]: no resource found for suffixes {-context.xml, Context.groovy}.
09:55:44.583 [main] DEBUG org.springframework.test.context.support.ActiveProfilesUtils - Could not find an 'annotation declaring class' for annotation type [org.springframework.test.context.ActiveProfiles] and class [com.clarolab.api.entry.ConnectorAPITest]
09:55:44.586 [main] DEBUG org.springframework.boot.test.context.SpringBootTestContextBootstrapper - @TestExecutionListeners is not present for class [com.clarolab.api.entry.ConnectorAPITest]: using defaults.
09:55:44.587 [main] INFO org.springframework.boot.test.context.SpringBootTestContextBootstrapper - Loaded default TestExecutionListener class names from location [META-INF/spring.factories]: [org.springframework.boot.test.mock.mockito.MockitoTestExecutionListener, org.springframework.boot.test.mock.mockito.ResetMocksTestExecutionListener, org.springframework.boot.test.autoconfigure.restdocs.RestDocsTestExecutionListener, org.springframework.boot.test.autoconfigure.web.client.MockRestServiceServerResetTestExecutionListener, org.springframework.boot.test.autoconfigure.web.servlet.MockMvcPrintOnlyOnFailureTestExecutionListener, org.springframework.boot.test.autoconfigure.web.servlet.WebDriverTestExecutionListener, org.springframework.test.context.web.ServletTestExecutionListener, org.springframework.test.context.support.DirtiesContextBeforeModesTestExecutionListener, org.springframework.test.context.support.DependencyInjectionTestExecutionListener, org.springframework.test.context.support.DirtiesContextTestExecutionListener, org.springframework.test.context.transaction.TransactionalTestExecutionListener, org.springframework.test.context.jdbc.SqlScriptsTestExecutionListener]
09:55:44.587 [main] INFO org.springframework.boot.test.context.SpringBootTestContextBootstrapper - Using TestExecutionListeners: [org.springframework.test.context.web.ServletTestExecutionListener@37883b97, org.springframework.test.context.support.DirtiesContextBeforeModesTestExecutionListener@6ab778a, org.springframework.boot.test.mock.mockito.MockitoTestExecutionListener@4e3958e7, org.springframework.boot.test.autoconfigure.SpringBootDependencyInjectionTestExecutionListener@77f80c04, org.springframework.test.context.support.DirtiesContextTestExecutionListener@1dac5ef, org.springframework.test.context.transaction.TransactionalTestExecutionListener@5c90e579, org.springframework.test.context.jdbc.SqlScriptsTestExecutionListener@58ea606c, org.springframework.boot.test.mock.mockito.ResetMocksTestExecutionListener@6f45df59, org.springframework.boot.test.autoconfigure.restdocs.RestDocsTestExecutionListener@38e79ae3, org.springframework.boot.test.autoconfigure.web.client.MockRestServiceServerResetTestExecutionListener@63070bab, org.springframework.boot.test.autoconfigure.web.servlet.MockMvcPrintOnlyOnFailureTestExecutionListener@68e5eea7, org.springframework.boot.test.autoconfigure.web.servlet.WebDriverTestExecutionListener@291b4bf5]
09:55:44.589 [main] DEBUG org.springframework.test.context.junit4.SpringJUnit4ClassRunner - SpringJUnit4ClassRunner constructor called with [class com.clarolab.api.entry.ListAPITest]
09:55:44.589 [main] DEBUG org.springframework.test.context.BootstrapUtils - Instantiating CacheAwareContextLoaderDelegate from class [org.springframework.test.context.cache.DefaultCacheAwareContextLoaderDelegate]
09:55:44.589 [main] DEBUG org.springframework.test.context.BootstrapUtils - Instantiating BootstrapContext using constructor [public org.springframework.test.context.support.DefaultBootstrapContext(java.lang.Class,org.springframework.test.context.CacheAwareContextLoaderDelegate)]
09:55:44.589 [main] DEBUG org.springframework.test.context.BootstrapUtils - Instantiating TestContextBootstrapper for test class [com.clarolab.api.entry.ListAPITest] from class [org.springframework.boot.test.context.SpringBootTestContextBootstrapper]
09:55:44.590 [main] INFO org.springframework.boot.test.context.SpringBootTestContextBootstrapper - Neither @ContextConfiguration nor @ContextHierarchy found for test class [com.clarolab.api.entry.ListAPITest], using SpringBootContextLoader
09:55:44.590 [main] DEBUG org.springframework.test.context.support.AbstractContextLoader - Did not detect default resource location for test class [com.clarolab.api.entry.ListAPITest]: class path resource [com/clarolab/api/entry/ListAPITest-context.xml] does not exist
09:55:44.591 [main] DEBUG org.springframework.test.context.support.AbstractContextLoader - Did not detect default resource location for test class [com.clarolab.api.entry.ListAPITest]: class path resource [com/clarolab/api/entry/ListAPITestContext.groovy] does not exist
09:55:44.591 [main] INFO org.springframework.test.context.support.AbstractContextLoader - Could not detect default resource locations for test class [com.clarolab.api.entry.ListAPITest]: no resource found for suffixes {-context.xml, Context.groovy}.
09:55:44.594 [main] DEBUG org.springframework.test.context.support.ActiveProfilesUtils - Could not find an 'annotation declaring class' for annotation type [org.springframework.test.context.ActiveProfiles] and class [com.clarolab.api.entry.ListAPITest]
09:55:44.596 [main] DEBUG org.springframework.boot.test.context.SpringBootTestContextBootstrapper - @TestExecutionListeners is not present for class [com.clarolab.api.entry.ListAPITest]: using defaults.
09:55:44.596 [main] INFO org.springframework.boot.test.context.SpringBootTestContextBootstrapper - Loaded default TestExecutionListener class names from location [META-INF/spring.factories]: [org.springframework.boot.test.mock.mockito.MockitoTestExecutionListener, org.springframework.boot.test.mock.mockito.ResetMocksTestExecutionListener, org.springframework.boot.test.autoconfigure.restdocs.RestDocsTestExecutionListener, org.springframework.boot.test.autoconfigure.web.client.MockRestServiceServerResetTestExecutionListener, org.springframework.boot.test.autoconfigure.web.servlet.MockMvcPrintOnlyOnFailureTestExecutionListener, org.springframework.boot.test.autoconfigure.web.servlet.WebDriverTestExecutionListener, org.springframework.test.context.web.ServletTestExecutionListener, org.springframework.test.context.support.DirtiesContextBeforeModesTestExecutionListener, org.springframework.test.context.support.DependencyInjectionTestExecutionListener, org.springframework.test.context.support.DirtiesContextTestExecutionListener, org.springframework.test.context.transaction.TransactionalTestExecutionListener, org.springframework.test.context.jdbc.SqlScriptsTestExecutionListener]
09:55:44.596 [main] INFO org.springframework.boot.test.context.SpringBootTestContextBootstrapper - Using TestExecutionListeners: [org.springframework.test.context.web.ServletTestExecutionListener@7b02881e, org.springframework.test.context.support.DirtiesContextBeforeModesTestExecutionListener@1ebd319f, org.springframework.boot.test.mock.mockito.MockitoTestExecutionListener@3c0be339, org.springframework.boot.test.autoconfigure.SpringBootDependencyInjectionTestExecutionListener@15ca7889, org.springframework.test.context.support.DirtiesContextTestExecutionListener@7a675056, org.springframework.test.context.transaction.TransactionalTestExecutionListener@d21a74c, org.springframework.test.context.jdbc.SqlScriptsTestExecutionListener@6e509ffa, org.springframework.boot.test.mock.mockito.ResetMocksTestExecutionListener@2898ac89, org.springframework.boot.test.autoconfigure.restdocs.RestDocsTestExecutionListener@683dbc2c, org.springframework.boot.test.autoconfigure.web.client.MockRestServiceServerResetTestExecutionListener@68267da0, org.springframework.boot.test.autoconfigure.web.servlet.MockMvcPrintOnlyOnFailureTestExecutionListener@2638011, org.springframework.boot.test.autoconfigure.web.servlet.WebDriverTestExecutionListener@6ff29830]
09:55:44.598 [main] DEBUG org.springframework.test.context.junit4.SpringJUnit4ClassRunner - SpringJUnit4ClassRunner constructor called with [class com.clarolab.api.entry.ProductAPITest]
09:55:44.598 [main] DEBUG org.springframework.test.context.BootstrapUtils - Instantiating CacheAwareContextLoaderDelegate from class [org.springframework.test.context.cache.DefaultCacheAwareContextLoaderDelegate]
09:55:44.598 [main] DEBUG org.springframework.test.context.BootstrapUtils - Instantiating BootstrapContext using constructor [public org.springframework.test.context.support.DefaultBootstrapContext(java.lang.Class,org.springframework.test.context.CacheAwareContextLoaderDelegate)]
09:55:44.598 [main] DEBUG org.springframework.test.context.BootstrapUtils - Instantiating TestContextBootstrapper for test class [com.clarolab.api.entry.ProductAPITest] from class [org.springframework.boot.test.context.SpringBootTestContextBootstrapper]
09:55:44.599 [main] INFO org.springframework.boot.test.context.SpringBootTestContextBootstrapper - Neither @ContextConfiguration nor @ContextHierarchy found for test class [com.clarolab.api.entry.ProductAPITest], using SpringBootContextLoader
09:55:44.599 [main] DEBUG org.springframework.test.context.support.AbstractContextLoader - Did not detect default resource location for test class [com.clarolab.api.entry.ProductAPITest]: class path resource [com/clarolab/api/entry/ProductAPITest-context.xml] does not exist
09:55:44.600 [main] DEBUG org.springframework.test.context.support.AbstractContextLoader - Did not detect default resource location for test class [com.clarolab.api.entry.ProductAPITest]: class path resource [com/clarolab/api/entry/ProductAPITestContext.groovy] does not exist
09:55:44.600 [main] INFO org.springframework.test.context.support.AbstractContextLoader - Could not detect default resource locations for test class [com.clarolab.api.entry.ProductAPITest]: no resource found for suffixes {-context.xml, Context.groovy}.
09:55:44.607 [main] DEBUG org.springframework.test.context.support.ActiveProfilesUtils - Could not find an 'annotation declaring class' for annotation type [org.springframework.test.context.ActiveProfiles] and class [com.clarolab.api.entry.ProductAPITest]
09:55:44.609 [main] DEBUG org.springframework.boot.test.context.SpringBootTestContextBootstrapper - @TestExecutionListeners is not present for class [com.clarolab.api.entry.ProductAPITest]: using defaults.
09:55:44.609 [main] INFO org.springframework.boot.test.context.SpringBootTestContextBootstrapper - Loaded default TestExecutionListener class names from location [META-INF/spring.factories]: [org.springframework.boot.test.mock.mockito.MockitoTestExecutionListener, org.springframework.boot.test.mock.mockito.ResetMocksTestExecutionListener, org.springframework.boot.test.autoconfigure.restdocs.RestDocsTestExecutionListener, org.springframework.boot.test.autoconfigure.web.client.MockRestServiceServerResetTestExecutionListener, org.springframework.boot.test.autoconfigure.web.servlet.MockMvcPrintOnlyOnFailureTestExecutionListener, org.springframework.boot.test.autoconfigure.web.servlet.WebDriverTestExecutionListener, org.springframework.test.context.web.ServletTestExecutionListener, org.springframework.test.context.support.DirtiesContextBeforeModesTestExecutionListener, org.springframework.test.context.support.DependencyInjectionTestExecutionListener, org.springframework.test.context.support.DirtiesContextTestExecutionListener, org.springframework.test.context.transaction.TransactionalTestExecutionListener, org.springframework.test.context.jdbc.SqlScriptsTestExecutionListener]
09:55:44.609 [main] INFO org.springframework.boot.test.context.SpringBootTestContextBootstrapper - Using TestExecutionListeners: [org.springframework.test.context.web.ServletTestExecutionListener@3098cf3b, org.springframework.test.context.support.DirtiesContextBeforeModesTestExecutionListener@610f7aa, org.springframework.boot.test.mock.mockito.MockitoTestExecutionListener@6a03bcb1, org.springframework.boot.test.autoconfigure.SpringBootDependencyInjectionTestExecutionListener@21b2e768, org.springframework.test.context.support.DirtiesContextTestExecutionListener@57250572, org.springframework.test.context.transaction.TransactionalTestExecutionListener@5609159b, org.springframework.test.context.jdbc.SqlScriptsTestExecutionListener@2118cddf, org.springframework.boot.test.mock.mockito.ResetMocksTestExecutionListener@17a7f733, org.springframework.boot.test.autoconfigure.restdocs.RestDocsTestExecutionListener@68567e20, org.springframework.boot.test.autoconfigure.web.client.MockRestServiceServerResetTestExecutionListener@76ed1b7c, org.springframework.boot.test.autoconfigure.web.servlet.MockMvcPrintOnlyOnFailureTestExecutionListener@11fc564b, org.springframework.boot.test.autoconfigure.web.servlet.WebDriverTestExecutionListener@394a2528]
09:55:44.611 [main] DEBUG org.springframework.test.context.junit4.SpringJUnit4ClassRunner - SpringJUnit4ClassRunner constructor called with [class com.clarolab.api.entry.UserAPITest]
09:55:44.611 [main] DEBUG org.springframework.test.context.BootstrapUtils - Instantiating CacheAwareContextLoaderDelegate from class [org.springframework.test.context.cache.DefaultCacheAwareContextLoaderDelegate]
09:55:44.611 [main] DEBUG org.springframework.test.context.BootstrapUtils - Instantiating BootstrapContext using constructor [public org.springframework.test.context.support.DefaultBootstrapContext(java.lang.Class,org.springframework.test.context.CacheAwareContextLoaderDelegate)]
09:55:44.611 [main] DEBUG org.springframework.test.context.BootstrapUtils - Instantiating TestContextBootstrapper for test class [com.clarolab.api.entry.UserAPITest] from class [org.springframework.boot.test.context.SpringBootTestContextBootstrapper]
09:55:44.612 [main] INFO org.springframework.boot.test.context.SpringBootTestContextBootstrapper - Neither @ContextConfiguration nor @ContextHierarchy found for test class [com.clarolab.api.entry.UserAPITest], using SpringBootContextLoader
09:55:44.612 [main] DEBUG org.springframework.test.context.support.AbstractContextLoader - Did not detect default resource location for test class [com.clarolab.api.entry.UserAPITest]: class path resource [com/clarolab/api/entry/UserAPITest-context.xml] does not exist
09:55:44.612 [main] DEBUG org.springframework.test.context.support.AbstractContextLoader - Did not detect default resource location for test class [com.clarolab.api.entry.UserAPITest]: class path resource [com/clarolab/api/entry/UserAPITestContext.groovy] does not exist
09:55:44.612 [main] INFO org.springframework.test.context.support.AbstractContextLoader - Could not detect default resource locations for test class [com.clarolab.api.entry.UserAPITest]: no resource found for suffixes {-context.xml, Context.groovy}.
09:55:44.615 [main] DEBUG org.springframework.test.context.support.ActiveProfilesUtils - Could not find an 'annotation declaring class' for annotation type [org.springframework.test.context.ActiveProfiles] and class [com.clarolab.api.entry.UserAPITest]
09:55:44.616 [main] DEBUG org.springframework.boot.test.context.SpringBootTestContextBootstrapper - @TestExecutionListeners is not present for class [com.clarolab.api.entry.UserAPITest]: using defaults.
09:55:44.618 [main] INFO org.springframework.boot.test.context.SpringBootTestContextBootstrapper - Loaded default TestExecutionListener class names from location [META-INF/spring.factories]: [org.springframework.boot.test.mock.mockito.MockitoTestExecutionListener, org.springframework.boot.test.mock.mockito.ResetMocksTestExecutionListener, org.springframework.boot.test.autoconfigure.restdocs.RestDocsTestExecutionListener, org.springframework.boot.test.autoconfigure.web.client.MockRestServiceServerResetTestExecutionListener, org.springframework.boot.test.autoconfigure.web.servlet.MockMvcPrintOnlyOnFailureTestExecutionListener, org.springframework.boot.test.autoconfigure.web.servlet.WebDriverTestExecutionListener, org.springframework.test.context.web.ServletTestExecutionListener, org.springframework.test.context.support.DirtiesContextBeforeModesTestExecutionListener, org.springframework.test.context.support.DependencyInjectionTestExecutionListener, org.springframework.test.context.support.DirtiesContextTestExecutionListener, org.springframework.test.context.transaction.TransactionalTestExecutionListener, org.springframework.test.context.jdbc.SqlScriptsTestExecutionListener]
09:55:44.619 [main] INFO org.springframework.boot.test.context.SpringBootTestContextBootstrapper - Using TestExecutionListeners: [org.springframework.test.context.web.ServletTestExecutionListener@2b4bac49, org.springframework.test.context.support.DirtiesContextBeforeModesTestExecutionListener@fd07cbb, org.springframework.boot.test.mock.mockito.MockitoTestExecutionListener@3571b748, org.springframework.boot.test.autoconfigure.SpringBootDependencyInjectionTestExecutionListener@3e96bacf, org.springframework.test.context.support.DirtiesContextTestExecutionListener@484970b0, org.springframework.test.context.transaction.TransactionalTestExecutionListener@4470f8a6, org.springframework.test.context.jdbc.SqlScriptsTestExecutionListener@7c83dc97, org.springframework.boot.test.mock.mockito.ResetMocksTestExecutionListener@7748410a, org.springframework.boot.test.autoconfigure.restdocs.RestDocsTestExecutionListener@740773a3, org.springframework.boot.test.autoconfigure.web.client.MockRestServiceServerResetTestExecutionListener@37f1104d, org.springframework.boot.test.autoconfigure.web.servlet.MockMvcPrintOnlyOnFailureTestExecutionListener@55740540, org.springframework.boot.test.autoconfigure.web.servlet.WebDriverTestExecutionListener@60015ef5]
09:55:44.620 [main] DEBUG org.springframework.test.context.junit4.SpringJUnit4ClassRunner - SpringJUnit4ClassRunner constructor called with [class com.clarolab.api.report.ExportAPITest]
09:55:44.620 [main] DEBUG org.springframework.test.context.BootstrapUtils - Instantiating CacheAwareContextLoaderDelegate from class [org.springframework.test.context.cache.DefaultCacheAwareContextLoaderDelegate]
09:55:44.620 [main] DEBUG org.springframework.test.context.BootstrapUtils - Instantiating BootstrapContext using constructor [public org.springframework.test.context.support.DefaultBootstrapContext(java.lang.Class,org.springframework.test.context.CacheAwareContextLoaderDelegate)]
09:55:44.620 [main] DEBUG org.springframework.test.context.BootstrapUtils - Instantiating TestContextBootstrapper for test class [com.clarolab.api.report.ExportAPITest] from class [org.springframework.boot.test.context.SpringBootTestContextBootstrapper]
09:55:44.620 [main] INFO org.springframework.boot.test.context.SpringBootTestContextBootstrapper - Neither @ContextConfiguration nor @ContextHierarchy found for test class [com.clarolab.api.report.ExportAPITest], using SpringBootContextLoader
09:55:44.621 [main] DEBUG org.springframework.test.context.support.AbstractContextLoader - Did not detect default resource location for test class [com.clarolab.api.report.ExportAPITest]: class path resource [com/clarolab/api/report/ExportAPITest-context.xml] does not exist
09:55:44.621 [main] DEBUG org.springframework.test.context.support.AbstractContextLoader - Did not detect default resource location for test class [com.clarolab.api.report.ExportAPITest]: class path resource [com/clarolab/api/report/ExportAPITestContext.groovy] does not exist
09:55:44.621 [main] INFO org.springframework.test.context.support.AbstractContextLoader - Could not detect default resource locations for test class [com.clarolab.api.report.ExportAPITest]: no resource found for suffixes {-context.xml, Context.groovy}.
09:55:44.624 [main] DEBUG org.springframework.test.context.support.ActiveProfilesUtils - Could not find an 'annotation declaring class' for annotation type [org.springframework.test.context.ActiveProfiles] and class [com.clarolab.api.report.ExportAPITest]
09:55:44.625 [main] DEBUG org.springframework.boot.test.context.SpringBootTestContextBootstrapper - @TestExecutionListeners is not present for class [com.clarolab.api.report.ExportAPITest]: using defaults.
09:55:44.625 [main] INFO org.springframework.boot.test.context.SpringBootTestContextBootstrapper - Loaded default TestExecutionListener class names from location [META-INF/spring.factories]: [org.springframework.boot.test.mock.mockito.MockitoTestExecutionListener, org.springframework.boot.test.mock.mockito.ResetMocksTestExecutionListener, org.springframework.boot.test.autoconfigure.restdocs.RestDocsTestExecutionListener, org.springframework.boot.test.autoconfigure.web.client.MockRestServiceServerResetTestExecutionListener, org.springframework.boot.test.autoconfigure.web.servlet.MockMvcPrintOnlyOnFailureTestExecutionListener, org.springframework.boot.test.autoconfigure.web.servlet.WebDriverTestExecutionListener, org.springframework.test.context.web.ServletTestExecutionListener, org.springframework.test.context.support.DirtiesContextBeforeModesTestExecutionListener, org.springframework.test.context.support.DependencyInjectionTestExecutionListener, org.springframework.test.context.support.DirtiesContextTestExecutionListener, org.springframework.test.context.transaction.TransactionalTestExecutionListener, org.springframework.test.context.jdbc.SqlScriptsTestExecutionListener]
09:55:44.625 [main] INFO org.springframework.boot.test.context.SpringBootTestContextBootstrapper - Using TestExecutionListeners: [org.springframework.test.context.web.ServletTestExecutionListener@5ab9e72c, org.springframework.test.context.support.DirtiesContextBeforeModesTestExecutionListener@186f8716, org.springframework.boot.test.mock.mockito.MockitoTestExecutionListener@1d8bd0de, org.springframework.boot.test.autoconfigure.SpringBootDependencyInjectionTestExecutionListener@45ca843, org.springframework.test.context.support.DirtiesContextTestExecutionListener@11c9af63, org.springframework.test.context.transaction.TransactionalTestExecutionListener@757acd7b, org.springframework.test.context.jdbc.SqlScriptsTestExecutionListener@36b4fe2a, org.springframework.boot.test.mock.mockito.ResetMocksTestExecutionListener@574b560f, org.springframework.boot.test.autoconfigure.restdocs.RestDocsTestExecutionListener@ba54932, org.springframework.boot.test.autoconfigure.web.client.MockRestServiceServerResetTestExecutionListener@28975c28, org.springframework.boot.test.autoconfigure.web.servlet.MockMvcPrintOnlyOnFailureTestExecutionListener@3943a2be, org.springframework.boot.test.autoconfigure.web.servlet.WebDriverTestExecutionListener@343570b7]
09:55:44.626 [main] DEBUG org.springframework.test.context.junit4.SpringJUnit4ClassRunner - SpringJUnit4ClassRunner constructor called with [class com.clarolab.api.report.StatsAPITest]
09:55:44.626 [main] DEBUG org.springframework.test.context.BootstrapUtils - Instantiating CacheAwareContextLoaderDelegate from class [org.springframework.test.context.cache.DefaultCacheAwareContextLoaderDelegate]
09:55:44.626 [main] DEBUG org.springframework.test.context.BootstrapUtils - Instantiating BootstrapContext using constructor [public org.springframework.test.context.support.DefaultBootstrapContext(java.lang.Class,org.springframework.test.context.CacheAwareContextLoaderDelegate)]
09:55:44.626 [main] DEBUG org.springframework.test.context.BootstrapUtils - Instantiating TestContextBootstrapper for test class [com.clarolab.api.report.StatsAPITest] from class [org.springframework.boot.test.context.SpringBootTestContextBootstrapper]
09:55:44.627 [main] INFO org.springframework.boot.test.context.SpringBootTestContextBootstrapper - Neither @ContextConfiguration nor @ContextHierarchy found for test class [com.clarolab.api.report.StatsAPITest], using SpringBootContextLoader
09:55:44.627 [main] DEBUG org.springframework.test.context.support.AbstractContextLoader - Did not detect default resource location for test class [com.clarolab.api.report.StatsAPITest]: class path resource [com/clarolab/api/report/StatsAPITest-context.xml] does not exist
09:55:44.628 [main] DEBUG org.springframework.test.context.support.AbstractContextLoader - Did not detect default resource location for test class [com.clarolab.api.report.StatsAPITest]: class path resource [com/clarolab/api/report/StatsAPITestContext.groovy] does not exist
09:55:44.628 [main] INFO org.springframework.test.context.support.AbstractContextLoader - Could not detect default resource locations for test class [com.clarolab.api.report.StatsAPITest]: no resource found for suffixes {-context.xml, Context.groovy}.
09:55:44.632 [main] DEBUG org.springframework.test.context.support.ActiveProfilesUtils - Could not find an 'annotation declaring class' for annotation type [org.springframework.test.context.ActiveProfiles] and class [com.clarolab.api.report.StatsAPITest]
09:55:44.636 [main] DEBUG org.springframework.boot.test.context.SpringBootTestContextBootstrapper - @TestExecutionListeners is not present for class [com.clarolab.api.report.StatsAPITest]: using defaults.
09:55:44.636 [main] INFO org.springframework.boot.test.context.SpringBootTestContextBootstrapper - Loaded default TestExecutionListener class names from location [META-INF/spring.factories]: [org.springframework.boot.test.mock.mockito.MockitoTestExecutionListener, org.springframework.boot.test.mock.mockito.ResetMocksTestExecutionListener, org.springframework.boot.test.autoconfigure.restdocs.RestDocsTestExecutionListener, org.springframework.boot.test.autoconfigure.web.client.MockRestServiceServerResetTestExecutionListener, org.springframework.boot.test.autoconfigure.web.servlet.MockMvcPrintOnlyOnFailureTestExecutionListener, org.springframework.boot.test.autoconfigure.web.servlet.WebDriverTestExecutionListener, org.springframework.test.context.web.ServletTestExecutionListener, org.springframework.test.context.support.DirtiesContextBeforeModesTestExecutionListener, org.springframework.test.context.support.DependencyInjectionTestExecutionListener, org.springframework.test.context.support.DirtiesContextTestExecutionListener, org.springframework.test.context.transaction.TransactionalTestExecutionListener, org.springframework.test.context.jdbc.SqlScriptsTestExecutionListener]
09:55:44.636 [main] INFO org.springframework.boot.test.context.SpringBootTestContextBootstrapper - Using TestExecutionListeners: [org.springframework.test.context.web.ServletTestExecutionListener@5f16132a, org.springframework.test.context.support.DirtiesContextBeforeModesTestExecutionListener@69fb6037, org.springframework.boot.test.mock.mockito.MockitoTestExecutionListener@36d585c, org.springframework.boot.test.autoconfigure.SpringBootDependencyInjectionTestExecutionListener@87a85e1, org.springframework.test.context.support.DirtiesContextTestExecutionListener@671a5887, org.springframework.test.context.transaction.TransactionalTestExecutionListener@5552768b, org.springframework.test.context.jdbc.SqlScriptsTestExecutionListener@3c947bc5, org.springframework.boot.test.mock.mockito.ResetMocksTestExecutionListener@609db43b, org.springframework.boot.test.autoconfigure.restdocs.RestDocsTestExecutionListener@55f616cf, org.springframework.boot.test.autoconfigure.web.client.MockRestServiceServerResetTestExecutionListener@1356d4d4, org.springframework.boot.test.autoconfigure.web.servlet.MockMvcPrintOnlyOnFailureTestExecutionListener@c03cf28, org.springframework.boot.test.autoconfigure.web.servlet.WebDriverTestExecutionListener@1329eff]
09:55:44.637 [main] DEBUG org.springframework.test.context.junit4.SpringJUnit4ClassRunner - SpringJUnit4ClassRunner constructor called with [class com.clarolab.api.report.ViewAPITest]
09:55:44.637 [main] DEBUG org.springframework.test.context.BootstrapUtils - Instantiating CacheAwareContextLoaderDelegate from class [org.springframework.test.context.cache.DefaultCacheAwareContextLoaderDelegate]
09:55:44.637 [main] DEBUG org.springframework.test.context.BootstrapUtils - Instantiating BootstrapContext using constructor [public org.springframework.test.context.support.DefaultBootstrapContext(java.lang.Class,org.springframework.test.context.CacheAwareContextLoaderDelegate)]
09:55:44.638 [main] DEBUG org.springframework.test.context.BootstrapUtils - Instantiating TestContextBootstrapper for test class [com.clarolab.api.report.ViewAPITest] from class [org.springframework.boot.test.context.SpringBootTestContextBootstrapper]
09:55:44.638 [main] INFO org.springframework.boot.test.context.SpringBootTestContextBootstrapper - Neither @ContextConfiguration nor @ContextHierarchy found for test class [com.clarolab.api.report.ViewAPITest], using SpringBootContextLoader
09:55:44.639 [main] DEBUG org.springframework.test.context.support.AbstractContextLoader - Did not detect default resource location for test class [com.clarolab.api.report.ViewAPITest]: class path resource [com/clarolab/api/report/ViewAPITest-context.xml] does not exist
09:55:44.639 [main] DEBUG org.springframework.test.context.support.AbstractContextLoader - Did not detect default resource location for test class [com.clarolab.api.report.ViewAPITest]: class path resource [com/clarolab/api/report/ViewAPITestContext.groovy] does not exist
09:55:44.639 [main] INFO org.springframework.test.context.support.AbstractContextLoader - Could not detect default resource locations for test class [com.clarolab.api.report.ViewAPITest]: no resource found for suffixes {-context.xml, Context.groovy}.
09:55:44.642 [main] DEBUG org.springframework.test.context.support.ActiveProfilesUtils - Could not find an 'annotation declaring class' for annotation type [org.springframework.test.context.ActiveProfiles] and class [com.clarolab.api.report.ViewAPITest]
09:55:44.644 [main] DEBUG org.springframework.boot.test.context.SpringBootTestContextBootstrapper - @TestExecutionListeners is not present for class [com.clarolab.api.report.ViewAPITest]: using defaults.
09:55:44.644 [main] INFO org.springframework.boot.test.context.SpringBootTestContextBootstrapper - Loaded default TestExecutionListener class names from location [META-INF/spring.factories]: [org.springframework.boot.test.mock.mockito.MockitoTestExecutionListener, org.springframework.boot.test.mock.mockito.ResetMocksTestExecutionListener, org.springframework.boot.test.autoconfigure.restdocs.RestDocsTestExecutionListener, org.springframework.boot.test.autoconfigure.web.client.MockRestServiceServerResetTestExecutionListener, org.springframework.boot.test.autoconfigure.web.servlet.MockMvcPrintOnlyOnFailureTestExecutionListener, org.springframework.boot.test.autoconfigure.web.servlet.WebDriverTestExecutionListener, org.springframework.test.context.web.ServletTestExecutionListener, org.springframework.test.context.support.DirtiesContextBeforeModesTestExecutionListener, org.springframework.test.context.support.DependencyInjectionTestExecutionListener, org.springframework.test.context.support.DirtiesContextTestExecutionListener, org.springframework.test.context.transaction.TransactionalTestExecutionListener, org.springframework.test.context.jdbc.SqlScriptsTestExecutionListener]
09:55:44.644 [main] INFO org.springframework.boot.test.context.SpringBootTestContextBootstrapper - Using TestExecutionListeners: [org.springframework.test.context.web.ServletTestExecutionListener@f381794, org.springframework.test.context.support.DirtiesContextBeforeModesTestExecutionListener@2cdd0d4b, org.springframework.boot.test.mock.mockito.MockitoTestExecutionListener@7e9131d5, org.springframework.boot.test.autoconfigure.SpringBootDependencyInjectionTestExecutionListener@2e1d27ba, org.springframework.test.context.support.DirtiesContextTestExecutionListener@61d6015a, org.springframework.test.context.transaction.TransactionalTestExecutionListener@2525ff7e, org.springframework.test.context.jdbc.SqlScriptsTestExecutionListener@524d6d96, org.springframework.boot.test.mock.mockito.ResetMocksTestExecutionListener@152aa092, org.springframework.boot.test.autoconfigure.restdocs.RestDocsTestExecutionListener@44a7bfbc, org.springframework.boot.test.autoconfigure.web.client.MockRestServiceServerResetTestExecutionListener@4ef37659, org.springframework.boot.test.autoconfigure.web.servlet.MockMvcPrintOnlyOnFailureTestExecutionListener@776b83cc, org.springframework.boot.test.autoconfigure.web.servlet.WebDriverTestExecutionListener@37858383]
09:55:44.645 [main] DEBUG org.springframework.test.context.junit4.SpringJUnit4ClassRunner - SpringJUnit4ClassRunner constructor called with [class com.clarolab.api.suite.ApproveAutomaticTriageAPITest]
09:55:44.645 [main] DEBUG org.springframework.test.context.BootstrapUtils - Instantiating CacheAwareContextLoaderDelegate from class [org.springframework.test.context.cache.DefaultCacheAwareContextLoaderDelegate]
09:55:44.645 [main] DEBUG org.springframework.test.context.BootstrapUtils - Instantiating BootstrapContext using constructor [public org.springframework.test.context.support.DefaultBootstrapContext(java.lang.Class,org.springframework.test.context.CacheAwareContextLoaderDelegate)]
09:55:44.645 [main] DEBUG org.springframework.test.context.BootstrapUtils - Instantiating TestContextBootstrapper for test class [com.clarolab.api.suite.ApproveAutomaticTriageAPITest] from class [org.springframework.boot.test.context.SpringBootTestContextBootstrapper]
09:55:44.646 [main] INFO org.springframework.boot.test.context.SpringBootTestContextBootstrapper - Neither @ContextConfiguration nor @ContextHierarchy found for test class [com.clarolab.api.suite.ApproveAutomaticTriageAPITest], using SpringBootContextLoader
09:55:44.646 [main] DEBUG org.springframework.test.context.support.AbstractContextLoader - Did not detect default resource location for test class [com.clarolab.api.suite.ApproveAutomaticTriageAPITest]: class path resource [com/clarolab/api/suite/ApproveAutomaticTriageAPITest-context.xml] does not exist
09:55:44.647 [main] DEBUG org.springframework.test.context.support.AbstractContextLoader - Did not detect default resource location for test class [com.clarolab.api.suite.ApproveAutomaticTriageAPITest]: class path resource [com/clarolab/api/suite/ApproveAutomaticTriageAPITestContext.groovy] does not exist
09:55:44.647 [main] INFO org.springframework.test.context.support.AbstractContextLoader - Could not detect default resource locations for test class [com.clarolab.api.suite.ApproveAutomaticTriageAPITest]: no resource found for suffixes {-context.xml, Context.groovy}.
09:55:44.649 [main] DEBUG org.springframework.test.context.support.ActiveProfilesUtils - Could not find an 'annotation declaring class' for annotation type [org.springframework.test.context.ActiveProfiles] and class [com.clarolab.api.suite.ApproveAutomaticTriageAPITest]
09:55:44.650 [main] DEBUG org.springframework.boot.test.context.SpringBootTestContextBootstrapper - @TestExecutionListeners is not present for class [com.clarolab.api.suite.ApproveAutomaticTriageAPITest]: using defaults.
09:55:44.650 [main] INFO org.springframework.boot.test.context.SpringBootTestContextBootstrapper - Loaded default TestExecutionListener class names from location [META-INF/spring.factories]: [org.springframework.boot.test.mock.mockito.MockitoTestExecutionListener, org.springframework.boot.test.mock.mockito.ResetMocksTestExecutionListener, org.springframework.boot.test.autoconfigure.restdocs.RestDocsTestExecutionListener, org.springframework.boot.test.autoconfigure.web.client.MockRestServiceServerResetTestExecutionListener, org.springframework.boot.test.autoconfigure.web.servlet.MockMvcPrintOnlyOnFailureTestExecutionListener, org.springframework.boot.test.autoconfigure.web.servlet.WebDriverTestExecutionListener, org.springframework.test.context.web.ServletTestExecutionListener, org.springframework.test.context.support.DirtiesContextBeforeModesTestExecutionListener, org.springframework.test.context.support.DependencyInjectionTestExecutionListener, org.springframework.test.context.support.DirtiesContextTestExecutionListener, org.springframework.test.context.transaction.TransactionalTestExecutionListener, org.springframework.test.context.jdbc.SqlScriptsTestExecutionListener]
09:55:44.651 [main] INFO org.springframework.boot.test.context.SpringBootTestContextBootstrapper - Using TestExecutionListeners: [org.springframework.test.context.web.ServletTestExecutionListener@52102734, org.springframework.test.context.support.DirtiesContextBeforeModesTestExecutionListener@3541cb24, org.springframework.boot.test.mock.mockito.MockitoTestExecutionListener@2177849e, org.springframework.boot.test.autoconfigure.SpringBootDependencyInjectionTestExecutionListener@40cb8df7, org.springframework.test.context.support.DirtiesContextTestExecutionListener@13b13b5d, org.springframework.test.context.transaction.TransactionalTestExecutionListener@2892dae4, org.springframework.test.context.jdbc.SqlScriptsTestExecutionListener@355ce81c, org.springframework.boot.test.mock.mockito.ResetMocksTestExecutionListener@29647f75, org.springframework.boot.test.autoconfigure.restdocs.RestDocsTestExecutionListener@3315d2d7, org.springframework.boot.test.autoconfigure.web.client.MockRestServiceServerResetTestExecutionListener@d6e7bab, org.springframework.boot.test.autoconfigure.web.servlet.MockMvcPrintOnlyOnFailureTestExecutionListener@5fa07e12, org.springframework.boot.test.autoconfigure.web.servlet.WebDriverTestExecutionListener@55b53d44]
09:55:44.651 [main] DEBUG org.springframework.test.context.junit4.SpringJUnit4ClassRunner - SpringJUnit4ClassRunner constructor called with [class com.clarolab.api.suite.AssigneeToBuildAPITest]
09:55:44.651 [main] DEBUG org.springframework.test.context.BootstrapUtils - Instantiating CacheAwareContextLoaderDelegate from class [org.springframework.test.context.cache.DefaultCacheAwareContextLoaderDelegate]
09:55:44.651 [main] DEBUG org.springframework.test.context.BootstrapUtils - Instantiating BootstrapContext using constructor [public org.springframework.test.context.support.DefaultBootstrapContext(java.lang.Class,org.springframework.test.context.CacheAwareContextLoaderDelegate)]
09:55:44.652 [main] DEBUG org.springframework.test.context.BootstrapUtils - Instantiating TestContextBootstrapper for test class [com.clarolab.api.suite.AssigneeToBuildAPITest] from class [org.springframework.boot.test.context.SpringBootTestContextBootstrapper]
09:55:44.652 [main] INFO org.springframework.boot.test.context.SpringBootTestContextBootstrapper - Neither @ContextConfiguration nor @ContextHierarchy found for test class [com.clarolab.api.suite.AssigneeToBuildAPITest], using SpringBootContextLoader
09:55:44.652 [main] DEBUG org.springframework.test.context.support.AbstractContextLoader - Did not detect default resource location for test class [com.clarolab.api.suite.AssigneeToBuildAPITest]: class path resource [com/clarolab/api/suite/AssigneeToBuildAPITest-context.xml] does not exist
09:55:44.653 [main] DEBUG org.springframework.test.context.support.AbstractContextLoader - Did not detect default resource location for test class [com.clarolab.api.suite.AssigneeToBuildAPITest]: class path resource [com/clarolab/api/suite/AssigneeToBuildAPITestContext.groovy] does not exist
09:55:44.653 [main] INFO org.springframework.test.context.support.AbstractContextLoader - Could not detect default resource locations for test class [com.clarolab.api.suite.AssigneeToBuildAPITest]: no resource found for suffixes {-context.xml, Context.groovy}.
09:55:44.654 [main] DEBUG org.springframework.test.context.support.ActiveProfilesUtils - Could not find an 'annotation declaring class' for annotation type [org.springframework.test.context.ActiveProfiles] and class [com.clarolab.api.suite.AssigneeToBuildAPITest]
09:55:44.656 [main] DEBUG org.springframework.boot.test.context.SpringBootTestContextBootstrapper - @TestExecutionListeners is not present for class [com.clarolab.api.suite.AssigneeToBuildAPITest]: using defaults.
09:55:44.656 [main] INFO org.springframework.boot.test.context.SpringBootTestContextBootstrapper - Loaded default TestExecutionListener class names from location [META-INF/spring.factories]: [org.springframework.boot.test.mock.mockito.MockitoTestExecutionListener, org.springframework.boot.test.mock.mockito.ResetMocksTestExecutionListener, org.springframework.boot.test.autoconfigure.restdocs.RestDocsTestExecutionListener, org.springframework.boot.test.autoconfigure.web.client.MockRestServiceServerResetTestExecutionListener, org.springframework.boot.test.autoconfigure.web.servlet.MockMvcPrintOnlyOnFailureTestExecutionListener, org.springframework.boot.test.autoconfigure.web.servlet.WebDriverTestExecutionListener, org.springframework.test.context.web.ServletTestExecutionListener, org.springframework.test.context.support.DirtiesContextBeforeModesTestExecutionListener, org.springframework.test.context.support.DependencyInjectionTestExecutionListener, org.springframework.test.context.support.DirtiesContextTestExecutionListener, org.springframework.test.context.transaction.TransactionalTestExecutionListener, org.springframework.test.context.jdbc.SqlScriptsTestExecutionListener]
09:55:44.656 [main] INFO org.springframework.boot.test.context.SpringBootTestContextBootstrapper - Using TestExecutionListeners: [org.springframework.test.context.web.ServletTestExecutionListener@62e7f11d, org.springframework.test.context.support.DirtiesContextBeforeModesTestExecutionListener@503d687a, org.springframework.boot.test.mock.mockito.MockitoTestExecutionListener@6a370f4, org.springframework.boot.test.autoconfigure.SpringBootDependencyInjectionTestExecutionListener@2abf4075, org.springframework.test.context.support.DirtiesContextTestExecutionListener@770d3326, org.springframework.test.context.transaction.TransactionalTestExecutionListener@4cc8eb05, org.springframework.test.context.jdbc.SqlScriptsTestExecutionListener@51f116b8, org.springframework.boot.test.mock.mockito.ResetMocksTestExecutionListener@19d481b, org.springframework.boot.test.autoconfigure.restdocs.RestDocsTestExecutionListener@1f97cf0d, org.springframework.boot.test.autoconfigure.web.client.MockRestServiceServerResetTestExecutionListener@140c9f39, org.springframework.boot.test.autoconfigure.web.servlet.MockMvcPrintOnlyOnFailureTestExecutionListener@4d910fd6, org.springframework.boot.test.autoconfigure.web.servlet.WebDriverTestExecutionListener@26275bef]
09:55:44.657 [main] DEBUG org.springframework.test.context.junit4.SpringJUnit4ClassRunner - SpringJUnit4ClassRunner constructor called with [class com.clarolab.api.suite.InvalidBuildTriageAPITest]
09:55:44.657 [main] DEBUG org.springframework.test.context.BootstrapUtils - Instantiating CacheAwareContextLoaderDelegate from class [org.springframework.test.context.cache.DefaultCacheAwareContextLoaderDelegate]
09:55:44.657 [main] DEBUG org.springframework.test.context.BootstrapUtils - Instantiating BootstrapContext using constructor [public org.springframework.test.context.support.DefaultBootstrapContext(java.lang.Class,org.springframework.test.context.CacheAwareContextLoaderDelegate)]
09:55:44.657 [main] DEBUG org.springframework.test.context.BootstrapUtils - Instantiating TestContextBootstrapper for test class [com.clarolab.api.suite.InvalidBuildTriageAPITest] from class [org.springframework.boot.test.context.SpringBootTestContextBootstrapper]
09:55:44.658 [main] INFO org.springframework.boot.test.context.SpringBootTestContextBootstrapper - Neither @ContextConfiguration nor @ContextHierarchy found for test class [com.clarolab.api.suite.InvalidBuildTriageAPITest], using SpringBootContextLoader
09:55:44.658 [main] DEBUG org.springframework.test.context.support.AbstractContextLoader - Did not detect default resource location for test class [com.clarolab.api.suite.InvalidBuildTriageAPITest]: class path resource [com/clarolab/api/suite/InvalidBuildTriageAPITest-context.xml] does not exist
09:55:44.658 [main] DEBUG org.springframework.test.context.support.AbstractContextLoader - Did not detect default resource location for test class [com.clarolab.api.suite.InvalidBuildTriageAPITest]: class path resource [com/clarolab/api/suite/InvalidBuildTriageAPITestContext.groovy] does not exist
09:55:44.658 [main] INFO org.springframework.test.context.support.AbstractContextLoader - Could not detect default resource locations for test class [com.clarolab.api.suite.InvalidBuildTriageAPITest]: no resource found for suffixes {-context.xml, Context.groovy}.
09:55:44.660 [main] DEBUG org.springframework.test.context.support.ActiveProfilesUtils - Could not find an 'annotation declaring class' for annotation type [org.springframework.test.context.ActiveProfiles] and class [com.clarolab.api.suite.InvalidBuildTriageAPITest]
09:55:44.662 [main] DEBUG org.springframework.boot.test.context.SpringBootTestContextBootstrapper - @TestExecutionListeners is not present for class [com.clarolab.api.suite.InvalidBuildTriageAPITest]: using defaults.
09:55:44.662 [main] INFO org.springframework.boot.test.context.SpringBootTestContextBootstrapper - Loaded default TestExecutionListener class names from location [META-INF/spring.factories]: [org.springframework.boot.test.mock.mockito.MockitoTestExecutionListener, org.springframework.boot.test.mock.mockito.ResetMocksTestExecutionListener, org.springframework.boot.test.autoconfigure.restdocs.RestDocsTestExecutionListener, org.springframework.boot.test.autoconfigure.web.client.MockRestServiceServerResetTestExecutionListener, org.springframework.boot.test.autoconfigure.web.servlet.MockMvcPrintOnlyOnFailureTestExecutionListener, org.springframework.boot.test.autoconfigure.web.servlet.WebDriverTestExecutionListener, org.springframework.test.context.web.ServletTestExecutionListener, org.springframework.test.context.support.DirtiesContextBeforeModesTestExecutionListener, org.springframework.test.context.support.DependencyInjectionTestExecutionListener, org.springframework.test.context.support.DirtiesContextTestExecutionListener, org.springframework.test.context.transaction.TransactionalTestExecutionListener, org.springframework.test.context.jdbc.SqlScriptsTestExecutionListener]
09:55:44.662 [main] INFO org.springframework.boot.test.context.SpringBootTestContextBootstrapper - Using TestExecutionListeners: [org.springframework.test.context.web.ServletTestExecutionListener@49dc7102, org.springframework.test.context.support.DirtiesContextBeforeModesTestExecutionListener@6b8ca3c8, org.springframework.boot.test.mock.mockito.MockitoTestExecutionListener@68c72235, org.springframework.boot.test.autoconfigure.SpringBootDependencyInjectionTestExecutionListener@10959ece, org.springframework.test.context.support.DirtiesContextTestExecutionListener@3a6bb9bf, org.springframework.test.context.transaction.TransactionalTestExecutionListener@34f7cfd9, org.springframework.test.context.jdbc.SqlScriptsTestExecutionListener@65f095f8, org.springframework.boot.test.mock.mockito.ResetMocksTestExecutionListener@59af0466, org.springframework.boot.test.autoconfigure.restdocs.RestDocsTestExecutionListener@3e6ef8ad, org.springframework.boot.test.autoconfigure.web.client.MockRestServiceServerResetTestExecutionListener@346d61be, org.springframework.boot.test.autoconfigure.web.servlet.MockMvcPrintOnlyOnFailureTestExecutionListener@55536d9e, org.springframework.boot.test.autoconfigure.web.servlet.WebDriverTestExecutionListener@747edf66]
09:55:44.663 [main] DEBUG org.springframework.test.context.junit4.SpringJUnit4ClassRunner - SpringJUnit4ClassRunner constructor called with [class com.clarolab.api.suite.TriageBuildAPITest]
09:55:44.663 [main] DEBUG org.springframework.test.context.BootstrapUtils - Instantiating CacheAwareContextLoaderDelegate from class [org.springframework.test.context.cache.DefaultCacheAwareContextLoaderDelegate]
09:55:44.663 [main] DEBUG org.springframework.test.context.BootstrapUtils - Instantiating BootstrapContext using constructor [public org.springframework.test.context.support.DefaultBootstrapContext(java.lang.Class,org.springframework.test.context.CacheAwareContextLoaderDelegate)]
09:55:44.663 [main] DEBUG org.springframework.test.context.BootstrapUtils - Instantiating TestContextBootstrapper for test class [com.clarolab.api.suite.TriageBuildAPITest] from class [org.springframework.boot.test.context.SpringBootTestContextBootstrapper]
09:55:44.663 [main] INFO org.springframework.boot.test.context.SpringBootTestContextBootstrapper - Neither @ContextConfiguration nor @ContextHierarchy found for test class [com.clarolab.api.suite.TriageBuildAPITest], using SpringBootContextLoader
09:55:44.664 [main] DEBUG org.springframework.test.context.support.AbstractContextLoader - Did not detect default resource location for test class [com.clarolab.api.suite.TriageBuildAPITest]: class path resource [com/clarolab/api/suite/TriageBuildAPITest-context.xml] does not exist
09:55:44.664 [main] DEBUG org.springframework.test.context.support.AbstractContextLoader - Did not detect default resource location for test class [com.clarolab.api.suite.TriageBuildAPITest]: class path resource [com/clarolab/api/suite/TriageBuildAPITestContext.groovy] does not exist
09:55:44.664 [main] INFO org.springframework.test.context.support.AbstractContextLoader - Could not detect default resource locations for test class [com.clarolab.api.suite.TriageBuildAPITest]: no resource found for suffixes {-context.xml, Context.groovy}.
09:55:44.666 [main] DEBUG org.springframework.test.context.support.ActiveProfilesUtils - Could not find an 'annotation declaring class' for annotation type [org.springframework.test.context.ActiveProfiles] and class [com.clarolab.api.suite.TriageBuildAPITest]
09:55:44.667 [main] DEBUG org.springframework.boot.test.context.SpringBootTestContextBootstrapper - @TestExecutionListeners is not present for class [com.clarolab.api.suite.TriageBuildAPITest]: using defaults.
09:55:44.667 [main] INFO org.springframework.boot.test.context.SpringBootTestContextBootstrapper - Loaded default TestExecutionListener class names from location [META-INF/spring.factories]: [org.springframework.boot.test.mock.mockito.MockitoTestExecutionListener, org.springframework.boot.test.mock.mockito.ResetMocksTestExecutionListener, org.springframework.boot.test.autoconfigure.restdocs.RestDocsTestExecutionListener, org.springframework.boot.test.autoconfigure.web.client.MockRestServiceServerResetTestExecutionListener, org.springframework.boot.test.autoconfigure.web.servlet.MockMvcPrintOnlyOnFailureTestExecutionListener, org.springframework.boot.test.autoconfigure.web.servlet.WebDriverTestExecutionListener, org.springframework.test.context.web.ServletTestExecutionListener, org.springframework.test.context.support.DirtiesContextBeforeModesTestExecutionListener, org.springframework.test.context.support.DependencyInjectionTestExecutionListener, org.springframework.test.context.support.DirtiesContextTestExecutionListener, org.springframework.test.context.transaction.TransactionalTestExecutionListener, org.springframework.test.context.jdbc.SqlScriptsTestExecutionListener]
09:55:44.667 [main] INFO org.springframework.boot.test.context.SpringBootTestContextBootstrapper - Using TestExecutionListeners: [org.springframework.test.context.web.ServletTestExecutionListener@3738449f, org.springframework.test.context.support.DirtiesContextBeforeModesTestExecutionListener@69e1dd28, org.springframework.boot.test.mock.mockito.MockitoTestExecutionListener@11bd0f3b, org.springframework.boot.test.autoconfigure.SpringBootDependencyInjectionTestExecutionListener@c333c60, org.springframework.test.context.support.DirtiesContextTestExecutionListener@79da8dc5, org.springframework.test.context.transaction.TransactionalTestExecutionListener@1eb5174b, org.springframework.test.context.jdbc.SqlScriptsTestExecutionListener@67080771, org.springframework.boot.test.mock.mockito.ResetMocksTestExecutionListener@72cde7cc, org.springframework.boot.test.autoconfigure.restdocs.RestDocsTestExecutionListener@5fd4f8f5, org.springframework.boot.test.autoconfigure.web.client.MockRestServiceServerResetTestExecutionListener@696da30b, org.springframework.boot.test.autoconfigure.web.servlet.MockMvcPrintOnlyOnFailureTestExecutionListener@4e7912d8, org.springframework.boot.test.autoconfigure.web.servlet.WebDriverTestExecutionListener@53976f5c]
09:55:44.668 [main] DEBUG org.springframework.test.context.junit4.SpringJUnit4ClassRunner - SpringJUnit4ClassRunner constructor called with [class com.clarolab.api.test.AssignTestCaseAPITest]
09:55:44.668 [main] DEBUG org.springframework.test.context.BootstrapUtils - Instantiating CacheAwareContextLoaderDelegate from class [org.springframework.test.context.cache.DefaultCacheAwareContextLoaderDelegate]
09:55:44.668 [main] DEBUG org.springframework.test.context.BootstrapUtils - Instantiating BootstrapContext using constructor [public org.springframework.test.context.support.DefaultBootstrapContext(java.lang.Class,org.springframework.test.context.CacheAwareContextLoaderDelegate)]
09:55:44.668 [main] DEBUG org.springframework.test.context.BootstrapUtils - Instantiating TestContextBootstrapper for test class [com.clarolab.api.test.AssignTestCaseAPITest] from class [org.springframework.boot.test.context.SpringBootTestContextBootstrapper]
09:55:44.669 [main] INFO org.springframework.boot.test.context.SpringBootTestContextBootstrapper - Neither @ContextConfiguration nor @ContextHierarchy found for test class [com.clarolab.api.test.AssignTestCaseAPITest], using SpringBootContextLoader
09:55:44.669 [main] DEBUG org.springframework.test.context.support.AbstractContextLoader - Did not detect default resource location for test class [com.clarolab.api.test.AssignTestCaseAPITest]: class path resource [com/clarolab/api/test/AssignTestCaseAPITest-context.xml] does not exist
09:55:44.669 [main] DEBUG org.springframework.test.context.support.AbstractContextLoader - Did not detect default resource location for test class [com.clarolab.api.test.AssignTestCaseAPITest]: class path resource [com/clarolab/api/test/AssignTestCaseAPITestContext.groovy] does not exist
09:55:44.669 [main] INFO org.springframework.test.context.support.AbstractContextLoader - Could not detect default resource locations for test class [com.clarolab.api.test.AssignTestCaseAPITest]: no resource found for suffixes {-context.xml, Context.groovy}.
09:55:44.671 [main] DEBUG org.springframework.test.context.support.ActiveProfilesUtils - Could not find an 'annotation declaring class' for annotation type [org.springframework.test.context.ActiveProfiles] and class [com.clarolab.api.test.AssignTestCaseAPITest]
09:55:44.672 [main] DEBUG org.springframework.boot.test.context.SpringBootTestContextBootstrapper - @TestExecutionListeners is not present for class [com.clarolab.api.test.AssignTestCaseAPITest]: using defaults.
09:55:44.672 [main] INFO org.springframework.boot.test.context.SpringBootTestContextBootstrapper - Loaded default TestExecutionListener class names from location [META-INF/spring.factories]: [org.springframework.boot.test.mock.mockito.MockitoTestExecutionListener, org.springframework.boot.test.mock.mockito.ResetMocksTestExecutionListener, org.springframework.boot.test.autoconfigure.restdocs.RestDocsTestExecutionListener, org.springframework.boot.test.autoconfigure.web.client.MockRestServiceServerResetTestExecutionListener, org.springframework.boot.test.autoconfigure.web.servlet.MockMvcPrintOnlyOnFailureTestExecutionListener, org.springframework.boot.test.autoconfigure.web.servlet.WebDriverTestExecutionListener, org.springframework.test.context.web.ServletTestExecutionListener, org.springframework.test.context.support.DirtiesContextBeforeModesTestExecutionListener, org.springframework.test.context.support.DependencyInjectionTestExecutionListener, org.springframework.test.context.support.DirtiesContextTestExecutionListener, org.springframework.test.context.transaction.TransactionalTestExecutionListener, org.springframework.test.context.jdbc.SqlScriptsTestExecutionListener]
09:55:44.673 [main] INFO org.springframework.boot.test.context.SpringBootTestContextBootstrapper - Using TestExecutionListeners: [org.springframework.test.context.web.ServletTestExecutionListener@a3d8174, org.springframework.test.context.support.DirtiesContextBeforeModesTestExecutionListener@1ba9117e, org.springframework.boot.test.mock.mockito.MockitoTestExecutionListener@732c2a62, org.springframework.boot.test.autoconfigure.SpringBootDependencyInjectionTestExecutionListener@272ed83b, org.springframework.test.context.support.DirtiesContextTestExecutionListener@41fecb8b, org.springframework.test.context.transaction.TransactionalTestExecutionListener@120f102b, org.springframework.test.context.jdbc.SqlScriptsTestExecutionListener@625732, org.springframework.boot.test.mock.mockito.ResetMocksTestExecutionListener@51dcb805, org.springframework.boot.test.autoconfigure.restdocs.RestDocsTestExecutionListener@66498326, org.springframework.boot.test.autoconfigure.web.client.MockRestServiceServerResetTestExecutionListener@cad498c, org.springframework.boot.test.autoconfigure.web.servlet.MockMvcPrintOnlyOnFailureTestExecutionListener@1e6454ec, org.springframework.boot.test.autoconfigure.web.servlet.WebDriverTestExecutionListener@2accdbb5]
09:55:44.675 [main] DEBUG org.springframework.test.context.junit4.SpringJUnit4ClassRunner - SpringJUnit4ClassRunner constructor called with [class com.clarolab.api.test.TestExecutionAPITest]
09:55:44.675 [main] DEBUG org.springframework.test.context.BootstrapUtils - Instantiating CacheAwareContextLoaderDelegate from class [org.springframework.test.context.cache.DefaultCacheAwareContextLoaderDelegate]
09:55:44.675 [main] DEBUG org.springframework.test.context.BootstrapUtils - Instantiating BootstrapContext using constructor [public org.springframework.test.context.support.DefaultBootstrapContext(java.lang.Class,org.springframework.test.context.CacheAwareContextLoaderDelegate)]
09:55:44.675 [main] DEBUG org.springframework.test.context.BootstrapUtils - Instantiating TestContextBootstrapper for test class [com.clarolab.api.test.TestExecutionAPITest] from class [org.springframework.boot.test.context.SpringBootTestContextBootstrapper]
09:55:44.675 [main] INFO org.springframework.boot.test.context.SpringBootTestContextBootstrapper - Neither @ContextConfiguration nor @ContextHierarchy found for test class [com.clarolab.api.test.TestExecutionAPITest], using SpringBootContextLoader
09:55:44.676 [main] DEBUG org.springframework.test.context.support.AbstractContextLoader - Did not detect default resource location for test class [com.clarolab.api.test.TestExecutionAPITest]: class path resource [com/clarolab/api/test/TestExecutionAPITest-context.xml] does not exist
09:55:44.676 [main] DEBUG org.springframework.test.context.support.AbstractContextLoader - Did not detect default resource location for test class [com.clarolab.api.test.TestExecutionAPITest]: class path resource [com/clarolab/api/test/TestExecutionAPITestContext.groovy] does not exist
09:55:44.676 [main] INFO org.springframework.test.context.support.AbstractContextLoader - Could not detect default resource locations for test class [com.clarolab.api.test.TestExecutionAPITest]: no resource found for suffixes {-context.xml, Context.groovy}.
09:55:44.678 [main] DEBUG org.springframework.test.context.support.ActiveProfilesUtils - Could not find an 'annotation declaring class' for annotation type [org.springframework.test.context.ActiveProfiles] and class [com.clarolab.api.test.TestExecutionAPITest]
09:55:44.679 [main] DEBUG org.springframework.boot.test.context.SpringBootTestContextBootstrapper - @TestExecutionListeners is not present for class [com.clarolab.api.test.TestExecutionAPITest]: using defaults.
09:55:44.679 [main] INFO org.springframework.boot.test.context.SpringBootTestContextBootstrapper - Loaded default TestExecutionListener class names from location [META-INF/spring.factories]: [org.springframework.boot.test.mock.mockito.MockitoTestExecutionListener, org.springframework.boot.test.mock.mockito.ResetMocksTestExecutionListener, org.springframework.boot.test.autoconfigure.restdocs.RestDocsTestExecutionListener, org.springframework.boot.test.autoconfigure.web.client.MockRestServiceServerResetTestExecutionListener, org.springframework.boot.test.autoconfigure.web.servlet.MockMvcPrintOnlyOnFailureTestExecutionListener, org.springframework.boot.test.autoconfigure.web.servlet.WebDriverTestExecutionListener, org.springframework.test.context.web.ServletTestExecutionListener, org.springframework.test.context.support.DirtiesContextBeforeModesTestExecutionListener, org.springframework.test.context.support.DependencyInjectionTestExecutionListener, org.springframework.test.context.support.DirtiesContextTestExecutionListener, org.springframework.test.context.transaction.TransactionalTestExecutionListener, org.springframework.test.context.jdbc.SqlScriptsTestExecutionListener]
09:55:44.679 [main] INFO org.springframework.boot.test.context.SpringBootTestContextBootstrapper - Using TestExecutionListeners: [org.springframework.test.context.web.ServletTestExecutionListener@693fe6c9, org.springframework.test.context.support.DirtiesContextBeforeModesTestExecutionListener@34f5090e, org.springframework.boot.test.mock.mockito.MockitoTestExecutionListener@31e5415e, org.springframework.boot.test.autoconfigure.SpringBootDependencyInjectionTestExecutionListener@a2431d0, org.springframework.test.context.support.DirtiesContextTestExecutionListener@1cbb87f3, org.springframework.test.context.transaction.TransactionalTestExecutionListener@1a4013, org.springframework.test.context.jdbc.SqlScriptsTestExecutionListener@1b6e1eff, org.springframework.boot.test.mock.mockito.ResetMocksTestExecutionListener@306f16f3, org.springframework.boot.test.autoconfigure.restdocs.RestDocsTestExecutionListener@702b8b12, org.springframework.boot.test.autoconfigure.web.client.MockRestServiceServerResetTestExecutionListener@22e357dc, org.springframework.boot.test.autoconfigure.web.servlet.MockMvcPrintOnlyOnFailureTestExecutionListener@49912c99, org.springframework.boot.test.autoconfigure.web.servlet.WebDriverTestExecutionListener@10163d6]
09:55:44.680 [main] DEBUG org.springframework.test.context.junit4.SpringJUnit4ClassRunner - SpringJUnit4ClassRunner constructor called with [class com.clarolab.api.test.TriageTestAPITest]
09:55:44.681 [main] DEBUG org.springframework.test.context.BootstrapUtils - Instantiating CacheAwareContextLoaderDelegate from class [org.springframework.test.context.cache.DefaultCacheAwareContextLoaderDelegate]
09:55:44.681 [main] DEBUG org.springframework.test.context.BootstrapUtils - Instantiating BootstrapContext using constructor [public org.springframework.test.context.support.DefaultBootstrapContext(java.lang.Class,org.springframework.test.context.CacheAwareContextLoaderDelegate)]
09:55:44.681 [main] DEBUG org.springframework.test.context.BootstrapUtils - Instantiating TestContextBootstrapper for test class [com.clarolab.api.test.TriageTestAPITest] from class [org.springframework.boot.test.context.SpringBootTestContextBootstrapper]
09:55:44.681 [main] INFO org.springframework.boot.test.context.SpringBootTestContextBootstrapper - Neither @ContextConfiguration nor @ContextHierarchy found for test class [com.clarolab.api.test.TriageTestAPITest], using SpringBootContextLoader
09:55:44.682 [main] DEBUG org.springframework.test.context.support.AbstractContextLoader - Did not detect default resource location for test class [com.clarolab.api.test.TriageTestAPITest]: class path resource [com/clarolab/api/test/TriageTestAPITest-context.xml] does not exist
09:55:44.682 [main] DEBUG org.springframework.test.context.support.AbstractContextLoader - Did not detect default resource location for test class [com.clarolab.api.test.TriageTestAPITest]: class path resource [com/clarolab/api/test/TriageTestAPITestContext.groovy] does not exist
09:55:44.683 [main] INFO org.springframework.test.context.support.AbstractContextLoader - Could not detect default resource locations for test class [com.clarolab.api.test.TriageTestAPITest]: no resource found for suffixes {-context.xml, Context.groovy}.
09:55:44.685 [main] DEBUG org.springframework.test.context.support.ActiveProfilesUtils - Could not find an 'annotation declaring class' for annotation type [org.springframework.test.context.ActiveProfiles] and class [com.clarolab.api.test.TriageTestAPITest]
09:55:44.687 [main] DEBUG org.springframework.boot.test.context.SpringBootTestContextBootstrapper - @TestExecutionListeners is not present for class [com.clarolab.api.test.TriageTestAPITest]: using defaults.
09:55:44.687 [main] INFO org.springframework.boot.test.context.SpringBootTestContextBootstrapper - Loaded default TestExecutionListener class names from location [META-INF/spring.factories]: [org.springframework.boot.test.mock.mockito.MockitoTestExecutionListener, org.springframework.boot.test.mock.mockito.ResetMocksTestExecutionListener, org.springframework.boot.test.autoconfigure.restdocs.RestDocsTestExecutionListener, org.springframework.boot.test.autoconfigure.web.client.MockRestServiceServerResetTestExecutionListener, org.springframework.boot.test.autoconfigure.web.servlet.MockMvcPrintOnlyOnFailureTestExecutionListener, org.springframework.boot.test.autoconfigure.web.servlet.WebDriverTestExecutionListener, org.springframework.test.context.web.ServletTestExecutionListener, org.springframework.test.context.support.DirtiesContextBeforeModesTestExecutionListener, org.springframework.test.context.support.DependencyInjectionTestExecutionListener, org.springframework.test.context.support.DirtiesContextTestExecutionListener, org.springframework.test.context.transaction.TransactionalTestExecutionListener, org.springframework.test.context.jdbc.SqlScriptsTestExecutionListener]
09:55:44.687 [main] INFO org.springframework.boot.test.context.SpringBootTestContextBootstrapper - Using TestExecutionListeners: [org.springframework.test.context.web.ServletTestExecutionListener@50ad3bc1, org.springframework.test.context.support.DirtiesContextBeforeModesTestExecutionListener@223aa2f7, org.springframework.boot.test.mock.mockito.MockitoTestExecutionListener@6d3a388c, org.springframework.boot.test.autoconfigure.SpringBootDependencyInjectionTestExecutionListener@193f604a, org.springframework.test.context.support.DirtiesContextTestExecutionListener@20f5239f, org.springframework.test.context.transaction.TransactionalTestExecutionListener@57af006c, org.springframework.test.context.jdbc.SqlScriptsTestExecutionListener@6bedbc4d, org.springframework.boot.test.mock.mockito.ResetMocksTestExecutionListener@932bc4a, org.springframework.boot.test.autoconfigure.restdocs.RestDocsTestExecutionListener@d29f28, org.springframework.boot.test.autoconfigure.web.client.MockRestServiceServerResetTestExecutionListener@2fd1433e, org.springframework.boot.test.autoconfigure.web.servlet.MockMvcPrintOnlyOnFailureTestExecutionListener@29d89d5d, org.springframework.boot.test.autoconfigure.web.servlet.WebDriverTestExecutionListener@3514a4c0]
09:55:44.690 [main] DEBUG org.springframework.test.annotation.ProfileValueUtils - Retrieved @ProfileValueSourceConfiguration [null] for test class [com.clarolab.api.entry.BuildAPITest]
09:55:44.691 [main] DEBUG org.springframework.test.annotation.ProfileValueUtils - Retrieved ProfileValueSource type [class org.springframework.test.annotation.SystemProfileValueSource] for class [com.clarolab.api.entry.BuildAPITest]
09:55:44.692 [main] DEBUG org.springframework.test.annotation.ProfileValueUtils - Retrieved @ProfileValueSourceConfiguration [null] for test class [com.clarolab.api.entry.ConnectorAPITest]
09:55:44.692 [main] DEBUG org.springframework.test.annotation.ProfileValueUtils - Retrieved ProfileValueSource type [class org.springframework.test.annotation.SystemProfileValueSource] for class [com.clarolab.api.entry.ConnectorAPITest]
09:55:44.693 [main] DEBUG org.springframework.test.annotation.ProfileValueUtils - Retrieved @ProfileValueSourceConfiguration [null] for test class [com.clarolab.api.entry.ListAPITest]
09:55:44.693 [main] DEBUG org.springframework.test.annotation.ProfileValueUtils - Retrieved ProfileValueSource type [class org.springframework.test.annotation.SystemProfileValueSource] for class [com.clarolab.api.entry.ListAPITest]
09:55:44.693 [main] DEBUG org.springframework.test.annotation.ProfileValueUtils - Retrieved @ProfileValueSourceConfiguration [null] for test class [com.clarolab.api.entry.ProductAPITest]
09:55:44.693 [main] DEBUG org.springframework.test.annotation.ProfileValueUtils - Retrieved ProfileValueSource type [class org.springframework.test.annotation.SystemProfileValueSource] for class [com.clarolab.api.entry.ProductAPITest]
09:55:44.694 [main] DEBUG org.springframework.test.annotation.ProfileValueUtils - Retrieved @ProfileValueSourceConfiguration [null] for test class [com.clarolab.api.entry.UserAPITest]
09:55:44.694 [main] DEBUG org.springframework.test.annotation.ProfileValueUtils - Retrieved ProfileValueSource type [class org.springframework.test.annotation.SystemProfileValueSource] for class [com.clarolab.api.entry.UserAPITest]
09:55:44.694 [main] DEBUG org.springframework.test.annotation.ProfileValueUtils - Retrieved @ProfileValueSourceConfiguration [null] for test class [com.clarolab.api.report.ExportAPITest]
09:55:44.694 [main] DEBUG org.springframework.test.annotation.ProfileValueUtils - Retrieved ProfileValueSource type [class org.springframework.test.annotation.SystemProfileValueSource] for class [com.clarolab.api.report.ExportAPITest]
09:55:44.695 [main] DEBUG org.springframework.test.annotation.ProfileValueUtils - Retrieved @ProfileValueSourceConfiguration [null] for test class [com.clarolab.api.report.StatsAPITest]
09:55:44.695 [main] DEBUG org.springframework.test.annotation.ProfileValueUtils - Retrieved ProfileValueSource type [class org.springframework.test.annotation.SystemProfileValueSource] for class [com.clarolab.api.report.StatsAPITest]
09:55:44.695 [main] DEBUG org.springframework.test.annotation.ProfileValueUtils - Retrieved @ProfileValueSourceConfiguration [null] for test class [com.clarolab.api.report.ViewAPITest]
09:55:44.695 [main] DEBUG org.springframework.test.annotation.ProfileValueUtils - Retrieved ProfileValueSource type [class org.springframework.test.annotation.SystemProfileValueSource] for class [com.clarolab.api.report.ViewAPITest]
09:55:44.695 [main] DEBUG org.springframework.test.annotation.ProfileValueUtils - Retrieved @ProfileValueSourceConfiguration [null] for test class [com.clarolab.api.suite.ApproveAutomaticTriageAPITest]
09:55:44.695 [main] DEBUG org.springframework.test.annotation.ProfileValueUtils - Retrieved ProfileValueSource type [class org.springframework.test.annotation.SystemProfileValueSource] for class [com.clarolab.api.suite.ApproveAutomaticTriageAPITest]
09:55:44.695 [main] DEBUG org.springframework.test.annotation.ProfileValueUtils - Retrieved @ProfileValueSourceConfiguration [null] for test class [com.clarolab.api.suite.AssigneeToBuildAPITest]
09:55:44.695 [main] DEBUG org.springframework.test.annotation.ProfileValueUtils - Retrieved ProfileValueSource type [class org.springframework.test.annotation.SystemProfileValueSource] for class [com.clarolab.api.suite.AssigneeToBuildAPITest]
09:55:44.696 [main] DEBUG org.springframework.test.annotation.ProfileValueUtils - Retrieved @ProfileValueSourceConfiguration [null] for test class [com.clarolab.api.suite.InvalidBuildTriageAPITest]
09:55:44.696 [main] DEBUG org.springframework.test.annotation.ProfileValueUtils - Retrieved ProfileValueSource type [class org.springframework.test.annotation.SystemProfileValueSource] for class [com.clarolab.api.suite.InvalidBuildTriageAPITest]
09:55:44.696 [main] DEBUG org.springframework.test.annotation.ProfileValueUtils - Retrieved @ProfileValueSourceConfiguration [null] for test class [com.clarolab.api.suite.TriageBuildAPITest]
09:55:44.696 [main] DEBUG org.springframework.test.annotation.ProfileValueUtils - Retrieved ProfileValueSource type [class org.springframework.test.annotation.SystemProfileValueSource] for class [com.clarolab.api.suite.TriageBuildAPITest]
09:55:44.696 [main] DEBUG org.springframework.test.annotation.ProfileValueUtils - Retrieved @ProfileValueSourceConfiguration [null] for test class [com.clarolab.api.test.AssignTestCaseAPITest]
[...]
2019-02-11 09:56:48.861  INFO 7456 --- [       Thread-4] com.clarolab.util.rest.HttpClient        : Curl to execute: curl -u a296eed321ab07d489eae6a2eed301eac5472b19: --header 'Accept: application/json;' -X GET "https://circleci.com/api/v1.1/project/bitbucket/TTriage/qa-reports/125/artifacts" --insecure
2019-02-11 09:56:49.067  WARN 7456 --- [       Thread-4] o.a.h.c.protocol.ResponseProcessCookies  : Invalid cookie header: "Set-Cookie: ring-session=SOenVjSZBZi%2FVmLXuY1l%2BRl4vcDaAN%2FaHd%2B2%2F%2BaF%2BfaEEmlmRSPM8D2tqvsOOxbJFTWyPAvc9DSfKWgaUzo6LE8E7QGO0Vk0zIXd2ofTmxABfUSI1r%2BqxroLG%2B2NS8WbTRH%2FbXM4bbMZ%2FFVyro4ZIa7Ko8x3fJB4OZI84gFEysFnbh4KY26OkWDzz510v0GMnCb1FdQ1IcAhYkJanF4lqfAkuMT5rkbbvEwP0hmcGd8%3D--Mwb1tik6Aau%2BYToMMk6rC1B%2BulgvBgwO5xZBLcHJIog%3D;Path=/;HttpOnly;Expires=Mon, 10 Feb 2020 18:08:13 +0000;Max-Age=1209600;Secure". Invalid 'expires' attribute: Mon, 10 Feb 2020 18:08:13 +0000
2019-02-11 09:56:49.068  INFO 7456 --- [       Thread-4] com.clarolab.util.rest.HttpClient        : Curl to execute: curl -u a296eed321ab07d489eae6a2eed301eac5472b19: --header 'Accept: application/json;' -X GET "https://circleci.com/api/v1.1/project/bitbucket/TTriage/qa-reports/124/artifacts" --insecure
2019-02-11 09:56:49.323  WARN 7456 --- [       Thread-4] o.a.h.c.protocol.ResponseProcessCookies  : Invalid cookie header: "Set-Cookie: ring-session=ztu%2BaUc%2F7brRyywesNThp8dBkzeKVS1%2FKt%2FfGPmSTJ%2BSA%2BHJOJYfrHOLrEMRWzpwM%2FkTyuKA7zqYu0RfUOu2EDc8GBZFd%2Fc9SzorJyOKu0aYK9qG4DjZmuqb1DLYPhuTMqG5alhu8MTp0XhmFQ6T78IXCmMtvOQeIXfMe8XoeJ7pBUlrT0RDQjALvuc8NZIRt64rks7LZaqSkkd1linGatTE%2Fwx3qC4eyYf7EsWgoUk%3D--AQqFx%2FyMxaoeg4y3Y0%2BHjvnLzcbxh0O0ZVtpGghAwqU%3D;Path=/;HttpOnly;Expires=Fri, 07 Feb 2020 07:44:05 +0000;Max-Age=1209600;Secure". Invalid 'expires' attribute: Fri, 07 Feb 2020 07:44:05 +0000
2019-02-11 09:56:49.324  INFO 7456 --- [       Thread-4] com.clarolab.util.rest.HttpClient        : Curl to execute: curl -u a296eed321ab07d489eae6a2eed301eac5472b19: --header 'Accept: application/json;' -X GET "https://circleci.com/api/v1.1/project/bitbucket/TTriage/qa-reports/123/artifacts" --insecure
2019-02-11 09:56:49.556  WARN 7456 --- [       Thread-4] o.a.h.c.protocol.ResponseProcessCookies  : Invalid cookie header: "Set-Cookie: ring-session=uTR7y%2BoFeNOi4eckn13mrIKwnExqs8%2BxvE47pFnWe1m8mIyVHepbbohOmtZhk7LDoBEqvcirkkB7V6j%2BY8CXxX4VDRQ6j9O1fm%2BZhuWyl443NNPJPoiMySet%2FdM6ejI2P0FfxRSmekgyvFKRnNqxGkWbHgHiQAfraZEA4pwNmYUM3dyzw6KrZUUJLdy9Sqh005faDUJkeLPf4J%2F19fG29NlCdwirU1dhOYwdFFDDYdw%3D--WDJYBr3L%2BlIPQ6rG1TlV16GUazblM2Bd3ypedNdQ0Ig%3D;Path=/;HttpOnly;Expires=Fri, 07 Feb 2020 07:43:39 +0000;Max-Age=1209600;Secure". Invalid 'expires' attribute: Fri, 07 Feb 2020 07:43:39 +0000
2019-02-11 09:56:49.557  INFO 7456 --- [       Thread-4] com.clarolab.util.rest.HttpClient        : Curl to execute: curl -u a296eed321ab07d489eae6a2eed301eac5472b19: --header 'Accept: application/json;' -X GET "https://circleci.com/api/v1.1/project/bitbucket/TTriage/qa-reports/122/artifacts" --insecure
2019-02-11 09:56:49.799  WARN 7456 --- [       Thread-4] o.a.h.c.protocol.ResponseProcessCookies  : Invalid cookie header: "Set-Cookie: ring-session=JGomXigmYu8szdd2yOuab2DH%2FIr6jGewH9P7alGLo7fMD0zfQTn5bvxAA%2B3H6FWz%2FE7UKjzH90T4W8D3ADoDk9FTXCaISLlCggpx849FTtuN2sWJ7NIPjzqTMjc6Qem7KCcK6vVZ7J2LwaLakqEJm7%2FJSeuBF0oCZJVxePhT9Q%2F7lZ5PnxF8PXIY19%2B9PIhNixFbRbJyhN3WqJgsgUOCJ1%2BzqXkoyRpOR7Db3g4D3pg%3D--KiCz4QT9CqOnclOfe%2F%2Fa3b8CZuScrwM4L240zV1N79k%3D;Path=/;HttpOnly;Expires=Fri, 07 Feb 2020 07:34:31 +0000;Max-Age=1209600;Secure". Invalid 'expires' attribute: Fri, 07 Feb 2020 07:34:31 +0000
2019-02-11 09:56:49.799  INFO 7456 --- [       Thread-4] com.clarolab.util.rest.HttpClient        : Curl to execute: curl -u a296eed321ab07d489eae6a2eed301eac5472b19: --header 'Accept: application/json;' -X GET "https://circleci.com/api/v1.1/project/bitbucket/TTriage/qa-reports/121/artifacts" --insecure
2019-02-11 09:56:50.084  WARN 7456 --- [       Thread-4] o.a.h.c.protocol.ResponseProcessCookies  : Invalid cookie header: "Set-Cookie: ring-session=4O%2FK576an04NWjsBelBrLCN%2F%2BmTgmKIdYhQICpDOWC8IW146339ZEL8MLz%2BSMQaeRGMaVfC8CJugujxjz%2BszlTktHYYq%2Ba%2FKssxns1WWi4ec3L0UtyjjhbeC93ef0weM6lkDA7pZV%2Bsi8HDFTxRlT2z%2B8CVR4vlaEZOeL1H3j3yPfcQQjqoXxFCkoKa3KP3AJ1Ses0zSuq3UeGOq19AYwhltQ4gWYke5Br3%2FYU5ChCA%3D--we%2FGQ9e3NQfiKo9kmmwB407jT3iAIb4rEzAb1TdQh8k%3D;Path=/;HttpOnly;Expires=Mon, 10 Feb 2020 18:08:13 +0000;Max-Age=1209600;Secure". Invalid 'expires' attribute: Mon, 10 Feb 2020 18:08:13 +0000
2019-02-11 09:56:50.085  INFO 7456 --- [       Thread-4] com.clarolab.util.rest.HttpClient        : Curl to execute: curl -u a296eed321ab07d489eae6a2eed301eac5472b19: --header 'Accept: application/json;' -X GET "https://circleci.com/api/v1.1/project/bitbucket/TTriage/qa-reports/120/artifacts" --insecure
2019-02-11 09:56:50.316  WARN 7456 --- [       Thread-4] o.a.h.c.protocol.ResponseProcessCookies  : Invalid cookie header: "Set-Cookie: ring-session=V0ajkQHu086M9EUqobx581W4xZ9rWJbRs6LOw%2BhwdHAV98HiWe7AX1pgH2QaM3MnQPDe2H3RMJ4noLCh%2BWc9%2FzXGT901NZCMqrll8RKNxsD40poIhV1gTRuR47lPVIkV3lYqMIuUQ4NsZZ0NmHBdG1dZYqG1bFKmBP4miCKVozao60iYJb4WlJq32RpsJ856LWgUGMhCdbvxRWor4lsa9ym8B0gom1P4BWXPo7b5gOQ%3D--MPSduJsHkqIjRVFUdAqpzBYqRcXpTBXILj2veInIqno%3D;Path=/;HttpOnly;Expires=Mon, 10 Feb 2020 19:09:54 +0000;Max-Age=1209600;Secure". Invalid 'expires' attribute: Mon, 10 Feb 2020 19:09:54 +0000
2019-02-11 09:56:50.317  INFO 7456 --- [       Thread-4] com.clarolab.util.rest.HttpClient        : Curl to execute: curl -u a296eed321ab07d489eae6a2eed301eac5472b19: --header 'Accept: application/json;' -X GET "https://circleci.com/api/v1.1/project/bitbucket/TTriage/qa-reports/119/artifacts" --insecure
2019-02-11 09:56:50.522  WARN 7456 --- [       Thread-4] o.a.h.c.protocol.ResponseProcessCookies  : Invalid cookie header: "Set-Cookie: ring-session=nO5VkruIPtpA3VqFapf%2B%2BIQns4UpXXwz3%2FX5w2322Ljam%2FkmL9PRGh2YSv5F3yVXOBmpUeJJ6K5U%2F%2BSTMt5rEU7pFe3ATAF%2Fr9d5hb1w4xy3ZJ8G17GtwBJ%2BR%2BV8lMLzpqMQ8uTCcayjQyJ48YseDTnOybVQI6JEF5p%2BOK4Xc2CJlMPGF6EgspMmk6SSYjkrjWemoFGKsKe0PZ3rHD8XnnsvRcg3DwzD0hRZ0dyAMsQ%3D--%2BCBJETA4JdKAneJ8s%2FoRyAWUhuo62IQtro7KwcGOW8w%3D;Path=/;HttpOnly;Expires=Mon, 10 Feb 2020 19:09:54 +0000;Max-Age=1209600;Secure". Invalid 'expires' attribute: Mon, 10 Feb 2020 19:09:54 +0000
2019-02-11 09:56:50.523  INFO 7456 --- [       Thread-4] com.clarolab.util.rest.HttpClient        : Curl to execute: curl -u a296eed321ab07d489eae6a2eed301eac5472b19: --header 'Accept: application/json;' -X GET "https://circleci.com/api/v1.1/project/bitbucket/TTriage/qa-reports/118/artifacts" --insecure
2019-02-11 09:56:50.757  WARN 7456 --- [       Thread-4] o.a.h.c.protocol.ResponseProcessCookies  : Invalid cookie header: "Set-Cookie: ring-session=KtqQSJw5IzFGa2eHSaUGl%2FRD1eUUqs%2FAAOboPVHoAsBnVHt3UsMWNv%2BOhtpbfmFiJIp%2BdN9f7fi0sIZCrqluLU56KZERktDQQdNr%2BEFcQ3B0TrAR8wB4ooZkY0WQSiaYo8s5c%2BX5vQul5pwpL9OTZ87KHLQ6xdJO0Acyl7ZafthupMDbCLDnAxIvrJxvz6bImeHZ9cAQBbdMeLMxkA385yphtWJ%2FRpDHZ1gFfzEorto%3D--1KJZao6OeOjFRuW7ZQRqt30qqPi0oXp8%2F53SvIfQfvc%3D;Path=/;HttpOnly;Expires=Fri, 07 Feb 2020 07:31:19 +0000;Max-Age=1209600;Secure". Invalid 'expires' attribute: Fri, 07 Feb 2020 07:31:19 +0000
2019-02-11 09:56:50.758  INFO 7456 --- [       Thread-4] com.clarolab.util.rest.HttpClient        : Curl to execute: curl -u a296eed321ab07d489eae6a2eed301eac5472b19: --header 'Accept: application/json;' -X GET "https://circleci.com/api/v1.1/project/bitbucket/TTriage/qa-reports/117/artifacts" --insecure
2019-02-11 09:56:50.990  WARN 7456 --- [       Thread-4] o.a.h.c.protocol.ResponseProcessCookies  : Invalid cookie header: "Set-Cookie: ring-session=lAkt1LisWIsBdsVCIpPcgL0YcE4WxcinDB9po1JN4%2Bhrnt3XW6COpszf1UomsgzyO%2BRKb6zW8uLOeaZ441qmt1UT%2BO31jFVXTFU7Xg7u2IbAE%2B9VDn%2FUCqSfoHJlbMij9%2FAXxGV5wfOgAFR%2FbwQHSFoxFM6L2cyzYi8PAcJhPfF3MIzHCli5ZPkSDV1SINyWPSDY8jTkGTsj0Xum7hKSXjvKnZWYfbyTzd%2Fg10Pe8zo%3D--TNLM0POC664J32Bk5yrwtsmGTaLwJdVwRAkRhNcLsYI%3D;Path=/;HttpOnly;Expires=Fri, 07 Feb 2020 07:34:27 +0000;Max-Age=1209600;Secure". Invalid 'expires' attribute: Fri, 07 Feb 2020 07:34:27 +0000
2019-02-11 09:56:50.991  INFO 7456 --- [       Thread-4] com.clarolab.util.rest.HttpClient        : Curl to execute: curl -u a296eed321ab07d489eae6a2eed301eac5472b19: --header 'Accept: application/json;' -X GET "https://circleci.com/api/v1.1/project/bitbucket/TTriage/qa-reports/116/artifacts" --insecure
2019-02-11 09:56:51.218  WARN 7456 --- [       Thread-4] o.a.h.c.protocol.ResponseProcessCookies  : Invalid cookie header: "Set-Cookie: ring-session=52WC0%2FMysdIKnbI6ua6Uf3PtbAo2TRx7pUS%2FVYxlmTDICtUiBhf%2FS2S8yr7EOh%2FfysfdOO5n%2FWO5LDqzPkzhr1t%2FWajSbf%2B%2F7KtKmSdjL1lhMGPwj014cLKAmyBBAQcsTExO0I8FlFbDhauTTtZr4fYH%2Br9rksSu4qlFOhboO6y%2BhR0QpvB3UUYQMhMXB0cNtzx4CrC%2Bntz7gI%2BrI0BPekXdpMH6FxO5DQ16Am9bWfU%3D--UVhuIdVLvlrq7%2F30MEpuAjyIC%2FG2ScEsCQZEaS6acBA%3D;Path=/;HttpOnly;Expires=Sat, 08 Feb 2020 01:04:10 +0000;Max-Age=1209600;Secure". Invalid 'expires' attribute: Sat, 08 Feb 2020 01:04:10 +0000
2019-02-11 09:56:51.219  INFO 7456 --- [       Thread-4] com.clarolab.util.rest.HttpClient        : Curl to execute: curl -u a296eed321ab07d489eae6a2eed301eac5472b19: --header 'Accept: application/json;' -X GET "https://circleci.com/api/v1.1/project/bitbucket/TTriage/qa-reports/115/artifacts" --insecure
2019-02-11 09:56:51.455  WARN 7456 --- [       Thread-4] o.a.h.c.protocol.ResponseProcessCookies  : Invalid cookie header: "Set-Cookie: ring-session=bXdHMQXbG5oosYmJadsNyyJcz8d2S9JUXX%2B8WSfohBzKsaujaCIw1Ea2%2B4S3z64mwb4%2FPg42fMlHBm32abeTvjn%2FLFOgVlvfIT2YZCYA%2FTpowx3hewNd8uBN3dHrPbmeDGUDAKhBpXBxSmKYGoywXDN2WQqKwiIcifP67SzQR6NcibECCQmjoQgbHxpU%2BevaomMY74vilO4o%2FoIgWLWXVQ%2BDIq9geWWhb4mjfeQjUro%3D--ywZ5ucASA1FZxJEb6%2BaNdhzBZf7MQhaCdc7JkZKmEdw%3D;Path=/;HttpOnly;Expires=Fri, 07 Feb 2020 07:44:27 +0000;Max-Age=1209600;Secure". Invalid 'expires' attribute: Fri, 07 Feb 2020 07:44:27 +0000
2019-02-11 09:56:51.457  INFO 7456 --- [       Thread-4] com.clarolab.util.rest.HttpClient        : Curl to execute: curl -u a296eed321ab07d489eae6a2eed301eac5472b19: --header 'Accept: application/json;' -X GET "https://circleci.com/api/v1.1/project/bitbucket/TTriage/qa-reports/114/artifacts" --insecure
2019-02-11 09:56:51.675  WARN 7456 --- [       Thread-4] o.a.h.c.protocol.ResponseProcessCookies  : Invalid cookie header: "Set-Cookie: ring-session=T1ZbjEdWbucxKiC0BW5ZKMvJrJP7CEPAAnTsg%2FvharGlpJE8u5voMyLUpoWBIGuCi%2BzFApT93j86MzS3ziG4ibAOOs%2BkrHtmoTQnLLhBr%2BE3Sm2gb3aypdExi1Jrz6NWjpOGVrLsl%2FVcqQ%2FBgsYTd5tz1wG0gujg7q2JzEUb8u6%2FaeN6Nlsw7WkRV0HcncLeU26VnYijVkeJk6ODUBx9xyhZjLq5mgaGq8R9Uv%2BXaLY%3D--zQJW46%2FhM3ATtNE0ZIhjkniuGyGAEnWJV5a%2F5kO0Zvw%3D;Path=/;HttpOnly;Expires=Fri, 07 Feb 2020 21:30:24 +0000;Max-Age=1209600;Secure". Invalid 'expires' attribute: Fri, 07 Feb 2020 21:30:24 +0000
2019-02-11 09:56:51.676  INFO 7456 --- [       Thread-4] com.clarolab.util.rest.HttpClient        : Curl to execute: curl -u a296eed321ab07d489eae6a2eed301eac5472b19: --header 'Accept: application/json;' -X GET "https://circleci.com/api/v1.1/project/bitbucket/TTriage/qa-reports/113/artifacts" --insecure
2019-02-11 09:56:51.880  WARN 7456 --- [       Thread-4] o.a.h.c.protocol.ResponseProcessCookies  : Invalid cookie header: "Set-Cookie: ring-session=Pk%2FOM5J9fqyFvhec8%2BSx4zeHg%2BC%2BbVcaLw3uxF6pCiBcSOnPdt%2FbjoSIuyQMhhPcM8ORDnlOTyrOh85MKrisjE3eirCnj2qxeW%2B3%2BiYLbIh3LCxP%2BOf%2BJSY2o4TBtqMQ2jQK%2Fox18DNUc9SP5u3sCl8Ij1X9bZOz6qXy%2F8KSnCNYD0BhYwYStroSQsmzcXIsN8K0fR2YY4YcbD4SXyAYE6roeYaB0jxpP7Gr28f02Mc%3D--IxRPR1XSruZx%2BHw8MkhzMdnqxnHFg3w02kQJu21knew%3D;Path=/;HttpOnly;Expires=Tue, 11 Feb 2020 08:57:26 +0000;Max-Age=1209600;Secure". Invalid 'expires' attribute: Tue, 11 Feb 2020 08:57:26 +0000
2019-02-11 09:56:51.882  INFO 7456 --- [       Thread-4] c.c.c.impl.circleCI.CircleCIConnector    : Generating build for: qa-reports>>test#132
2019-02-11 09:56:51.888  INFO 7456 --- [       Thread-4] com.clarolab.util.rest.HttpClient        : Curl to execute: curl -u a296eed321ab07d489eae6a2eed301eac5472b19: --header 'Accept: application/json;' -X GET "https://132-cea26d03-16f4-4beb-afc7-f87595e1989d-bb.circle-artifacts.com/0/root/repo/target/surefire-reports/testng-results.xml?circle-token=a296eed321ab07d489eae6a2eed301eac5472b19" --insecure
2019-02-11 09:56:52.952  WARN 7456 --- [       Thread-4] o.a.h.c.protocol.ResponseProcessCookies  : Invalid cookie header: "Set-Cookie: ring-session=7C1OXimDJ%2FRaU8RvA0koSmyiU%2BuJrGOYzfN5yerQtuw%3D--Z%2Fi%2BcrqAWT0WHnoBQ4D7htyxoywjQNzE8V%2BqXEj0dUo%3D;Path=/;HttpOnly;Expires=Mon, 03 Feb 2020 19:18:01 +0000;Max-Age=31536000;Secure". Invalid 'expires' attribute: Mon, 03 Feb 2020 19:18:01 +0000
2019-02-11 09:56:53.161  INFO 7456 --- [       Thread-4] c.c.c.impl.circleCI.CircleCIConnector    : Generating build for: qa-reports>>test#129
2019-02-11 09:56:53.162  INFO 7456 --- [       Thread-4] com.clarolab.util.rest.HttpClient        : Curl to execute: curl -u a296eed321ab07d489eae6a2eed301eac5472b19: --header 'Accept: application/json;' -X GET "https://129-cea26d03-16f4-4beb-afc7-f87595e1989d-bb.circle-artifacts.com/0/root/repo/target/surefire-reports/testng-results.xml?circle-token=a296eed321ab07d489eae6a2eed301eac5472b19" --insecure
2019-02-11 09:56:53.703  INFO 7456 --- [o-auto-1-exec-1] o.a.c.c.C.[Tomcat].[localhost].[/]       : Initializing Spring DispatcherServlet 'dispatcherServlet'
2019-02-11 09:56:53.703  INFO 7456 --- [o-auto-1-exec-1] o.s.web.servlet.DispatcherServlet        : Initializing Servlet 'dispatcherServlet'
2019-02-11 09:56:53.722  INFO 7456 --- [o-auto-1-exec-1] o.s.web.servlet.DispatcherServlet        : Completed initialization in 19 ms
]]></system-out>
  </testcase>
  <testcase name="testBuildCreate" classname="com.clarolab.api.test.BuildAPITest" time="0.006"/>
  <testcase name="testBuildDelete" classname="com.clarolab.api.test.BuildAPITest" time="0.644"/>
  <testcase name="testBuildGetOne" classname="com.clarolab.api.test.BuildAPITest" time="0.078"/>
  <testcase name="testBuildListNotEmpty" classname="com.clarolab.api.test.BuildAPITest" time="5.736"/>
  <testcase name="testConnectorContainerList" classname="com.clarolab.api.test.ConnectorAPITest" time="0.046"/>
  <testcase name="testGet" classname="com.clarolab.api.test.ConnectorAPITest" time="0.058"/>
  <testcase name="testList" classname="com.clarolab.api.test.ConnectorAPITest" time="0.027"/>
  <testcase name="testAContainer" classname="com.clarolab.api.test.ConnectorAPITest" time="1.932"/>
  <testcase name="testCreate" classname="com.clarolab.api.test.ConnectorAPITest" time="0.095"/>
  <testcase name="testDelete" classname="com.clarolab.api.test.ConnectorAPITest" time="0.021"/>
  <testcase name="testPopulateId" classname="com.clarolab.api.test.ConnectorAPITest" time="0.003"/>
  <testcase name="testUpdate" classname="com.clarolab.api.test.ConnectorAPITest" time="0.039"/>
  <testcase name="testSpecList" classname="com.clarolab.api.test.ListAPITest" time="0.327"/>
  <testcase name="testBuildList" classname="com.clarolab.api.test.ListAPITest" time="0.402"/>
  <testcase name="testContainerList" classname="com.clarolab.api.test.ListAPITest" time="0.149"/>
  <testcase name="testExecutorList" classname="com.clarolab.api.test.ListAPITest" time="0.1"/>
  <testcase name="testPropertyList" classname="com.clarolab.api.test.ListAPITest" time="0.061"/>
  <testcase name="testUserList" classname="com.clarolab.api.test.ListAPITest" time="0.17"/>
  <testcase name="testReportList" classname="com.clarolab.api.test.ListAPITest" time="0.404"/>
  <testcase name="testConnectorList" classname="com.clarolab.api.test.ListAPITest" time="0.218"/>
  <testcase name="testTestCaseList" classname="com.clarolab.api.test.ListAPITest" time="0.212"/>
  <testcase name="testGet" classname="com.clarolab.api.test.ProductAPITest" time="0.032"/>
  <testcase name="testList" classname="com.clarolab.api.test.ProductAPITest" time="0.017"/>
  <testcase name="testCreate" classname="com.clarolab.api.test.ProductAPITest" time="0.035"/>
  <testcase name="testDelete" classname="com.clarolab.api.test.ProductAPITest" time="0.035"/>
  <testcase name="testUpdate" classname="com.clarolab.api.test.ProductAPITest" time="0.038"/>
  <testcase name="testUserCreateDuplicatedUsernames" classname="com.clarolab.api.test.UserAPITest" time="0.123"/>
  <testcase name="testTime1" classname="com.clarolab.api.test.UserAPITest" time="1.003"/>
  <testcase name="testTime2" classname="com.clarolab.api.test.UserAPITest" time="59.005"/>
  <testcase name="testTime3" classname="com.clarolab.api.test.UserAPITest" time="65.005"/>
  <testcase name="testUserCreate" classname="com.clarolab.api.test.UserAPITest" time="6.753"/>
  <testcase name="testUserDelete" classname="com.clarolab.api.test.UserAPITest" time="0.12"/>
  <testcase name="testUserListTimeOut" classname="com.clarolab.api.test.UserAPITest" time="0.011"/>
  <testcase name="testUserUpdate" classname="com.clarolab.api.test.UserAPITest" time="0.115"/>
  <testcase name="testUserDeleteNotInList" classname="com.clarolab.api.test.UserAPITest" time="0.133"/>
  <testcase name="testViewExportExecutorAsCSV" classname="com.clarolab.api.test.ExportAPITest" time="0.077"/>
  <testcase name="testViewExportExecutorAsPDF" classname="com.clarolab.api.test.ExportAPITest" time="0.177"/>
  <testcase name="testViewExportExecutorAsXLS" classname="com.clarolab.api.test.ExportAPITest" time="0.214"/>
  <testcase name="testViewExportUserAsCSV" classname="com.clarolab.api.test.ExportAPITest" time="0.091"/>
  <testcase name="testViewExportUserAsPDF" classname="com.clarolab.api.test.ExportAPITest" time="0.099"/>
  <testcase name="testViewExportUserAsXLS" classname="com.clarolab.api.test.ExportAPITest" time="0.094"/>
  <testcase name="testJobExecution" classname="com.clarolab.api.report.StatsAPITest" time="0.023"/>
  <testcase name="testBuildFails" classname="com.clarolab.api.report.StatsAPITest" time="0.019"/>
  <testcase name="testViewBuildReport" classname="com.clarolab.api.test.ViewAPITest" time="0.011"/>
  <testcase name="testViewBuildTriage" classname="com.clarolab.api.test.ViewAPITest" time="0.104"/>
  <testcase name="testViewExecutor" classname="com.clarolab.api.test.ViewAPITest" time="0.019"/>
  <testcase name="testViewTestCase" classname="com.clarolab.api.test.ViewAPITest" time="0.014"/>
  <testcase name="testViewExecutors" classname="com.clarolab.api.test.ViewAPITest" time="0.035"/>
  <testcase name="testTestCaseReport" classname="com.clarolab.api.test.ViewAPITest" time="0.024"/>
  <testcase name="testBasic" classname="com.clarolab.api.test.ApproveAutomaticTriageAPITest" time="0.118"/>
  <testcase name="testBase" classname="com.clarolab.api.test.AssigneeToBuildAPITest" time="0.117"/>
  <testcase name="testBasic" classname="com.clarolab.api.test.InvalidBuildTriageAPITest" time="0.104"/>
  <testcase name="testBasic" classname="com.clarolab.api.test.TriageBuildAPITest" time="0.105"/>
  <testcase name="testBasic" classname="com.clarolab.api.test.AssignTestCaseAPITest" time="0.1"/>
  <testcase name="testTestCaseListNotEmpty" classname="com.clarolab.api.test.TestExecutionAPITest" time="0.027"/>
  <testcase name="testTestCaseDeleteNotInList" classname="com.clarolab.api.test.TestExecutionAPITest" time="0.025"/>
  <testcase name="testTestCaseCreate" classname="com.clarolab.api.test.TestExecutionAPITest" time="0.004"/>
  <testcase name="testTestCaseDelete" classname="com.clarolab.api.test.TestExecutionAPITest" time="0.016"/>
  <testcase name="testTestCaseGetOne" classname="com.clarolab.api.test.TestExecutionAPITest" time="0.015"/>
  <testcase name="testTestCaseListTimeOut" classname="com.clarolab.api.test.TestExecutionAPITest" time="0.01"/>
  <testcase name="testBasic" classname="com.clarolab.api.test.TriageTestAPITest" time="0.112"/>
</testsuite>