<?xml version="1.0" encoding="UTF-8"?>
<!--
  ~ Copyright (c) 2019, Clarolab. All rights reserved.
  -->

<testsuite xmlns:xsi="http://www.w3.org/2001/XMLSchema-instance" xsi:noNamespaceSchemaLocation="https://maven.apache.org/surefire/maven-surefire-plugin/xsd/surefire-test-report-3.0.xsd" version="3.0" name="com.clarolab.runner.suite.AllTestSuite" time="133.329" tests="97" errors="1" skipped="5" failures="0">
  <properties>
[...]
</properties>
  <testcase name="testBuildListTimeOut" classname="com.clarolab.api.test.BuildAPITest" time="7.427"/>
  <testcase name="testBuildCreate" classname="com.clarolab.api.test.BuildAPITest" time="0.006"/>
  <testcase name="testBuildDelete" classname="com.clarolab.api.test.BuildAPITest" time="0.233"/>
  <testcase name="testBuildGetOne" classname="com.clarolab.api.test.BuildAPITest" time="0.093"/>
  <testcase name="testBuildListNotEmpty" classname="com.clarolab.api.test.BuildAPITest" time="0.585"/>
  <testcase name="testConnectorContainerList" classname="com.clarolab.api.test.ConnectorAPITest" time="0.053"/>
  <testcase name="testGet" classname="com.clarolab.api.test.ConnectorAPITest" time="0.053"/>
  <testcase name="testList" classname="com.clarolab.api.test.ConnectorAPITest" time="0.033"/>
  <testcase name="testAContainer" classname="com.clarolab.api.test.ConnectorAPITest" time="6.817"/>
  <testcase name="testCreate" classname="com.clarolab.api.test.ConnectorAPITest" time="0.103"/>
  <testcase name="testDelete" classname="com.clarolab.api.test.ConnectorAPITest" time="0.026"/>
  <testcase name="testPopulateId" classname="com.clarolab.api.test.ConnectorAPITest" time="0.002"/>
  <testcase name="testUpdate" classname="com.clarolab.api.test.ConnectorAPITest" time="0.042"/>
  <testcase name="testSpecList" classname="com.clarolab.api.test.ListAPITest" time="0.36"/>
  <testcase name="testBuildList" classname="com.clarolab.api.test.ListAPITest" time="0.368"/>
  <testcase name="testContainerList" classname="com.clarolab.api.test.ListAPITest" time="0.126"/>
  <testcase name="testExecutorList" classname="com.clarolab.api.test.ListAPITest" time="0.106"/>
  <testcase name="testPropertyList" classname="com.clarolab.api.test.ListAPITest" time="0.055"/>
  <testcase name="testUserList" classname="com.clarolab.api.test.ListAPITest" time="0.186"/>
  <testcase name="testReportList" classname="com.clarolab.api.test.ListAPITest" time="0.368"/>
  <testcase name="testConnectorList" classname="com.clarolab.api.test.ListAPITest" time="0.189"/>
  <testcase name="testTestCaseList" classname="com.clarolab.api.test.ListAPITest" time="0.212"/>
  <testcase name="testGet" classname="com.clarolab.api.test.ProductAPITest" time="0.036"/>
  <testcase name="testList" classname="com.clarolab.api.test.ProductAPITest" time="0.02"/>
  <testcase name="testCreate" classname="com.clarolab.api.test.ProductAPITest" time="0.04"/>
  <testcase name="testDelete" classname="com.clarolab.api.test.ProductAPITest" time="0.015"/>
  <testcase name="testUpdate" classname="com.clarolab.api.test.ProductAPITest" time="0.06"/>
  <testcase name="testUserCreateDuplicatedUsernames" classname="com.clarolab.api.test.UserAPITest" time="0.132"/>
  <testcase name="testUserCreate" classname="com.clarolab.api.test.UserAPITest" time="0.097"/>
  <testcase name="testUserDelete" classname="com.clarolab.api.test.UserAPITest" time="0.122"/>
  <testcase name="testUserListTimeOut" classname="com.clarolab.api.test.UserAPITest" time="0.016"/>
  <testcase name="testUserUpdate" classname="com.clarolab.api.test.UserAPITest" time="0.125"/>
  <testcase name="testUserDeleteNotInList" classname="com.clarolab.api.test.UserAPITest" time="0.132"/>
  <testcase name="testViewExportExecutorAsCSV" classname="com.clarolab.api.test.ExportAPITest" time="0.057"/>
  <testcase name="testViewExportExecutorAsPDF" classname="com.clarolab.api.test.ExportAPITest" time="0.151"/>
  <testcase name="testViewExportExecutorAsXLS" classname="com.clarolab.api.test.ExportAPITest" time="0.159"/>
  <testcase name="testViewExportUserAsCSV" classname="com.clarolab.api.test.ExportAPITest" time="0.099"/>
  <testcase name="testViewExportUserAsPDF" classname="com.clarolab.api.test.ExportAPITest" time="0.119"/>
  <testcase name="testViewExportUserAsXLS" classname="com.clarolab.api.test.ExportAPITest" time="0.115"/>
  <testcase name="testJobExecution" classname="com.clarolab.api.report.StatsAPITest" time="0.019"/>
  <testcase name="testBuildFails" classname="com.clarolab.api.report.StatsAPITest" time="0.022"/>
  <testcase name="testViewBuildReport" classname="com.clarolab.api.test.ViewAPITest" time="0.013"/>
  <testcase name="testViewBuildTriage" classname="com.clarolab.api.test.ViewAPITest" time="0.114"/>
  <testcase name="testViewExecutor" classname="com.clarolab.api.test.ViewAPITest" time="0.021"/>
  <testcase name="testViewTestCase" classname="com.clarolab.api.test.ViewAPITest" time="0.022"/>
  <testcase name="testViewExecutors" classname="com.clarolab.api.test.ViewAPITest" time="0.042"/>
  <testcase name="testTestCaseReport" classname="com.clarolab.api.test.ViewAPITest" time="0.03"/>
  <testcase name="testBasic" classname="com.clarolab.api.test.ApproveAutomaticTriageAPITest" time="0.119"/>
  <testcase name="testBase" classname="com.clarolab.api.test.AssigneeToBuildAPITest" time="0.122"/>
  <testcase name="testBasic" classname="com.clarolab.api.test.InvalidBuildTriageAPITest" time="0.119"/>
  <testcase name="testBasic" classname="com.clarolab.api.test.TriageBuildAPITest" time="0.124"/>
  <testcase name="testBasic" classname="com.clarolab.api.test.AssignTestCaseAPITest" time="0.111"/>
  <testcase name="testTestCaseListNotEmpty" classname="com.clarolab.api.test.TestExecutionAPITest" time="0.026"/>
  <testcase name="testTestCaseDeleteNotInList" classname="com.clarolab.api.test.TestExecutionAPITest" time="0.023"/>
  <testcase name="testTestCaseCreate" classname="com.clarolab.api.test.TestExecutionAPITest" time="0.004"/>
  <testcase name="testTestCaseDelete" classname="com.clarolab.api.test.TestExecutionAPITest" time="0.014"/>
  <testcase name="testTestCaseGetOne" classname="com.clarolab.api.test.TestExecutionAPITest" time="0.016"/>
  <testcase name="testTestCaseListTimeOut" classname="com.clarolab.api.test.TestExecutionAPITest" time="0.011"/>
  <testcase name="testBasic" classname="com.clarolab.api.test.TriageTestAPITest" time="0.1">
    <error type="java.lang.IllegalArgumentException">java.lang.IllegalArgumentException
	at com.clarolab.api.test.TriageTestAPITest.testBasic(TriageTestAPITest.java:39)
</error>
  </testcase>
  <testcase name="testExecutor" classname="com.clarolab.functional.test.DataProviderPersistenceFunctionalTest" time="0.014"/>
  <testcase name="testBuild" classname="com.clarolab.functional.test.DataProviderPersistenceFunctionalTest" time="0.007"/>
  <testcase name="testUser" classname="com.clarolab.functional.test.DataProviderPersistenceFunctionalTest" time="0.086"/>
  <testcase name="testProduct" classname="com.clarolab.functional.test.DataProviderPersistenceFunctionalTest" time="0.003"/>
  <testcase name="testTestCase" classname="com.clarolab.functional.test.DataProviderPersistenceFunctionalTest" time="0.006"/>
  <testcase name="testProperty" classname="com.clarolab.functional.test.DataProviderPersistenceFunctionalTest" time="0.004"/>
  <testcase name="testExecutorProductCombination" classname="com.clarolab.functional.test.DataProviderPersistenceFunctionalTest" time="0.003"/>
  <testcase name="testConnector" classname="com.clarolab.functional.test.DataProviderPersistenceFunctionalTest" time="0.002"/>
  <testcase name="testContainer" classname="com.clarolab.functional.test.DataProviderPersistenceFunctionalTest" time="0.003"/>
  <testcase name="testIssueTicket" classname="com.clarolab.functional.test.DataProviderPersistenceFunctionalTest" time="0.083"/>
  <testcase name="testDeadline" classname="com.clarolab.functional.test.DataProviderPersistenceFunctionalTest" time="0.005"/>
  <testcase name="testTestCaseTriage" classname="com.clarolab.functional.test.DataProviderPersistenceFunctionalTest" time="0.099"/>
  <testcase name="testBuildTriage" classname="com.clarolab.functional.test.DataProviderPersistenceFunctionalTest" time="0.083"/>
  <testcase name="testPermanentFail" classname="com.clarolab.functional.CurrentStateFunctionalTest" time="0.128"/>
  <testcase name="testPass" classname="com.clarolab.functional.CurrentStateFunctionalTest" time="0.125"/>
  <testcase name="testPermanentNewPass" classname="com.clarolab.functional.CurrentStateFunctionalTest" time="0.122"/>
  <testcase name="testSkipPermanent" classname="com.clarolab.functional.CurrentStateFunctionalTest" time="0.117"/>
  <testcase name="testSnooze" classname="com.clarolab.functional.CurrentStateFunctionalTest" time="0.117"/>
  <testcase name="testEmptyUsernameResult" classname="com.clarolab.functional.test.search.UserSearchFunctionalTest" time="0.005"/>
  <testcase name="testSearchOneRealnameResult" classname="com.clarolab.functional.test.search.UserSearchFunctionalTest" time="0.085"/>
  <testcase name="testSearchOneUsernameResult" classname="com.clarolab.functional.test.search.UserSearchFunctionalTest" time="0.079"/>
  <testcase name="findExecutorByName" classname="com.clarolab.integration.test.executors.ExecutorPersistenceTest" time="0.004"/>
  <testcase name="saveExecutorWithARangeOfBuildsTest" classname="com.clarolab.integration.test.executors.ExecutorPersistenceTest" time="0.002"/>
  <testcase name="saveExecutorTest" classname="com.clarolab.integration.test.executors.ExecutorPersistenceTest" time="0.002"/>
  <testcase name="verifyConnection" classname="com.clarolab.integration.test.connectors.JenkinsCIConnectorTest" time="0">
    <skipped message="got: &lt;false&gt;, expected: is &lt;true&gt;"/>
    <system-out><![CDATA[2019-02-07 16:04:51.662  INFO 31872 --- [           main] o.s.t.c.transaction.TransactionContext   : Began transaction (1) for test context [DefaultTestContext@267aa736 testClass = JenkinsCIConnectorTest, testInstance = com.clarolab.integration.test.connectors.JenkinsCIConnectorTest@53e1f1e1, testMethod = verifyConnection@JenkinsCIConnectorTest, testException = [null], mergedContextConfiguration = [WebMergedContextConfiguration@221fd541 testClass = JenkinsCIConnectorTest, locations = '{}', classes = '{class com.clarolab.QAReportApplication, class com.clarolab.QAReportApplication}', contextInitializerClasses = '[]', activeProfiles = '{}', propertySourceLocations = '{}', propertySourceProperties = '{org.springframework.boot.test.context.SpringBootTestContextBootstrapper=true}', contextCustomizers = set[org.springframework.boot.test.context.filter.ExcludeFilterContextCustomizer@11e21d0e, org.springframework.boot.test.json.DuplicateJsonObjectContextCustomizerFactory$DuplicateJsonObjectContextCustomizer@3e77a1ed, org.springframework.boot.test.mock.mockito.MockitoContextCustomizer@0, org.springframework.boot.test.web.client.TestRestTemplateContextCustomizer@27c6e487, org.springframework.boot.test.autoconfigure.properties.PropertyMappingContextCustomizer@0, org.springframework.boot.test.autoconfigure.web.servlet.WebDriverContextCustomizerFactory$Customizer@709ba3fb], resourceBasePath = 'src/main/webapp', contextLoader = 'org.springframework.boot.test.context.SpringBootContextLoader', parent = [null]], attributes = map['org.springframework.test.context.web.ServletTestExecutionListener.activateListener' -> true, 'org.springframework.test.context.web.ServletTestExecutionListener.populatedRequestContextHolder' -> true, 'org.springframework.test.context.web.ServletTestExecutionListener.resetRequestContextHolder' -> true]]; transaction manager [org.springframework.orm.jpa.JpaTransactionManager@2cacb73b]; rollback [true]
2019-02-07 16:04:58.109  INFO 31872 --- [           main] o.s.t.c.transaction.TransactionContext   : Rolled back transaction for test: [DefaultTestContext@267aa736 testClass = JenkinsCIConnectorTest, testInstance = com.clarolab.integration.test.connectors.JenkinsCIConnectorTest@53e1f1e1, testMethod = verifyConnection@JenkinsCIConnectorTest, testException = org.junit.AssumptionViolatedException: got: <false>, expected: is <true>, mergedContextConfiguration = [WebMergedContextConfiguration@221fd541 testClass = JenkinsCIConnectorTest, locations = '{}', classes = '{class com.clarolab.QAReportApplication, class com.clarolab.QAReportApplication}', contextInitializerClasses = '[]', activeProfiles = '{}', propertySourceLocations = '{}', propertySourceProperties = '{org.springframework.boot.test.context.SpringBootTestContextBootstrapper=true}', contextCustomizers = set[org.springframework.boot.test.context.filter.ExcludeFilterContextCustomizer@11e21d0e, org.springframework.boot.test.json.DuplicateJsonObjectContextCustomizerFactory$DuplicateJsonObjectContextCustomizer@3e77a1ed, org.springframework.boot.test.mock.mockito.MockitoContextCustomizer@0, org.springframework.boot.test.web.client.TestRestTemplateContextCustomizer@27c6e487, org.springframework.boot.test.autoconfigure.properties.PropertyMappingContextCustomizer@0, org.springframework.boot.test.autoconfigure.web.servlet.WebDriverContextCustomizerFactory$Customizer@709ba3fb], resourceBasePath = 'src/main/webapp', contextLoader = 'org.springframework.boot.test.context.SpringBootContextLoader', parent = [null]], attributes = map['org.springframework.test.context.web.ServletTestExecutionListener.activateListener' -> true, 'org.springframework.test.context.web.ServletTestExecutionListener.populatedRequestContextHolder' -> true, 'org.springframework.test.context.web.ServletTestExecutionListener.resetRequestContextHolder' -> true]]
]]></system-out>
  </testcase>
  <testcase name="verifyDisconnection" classname="com.clarolab.integration.test.connectors.JenkinsCIConnectorTest" time="0">
    <skipped message="got: &lt;false&gt;, expected: is &lt;true&gt;"/>
    <system-out><![CDATA[2019-02-07 16:04:58.112  INFO 31872 --- [           main] o.s.t.c.transaction.TransactionContext   : Began transaction (1) for test context [DefaultTestContext@267aa736 testClass = JenkinsCIConnectorTest, testInstance = com.clarolab.integration.test.connectors.JenkinsCIConnectorTest@2a4cc4fb, testMethod = verifyDisconnection@JenkinsCIConnectorTest, testException = [null], mergedContextConfiguration = [WebMergedContextConfiguration@221fd541 testClass = JenkinsCIConnectorTest, locations = '{}', classes = '{class com.clarolab.QAReportApplication, class com.clarolab.QAReportApplication}', contextInitializerClasses = '[]', activeProfiles = '{}', propertySourceLocations = '{}', propertySourceProperties = '{org.springframework.boot.test.context.SpringBootTestContextBootstrapper=true}', contextCustomizers = set[org.springframework.boot.test.context.filter.ExcludeFilterContextCustomizer@11e21d0e, org.springframework.boot.test.json.DuplicateJsonObjectContextCustomizerFactory$DuplicateJsonObjectContextCustomizer@3e77a1ed, org.springframework.boot.test.mock.mockito.MockitoContextCustomizer@0, org.springframework.boot.test.web.client.TestRestTemplateContextCustomizer@27c6e487, org.springframework.boot.test.autoconfigure.properties.PropertyMappingContextCustomizer@0, org.springframework.boot.test.autoconfigure.web.servlet.WebDriverContextCustomizerFactory$Customizer@709ba3fb], resourceBasePath = 'src/main/webapp', contextLoader = 'org.springframework.boot.test.context.SpringBootContextLoader', parent = [null]], attributes = map['org.springframework.test.context.web.ServletTestExecutionListener.activateListener' -> true, 'org.springframework.test.context.web.ServletTestExecutionListener.populatedRequestContextHolder' -> true, 'org.springframework.test.context.web.ServletTestExecutionListener.resetRequestContextHolder' -> true]]; transaction manager [org.springframework.orm.jpa.JpaTransactionManager@2cacb73b]; rollback [true]
2019-02-07 16:04:58.115  INFO 31872 --- [           main] o.s.t.c.transaction.TransactionContext   : Rolled back transaction for test: [DefaultTestContext@267aa736 testClass = JenkinsCIConnectorTest, testInstance = com.clarolab.integration.test.connectors.JenkinsCIConnectorTest@2a4cc4fb, testMethod = verifyDisconnection@JenkinsCIConnectorTest, testException = org.junit.AssumptionViolatedException: got: <false>, expected: is <true>, mergedContextConfiguration = [WebMergedContextConfiguration@221fd541 testClass = JenkinsCIConnectorTest, locations = '{}', classes = '{class com.clarolab.QAReportApplication, class com.clarolab.QAReportApplication}', contextInitializerClasses = '[]', activeProfiles = '{}', propertySourceLocations = '{}', propertySourceProperties = '{org.springframework.boot.test.context.SpringBootTestContextBootstrapper=true}', contextCustomizers = set[org.springframework.boot.test.context.filter.ExcludeFilterContextCustomizer@11e21d0e, org.springframework.boot.test.json.DuplicateJsonObjectContextCustomizerFactory$DuplicateJsonObjectContextCustomizer@3e77a1ed, org.springframework.boot.test.mock.mockito.MockitoContextCustomizer@0, org.springframework.boot.test.web.client.TestRestTemplateContextCustomizer@27c6e487, org.springframework.boot.test.autoconfigure.properties.PropertyMappingContextCustomizer@0, org.springframework.boot.test.autoconfigure.web.servlet.WebDriverContextCustomizerFactory$Customizer@709ba3fb], resourceBasePath = 'src/main/webapp', contextLoader = 'org.springframework.boot.test.context.SpringBootContextLoader', parent = [null]], attributes = map['org.springframework.test.context.web.ServletTestExecutionListener.activateListener' -> true, 'org.springframework.test.context.web.ServletTestExecutionListener.populatedRequestContextHolder' -> true, 'org.springframework.test.context.web.ServletTestExecutionListener.resetRequestContextHolder' -> true]]
]]></system-out>
  </testcase>
  <testcase name="getExecutorWithARangeOfBuildsTest" classname="com.clarolab.integration.test.connectors.JenkinsCIConnectorTest" time="0">
    <skipped message="got: &lt;false&gt;, expected: is &lt;true&gt;"/>
    <system-out><![CDATA[2019-02-07 16:04:58.116  INFO 31872 --- [           main] o.s.t.c.transaction.TransactionContext   : Began transaction (1) for test context [DefaultTestContext@267aa736 testClass = JenkinsCIConnectorTest, testInstance = com.clarolab.integration.test.connectors.JenkinsCIConnectorTest@7a5dff85, testMethod = getExecutorWithARangeOfBuildsTest@JenkinsCIConnectorTest, testException = [null], mergedContextConfiguration = [WebMergedContextConfiguration@221fd541 testClass = JenkinsCIConnectorTest, locations = '{}', classes = '{class com.clarolab.QAReportApplication, class com.clarolab.QAReportApplication}', contextInitializerClasses = '[]', activeProfiles = '{}', propertySourceLocations = '{}', propertySourceProperties = '{org.springframework.boot.test.context.SpringBootTestContextBootstrapper=true}', contextCustomizers = set[org.springframework.boot.test.context.filter.ExcludeFilterContextCustomizer@11e21d0e, org.springframework.boot.test.json.DuplicateJsonObjectContextCustomizerFactory$DuplicateJsonObjectContextCustomizer@3e77a1ed, org.springframework.boot.test.mock.mockito.MockitoContextCustomizer@0, org.springframework.boot.test.web.client.TestRestTemplateContextCustomizer@27c6e487, org.springframework.boot.test.autoconfigure.properties.PropertyMappingContextCustomizer@0, org.springframework.boot.test.autoconfigure.web.servlet.WebDriverContextCustomizerFactory$Customizer@709ba3fb], resourceBasePath = 'src/main/webapp', contextLoader = 'org.springframework.boot.test.context.SpringBootContextLoader', parent = [null]], attributes = map['org.springframework.test.context.web.ServletTestExecutionListener.activateListener' -> true, 'org.springframework.test.context.web.ServletTestExecutionListener.populatedRequestContextHolder' -> true, 'org.springframework.test.context.web.ServletTestExecutionListener.resetRequestContextHolder' -> true]]; transaction manager [org.springframework.orm.jpa.JpaTransactionManager@2cacb73b]; rollback [true]
2019-02-07 16:04:58.118  INFO 31872 --- [           main] o.s.t.c.transaction.TransactionContext   : Rolled back transaction for test: [DefaultTestContext@267aa736 testClass = JenkinsCIConnectorTest, testInstance = com.clarolab.integration.test.connectors.JenkinsCIConnectorTest@7a5dff85, testMethod = getExecutorWithARangeOfBuildsTest@JenkinsCIConnectorTest, testException = org.junit.AssumptionViolatedException: got: <false>, expected: is <true>, mergedContextConfiguration = [WebMergedContextConfiguration@221fd541 testClass = JenkinsCIConnectorTest, locations = '{}', classes = '{class com.clarolab.QAReportApplication, class com.clarolab.QAReportApplication}', contextInitializerClasses = '[]', activeProfiles = '{}', propertySourceLocations = '{}', propertySourceProperties = '{org.springframework.boot.test.context.SpringBootTestContextBootstrapper=true}', contextCustomizers = set[org.springframework.boot.test.context.filter.ExcludeFilterContextCustomizer@11e21d0e, org.springframework.boot.test.json.DuplicateJsonObjectContextCustomizerFactory$DuplicateJsonObjectContextCustomizer@3e77a1ed, org.springframework.boot.test.mock.mockito.MockitoContextCustomizer@0, org.springframework.boot.test.web.client.TestRestTemplateContextCustomizer@27c6e487, org.springframework.boot.test.autoconfigure.properties.PropertyMappingContextCustomizer@0, org.springframework.boot.test.autoconfigure.web.servlet.WebDriverContextCustomizerFactory$Customizer@709ba3fb], resourceBasePath = 'src/main/webapp', contextLoader = 'org.springframework.boot.test.context.SpringBootContextLoader', parent = [null]], attributes = map['org.springframework.test.context.web.ServletTestExecutionListener.activateListener' -> true, 'org.springframework.test.context.web.ServletTestExecutionListener.populatedRequestContextHolder' -> true, 'org.springframework.test.context.web.ServletTestExecutionListener.resetRequestContextHolder' -> true]]
]]></system-out>
  </testcase>
  <testcase name="getExecutorInfoTest" classname="com.clarolab.integration.test.connectors.JenkinsCIConnectorTest" time="0">
    <skipped message="got: &lt;false&gt;, expected: is &lt;true&gt;"/>
    <system-out><![CDATA[2019-02-07 16:04:58.119  INFO 31872 --- [           main] o.s.t.c.transaction.TransactionContext   : Began transaction (1) for test context [DefaultTestContext@267aa736 testClass = JenkinsCIConnectorTest, testInstance = com.clarolab.integration.test.connectors.JenkinsCIConnectorTest@7a013742, testMethod = getExecutorInfoTest@JenkinsCIConnectorTest, testException = [null], mergedContextConfiguration = [WebMergedContextConfiguration@221fd541 testClass = JenkinsCIConnectorTest, locations = '{}', classes = '{class com.clarolab.QAReportApplication, class com.clarolab.QAReportApplication}', contextInitializerClasses = '[]', activeProfiles = '{}', propertySourceLocations = '{}', propertySourceProperties = '{org.springframework.boot.test.context.SpringBootTestContextBootstrapper=true}', contextCustomizers = set[org.springframework.boot.test.context.filter.ExcludeFilterContextCustomizer@11e21d0e, org.springframework.boot.test.json.DuplicateJsonObjectContextCustomizerFactory$DuplicateJsonObjectContextCustomizer@3e77a1ed, org.springframework.boot.test.mock.mockito.MockitoContextCustomizer@0, org.springframework.boot.test.web.client.TestRestTemplateContextCustomizer@27c6e487, org.springframework.boot.test.autoconfigure.properties.PropertyMappingContextCustomizer@0, org.springframework.boot.test.autoconfigure.web.servlet.WebDriverContextCustomizerFactory$Customizer@709ba3fb], resourceBasePath = 'src/main/webapp', contextLoader = 'org.springframework.boot.test.context.SpringBootContextLoader', parent = [null]], attributes = map['org.springframework.test.context.web.ServletTestExecutionListener.activateListener' -> true, 'org.springframework.test.context.web.ServletTestExecutionListener.populatedRequestContextHolder' -> true, 'org.springframework.test.context.web.ServletTestExecutionListener.resetRequestContextHolder' -> true]]; transaction manager [org.springframework.orm.jpa.JpaTransactionManager@2cacb73b]; rollback [true]
2019-02-07 16:04:58.121  INFO 31872 --- [           main] o.s.t.c.transaction.TransactionContext   : Rolled back transaction for test: [DefaultTestContext@267aa736 testClass = JenkinsCIConnectorTest, testInstance = com.clarolab.integration.test.connectors.JenkinsCIConnectorTest@7a013742, testMethod = getExecutorInfoTest@JenkinsCIConnectorTest, testException = org.junit.AssumptionViolatedException: got: <false>, expected: is <true>, mergedContextConfiguration = [WebMergedContextConfiguration@221fd541 testClass = JenkinsCIConnectorTest, locations = '{}', classes = '{class com.clarolab.QAReportApplication, class com.clarolab.QAReportApplication}', contextInitializerClasses = '[]', activeProfiles = '{}', propertySourceLocations = '{}', propertySourceProperties = '{org.springframework.boot.test.context.SpringBootTestContextBootstrapper=true}', contextCustomizers = set[org.springframework.boot.test.context.filter.ExcludeFilterContextCustomizer@11e21d0e, org.springframework.boot.test.json.DuplicateJsonObjectContextCustomizerFactory$DuplicateJsonObjectContextCustomizer@3e77a1ed, org.springframework.boot.test.mock.mockito.MockitoContextCustomizer@0, org.springframework.boot.test.web.client.TestRestTemplateContextCustomizer@27c6e487, org.springframework.boot.test.autoconfigure.properties.PropertyMappingContextCustomizer@0, org.springframework.boot.test.autoconfigure.web.servlet.WebDriverContextCustomizerFactory$Customizer@709ba3fb], resourceBasePath = 'src/main/webapp', contextLoader = 'org.springframework.boot.test.context.SpringBootContextLoader', parent = [null]], attributes = map['org.springframework.test.context.web.ServletTestExecutionListener.activateListener' -> true, 'org.springframework.test.context.web.ServletTestExecutionListener.populatedRequestContextHolder' -> true, 'org.springframework.test.context.web.ServletTestExecutionListener.resetRequestContextHolder' -> true]]
]]></system-out>
  </testcase>
  <testcase name="getExecutorsInViewTest" classname="com.clarolab.integration.test.connectors.JenkinsCIConnectorTest" time="0">
    <skipped message="got: &lt;false&gt;, expected: is &lt;true&gt;"/>
    <system-out><![CDATA[2019-02-07 16:04:58.123  INFO 31872 --- [           main] o.s.t.c.transaction.TransactionContext   : Began transaction (1) for test context [DefaultTestContext@267aa736 testClass = JenkinsCIConnectorTest, testInstance = com.clarolab.integration.test.connectors.JenkinsCIConnectorTest@4139d8f0, testMethod = getExecutorsInViewTest@JenkinsCIConnectorTest, testException = [null], mergedContextConfiguration = [WebMergedContextConfiguration@221fd541 testClass = JenkinsCIConnectorTest, locations = '{}', classes = '{class com.clarolab.QAReportApplication, class com.clarolab.QAReportApplication}', contextInitializerClasses = '[]', activeProfiles = '{}', propertySourceLocations = '{}', propertySourceProperties = '{org.springframework.boot.test.context.SpringBootTestContextBootstrapper=true}', contextCustomizers = set[org.springframework.boot.test.context.filter.ExcludeFilterContextCustomizer@11e21d0e, org.springframework.boot.test.json.DuplicateJsonObjectContextCustomizerFactory$DuplicateJsonObjectContextCustomizer@3e77a1ed, org.springframework.boot.test.mock.mockito.MockitoContextCustomizer@0, org.springframework.boot.test.web.client.TestRestTemplateContextCustomizer@27c6e487, org.springframework.boot.test.autoconfigure.properties.PropertyMappingContextCustomizer@0, org.springframework.boot.test.autoconfigure.web.servlet.WebDriverContextCustomizerFactory$Customizer@709ba3fb], resourceBasePath = 'src/main/webapp', contextLoader = 'org.springframework.boot.test.context.SpringBootContextLoader', parent = [null]], attributes = map['org.springframework.test.context.web.ServletTestExecutionListener.activateListener' -> true, 'org.springframework.test.context.web.ServletTestExecutionListener.populatedRequestContextHolder' -> true, 'org.springframework.test.context.web.ServletTestExecutionListener.resetRequestContextHolder' -> true]]; transaction manager [org.springframework.orm.jpa.JpaTransactionManager@2cacb73b]; rollback [true]
2019-02-07 16:04:58.124  INFO 31872 --- [           main] o.s.t.c.transaction.TransactionContext   : Rolled back transaction for test: [DefaultTestContext@267aa736 testClass = JenkinsCIConnectorTest, testInstance = com.clarolab.integration.test.connectors.JenkinsCIConnectorTest@4139d8f0, testMethod = getExecutorsInViewTest@JenkinsCIConnectorTest, testException = org.junit.AssumptionViolatedException: got: <false>, expected: is <true>, mergedContextConfiguration = [WebMergedContextConfiguration@221fd541 testClass = JenkinsCIConnectorTest, locations = '{}', classes = '{class com.clarolab.QAReportApplication, class com.clarolab.QAReportApplication}', contextInitializerClasses = '[]', activeProfiles = '{}', propertySourceLocations = '{}', propertySourceProperties = '{org.springframework.boot.test.context.SpringBootTestContextBootstrapper=true}', contextCustomizers = set[org.springframework.boot.test.context.filter.ExcludeFilterContextCustomizer@11e21d0e, org.springframework.boot.test.json.DuplicateJsonObjectContextCustomizerFactory$DuplicateJsonObjectContextCustomizer@3e77a1ed, org.springframework.boot.test.mock.mockito.MockitoContextCustomizer@0, org.springframework.boot.test.web.client.TestRestTemplateContextCustomizer@27c6e487, org.springframework.boot.test.autoconfigure.properties.PropertyMappingContextCustomizer@0, org.springframework.boot.test.autoconfigure.web.servlet.WebDriverContextCustomizerFactory$Customizer@709ba3fb], resourceBasePath = 'src/main/webapp', contextLoader = 'org.springframework.boot.test.context.SpringBootContextLoader', parent = [null]], attributes = map['org.springframework.test.context.web.ServletTestExecutionListener.activateListener' -> true, 'org.springframework.test.context.web.ServletTestExecutionListener.populatedRequestContextHolder' -> true, 'org.springframework.test.context.web.ServletTestExecutionListener.resetRequestContextHolder' -> true]]
]]></system-out>
  </testcase>
  <testcase name="listAllBuilds" classname="com.clarolab.unit.test.BuilderServiceUnitTest" time="0.012"/>
  <testcase name="updateBuild" classname="com.clarolab.unit.test.BuilderServiceUnitTest" time="0"/>
  <testcase name="createBuild" classname="com.clarolab.unit.test.BuilderServiceUnitTest" time="0"/>
  <testcase name="createNullBuild" classname="com.clarolab.unit.test.BuilderServiceUnitTest" time="0"/>
  <testcase name="findByUsernameUser" classname="com.clarolab.unit.test.UserServiceUnitTest" time="0"/>
  <testcase name="listAllUsers" classname="com.clarolab.unit.test.UserServiceUnitTest" time="0"/>
  <testcase name="createNullUser" classname="com.clarolab.unit.test.UserServiceUnitTest" time="0.001"/>
  <testcase name="updateUser" classname="com.clarolab.unit.test.UserServiceUnitTest" time="0.001"/>
  <testcase name="createInvalidUsernameUser" classname="com.clarolab.unit.test.UserServiceUnitTest" time="0.001"/>
</testsuite>