<?xml version="1.0" encoding="UTF-8"?>
<!--
  ~ Copyright (c) 2019, Clarolab. All rights reserved.
  -->

<testsuite xmlns:xsi="http://www.w3.org/2001/XMLSchema-instance" xsi:noNamespaceSchemaLocation="https://maven.apache.org/surefire/maven-surefire-plugin/xsd/surefire-test-report-3.0.xsd" version="3.0" name="com.clarolab.runner.suite.ApiTestSuite" time="1,204.012" tests="55" errors="0" skipped="0" failures="2">
  <properties>
[...]
</properties>
  <testcase name="testBuildListTimeOut" classname="com.clarolab.api.test.BuildAPITest" time="7.673">
    <failure message="1 expectation failed.&#10;Expected response time was not a value less than &lt;7000L&gt; milliseconds, was 7044 milliseconds (7044 milliseconds)." type="java.lang.AssertionError"><![CDATA[java.lang.AssertionError: 
1 expectation failed.
Expected response time was not a value less than <7000L> milliseconds, was 7044 milliseconds (7044 milliseconds).
	at com.clarolab.api.test.BuildAPITest.testBuildListTimeOut(BuildAPITest.java:35)
]]></failure>
    <system-out><![CDATA[10:08:41.928 [main] DEBUG org.springframework.test.context.junit4.SpringJUnit4ClassRunner - SpringJUnit4ClassRunner constructor called with [class com.clarolab.api.entry.BuildAPITest]
10:08:41.933 [main] DEBUG org.springframework.test.context.BootstrapUtils - Instantiating CacheAwareContextLoaderDelegate from class [org.springframework.test.context.cache.DefaultCacheAwareContextLoaderDelegate]
10:08:41.941 [main] DEBUG org.springframework.test.context.BootstrapUtils - Instantiating BootstrapContext using constructor [public org.springframework.test.context.support.DefaultBootstrapContext(java.lang.Class,org.springframework.test.context.CacheAwareContextLoaderDelegate)]
10:08:41.957 [main] DEBUG org.springframework.test.context.BootstrapUtils - Instantiating TestContextBootstrapper for test class [com.clarolab.api.entry.BuildAPITest] from class [org.springframework.boot.test.context.SpringBootTestContextBootstrapper]
10:08:41.974 [main] INFO org.springframework.boot.test.context.SpringBootTestContextBootstrapper - Neither @ContextConfiguration nor @ContextHierarchy found for test class [com.clarolab.api.entry.BuildAPITest], using SpringBootContextLoader
10:08:41.978 [main] DEBUG org.springframework.test.context.support.AbstractContextLoader - Did not detect default resource location for test class [com.clarolab.api.entry.BuildAPITest]: class path resource [com/clarolab/api/entry/BuildAPITest-context.xml] does not exist
10:08:41.979 [main] DEBUG org.springframework.test.context.support.AbstractContextLoader - Did not detect default resource location for test class [com.clarolab.api.entry.BuildAPITest]: class path resource [com/clarolab/api/entry/BuildAPITestContext.groovy] does not exist
10:08:41.979 [main] INFO org.springframework.test.context.support.AbstractContextLoader - Could not detect default resource locations for test class [com.clarolab.api.entry.BuildAPITest]: no resource found for suffixes {-context.xml, Context.groovy}.
10:08:42.024 [main] DEBUG org.springframework.test.context.support.ActiveProfilesUtils - Could not find an 'annotation declaring class' for annotation type [org.springframework.test.context.ActiveProfiles] and class [com.clarolab.api.entry.BuildAPITest]
10:08:42.153 [main] DEBUG org.springframework.boot.test.context.SpringBootTestContextBootstrapper - @TestExecutionListeners is not present for class [com.clarolab.api.entry.BuildAPITest]: using defaults.
10:08:42.153 [main] INFO org.springframework.boot.test.context.SpringBootTestContextBootstrapper - Loaded default TestExecutionListener class names from location [META-INF/spring.factories]: [org.springframework.boot.test.mock.mockito.MockitoTestExecutionListener, org.springframework.boot.test.mock.mockito.ResetMocksTestExecutionListener, org.springframework.boot.test.autoconfigure.restdocs.RestDocsTestExecutionListener, org.springframework.boot.test.autoconfigure.web.client.MockRestServiceServerResetTestExecutionListener, org.springframework.boot.test.autoconfigure.web.servlet.MockMvcPrintOnlyOnFailureTestExecutionListener, org.springframework.boot.test.autoconfigure.web.servlet.WebDriverTestExecutionListener, org.springframework.test.context.web.ServletTestExecutionListener, org.springframework.test.context.support.DirtiesContextBeforeModesTestExecutionListener, org.springframework.test.context.support.DependencyInjectionTestExecutionListener, org.springframework.test.context.support.DirtiesContextTestExecutionListener, org.springframework.test.context.transaction.TransactionalTestExecutionListener, org.springframework.test.context.jdbc.SqlScriptsTestExecutionListener]
10:08:42.166 [main] INFO org.springframework.boot.test.context.SpringBootTestContextBootstrapper - Using TestExecutionListeners: [org.springframework.test.context.web.ServletTestExecutionListener@f79e, org.springframework.test.context.support.DirtiesContextBeforeModesTestExecutionListener@7ee8290b, org.springframework.boot.test.mock.mockito.MockitoTestExecutionListener@1f59a598, org.springframework.boot.test.autoconfigure.SpringBootDependencyInjectionTestExecutionListener@1e178745, org.springframework.test.context.support.DirtiesContextTestExecutionListener@192c3f1e, org.springframework.test.context.transaction.TransactionalTestExecutionListener@26b3fd41, org.springframework.test.context.jdbc.SqlScriptsTestExecutionListener@7494f96a, org.springframework.boot.test.mock.mockito.ResetMocksTestExecutionListener@561b6512, org.springframework.boot.test.autoconfigure.restdocs.RestDocsTestExecutionListener@2e377400, org.springframework.boot.test.autoconfigure.web.client.MockRestServiceServerResetTestExecutionListener@1757cd72, org.springframework.boot.test.autoconfigure.web.servlet.MockMvcPrintOnlyOnFailureTestExecutionListener@445b295b, org.springframework.boot.test.autoconfigure.web.servlet.WebDriverTestExecutionListener@49e5f737]
10:08:42.168 [main] DEBUG org.springframework.test.context.junit4.SpringJUnit4ClassRunner - SpringJUnit4ClassRunner constructor called with [class com.clarolab.api.entry.ConnectorAPITest]
10:08:42.168 [main] DEBUG org.springframework.test.context.BootstrapUtils - Instantiating CacheAwareContextLoaderDelegate from class [org.springframework.test.context.cache.DefaultCacheAwareContextLoaderDelegate]
10:08:42.169 [main] DEBUG org.springframework.test.context.BootstrapUtils - Instantiating BootstrapContext using constructor [public org.springframework.test.context.support.DefaultBootstrapContext(java.lang.Class,org.springframework.test.context.CacheAwareContextLoaderDelegate)]
10:08:42.169 [main] DEBUG org.springframework.test.context.BootstrapUtils - Instantiating TestContextBootstrapper for test class [com.clarolab.api.entry.ConnectorAPITest] from class [org.springframework.boot.test.context.SpringBootTestContextBootstrapper]
10:08:42.170 [main] INFO org.springframework.boot.test.context.SpringBootTestContextBootstrapper - Neither @ContextConfiguration nor @ContextHierarchy found for test class [com.clarolab.api.entry.ConnectorAPITest], using SpringBootContextLoader
10:08:42.170 [main] DEBUG org.springframework.test.context.support.AbstractContextLoader - Did not detect default resource location for test class [com.clarolab.api.entry.ConnectorAPITest]: class path resource [com/clarolab/api/entry/ConnectorAPITest-context.xml] does not exist
10:08:42.171 [main] DEBUG org.springframework.test.context.support.AbstractContextLoader - Did not detect default resource location for test class [com.clarolab.api.entry.ConnectorAPITest]: class path resource [com/clarolab/api/entry/ConnectorAPITestContext.groovy] does not exist
10:08:42.171 [main] INFO org.springframework.test.context.support.AbstractContextLoader - Could not detect default resource locations for test class [com.clarolab.api.entry.ConnectorAPITest]: no resource found for suffixes {-context.xml, Context.groovy}.
10:08:42.173 [main] DEBUG org.springframework.test.context.support.ActiveProfilesUtils - Could not find an 'annotation declaring class' for annotation type [org.springframework.test.context.ActiveProfiles] and class [com.clarolab.api.entry.ConnectorAPITest]
10:08:42.176 [main] DEBUG org.springframework.boot.test.context.SpringBootTestContextBootstrapper - @TestExecutionListeners is not present for class [com.clarolab.api.entry.ConnectorAPITest]: using defaults.
10:08:42.176 [main] INFO org.springframework.boot.test.context.SpringBootTestContextBootstrapper - Loaded default TestExecutionListener class names from location [META-INF/spring.factories]: [org.springframework.boot.test.mock.mockito.MockitoTestExecutionListener, org.springframework.boot.test.mock.mockito.ResetMocksTestExecutionListener, org.springframework.boot.test.autoconfigure.restdocs.RestDocsTestExecutionListener, org.springframework.boot.test.autoconfigure.web.client.MockRestServiceServerResetTestExecutionListener, org.springframework.boot.test.autoconfigure.web.servlet.MockMvcPrintOnlyOnFailureTestExecutionListener, org.springframework.boot.test.autoconfigure.web.servlet.WebDriverTestExecutionListener, org.springframework.test.context.web.ServletTestExecutionListener, org.springframework.test.context.support.DirtiesContextBeforeModesTestExecutionListener, org.springframework.test.context.support.DependencyInjectionTestExecutionListener, org.springframework.test.context.support.DirtiesContextTestExecutionListener, org.springframework.test.context.transaction.TransactionalTestExecutionListener, org.springframework.test.context.jdbc.SqlScriptsTestExecutionListener]
10:08:42.177 [main] INFO org.springframework.boot.test.context.SpringBootTestContextBootstrapper - Using TestExecutionListeners: [org.springframework.test.context.web.ServletTestExecutionListener@37883b97, org.springframework.test.context.support.DirtiesContextBeforeModesTestExecutionListener@6ab778a, org.springframework.boot.test.mock.mockito.MockitoTestExecutionListener@4e3958e7, org.springframework.boot.test.autoconfigure.SpringBootDependencyInjectionTestExecutionListener@77f80c04, org.springframework.test.context.support.DirtiesContextTestExecutionListener@1dac5ef, org.springframework.test.context.transaction.TransactionalTestExecutionListener@5c90e579, org.springframework.test.context.jdbc.SqlScriptsTestExecutionListener@58ea606c, org.springframework.boot.test.mock.mockito.ResetMocksTestExecutionListener@6f45df59, org.springframework.boot.test.autoconfigure.restdocs.RestDocsTestExecutionListener@38e79ae3, org.springframework.boot.test.autoconfigure.web.client.MockRestServiceServerResetTestExecutionListener@63070bab, org.springframework.boot.test.autoconfigure.web.servlet.MockMvcPrintOnlyOnFailureTestExecutionListener@68e5eea7, org.springframework.boot.test.autoconfigure.web.servlet.WebDriverTestExecutionListener@291b4bf5]
10:08:42.181 [main] DEBUG org.springframework.test.context.junit4.SpringJUnit4ClassRunner - SpringJUnit4ClassRunner constructor called with [class com.clarolab.api.entry.ListAPITest]
10:08:42.181 [main] DEBUG org.springframework.test.context.BootstrapUtils - Instantiating CacheAwareContextLoaderDelegate from class [org.springframework.test.context.cache.DefaultCacheAwareContextLoaderDelegate]
10:08:42.181 [main] DEBUG org.springframework.test.context.BootstrapUtils - Instantiating BootstrapContext using constructor [public org.springframework.test.context.support.DefaultBootstrapContext(java.lang.Class,org.springframework.test.context.CacheAwareContextLoaderDelegate)]
10:08:42.181 [main] DEBUG org.springframework.test.context.BootstrapUtils - Instantiating TestContextBootstrapper for test class [com.clarolab.api.entry.ListAPITest] from class [org.springframework.boot.test.context.SpringBootTestContextBootstrapper]
10:08:42.182 [main] INFO org.springframework.boot.test.context.SpringBootTestContextBootstrapper - Neither @ContextConfiguration nor @ContextHierarchy found for test class [com.clarolab.api.entry.ListAPITest], using SpringBootContextLoader
10:08:42.183 [main] DEBUG org.springframework.test.context.support.AbstractContextLoader - Did not detect default resource location for test class [com.clarolab.api.entry.ListAPITest]: class path resource [com/clarolab/api/entry/ListAPITest-context.xml] does not exist
10:08:42.183 [main] DEBUG org.springframework.test.context.support.AbstractContextLoader - Did not detect default resource location for test class [com.clarolab.api.entry.ListAPITest]: class path resource [com/clarolab/api/entry/ListAPITestContext.groovy] does not exist
10:08:42.183 [main] INFO org.springframework.test.context.support.AbstractContextLoader - Could not detect default resource locations for test class [com.clarolab.api.entry.ListAPITest]: no resource found for suffixes {-context.xml, Context.groovy}.
10:08:42.185 [main] DEBUG org.springframework.test.context.support.ActiveProfilesUtils - Could not find an 'annotation declaring class' for annotation type [org.springframework.test.context.ActiveProfiles] and class [com.clarolab.api.entry.ListAPITest]
10:08:42.187 [main] DEBUG org.springframework.boot.test.context.SpringBootTestContextBootstrapper - @TestExecutionListeners is not present for class [com.clarolab.api.entry.ListAPITest]: using defaults.
10:08:42.187 [main] INFO org.springframework.boot.test.context.SpringBootTestContextBootstrapper - Loaded default TestExecutionListener class names from location [META-INF/spring.factories]: [org.springframework.boot.test.mock.mockito.MockitoTestExecutionListener, org.springframework.boot.test.mock.mockito.ResetMocksTestExecutionListener, org.springframework.boot.test.autoconfigure.restdocs.RestDocsTestExecutionListener, org.springframework.boot.test.autoconfigure.web.client.MockRestServiceServerResetTestExecutionListener, org.springframework.boot.test.autoconfigure.web.servlet.MockMvcPrintOnlyOnFailureTestExecutionListener, org.springframework.boot.test.autoconfigure.web.servlet.WebDriverTestExecutionListener, org.springframework.test.context.web.ServletTestExecutionListener, org.springframework.test.context.support.DirtiesContextBeforeModesTestExecutionListener, org.springframework.test.context.support.DependencyInjectionTestExecutionListener, org.springframework.test.context.support.DirtiesContextTestExecutionListener, org.springframework.test.context.transaction.TransactionalTestExecutionListener, org.springframework.test.context.jdbc.SqlScriptsTestExecutionListener]
10:08:42.188 [main] INFO org.springframework.boot.test.context.SpringBootTestContextBootstrapper - Using TestExecutionListeners: [org.springframework.test.context.web.ServletTestExecutionListener@7b02881e, org.springframework.test.context.support.DirtiesContextBeforeModesTestExecutionListener@1ebd319f, org.springframework.boot.test.mock.mockito.MockitoTestExecutionListener@3c0be339, org.springframework.boot.test.autoconfigure.SpringBootDependencyInjectionTestExecutionListener@15ca7889, org.springframework.test.context.support.DirtiesContextTestExecutionListener@7a675056, org.springframework.test.context.transaction.TransactionalTestExecutionListener@d21a74c, org.springframework.test.context.jdbc.SqlScriptsTestExecutionListener@6e509ffa, org.springframework.boot.test.mock.mockito.ResetMocksTestExecutionListener@2898ac89, org.springframework.boot.test.autoconfigure.restdocs.RestDocsTestExecutionListener@683dbc2c, org.springframework.boot.test.autoconfigure.web.client.MockRestServiceServerResetTestExecutionListener@68267da0, org.springframework.boot.test.autoconfigure.web.servlet.MockMvcPrintOnlyOnFailureTestExecutionListener@2638011, org.springframework.boot.test.autoconfigure.web.servlet.WebDriverTestExecutionListener@6ff29830]
10:08:42.189 [main] DEBUG org.springframework.test.context.junit4.SpringJUnit4ClassRunner - SpringJUnit4ClassRunner constructor called with [class com.clarolab.api.entry.ProductAPITest]
10:08:42.189 [main] DEBUG org.springframework.test.context.BootstrapUtils - Instantiating CacheAwareContextLoaderDelegate from class [org.springframework.test.context.cache.DefaultCacheAwareContextLoaderDelegate]
10:08:42.189 [main] DEBUG org.springframework.test.context.BootstrapUtils - Instantiating BootstrapContext using constructor [public org.springframework.test.context.support.DefaultBootstrapContext(java.lang.Class,org.springframework.test.context.CacheAwareContextLoaderDelegate)]
10:08:42.190 [main] DEBUG org.springframework.test.context.BootstrapUtils - Instantiating TestContextBootstrapper for test class [com.clarolab.api.entry.ProductAPITest] from class [org.springframework.boot.test.context.SpringBootTestContextBootstrapper]
10:08:42.190 [main] INFO org.springframework.boot.test.context.SpringBootTestContextBootstrapper - Neither @ContextConfiguration nor @ContextHierarchy found for test class [com.clarolab.api.entry.ProductAPITest], using SpringBootContextLoader
10:08:42.191 [main] DEBUG org.springframework.test.context.support.AbstractContextLoader - Did not detect default resource location for test class [com.clarolab.api.entry.ProductAPITest]: class path resource [com/clarolab/api/entry/ProductAPITest-context.xml] does not exist
10:08:42.191 [main] DEBUG org.springframework.test.context.support.AbstractContextLoader - Did not detect default resource location for test class [com.clarolab.api.entry.ProductAPITest]: class path resource [com/clarolab/api/entry/ProductAPITestContext.groovy] does not exist
10:08:42.191 [main] INFO org.springframework.test.context.support.AbstractContextLoader - Could not detect default resource locations for test class [com.clarolab.api.entry.ProductAPITest]: no resource found for suffixes {-context.xml, Context.groovy}.
10:08:42.199 [main] DEBUG org.springframework.test.context.support.ActiveProfilesUtils - Could not find an 'annotation declaring class' for annotation type [org.springframework.test.context.ActiveProfiles] and class [com.clarolab.api.entry.ProductAPITest]
10:08:42.201 [main] DEBUG org.springframework.boot.test.context.SpringBootTestContextBootstrapper - @TestExecutionListeners is not present for class [com.clarolab.api.entry.ProductAPITest]: using defaults.
10:08:42.202 [main] INFO org.springframework.boot.test.context.SpringBootTestContextBootstrapper - Loaded default TestExecutionListener class names from location [META-INF/spring.factories]: [org.springframework.boot.test.mock.mockito.MockitoTestExecutionListener, org.springframework.boot.test.mock.mockito.ResetMocksTestExecutionListener, org.springframework.boot.test.autoconfigure.restdocs.RestDocsTestExecutionListener, org.springframework.boot.test.autoconfigure.web.client.MockRestServiceServerResetTestExecutionListener, org.springframework.boot.test.autoconfigure.web.servlet.MockMvcPrintOnlyOnFailureTestExecutionListener, org.springframework.boot.test.autoconfigure.web.servlet.WebDriverTestExecutionListener, org.springframework.test.context.web.ServletTestExecutionListener, org.springframework.test.context.support.DirtiesContextBeforeModesTestExecutionListener, org.springframework.test.context.support.DependencyInjectionTestExecutionListener, org.springframework.test.context.support.DirtiesContextTestExecutionListener, org.springframework.test.context.transaction.TransactionalTestExecutionListener, org.springframework.test.context.jdbc.SqlScriptsTestExecutionListener]
10:08:42.202 [main] INFO org.springframework.boot.test.context.SpringBootTestContextBootstrapper - Using TestExecutionListeners: [org.springframework.test.context.web.ServletTestExecutionListener@3098cf3b, org.springframework.test.context.support.DirtiesContextBeforeModesTestExecutionListener@610f7aa, org.springframework.boot.test.mock.mockito.MockitoTestExecutionListener@6a03bcb1, org.springframework.boot.test.autoconfigure.SpringBootDependencyInjectionTestExecutionListener@21b2e768, org.springframework.test.context.support.DirtiesContextTestExecutionListener@57250572, org.springframework.test.context.transaction.TransactionalTestExecutionListener@5609159b, org.springframework.test.context.jdbc.SqlScriptsTestExecutionListener@2118cddf, org.springframework.boot.test.mock.mockito.ResetMocksTestExecutionListener@17a7f733, org.springframework.boot.test.autoconfigure.restdocs.RestDocsTestExecutionListener@68567e20, org.springframework.boot.test.autoconfigure.web.client.MockRestServiceServerResetTestExecutionListener@76ed1b7c, org.springframework.boot.test.autoconfigure.web.servlet.MockMvcPrintOnlyOnFailureTestExecutionListener@11fc564b, org.springframework.boot.test.autoconfigure.web.servlet.WebDriverTestExecutionListener@394a2528]
10:08:42.203 [main] DEBUG org.springframework.test.context.junit4.SpringJUnit4ClassRunner - SpringJUnit4ClassRunner constructor called with [class com.clarolab.api.entry.UserAPITest]
10:08:42.203 [main] DEBUG org.springframework.test.context.BootstrapUtils - Instantiating CacheAwareContextLoaderDelegate from class [org.springframework.test.context.cache.DefaultCacheAwareContextLoaderDelegate]
10:08:42.203 [main] DEBUG org.springframework.test.context.BootstrapUtils - Instantiating BootstrapContext using constructor [public org.springframework.test.context.support.DefaultBootstrapContext(java.lang.Class,org.springframework.test.context.CacheAwareContextLoaderDelegate)]
10:08:42.203 [main] DEBUG org.springframework.test.context.BootstrapUtils - Instantiating TestContextBootstrapper for test class [com.clarolab.api.entry.UserAPITest] from class [org.springframework.boot.test.context.SpringBootTestContextBootstrapper]
10:08:42.203 [main] INFO org.springframework.boot.test.context.SpringBootTestContextBootstrapper - Neither @ContextConfiguration nor @ContextHierarchy found for test class [com.clarolab.api.entry.UserAPITest], using SpringBootContextLoader
10:08:42.204 [main] DEBUG org.springframework.test.context.support.AbstractContextLoader - Did not detect default resource location for test class [com.clarolab.api.entry.UserAPITest]: class path resource [com/clarolab/api/entry/UserAPITest-context.xml] does not exist
10:08:42.204 [main] DEBUG org.springframework.test.context.support.AbstractContextLoader - Did not detect default resource location for test class [com.clarolab.api.entry.UserAPITest]: class path resource [com/clarolab/api/entry/UserAPITestContext.groovy] does not exist
10:08:42.204 [main] INFO org.springframework.test.context.support.AbstractContextLoader - Could not detect default resource locations for test class [com.clarolab.api.entry.UserAPITest]: no resource found for suffixes {-context.xml, Context.groovy}.
10:08:42.207 [main] DEBUG org.springframework.test.context.support.ActiveProfilesUtils - Could not find an 'annotation declaring class' for annotation type [org.springframework.test.context.ActiveProfiles] and class [com.clarolab.api.entry.UserAPITest]
10:08:42.208 [main] DEBUG org.springframework.boot.test.context.SpringBootTestContextBootstrapper - @TestExecutionListeners is not present for class [com.clarolab.api.entry.UserAPITest]: using defaults.
10:08:42.212 [main] INFO org.springframework.boot.test.context.SpringBootTestContextBootstrapper - Loaded default TestExecutionListener class names from location [META-INF/spring.factories]: [org.springframework.boot.test.mock.mockito.MockitoTestExecutionListener, org.springframework.boot.test.mock.mockito.ResetMocksTestExecutionListener, org.springframework.boot.test.autoconfigure.restdocs.RestDocsTestExecutionListener, org.springframework.boot.test.autoconfigure.web.client.MockRestServiceServerResetTestExecutionListener, org.springframework.boot.test.autoconfigure.web.servlet.MockMvcPrintOnlyOnFailureTestExecutionListener, org.springframework.boot.test.autoconfigure.web.servlet.WebDriverTestExecutionListener, org.springframework.test.context.web.ServletTestExecutionListener, org.springframework.test.context.support.DirtiesContextBeforeModesTestExecutionListener, org.springframework.test.context.support.DependencyInjectionTestExecutionListener, org.springframework.test.context.support.DirtiesContextTestExecutionListener, org.springframework.test.context.transaction.TransactionalTestExecutionListener, org.springframework.test.context.jdbc.SqlScriptsTestExecutionListener]
10:08:42.212 [main] INFO org.springframework.boot.test.context.SpringBootTestContextBootstrapper - Using TestExecutionListeners: [org.springframework.test.context.web.ServletTestExecutionListener@2b4bac49, org.springframework.test.context.support.DirtiesContextBeforeModesTestExecutionListener@fd07cbb, org.springframework.boot.test.mock.mockito.MockitoTestExecutionListener@3571b748, org.springframework.boot.test.autoconfigure.SpringBootDependencyInjectionTestExecutionListener@3e96bacf, org.springframework.test.context.support.DirtiesContextTestExecutionListener@484970b0, org.springframework.test.context.transaction.TransactionalTestExecutionListener@4470f8a6, org.springframework.test.context.jdbc.SqlScriptsTestExecutionListener@7c83dc97, org.springframework.boot.test.mock.mockito.ResetMocksTestExecutionListener@7748410a, org.springframework.boot.test.autoconfigure.restdocs.RestDocsTestExecutionListener@740773a3, org.springframework.boot.test.autoconfigure.web.client.MockRestServiceServerResetTestExecutionListener@37f1104d, org.springframework.boot.test.autoconfigure.web.servlet.MockMvcPrintOnlyOnFailureTestExecutionListener@55740540, org.springframework.boot.test.autoconfigure.web.servlet.WebDriverTestExecutionListener@60015ef5]
10:08:42.213 [main] DEBUG org.springframework.test.context.junit4.SpringJUnit4ClassRunner - SpringJUnit4ClassRunner constructor called with [class com.clarolab.api.report.ExportAPITest]
10:08:42.215 [main] DEBUG org.springframework.test.context.BootstrapUtils - Instantiating CacheAwareContextLoaderDelegate from class [org.springframework.test.context.cache.DefaultCacheAwareContextLoaderDelegate]
10:08:42.215 [main] DEBUG org.springframework.test.context.BootstrapUtils - Instantiating BootstrapContext using constructor [public org.springframework.test.context.support.DefaultBootstrapContext(java.lang.Class,org.springframework.test.context.CacheAwareContextLoaderDelegate)]
10:08:42.216 [main] DEBUG org.springframework.test.context.BootstrapUtils - Instantiating TestContextBootstrapper for test class [com.clarolab.api.report.ExportAPITest] from class [org.springframework.boot.test.context.SpringBootTestContextBootstrapper]
10:08:42.216 [main] INFO org.springframework.boot.test.context.SpringBootTestContextBootstrapper - Neither @ContextConfiguration nor @ContextHierarchy found for test class [com.clarolab.api.report.ExportAPITest], using SpringBootContextLoader
10:08:42.217 [main] DEBUG org.springframework.test.context.support.AbstractContextLoader - Did not detect default resource location for test class [com.clarolab.api.report.ExportAPITest]: class path resource [com/clarolab/api/report/ExportAPITest-context.xml] does not exist
10:08:42.217 [main] DEBUG org.springframework.test.context.support.AbstractContextLoader - Did not detect default resource location for test class [com.clarolab.api.report.ExportAPITest]: class path resource [com/clarolab/api/report/ExportAPITestContext.groovy] does not exist
10:08:42.217 [main] INFO org.springframework.test.context.support.AbstractContextLoader - Could not detect default resource locations for test class [com.clarolab.api.report.ExportAPITest]: no resource found for suffixes {-context.xml, Context.groovy}.
10:08:42.220 [main] DEBUG org.springframework.test.context.support.ActiveProfilesUtils - Could not find an 'annotation declaring class' for annotation type [org.springframework.test.context.ActiveProfiles] and class [com.clarolab.api.report.ExportAPITest]
10:08:42.221 [main] DEBUG org.springframework.boot.test.context.SpringBootTestContextBootstrapper - @TestExecutionListeners is not present for class [com.clarolab.api.report.ExportAPITest]: using defaults.
10:08:42.221 [main] INFO org.springframework.boot.test.context.SpringBootTestContextBootstrapper - Loaded default TestExecutionListener class names from location [META-INF/spring.factories]: [org.springframework.boot.test.mock.mockito.MockitoTestExecutionListener, org.springframework.boot.test.mock.mockito.ResetMocksTestExecutionListener, org.springframework.boot.test.autoconfigure.restdocs.RestDocsTestExecutionListener, org.springframework.boot.test.autoconfigure.web.client.MockRestServiceServerResetTestExecutionListener, org.springframework.boot.test.autoconfigure.web.servlet.MockMvcPrintOnlyOnFailureTestExecutionListener, org.springframework.boot.test.autoconfigure.web.servlet.WebDriverTestExecutionListener, org.springframework.test.context.web.ServletTestExecutionListener, org.springframework.test.context.support.DirtiesContextBeforeModesTestExecutionListener, org.springframework.test.context.support.DependencyInjectionTestExecutionListener, org.springframework.test.context.support.DirtiesContextTestExecutionListener, org.springframework.test.context.transaction.TransactionalTestExecutionListener, org.springframework.test.context.jdbc.SqlScriptsTestExecutionListener]
10:08:42.222 [main] INFO org.springframework.boot.test.context.SpringBootTestContextBootstrapper - Using TestExecutionListeners: [org.springframework.test.context.web.ServletTestExecutionListener@5ab9e72c, org.springframework.test.context.support.DirtiesContextBeforeModesTestExecutionListener@186f8716, org.springframework.boot.test.mock.mockito.MockitoTestExecutionListener@1d8bd0de, org.springframework.boot.test.autoconfigure.SpringBootDependencyInjectionTestExecutionListener@45ca843, org.springframework.test.context.support.DirtiesContextTestExecutionListener@11c9af63, org.springframework.test.context.transaction.TransactionalTestExecutionListener@757acd7b, org.springframework.test.context.jdbc.SqlScriptsTestExecutionListener@36b4fe2a, org.springframework.boot.test.mock.mockito.ResetMocksTestExecutionListener@574b560f, org.springframework.boot.test.autoconfigure.restdocs.RestDocsTestExecutionListener@ba54932, org.springframework.boot.test.autoconfigure.web.client.MockRestServiceServerResetTestExecutionListener@28975c28, org.springframework.boot.test.autoconfigure.web.servlet.MockMvcPrintOnlyOnFailureTestExecutionListener@3943a2be, org.springframework.boot.test.autoconfigure.web.servlet.WebDriverTestExecutionListener@343570b7]
10:08:42.222 [main] DEBUG org.springframework.test.context.junit4.SpringJUnit4ClassRunner - SpringJUnit4ClassRunner constructor called with [class com.clarolab.api.report.StatsAPITest]
10:08:42.222 [main] DEBUG org.springframework.test.context.BootstrapUtils - Instantiating CacheAwareContextLoaderDelegate from class [org.springframework.test.context.cache.DefaultCacheAwareContextLoaderDelegate]
10:08:42.222 [main] DEBUG org.springframework.test.context.BootstrapUtils - Instantiating BootstrapContext using constructor [public org.springframework.test.context.support.DefaultBootstrapContext(java.lang.Class,org.springframework.test.context.CacheAwareContextLoaderDelegate)]
10:08:42.223 [main] DEBUG org.springframework.test.context.BootstrapUtils - Instantiating TestContextBootstrapper for test class [com.clarolab.api.report.StatsAPITest] from class [org.springframework.boot.test.context.SpringBootTestContextBootstrapper]
10:08:42.223 [main] INFO org.springframework.boot.test.context.SpringBootTestContextBootstrapper - Neither @ContextConfiguration nor @ContextHierarchy found for test class [com.clarolab.api.report.StatsAPITest], using SpringBootContextLoader
10:08:42.224 [main] DEBUG org.springframework.test.context.support.AbstractContextLoader - Did not detect default resource location for test class [com.clarolab.api.report.StatsAPITest]: class path resource [com/clarolab/api/report/StatsAPITest-context.xml] does not exist
10:08:42.224 [main] DEBUG org.springframework.test.context.support.AbstractContextLoader - Did not detect default resource location for test class [com.clarolab.api.report.StatsAPITest]: class path resource [com/clarolab/api/report/StatsAPITestContext.groovy] does not exist
10:08:42.224 [main] INFO org.springframework.test.context.support.AbstractContextLoader - Could not detect default resource locations for test class [com.clarolab.api.report.StatsAPITest]: no resource found for suffixes {-context.xml, Context.groovy}.
10:08:42.226 [main] DEBUG org.springframework.test.context.support.ActiveProfilesUtils - Could not find an 'annotation declaring class' for annotation type [org.springframework.test.context.ActiveProfiles] and class [com.clarolab.api.report.StatsAPITest]
10:08:42.227 [main] DEBUG org.springframework.boot.test.context.SpringBootTestContextBootstrapper - @TestExecutionListeners is not present for class [com.clarolab.api.report.StatsAPITest]: using defaults.
10:08:42.228 [main] INFO org.springframework.boot.test.context.SpringBootTestContextBootstrapper - Loaded default TestExecutionListener class names from location [META-INF/spring.factories]: [org.springframework.boot.test.mock.mockito.MockitoTestExecutionListener, org.springframework.boot.test.mock.mockito.ResetMocksTestExecutionListener, org.springframework.boot.test.autoconfigure.restdocs.RestDocsTestExecutionListener, org.springframework.boot.test.autoconfigure.web.client.MockRestServiceServerResetTestExecutionListener, org.springframework.boot.test.autoconfigure.web.servlet.MockMvcPrintOnlyOnFailureTestExecutionListener, org.springframework.boot.test.autoconfigure.web.servlet.WebDriverTestExecutionListener, org.springframework.test.context.web.ServletTestExecutionListener, org.springframework.test.context.support.DirtiesContextBeforeModesTestExecutionListener, org.springframework.test.context.support.DependencyInjectionTestExecutionListener, org.springframework.test.context.support.DirtiesContextTestExecutionListener, org.springframework.test.context.transaction.TransactionalTestExecutionListener, org.springframework.test.context.jdbc.SqlScriptsTestExecutionListener]
10:08:42.228 [main] INFO org.springframework.boot.test.context.SpringBootTestContextBootstrapper - Using TestExecutionListeners: [org.springframework.test.context.web.ServletTestExecutionListener@5f16132a, org.springframework.test.context.support.DirtiesContextBeforeModesTestExecutionListener@69fb6037, org.springframework.boot.test.mock.mockito.MockitoTestExecutionListener@36d585c, org.springframework.boot.test.autoconfigure.SpringBootDependencyInjectionTestExecutionListener@87a85e1, org.springframework.test.context.support.DirtiesContextTestExecutionListener@671a5887, org.springframework.test.context.transaction.TransactionalTestExecutionListener@5552768b, org.springframework.test.context.jdbc.SqlScriptsTestExecutionListener@3c947bc5, org.springframework.boot.test.mock.mockito.ResetMocksTestExecutionListener@609db43b, org.springframework.boot.test.autoconfigure.restdocs.RestDocsTestExecutionListener@55f616cf, org.springframework.boot.test.autoconfigure.web.client.MockRestServiceServerResetTestExecutionListener@1356d4d4, org.springframework.boot.test.autoconfigure.web.servlet.MockMvcPrintOnlyOnFailureTestExecutionListener@c03cf28, org.springframework.boot.test.autoconfigure.web.servlet.WebDriverTestExecutionListener@1329eff]
10:08:42.229 [main] DEBUG org.springframework.test.context.junit4.SpringJUnit4ClassRunner - SpringJUnit4ClassRunner constructor called with [class com.clarolab.api.report.ViewAPITest]
10:08:42.229 [main] DEBUG org.springframework.test.context.BootstrapUtils - Instantiating CacheAwareContextLoaderDelegate from class [org.springframework.test.context.cache.DefaultCacheAwareContextLoaderDelegate]
10:08:42.229 [main] DEBUG org.springframework.test.context.BootstrapUtils - Instantiating BootstrapContext using constructor [public org.springframework.test.context.support.DefaultBootstrapContext(java.lang.Class,org.springframework.test.context.CacheAwareContextLoaderDelegate)]
10:08:42.229 [main] DEBUG org.springframework.test.context.BootstrapUtils - Instantiating TestContextBootstrapper for test class [com.clarolab.api.report.ViewAPITest] from class [org.springframework.boot.test.context.SpringBootTestContextBootstrapper]
10:08:42.230 [main] INFO org.springframework.boot.test.context.SpringBootTestContextBootstrapper - Neither @ContextConfiguration nor @ContextHierarchy found for test class [com.clarolab.api.report.ViewAPITest], using SpringBootContextLoader
10:08:42.230 [main] DEBUG org.springframework.test.context.support.AbstractContextLoader - Did not detect default resource location for test class [com.clarolab.api.report.ViewAPITest]: class path resource [com/clarolab/api/report/ViewAPITest-context.xml] does not exist
10:08:42.231 [main] DEBUG org.springframework.test.context.support.AbstractContextLoader - Did not detect default resource location for test class [com.clarolab.api.report.ViewAPITest]: class path resource [com/clarolab/api/report/ViewAPITestContext.groovy] does not exist
10:08:42.231 [main] INFO org.springframework.test.context.support.AbstractContextLoader - Could not detect default resource locations for test class [com.clarolab.api.report.ViewAPITest]: no resource found for suffixes {-context.xml, Context.groovy}.
10:08:42.234 [main] DEBUG org.springframework.test.context.support.ActiveProfilesUtils - Could not find an 'annotation declaring class' for annotation type [org.springframework.test.context.ActiveProfiles] and class [com.clarolab.api.report.ViewAPITest]
10:08:42.236 [main] DEBUG org.springframework.boot.test.context.SpringBootTestContextBootstrapper - @TestExecutionListeners is not present for class [com.clarolab.api.report.ViewAPITest]: using defaults.
10:08:42.236 [main] INFO org.springframework.boot.test.context.SpringBootTestContextBootstrapper - Loaded default TestExecutionListener class names from location [META-INF/spring.factories]: [org.springframework.boot.test.mock.mockito.MockitoTestExecutionListener, org.springframework.boot.test.mock.mockito.ResetMocksTestExecutionListener, org.springframework.boot.test.autoconfigure.restdocs.RestDocsTestExecutionListener, org.springframework.boot.test.autoconfigure.web.client.MockRestServiceServerResetTestExecutionListener, org.springframework.boot.test.autoconfigure.web.servlet.MockMvcPrintOnlyOnFailureTestExecutionListener, org.springframework.boot.test.autoconfigure.web.servlet.WebDriverTestExecutionListener, org.springframework.test.context.web.ServletTestExecutionListener, org.springframework.test.context.support.DirtiesContextBeforeModesTestExecutionListener, org.springframework.test.context.support.DependencyInjectionTestExecutionListener, org.springframework.test.context.support.DirtiesContextTestExecutionListener, org.springframework.test.context.transaction.TransactionalTestExecutionListener, org.springframework.test.context.jdbc.SqlScriptsTestExecutionListener]
10:08:42.237 [main] INFO org.springframework.boot.test.context.SpringBootTestContextBootstrapper - Using TestExecutionListeners: [org.springframework.test.context.web.ServletTestExecutionListener@f381794, org.springframework.test.context.support.DirtiesContextBeforeModesTestExecutionListener@2cdd0d4b, org.springframework.boot.test.mock.mockito.MockitoTestExecutionListener@7e9131d5, org.springframework.boot.test.autoconfigure.SpringBootDependencyInjectionTestExecutionListener@2e1d27ba, org.springframework.test.context.support.DirtiesContextTestExecutionListener@61d6015a, org.springframework.test.context.transaction.TransactionalTestExecutionListener@2525ff7e, org.springframework.test.context.jdbc.SqlScriptsTestExecutionListener@524d6d96, org.springframework.boot.test.mock.mockito.ResetMocksTestExecutionListener@152aa092, org.springframework.boot.test.autoconfigure.restdocs.RestDocsTestExecutionListener@44a7bfbc, org.springframework.boot.test.autoconfigure.web.client.MockRestServiceServerResetTestExecutionListener@4ef37659, org.springframework.boot.test.autoconfigure.web.servlet.MockMvcPrintOnlyOnFailureTestExecutionListener@776b83cc, org.springframework.boot.test.autoconfigure.web.servlet.WebDriverTestExecutionListener@37858383]
10:08:42.237 [main] DEBUG org.springframework.test.context.junit4.SpringJUnit4ClassRunner - SpringJUnit4ClassRunner constructor called with [class com.clarolab.api.suite.ApproveAutomaticTriageAPITest]
10:08:42.237 [main] DEBUG org.springframework.test.context.BootstrapUtils - Instantiating CacheAwareContextLoaderDelegate from class [org.springframework.test.context.cache.DefaultCacheAwareContextLoaderDelegate]
10:08:42.237 [main] DEBUG org.springframework.test.context.BootstrapUtils - Instantiating BootstrapContext using constructor [public org.springframework.test.context.support.DefaultBootstrapContext(java.lang.Class,org.springframework.test.context.CacheAwareContextLoaderDelegate)]
10:08:42.238 [main] DEBUG org.springframework.test.context.BootstrapUtils - Instantiating TestContextBootstrapper for test class [com.clarolab.api.suite.ApproveAutomaticTriageAPITest] from class [org.springframework.boot.test.context.SpringBootTestContextBootstrapper]
10:08:42.238 [main] INFO org.springframework.boot.test.context.SpringBootTestContextBootstrapper - Neither @ContextConfiguration nor @ContextHierarchy found for test class [com.clarolab.api.suite.ApproveAutomaticTriageAPITest], using SpringBootContextLoader
10:08:42.239 [main] DEBUG org.springframework.test.context.support.AbstractContextLoader - Did not detect default resource location for test class [com.clarolab.api.suite.ApproveAutomaticTriageAPITest]: class path resource [com/clarolab/api/suite/ApproveAutomaticTriageAPITest-context.xml] does not exist
10:08:42.240 [main] DEBUG org.springframework.test.context.support.AbstractContextLoader - Did not detect default resource location for test class [com.clarolab.api.suite.ApproveAutomaticTriageAPITest]: class path resource [com/clarolab/api/suite/ApproveAutomaticTriageAPITestContext.groovy] does not exist
10:08:42.240 [main] INFO org.springframework.test.context.support.AbstractContextLoader - Could not detect default resource locations for test class [com.clarolab.api.suite.ApproveAutomaticTriageAPITest]: no resource found for suffixes {-context.xml, Context.groovy}.
10:08:42.242 [main] DEBUG org.springframework.test.context.support.ActiveProfilesUtils - Could not find an 'annotation declaring class' for annotation type [org.springframework.test.context.ActiveProfiles] and class [com.clarolab.api.suite.ApproveAutomaticTriageAPITest]
10:08:42.244 [main] DEBUG org.springframework.boot.test.context.SpringBootTestContextBootstrapper - @TestExecutionListeners is not present for class [com.clarolab.api.suite.ApproveAutomaticTriageAPITest]: using defaults.
10:08:42.244 [main] INFO org.springframework.boot.test.context.SpringBootTestContextBootstrapper - Loaded default TestExecutionListener class names from location [META-INF/spring.factories]: [org.springframework.boot.test.mock.mockito.MockitoTestExecutionListener, org.springframework.boot.test.mock.mockito.ResetMocksTestExecutionListener, org.springframework.boot.test.autoconfigure.restdocs.RestDocsTestExecutionListener, org.springframework.boot.test.autoconfigure.web.client.MockRestServiceServerResetTestExecutionListener, org.springframework.boot.test.autoconfigure.web.servlet.MockMvcPrintOnlyOnFailureTestExecutionListener, org.springframework.boot.test.autoconfigure.web.servlet.WebDriverTestExecutionListener, org.springframework.test.context.web.ServletTestExecutionListener, org.springframework.test.context.support.DirtiesContextBeforeModesTestExecutionListener, org.springframework.test.context.support.DependencyInjectionTestExecutionListener, org.springframework.test.context.support.DirtiesContextTestExecutionListener, org.springframework.test.context.transaction.TransactionalTestExecutionListener, org.springframework.test.context.jdbc.SqlScriptsTestExecutionListener]
10:08:42.244 [main] INFO org.springframework.boot.test.context.SpringBootTestContextBootstrapper - Using TestExecutionListeners: [org.springframework.test.context.web.ServletTestExecutionListener@52102734, org.springframework.test.context.support.DirtiesContextBeforeModesTestExecutionListener@3541cb24, org.springframework.boot.test.mock.mockito.MockitoTestExecutionListener@2177849e, org.springframework.boot.test.autoconfigure.SpringBootDependencyInjectionTestExecutionListener@40cb8df7, org.springframework.test.context.support.DirtiesContextTestExecutionListener@13b13b5d, org.springframework.test.context.transaction.TransactionalTestExecutionListener@2892dae4, org.springframework.test.context.jdbc.SqlScriptsTestExecutionListener@355ce81c, org.springframework.boot.test.mock.mockito.ResetMocksTestExecutionListener@29647f75, org.springframework.boot.test.autoconfigure.restdocs.RestDocsTestExecutionListener@3315d2d7, org.springframework.boot.test.autoconfigure.web.client.MockRestServiceServerResetTestExecutionListener@d6e7bab, org.springframework.boot.test.autoconfigure.web.servlet.MockMvcPrintOnlyOnFailureTestExecutionListener@5fa07e12, org.springframework.boot.test.autoconfigure.web.servlet.WebDriverTestExecutionListener@55b53d44]
10:08:42.245 [main] DEBUG org.springframework.test.context.junit4.SpringJUnit4ClassRunner - SpringJUnit4ClassRunner constructor called with [class com.clarolab.api.suite.AssigneeToBuildAPITest]
10:08:42.245 [main] DEBUG org.springframework.test.context.BootstrapUtils - Instantiating CacheAwareContextLoaderDelegate from class [org.springframework.test.context.cache.DefaultCacheAwareContextLoaderDelegate]
10:08:42.245 [main] DEBUG org.springframework.test.context.BootstrapUtils - Instantiating BootstrapContext using constructor [public org.springframework.test.context.support.DefaultBootstrapContext(java.lang.Class,org.springframework.test.context.CacheAwareContextLoaderDelegate)]
10:08:42.246 [main] DEBUG org.springframework.test.context.BootstrapUtils - Instantiating TestContextBootstrapper for test class [com.clarolab.api.suite.AssigneeToBuildAPITest] from class [org.springframework.boot.test.context.SpringBootTestContextBootstrapper]
10:08:42.246 [main] INFO org.springframework.boot.test.context.SpringBootTestContextBootstrapper - Neither @ContextConfiguration nor @ContextHierarchy found for test class [com.clarolab.api.suite.AssigneeToBuildAPITest], using SpringBootContextLoader
10:08:42.247 [main] DEBUG org.springframework.test.context.support.AbstractContextLoader - Did not detect default resource location for test class [com.clarolab.api.suite.AssigneeToBuildAPITest]: class path resource [com/clarolab/api/suite/AssigneeToBuildAPITest-context.xml] does not exist
10:08:42.248 [main] DEBUG org.springframework.test.context.support.AbstractContextLoader - Did not detect default resource location for test class [com.clarolab.api.suite.AssigneeToBuildAPITest]: class path resource [com/clarolab/api/suite/AssigneeToBuildAPITestContext.groovy] does not exist
10:08:42.248 [main] INFO org.springframework.test.context.support.AbstractContextLoader - Could not detect default resource locations for test class [com.clarolab.api.suite.AssigneeToBuildAPITest]: no resource found for suffixes {-context.xml, Context.groovy}.
10:08:42.254 [main] DEBUG org.springframework.test.context.support.ActiveProfilesUtils - Could not find an 'annotation declaring class' for annotation type [org.springframework.test.context.ActiveProfiles] and class [com.clarolab.api.suite.AssigneeToBuildAPITest]
10:08:42.255 [main] DEBUG org.springframework.boot.test.context.SpringBootTestContextBootstrapper - @TestExecutionListeners is not present for class [com.clarolab.api.suite.AssigneeToBuildAPITest]: using defaults.
10:08:42.256 [main] INFO org.springframework.boot.test.context.SpringBootTestContextBootstrapper - Loaded default TestExecutionListener class names from location [META-INF/spring.factories]: [org.springframework.boot.test.mock.mockito.MockitoTestExecutionListener, org.springframework.boot.test.mock.mockito.ResetMocksTestExecutionListener, org.springframework.boot.test.autoconfigure.restdocs.RestDocsTestExecutionListener, org.springframework.boot.test.autoconfigure.web.client.MockRestServiceServerResetTestExecutionListener, org.springframework.boot.test.autoconfigure.web.servlet.MockMvcPrintOnlyOnFailureTestExecutionListener, org.springframework.boot.test.autoconfigure.web.servlet.WebDriverTestExecutionListener, org.springframework.test.context.web.ServletTestExecutionListener, org.springframework.test.context.support.DirtiesContextBeforeModesTestExecutionListener, org.springframework.test.context.support.DependencyInjectionTestExecutionListener, org.springframework.test.context.support.DirtiesContextTestExecutionListener, org.springframework.test.context.transaction.TransactionalTestExecutionListener, org.springframework.test.context.jdbc.SqlScriptsTestExecutionListener]
10:08:42.256 [main] INFO org.springframework.boot.test.context.SpringBootTestContextBootstrapper - Using TestExecutionListeners: [org.springframework.test.context.web.ServletTestExecutionListener@62e7f11d, org.springframework.test.context.support.DirtiesContextBeforeModesTestExecutionListener@503d687a, org.springframework.boot.test.mock.mockito.MockitoTestExecutionListener@6a370f4, org.springframework.boot.test.autoconfigure.SpringBootDependencyInjectionTestExecutionListener@2abf4075, org.springframework.test.context.support.DirtiesContextTestExecutionListener@770d3326, org.springframework.test.context.transaction.TransactionalTestExecutionListener@4cc8eb05, org.springframework.test.context.jdbc.SqlScriptsTestExecutionListener@51f116b8, org.springframework.boot.test.mock.mockito.ResetMocksTestExecutionListener@19d481b, org.springframework.boot.test.autoconfigure.restdocs.RestDocsTestExecutionListener@1f97cf0d, org.springframework.boot.test.autoconfigure.web.client.MockRestServiceServerResetTestExecutionListener@140c9f39, org.springframework.boot.test.autoconfigure.web.servlet.MockMvcPrintOnlyOnFailureTestExecutionListener@4d910fd6, org.springframework.boot.test.autoconfigure.web.servlet.WebDriverTestExecutionListener@26275bef]
10:08:42.257 [main] DEBUG org.springframework.test.context.junit4.SpringJUnit4ClassRunner - SpringJUnit4ClassRunner constructor called with [class com.clarolab.api.suite.InvalidBuildTriageAPITest]
10:08:42.257 [main] DEBUG org.springframework.test.context.BootstrapUtils - Instantiating CacheAwareContextLoaderDelegate from class [org.springframework.test.context.cache.DefaultCacheAwareContextLoaderDelegate]
10:08:42.257 [main] DEBUG org.springframework.test.context.BootstrapUtils - Instantiating BootstrapContext using constructor [public org.springframework.test.context.support.DefaultBootstrapContext(java.lang.Class,org.springframework.test.context.CacheAwareContextLoaderDelegate)]
10:08:42.257 [main] DEBUG org.springframework.test.context.BootstrapUtils - Instantiating TestContextBootstrapper for test class [com.clarolab.api.suite.InvalidBuildTriageAPITest] from class [org.springframework.boot.test.context.SpringBootTestContextBootstrapper]
10:08:42.258 [main] INFO org.springframework.boot.test.context.SpringBootTestContextBootstrapper - Neither @ContextConfiguration nor @ContextHierarchy found for test class [com.clarolab.api.suite.InvalidBuildTriageAPITest], using SpringBootContextLoader
10:08:42.258 [main] DEBUG org.springframework.test.context.support.AbstractContextLoader - Did not detect default resource location for test class [com.clarolab.api.suite.InvalidBuildTriageAPITest]: class path resource [com/clarolab/api/suite/InvalidBuildTriageAPITest-context.xml] does not exist
10:08:42.259 [main] DEBUG org.springframework.test.context.support.AbstractContextLoader - Did not detect default resource location for test class [com.clarolab.api.suite.InvalidBuildTriageAPITest]: class path resource [com/clarolab/api/suite/InvalidBuildTriageAPITestContext.groovy] does not exist
10:08:42.259 [main] INFO org.springframework.test.context.support.AbstractContextLoader - Could not detect default resource locations for test class [com.clarolab.api.suite.InvalidBuildTriageAPITest]: no resource found for suffixes {-context.xml, Context.groovy}.
10:08:42.261 [main] DEBUG org.springframework.test.context.support.ActiveProfilesUtils - Could not find an 'annotation declaring class' for annotation type [org.springframework.test.context.ActiveProfiles] and class [com.clarolab.api.suite.InvalidBuildTriageAPITest]
10:08:42.263 [main] DEBUG org.springframework.boot.test.context.SpringBootTestContextBootstrapper - @TestExecutionListeners is not present for class [com.clarolab.api.suite.InvalidBuildTriageAPITest]: using defaults.
10:08:42.263 [main] INFO org.springframework.boot.test.context.SpringBootTestContextBootstrapper - Loaded default TestExecutionListener class names from location [META-INF/spring.factories]: [org.springframework.boot.test.mock.mockito.MockitoTestExecutionListener, org.springframework.boot.test.mock.mockito.ResetMocksTestExecutionListener, org.springframework.boot.test.autoconfigure.restdocs.RestDocsTestExecutionListener, org.springframework.boot.test.autoconfigure.web.client.MockRestServiceServerResetTestExecutionListener, org.springframework.boot.test.autoconfigure.web.servlet.MockMvcPrintOnlyOnFailureTestExecutionListener, org.springframework.boot.test.autoconfigure.web.servlet.WebDriverTestExecutionListener, org.springframework.test.context.web.ServletTestExecutionListener, org.springframework.test.context.support.DirtiesContextBeforeModesTestExecutionListener, org.springframework.test.context.support.DependencyInjectionTestExecutionListener, org.springframework.test.context.support.DirtiesContextTestExecutionListener, org.springframework.test.context.transaction.TransactionalTestExecutionListener, org.springframework.test.context.jdbc.SqlScriptsTestExecutionListener]
10:08:42.264 [main] INFO org.springframework.boot.test.context.SpringBootTestContextBootstrapper - Using TestExecutionListeners: [org.springframework.test.context.web.ServletTestExecutionListener@49dc7102, org.springframework.test.context.support.DirtiesContextBeforeModesTestExecutionListener@6b8ca3c8, org.springframework.boot.test.mock.mockito.MockitoTestExecutionListener@68c72235, org.springframework.boot.test.autoconfigure.SpringBootDependencyInjectionTestExecutionListener@10959ece, org.springframework.test.context.support.DirtiesContextTestExecutionListener@3a6bb9bf, org.springframework.test.context.transaction.TransactionalTestExecutionListener@34f7cfd9, org.springframework.test.context.jdbc.SqlScriptsTestExecutionListener@65f095f8, org.springframework.boot.test.mock.mockito.ResetMocksTestExecutionListener@59af0466, org.springframework.boot.test.autoconfigure.restdocs.RestDocsTestExecutionListener@3e6ef8ad, org.springframework.boot.test.autoconfigure.web.client.MockRestServiceServerResetTestExecutionListener@346d61be, org.springframework.boot.test.autoconfigure.web.servlet.MockMvcPrintOnlyOnFailureTestExecutionListener@55536d9e, org.springframework.boot.test.autoconfigure.web.servlet.WebDriverTestExecutionListener@747edf66]
10:08:42.265 [main] DEBUG org.springframework.test.context.junit4.SpringJUnit4ClassRunner - SpringJUnit4ClassRunner constructor called with [class com.clarolab.api.suite.TriageBuildAPITest]
10:08:42.265 [main] DEBUG org.springframework.test.context.BootstrapUtils - Instantiating CacheAwareContextLoaderDelegate from class [org.springframework.test.context.cache.DefaultCacheAwareContextLoaderDelegate]
10:08:42.265 [main] DEBUG org.springframework.test.context.BootstrapUtils - Instantiating BootstrapContext using constructor [public org.springframework.test.context.support.DefaultBootstrapContext(java.lang.Class,org.springframework.test.context.CacheAwareContextLoaderDelegate)]
10:08:42.265 [main] DEBUG org.springframework.test.context.BootstrapUtils - Instantiating TestContextBootstrapper for test class [com.clarolab.api.suite.TriageBuildAPITest] from class [org.springframework.boot.test.context.SpringBootTestContextBootstrapper]
10:08:42.265 [main] INFO org.springframework.boot.test.context.SpringBootTestContextBootstrapper - Neither @ContextConfiguration nor @ContextHierarchy found for test class [com.clarolab.api.suite.TriageBuildAPITest], using SpringBootContextLoader
10:08:42.266 [main] DEBUG org.springframework.test.context.support.AbstractContextLoader - Did not detect default resource location for test class [com.clarolab.api.suite.TriageBuildAPITest]: class path resource [com/clarolab/api/suite/TriageBuildAPITest-context.xml] does not exist
10:08:42.267 [main] DEBUG org.springframework.test.context.support.AbstractContextLoader - Did not detect default resource location for test class [com.clarolab.api.suite.TriageBuildAPITest]: class path resource [com/clarolab/api/suite/TriageBuildAPITestContext.groovy] does not exist
10:08:42.267 [main] INFO org.springframework.test.context.support.AbstractContextLoader - Could not detect default resource locations for test class [com.clarolab.api.suite.TriageBuildAPITest]: no resource found for suffixes {-context.xml, Context.groovy}.
10:08:42.269 [main] DEBUG org.springframework.test.context.support.ActiveProfilesUtils - Could not find an 'annotation declaring class' for annotation type [org.springframework.test.context.ActiveProfiles] and class [com.clarolab.api.suite.TriageBuildAPITest]
10:08:42.271 [main] DEBUG org.springframework.boot.test.context.SpringBootTestContextBootstrapper - @TestExecutionListeners is not present for class [com.clarolab.api.suite.TriageBuildAPITest]: using defaults.
10:08:42.271 [main] INFO org.springframework.boot.test.context.SpringBootTestContextBootstrapper - Loaded default TestExecutionListener class names from location [META-INF/spring.factories]: [org.springframework.boot.test.mock.mockito.MockitoTestExecutionListener, org.springframework.boot.test.mock.mockito.ResetMocksTestExecutionListener, org.springframework.boot.test.autoconfigure.restdocs.RestDocsTestExecutionListener, org.springframework.boot.test.autoconfigure.web.client.MockRestServiceServerResetTestExecutionListener, org.springframework.boot.test.autoconfigure.web.servlet.MockMvcPrintOnlyOnFailureTestExecutionListener, org.springframework.boot.test.autoconfigure.web.servlet.WebDriverTestExecutionListener, org.springframework.test.context.web.ServletTestExecutionListener, org.springframework.test.context.support.DirtiesContextBeforeModesTestExecutionListener, org.springframework.test.context.support.DependencyInjectionTestExecutionListener, org.springframework.test.context.support.DirtiesContextTestExecutionListener, org.springframework.test.context.transaction.TransactionalTestExecutionListener, org.springframework.test.context.jdbc.SqlScriptsTestExecutionListener]
10:08:42.271 [main] INFO org.springframework.boot.test.context.SpringBootTestContextBootstrapper - Using TestExecutionListeners: [org.springframework.test.context.web.ServletTestExecutionListener@3738449f, org.springframework.test.context.support.DirtiesContextBeforeModesTestExecutionListener@69e1dd28, org.springframework.boot.test.mock.mockito.MockitoTestExecutionListener@11bd0f3b, org.springframework.boot.test.autoconfigure.SpringBootDependencyInjectionTestExecutionListener@c333c60, org.springframework.test.context.support.DirtiesContextTestExecutionListener@79da8dc5, org.springframework.test.context.transaction.TransactionalTestExecutionListener@1eb5174b, org.springframework.test.context.jdbc.SqlScriptsTestExecutionListener@67080771, org.springframework.boot.test.mock.mockito.ResetMocksTestExecutionListener@72cde7cc, org.springframework.boot.test.autoconfigure.restdocs.RestDocsTestExecutionListener@5fd4f8f5, org.springframework.boot.test.autoconfigure.web.client.MockRestServiceServerResetTestExecutionListener@696da30b, org.springframework.boot.test.autoconfigure.web.servlet.MockMvcPrintOnlyOnFailureTestExecutionListener@4e7912d8, org.springframework.boot.test.autoconfigure.web.servlet.WebDriverTestExecutionListener@53976f5c]
10:08:42.272 [main] DEBUG org.springframework.test.context.junit4.SpringJUnit4ClassRunner - SpringJUnit4ClassRunner constructor called with [class com.clarolab.api.test.AssignTestCaseAPITest]
10:08:42.272 [main] DEBUG org.springframework.test.context.BootstrapUtils - Instantiating CacheAwareContextLoaderDelegate from class [org.springframework.test.context.cache.DefaultCacheAwareContextLoaderDelegate]
10:08:42.272 [main] DEBUG org.springframework.test.context.BootstrapUtils - Instantiating BootstrapContext using constructor [public org.springframework.test.context.support.DefaultBootstrapContext(java.lang.Class,org.springframework.test.context.CacheAwareContextLoaderDelegate)]
10:08:42.273 [main] DEBUG org.springframework.test.context.BootstrapUtils - Instantiating TestContextBootstrapper for test class [com.clarolab.api.test.AssignTestCaseAPITest] from class [org.springframework.boot.test.context.SpringBootTestContextBootstrapper]
10:08:42.273 [main] INFO org.springframework.boot.test.context.SpringBootTestContextBootstrapper - Neither @ContextConfiguration nor @ContextHierarchy found for test class [com.clarolab.api.test.AssignTestCaseAPITest], using SpringBootContextLoader
10:08:42.274 [main] DEBUG org.springframework.test.context.support.AbstractContextLoader - Did not detect default resource location for test class [com.clarolab.api.test.AssignTestCaseAPITest]: class path resource [com/clarolab/api/test/AssignTestCaseAPITest-context.xml] does not exist
10:08:42.274 [main] DEBUG org.springframework.test.context.support.AbstractContextLoader - Did not detect default resource location for test class [com.clarolab.api.test.AssignTestCaseAPITest]: class path resource [com/clarolab/api/test/AssignTestCaseAPITestContext.groovy] does not exist
10:08:42.274 [main] INFO org.springframework.test.context.support.AbstractContextLoader - Could not detect default resource locations for test class [com.clarolab.api.test.AssignTestCaseAPITest]: no resource found for suffixes {-context.xml, Context.groovy}.
10:08:42.276 [main] DEBUG org.springframework.test.context.support.ActiveProfilesUtils - Could not find an 'annotation declaring class' for annotation type [org.springframework.test.context.ActiveProfiles] and class [com.clarolab.api.test.AssignTestCaseAPITest]
10:08:42.277 [main] DEBUG org.springframework.boot.test.context.SpringBootTestContextBootstrapper - @TestExecutionListeners is not present for class [com.clarolab.api.test.AssignTestCaseAPITest]: using defaults.
10:08:42.278 [main] INFO org.springframework.boot.test.context.SpringBootTestContextBootstrapper - Loaded default TestExecutionListener class names from location [META-INF/spring.factories]: [org.springframework.boot.test.mock.mockito.MockitoTestExecutionListener, org.springframework.boot.test.mock.mockito.ResetMocksTestExecutionListener, org.springframework.boot.test.autoconfigure.restdocs.RestDocsTestExecutionListener, org.springframework.boot.test.autoconfigure.web.client.MockRestServiceServerResetTestExecutionListener, org.springframework.boot.test.autoconfigure.web.servlet.MockMvcPrintOnlyOnFailureTestExecutionListener, org.springframework.boot.test.autoconfigure.web.servlet.WebDriverTestExecutionListener, org.springframework.test.context.web.ServletTestExecutionListener, org.springframework.test.context.support.DirtiesContextBeforeModesTestExecutionListener, org.springframework.test.context.support.DependencyInjectionTestExecutionListener, org.springframework.test.context.support.DirtiesContextTestExecutionListener, org.springframework.test.context.transaction.TransactionalTestExecutionListener, org.springframework.test.context.jdbc.SqlScriptsTestExecutionListener]
10:08:42.278 [main] INFO org.springframework.boot.test.context.SpringBootTestContextBootstrapper - Using TestExecutionListeners: [org.springframework.test.context.web.ServletTestExecutionListener@a3d8174, org.springframework.test.context.support.DirtiesContextBeforeModesTestExecutionListener@1ba9117e, org.springframework.boot.test.mock.mockito.MockitoTestExecutionListener@732c2a62, org.springframework.boot.test.autoconfigure.SpringBootDependencyInjectionTestExecutionListener@272ed83b, org.springframework.test.context.support.DirtiesContextTestExecutionListener@41fecb8b, org.springframework.test.context.transaction.TransactionalTestExecutionListener@120f102b, org.springframework.test.context.jdbc.SqlScriptsTestExecutionListener@625732, org.springframework.boot.test.mock.mockito.ResetMocksTestExecutionListener@51dcb805, org.springframework.boot.test.autoconfigure.restdocs.RestDocsTestExecutionListener@66498326, org.springframework.boot.test.autoconfigure.web.client.MockRestServiceServerResetTestExecutionListener@cad498c, org.springframework.boot.test.autoconfigure.web.servlet.MockMvcPrintOnlyOnFailureTestExecutionListener@1e6454ec, org.springframework.boot.test.autoconfigure.web.servlet.WebDriverTestExecutionListener@2accdbb5]
10:08:42.280 [main] DEBUG org.springframework.test.context.junit4.SpringJUnit4ClassRunner - SpringJUnit4ClassRunner constructor called with [class com.clarolab.api.test.TestExecutionAPITest]
10:08:42.280 [main] DEBUG org.springframework.test.context.BootstrapUtils - Instantiating CacheAwareContextLoaderDelegate from class [org.springframework.test.context.cache.DefaultCacheAwareContextLoaderDelegate]
10:08:42.280 [main] DEBUG org.springframework.test.context.BootstrapUtils - Instantiating BootstrapContext using constructor [public org.springframework.test.context.support.DefaultBootstrapContext(java.lang.Class,org.springframework.test.context.CacheAwareContextLoaderDelegate)]
10:08:42.281 [main] DEBUG org.springframework.test.context.BootstrapUtils - Instantiating TestContextBootstrapper for test class [com.clarolab.api.test.TestExecutionAPITest] from class [org.springframework.boot.test.context.SpringBootTestContextBootstrapper]
10:08:42.281 [main] INFO org.springframework.boot.test.context.SpringBootTestContextBootstrapper - Neither @ContextConfiguration nor @ContextHierarchy found for test class [com.clarolab.api.test.TestExecutionAPITest], using SpringBootContextLoader
10:08:42.282 [main] DEBUG org.springframework.test.context.support.AbstractContextLoader - Did not detect default resource location for test class [com.clarolab.api.test.TestExecutionAPITest]: class path resource [com/clarolab/api/test/TestExecutionAPITest-context.xml] does not exist
10:08:42.282 [main] DEBUG org.springframework.test.context.support.AbstractContextLoader - Did not detect default resource location for test class [com.clarolab.api.test.TestExecutionAPITest]: class path resource [com/clarolab/api/test/TestExecutionAPITestContext.groovy] does not exist
10:08:42.282 [main] INFO org.springframework.test.context.support.AbstractContextLoader - Could not detect default resource locations for test class [com.clarolab.api.test.TestExecutionAPITest]: no resource found for suffixes {-context.xml, Context.groovy}.
10:08:42.284 [main] DEBUG org.springframework.test.context.support.ActiveProfilesUtils - Could not find an 'annotation declaring class' for annotation type [org.springframework.test.context.ActiveProfiles] and class [com.clarolab.api.test.TestExecutionAPITest]
10:08:42.286 [main] DEBUG org.springframework.boot.test.context.SpringBootTestContextBootstrapper - @TestExecutionListeners is not present for class [com.clarolab.api.test.TestExecutionAPITest]: using defaults.
10:08:42.286 [main] INFO org.springframework.boot.test.context.SpringBootTestContextBootstrapper - Loaded default TestExecutionListener class names from location [META-INF/spring.factories]: [org.springframework.boot.test.mock.mockito.MockitoTestExecutionListener, org.springframework.boot.test.mock.mockito.ResetMocksTestExecutionListener, org.springframework.boot.test.autoconfigure.restdocs.RestDocsTestExecutionListener, org.springframework.boot.test.autoconfigure.web.client.MockRestServiceServerResetTestExecutionListener, org.springframework.boot.test.autoconfigure.web.servlet.MockMvcPrintOnlyOnFailureTestExecutionListener, org.springframework.boot.test.autoconfigure.web.servlet.WebDriverTestExecutionListener, org.springframework.test.context.web.ServletTestExecutionListener, org.springframework.test.context.support.DirtiesContextBeforeModesTestExecutionListener, org.springframework.test.context.support.DependencyInjectionTestExecutionListener, org.springframework.test.context.support.DirtiesContextTestExecutionListener, org.springframework.test.context.transaction.TransactionalTestExecutionListener, org.springframework.test.context.jdbc.SqlScriptsTestExecutionListener]
10:08:42.286 [main] INFO org.springframework.boot.test.context.SpringBootTestContextBootstrapper - Using TestExecutionListeners: [org.springframework.test.context.web.ServletTestExecutionListener@693fe6c9, org.springframework.test.context.support.DirtiesContextBeforeModesTestExecutionListener@34f5090e, org.springframework.boot.test.mock.mockito.MockitoTestExecutionListener@31e5415e, org.springframework.boot.test.autoconfigure.SpringBootDependencyInjectionTestExecutionListener@a2431d0, org.springframework.test.context.support.DirtiesContextTestExecutionListener@1cbb87f3, org.springframework.test.context.transaction.TransactionalTestExecutionListener@1a4013, org.springframework.test.context.jdbc.SqlScriptsTestExecutionListener@1b6e1eff, org.springframework.boot.test.mock.mockito.ResetMocksTestExecutionListener@306f16f3, org.springframework.boot.test.autoconfigure.restdocs.RestDocsTestExecutionListener@702b8b12, org.springframework.boot.test.autoconfigure.web.client.MockRestServiceServerResetTestExecutionListener@22e357dc, org.springframework.boot.test.autoconfigure.web.servlet.MockMvcPrintOnlyOnFailureTestExecutionListener@49912c99, org.springframework.boot.test.autoconfigure.web.servlet.WebDriverTestExecutionListener@10163d6]
10:08:42.287 [main] DEBUG org.springframework.test.context.junit4.SpringJUnit4ClassRunner - SpringJUnit4ClassRunner constructor called with [class com.clarolab.api.test.TriageTestAPITest]
10:08:42.287 [main] DEBUG org.springframework.test.context.BootstrapUtils - Instantiating CacheAwareContextLoaderDelegate from class [org.springframework.test.context.cache.DefaultCacheAwareContextLoaderDelegate]
10:08:42.287 [main] DEBUG org.springframework.test.context.BootstrapUtils - Instantiating BootstrapContext using constructor [public org.springframework.test.context.support.DefaultBootstrapContext(java.lang.Class,org.springframework.test.context.CacheAwareContextLoaderDelegate)]
10:08:42.288 [main] DEBUG org.springframework.test.context.BootstrapUtils - Instantiating TestContextBootstrapper for test class [com.clarolab.api.test.TriageTestAPITest] from class [org.springframework.boot.test.context.SpringBootTestContextBootstrapper]
10:08:42.288 [main] INFO org.springframework.boot.test.context.SpringBootTestContextBootstrapper - Neither @ContextConfiguration nor @ContextHierarchy found for test class [com.clarolab.api.test.TriageTestAPITest], using SpringBootContextLoader
10:08:42.288 [main] DEBUG org.springframework.test.context.support.AbstractContextLoader - Did not detect default resource location for test class [com.clarolab.api.test.TriageTestAPITest]: class path resource [com/clarolab/api/test/TriageTestAPITest-context.xml] does not exist
10:08:42.289 [main] DEBUG org.springframework.test.context.support.AbstractContextLoader - Did not detect default resource location for test class [com.clarolab.api.test.TriageTestAPITest]: class path resource [com/clarolab/api/test/TriageTestAPITestContext.groovy] does not exist
10:08:42.289 [main] INFO org.springframework.test.context.support.AbstractContextLoader - Could not detect default resource locations for test class [com.clarolab.api.test.TriageTestAPITest]: no resource found for suffixes {-context.xml, Context.groovy}.
10:08:42.290 [main] DEBUG org.springframework.test.context.support.ActiveProfilesUtils - Could not find an 'annotation declaring class' for annotation type [org.springframework.test.context.ActiveProfiles] and class [com.clarolab.api.test.TriageTestAPITest]
10:08:42.292 [main] DEBUG org.springframework.boot.test.context.SpringBootTestContextBootstrapper - @TestExecutionListeners is not present for class [com.clarolab.api.test.TriageTestAPITest]: using defaults.
10:08:42.292 [main] INFO org.springframework.boot.test.context.SpringBootTestContextBootstrapper - Loaded default TestExecutionListener class names from location [META-INF/spring.factories]: [org.springframework.boot.test.mock.mockito.MockitoTestExecutionListener, org.springframework.boot.test.mock.mockito.ResetMocksTestExecutionListener, org.springframework.boot.test.autoconfigure.restdocs.RestDocsTestExecutionListener, org.springframework.boot.test.autoconfigure.web.client.MockRestServiceServerResetTestExecutionListener, org.springframework.boot.test.autoconfigure.web.servlet.MockMvcPrintOnlyOnFailureTestExecutionListener, org.springframework.boot.test.autoconfigure.web.servlet.WebDriverTestExecutionListener, org.springframework.test.context.web.ServletTestExecutionListener, org.springframework.test.context.support.DirtiesContextBeforeModesTestExecutionListener, org.springframework.test.context.support.DependencyInjectionTestExecutionListener, org.springframework.test.context.support.DirtiesContextTestExecutionListener, org.springframework.test.context.transaction.TransactionalTestExecutionListener, org.springframework.test.context.jdbc.SqlScriptsTestExecutionListener]
10:08:42.292 [main] INFO org.springframework.boot.test.context.SpringBootTestContextBootstrapper - Using TestExecutionListeners: [org.springframework.test.context.web.ServletTestExecutionListener@50ad3bc1, org.springframework.test.context.support.DirtiesContextBeforeModesTestExecutionListener@223aa2f7, org.springframework.boot.test.mock.mockito.MockitoTestExecutionListener@6d3a388c, org.springframework.boot.test.autoconfigure.SpringBootDependencyInjectionTestExecutionListener@193f604a, org.springframework.test.context.support.DirtiesContextTestExecutionListener@20f5239f, org.springframework.test.context.transaction.TransactionalTestExecutionListener@57af006c, org.springframework.test.context.jdbc.SqlScriptsTestExecutionListener@6bedbc4d, org.springframework.boot.test.mock.mockito.ResetMocksTestExecutionListener@932bc4a, org.springframework.boot.test.autoconfigure.restdocs.RestDocsTestExecutionListener@d29f28, org.springframework.boot.test.autoconfigure.web.client.MockRestServiceServerResetTestExecutionListener@2fd1433e, org.springframework.boot.test.autoconfigure.web.servlet.MockMvcPrintOnlyOnFailureTestExecutionListener@29d89d5d, org.springframework.boot.test.autoconfigure.web.servlet.WebDriverTestExecutionListener@3514a4c0]
10:08:42.295 [main] DEBUG org.springframework.test.annotation.ProfileValueUtils - Retrieved @ProfileValueSourceConfiguration [null] for test class [com.clarolab.api.entry.BuildAPITest]
10:08:42.295 [main] DEBUG org.springframework.test.annotation.ProfileValueUtils - Retrieved ProfileValueSource type [class org.springframework.test.annotation.SystemProfileValueSource] for class [com.clarolab.api.entry.BuildAPITest]
10:08:42.297 [main] DEBUG org.springframework.test.annotation.ProfileValueUtils - Retrieved @ProfileValueSourceConfiguration [null] for test class [com.clarolab.api.entry.ConnectorAPITest]
10:08:42.297 [main] DEBUG org.springframework.test.annotation.ProfileValueUtils - Retrieved ProfileValueSource type [class org.springframework.test.annotation.SystemProfileValueSource] for class [com.clarolab.api.entry.ConnectorAPITest]
10:08:42.298 [main] DEBUG org.springframework.test.annotation.ProfileValueUtils - Retrieved @ProfileValueSourceConfiguration [null] for test class [com.clarolab.api.entry.ListAPITest]
10:08:42.298 [main] DEBUG org.springframework.test.annotation.ProfileValueUtils - Retrieved ProfileValueSource type [class org.springframework.test.annotation.SystemProfileValueSource] for class [com.clarolab.api.entry.ListAPITest]
10:08:42.301 [main] DEBUG org.springframework.test.annotation.ProfileValueUtils - Retrieved @ProfileValueSourceConfiguration [null] for test class [com.clarolab.api.entry.ProductAPITest]
10:08:42.301 [main] DEBUG org.springframework.test.annotation.ProfileValueUtils - Retrieved ProfileValueSource type [class org.springframework.test.annotation.SystemProfileValueSource] for class [com.clarolab.api.entry.ProductAPITest]
10:08:42.302 [main] DEBUG org.springframework.test.annotation.ProfileValueUtils - Retrieved @ProfileValueSourceConfiguration [null] for test class [com.clarolab.api.entry.UserAPITest]
10:08:42.302 [main] DEBUG org.springframework.test.annotation.ProfileValueUtils - Retrieved ProfileValueSource type [class org.springframework.test.annotation.SystemProfileValueSource] for class [com.clarolab.api.entry.UserAPITest]
10:08:42.302 [main] DEBUG org.springframework.test.annotation.ProfileValueUtils - Retrieved @ProfileValueSourceConfiguration [null] for test class [com.clarolab.api.report.ExportAPITest]
10:08:42.302 [main] DEBUG org.springframework.test.annotation.ProfileValueUtils - Retrieved ProfileValueSource type [class org.springframework.test.annotation.SystemProfileValueSource] for class [com.clarolab.api.report.ExportAPITest]
10:08:42.303 [main] DEBUG org.springframework.test.annotation.ProfileValueUtils - Retrieved @ProfileValueSourceConfiguration [null] for test class [com.clarolab.api.report.StatsAPITest]
10:08:42.303 [main] DEBUG org.springframework.test.annotation.ProfileValueUtils - Retrieved ProfileValueSource type [class org.springframework.test.annotation.SystemProfileValueSource] for class [com.clarolab.api.report.StatsAPITest]
10:08:42.303 [main] DEBUG org.springframework.test.annotation.ProfileValueUtils - Retrieved @ProfileValueSourceConfiguration [null] for test class [com.clarolab.api.report.ViewAPITest]
10:08:42.303 [main] DEBUG org.springframework.test.annotation.ProfileValueUtils - Retrieved ProfileValueSource type [class org.springframework.test.annotation.SystemProfileValueSource] for class [com.clarolab.api.report.ViewAPITest]
10:08:42.304 [main] DEBUG org.springframework.test.annotation.ProfileValueUtils - Retrieved @ProfileValueSourceConfiguration [null] for test class [com.clarolab.api.suite.ApproveAutomaticTriageAPITest]
10:08:42.304 [main] DEBUG org.springframework.test.annotation.ProfileValueUtils - Retrieved ProfileValueSource type [class org.springframework.test.annotation.SystemProfileValueSource] for class [com.clarolab.api.suite.ApproveAutomaticTriageAPITest]
10:08:42.304 [main] DEBUG org.springframework.test.annotation.ProfileValueUtils - Retrieved @ProfileValueSourceConfiguration [null] for test class [com.clarolab.api.suite.AssigneeToBuildAPITest]
10:08:42.304 [main] DEBUG org.springframework.test.annotation.ProfileValueUtils - Retrieved ProfileValueSource type [class org.springframework.test.annotation.SystemProfileValueSource] for class [com.clarolab.api.suite.AssigneeToBuildAPITest]
10:08:42.304 [main] DEBUG org.springframework.test.annotation.ProfileValueUtils - Retrieved @ProfileValueSourceConfiguration [null] for test class [com.clarolab.api.suite.InvalidBuildTriageAPITest]
10:08:42.304 [main] DEBUG org.springframework.test.annotation.ProfileValueUtils - Retrieved ProfileValueSource type [class org.springframework.test.annotation.SystemProfileValueSource] for class [com.clarolab.api.suite.InvalidBuildTriageAPITest]
10:08:42.305 [main] DEBUG org.springframework.test.annotation.ProfileValueUtils - Retrieved @ProfileValueSourceConfiguration [null] for test class [com.clarolab.api.suite.TriageBuildAPITest]
10:08:42.305 [main] DEBUG org.springframework.test.annotation.ProfileValueUtils - Retrieved ProfileValueSource type [class org.springframework.test.annotation.SystemProfileValueSource] for class [com.clarolab.api.suite.TriageBuildAPITest]
10:08:42.305 [main] DEBUG org.springframework.test.annotation.ProfileValueUtils - Retrieved @ProfileValueSourceConfiguration [null] for test class [com.clarolab.api.test.AssignTestCaseAPITest]
[...]
2019-02-11 10:09:33.677  INFO 8872 --- [           main] o.hibernate.jpa.internal.util.LogHelper  : HHH000204: Processing PersistenceUnitInfo [
	name: default
	...]
2019-02-11 10:09:33.747  INFO 8872 --- [           main] org.hibernate.Version                    : HHH000412: Hibernate Core {5.3.7.Final}
2019-02-11 10:09:33.748  INFO 8872 --- [           main] org.hibernate.cfg.Environment            : HHH000206: hibernate.properties not found
2019-02-11 10:09:33.888  INFO 8872 --- [           main] o.hibernate.annotations.common.Version   : HCANN000001: Hibernate Commons Annotations {5.0.4.Final}
2019-02-11 10:09:34.022  INFO 8872 --- [           main] com.zaxxer.hikari.HikariDataSource       : HikariPool-1 - Starting...
2019-02-11 10:09:34.171  INFO 8872 --- [           main] com.zaxxer.hikari.HikariDataSource       : HikariPool-1 - Start completed.
2019-02-11 10:09:34.190  INFO 8872 --- [           main] org.hibernate.dialect.Dialect            : HHH000400: Using dialect: org.hibernate.dialect.H2Dialect
2019-02-11 10:09:34.516  INFO 8872 --- [           main] org.hibernate.orm.beans                  : HHH10005002: No explicit CDI BeanManager reference was passed to Hibernate, but CDI is available on the Hibernate ClassLoader.
2019-02-11 10:09:35.561  INFO 8872 --- [           main] j.LocalContainerEntityManagerFactoryBean : Initialized JPA EntityManagerFactory for persistence unit 'default'
2019-02-11 10:09:35.977  INFO 8872 --- [           main] o.h.h.i.QueryTranslatorFactoryInitiator  : HHH000397: Using ASTQueryTranslatorFactory
2019-02-11 10:09:37.332  WARN 8872 --- [           main] aWebConfiguration$JpaWebMvcConfiguration : spring.jpa.open-in-view is enabled by default. Therefore, database queries may be performed during view rendering. Explicitly configure spring.jpa.open-in-view to disable this warning
2019-02-11 10:09:38.214  WARN 8872 --- [           main] ion$DefaultTemplateResolverConfiguration : Cannot find template location: classpath:/templates/ (please add some templates or check your Thymeleaf configuration)
2019-02-11 10:09:38.752  INFO 8872 --- [           main] o.s.s.c.ThreadPoolTaskScheduler          : Initializing ExecutorService 'taskScheduler'
2019-02-11 10:09:39.105  INFO 8872 --- [           main] d.s.w.p.DocumentationPluginsBootstrapper : Context refreshed
2019-02-11 10:09:39.128  INFO 8872 --- [           main] d.s.w.p.DocumentationPluginsBootstrapper : Found 1 custom documentation plugin(s)
2019-02-11 10:09:39.153  INFO 8872 --- [           main] s.d.s.w.s.ApiListingReferenceScanner     : Scanning for api listing references
2019-02-11 10:09:39.447  INFO 8872 --- [           main] .d.s.w.r.o.CachingOperationNameGenerator : Generating unique operation named: findUsingGET_1
2019-02-11 10:09:39.456  INFO 8872 --- [           main] .d.s.w.r.o.CachingOperationNameGenerator : Generating unique operation named: listUsingGET_1
2019-02-11 10:09:39.462  INFO 8872 --- [           main] .d.s.w.r.o.CachingOperationNameGenerator : Generating unique operation named: findUsingGET_2
2019-02-11 10:09:39.478  INFO 8872 --- [           main] .d.s.w.r.o.CachingOperationNameGenerator : Generating unique operation named: listUsingGET_2
2019-02-11 10:09:39.500  INFO 8872 --- [           main] .d.s.w.r.o.CachingOperationNameGenerator : Generating unique operation named: findUsingGET_3
2019-02-11 10:09:39.521  INFO 8872 --- [           main] .d.s.w.r.o.CachingOperationNameGenerator : Generating unique operation named: getAllContainersUsingGET_1
2019-02-11 10:09:39.530  INFO 8872 --- [           main] .d.s.w.r.o.CachingOperationNameGenerator : Generating unique operation named: listUsingGET_3
2019-02-11 10:09:39.555  INFO 8872 --- [           main] .d.s.w.r.o.CachingOperationNameGenerator : Generating unique operation named: deleteUsingDELETE_1
2019-02-11 10:09:39.568  INFO 8872 --- [           main] .d.s.w.r.o.CachingOperationNameGenerator : Generating unique operation named: findUsingGET_4
2019-02-11 10:09:39.581  INFO 8872 --- [           main] .d.s.w.r.o.CachingOperationNameGenerator : Generating unique operation named: listUsingGET_4
2019-02-11 10:09:39.586  INFO 8872 --- [           main] .d.s.w.r.o.CachingOperationNameGenerator : Generating unique operation named: populateUsingGET_1
2019-02-11 10:09:39.611  INFO 8872 --- [           main] .d.s.w.r.o.CachingOperationNameGenerator : Generating unique operation named: saveUsingPOST_1
2019-02-11 10:09:39.618  INFO 8872 --- [           main] .d.s.w.r.o.CachingOperationNameGenerator : Generating unique operation named: updateUsingPUT_1
2019-02-11 10:09:39.624  INFO 8872 --- [           main] .d.s.w.r.o.CachingOperationNameGenerator : Generating unique operation named: deleteUsingDELETE_2
2019-02-11 10:09:39.632  INFO 8872 --- [           main] .d.s.w.r.o.CachingOperationNameGenerator : Generating unique operation named: findUsingGET_5
2019-02-11 10:09:39.642  INFO 8872 --- [           main] .d.s.w.r.o.CachingOperationNameGenerator : Generating unique operation named: listUsingGET_5
2019-02-11 10:09:39.654  INFO 8872 --- [           main] .d.s.w.r.o.CachingOperationNameGenerator : Generating unique operation named: saveUsingPOST_2
2019-02-11 10:09:39.661  INFO 8872 --- [           main] .d.s.w.r.o.CachingOperationNameGenerator : Generating unique operation named: updateUsingPUT_2
2019-02-11 10:09:39.674  INFO 8872 --- [           main] .d.s.w.r.o.CachingOperationNameGenerator : Generating unique operation named: findUsingGET_6
2019-02-11 10:09:39.690  INFO 8872 --- [           main] .d.s.w.r.o.CachingOperationNameGenerator : Generating unique operation named: listUsingGET_6
2019-02-11 10:09:39.716  INFO 8872 --- [           main] .d.s.w.r.o.CachingOperationNameGenerator : Generating unique operation named: findUsingGET_7
2019-02-11 10:09:39.737  INFO 8872 --- [           main] .d.s.w.r.o.CachingOperationNameGenerator : Generating unique operation named: listUsingGET_7
2019-02-11 10:09:39.744  INFO 8872 --- [           main] .d.s.w.r.o.CachingOperationNameGenerator : Generating unique operation named: deleteUsingDELETE_3
2019-02-11 10:09:39.754  INFO 8872 --- [           main] .d.s.w.r.o.CachingOperationNameGenerator : Generating unique operation named: findUsingGET_8
2019-02-11 10:09:39.776  INFO 8872 --- [           main] .d.s.w.r.o.CachingOperationNameGenerator : Generating unique operation named: listUsingGET_8
2019-02-11 10:09:39.786  INFO 8872 --- [           main] .d.s.w.r.o.CachingOperationNameGenerator : Generating unique operation named: listUsingGET_9
2019-02-11 10:09:39.800  INFO 8872 --- [           main] .d.s.w.r.o.CachingOperationNameGenerator : Generating unique operation named: saveUsingPOST_3
2019-02-11 10:09:39.806  INFO 8872 --- [           main] .d.s.w.r.o.CachingOperationNameGenerator : Generating unique operation named: updateUsingPUT_3
2019-02-11 10:09:39.811  INFO 8872 --- [           main] .d.s.w.r.o.CachingOperationNameGenerator : Generating unique operation named: deleteUsingDELETE_4
2019-02-11 10:09:39.818  INFO 8872 --- [           main] .d.s.w.r.o.CachingOperationNameGenerator : Generating unique operation named: findUsingGET_9
2019-02-11 10:09:39.828  INFO 8872 --- [           main] .d.s.w.r.o.CachingOperationNameGenerator : Generating unique operation named: listUsingGET_10
2019-02-11 10:09:39.838  INFO 8872 --- [           main] .d.s.w.r.o.CachingOperationNameGenerator : Generating unique operation named: saveUsingPOST_4
2019-02-11 10:09:39.847  INFO 8872 --- [           main] .d.s.w.r.o.CachingOperationNameGenerator : Generating unique operation named: updateUsingPUT_4
2019-02-11 10:09:39.855  INFO 8872 --- [           main] .d.s.w.r.o.CachingOperationNameGenerator : Generating unique operation named: deleteUsingDELETE_5
2019-02-11 10:09:39.864  INFO 8872 --- [           main] .d.s.w.r.o.CachingOperationNameGenerator : Generating unique operation named: findUsingGET_10
2019-02-11 10:09:39.877  INFO 8872 --- [           main] .d.s.w.r.o.CachingOperationNameGenerator : Generating unique operation named: listUsingGET_11
2019-02-11 10:09:39.885  INFO 8872 --- [           main] .d.s.w.r.o.CachingOperationNameGenerator : Generating unique operation named: saveUsingPOST_5
2019-02-11 10:09:39.890  INFO 8872 --- [           main] .d.s.w.r.o.CachingOperationNameGenerator : Generating unique operation named: updateUsingPUT_5
2019-02-11 10:09:39.900  INFO 8872 --- [           main] .d.s.w.r.o.CachingOperationNameGenerator : Generating unique operation named: findUsingGET_11
2019-02-11 10:09:39.910  INFO 8872 --- [           main] .d.s.w.r.o.CachingOperationNameGenerator : Generating unique operation named: listUsingGET_12
2019-02-11 10:09:39.924  INFO 8872 --- [           main] .d.s.w.r.o.CachingOperationNameGenerator : Generating unique operation named: findUsingGET_12
2019-02-11 10:09:39.931  INFO 8872 --- [           main] .d.s.w.r.o.CachingOperationNameGenerator : Generating unique operation named: listUsingGET_13
2019-02-11 10:09:39.936  INFO 8872 --- [           main] .d.s.w.r.o.CachingOperationNameGenerator : Generating unique operation named: findUsingGET_13
2019-02-11 10:09:39.945  INFO 8872 --- [           main] .d.s.w.r.o.CachingOperationNameGenerator : Generating unique operation named: listUsingGET_14
2019-02-11 10:09:39.965  INFO 8872 --- [           main] .d.s.w.r.o.CachingOperationNameGenerator : Generating unique operation named: updateUsingPUT_6
2019-02-11 10:09:39.970  INFO 8872 --- [           main] .d.s.w.r.o.CachingOperationNameGenerator : Generating unique operation named: deleteUsingDELETE_6
2019-02-11 10:09:39.978  INFO 8872 --- [           main] .d.s.w.r.o.CachingOperationNameGenerator : Generating unique operation named: findUsingGET_14
2019-02-11 10:09:39.990  INFO 8872 --- [           main] .d.s.w.r.o.CachingOperationNameGenerator : Generating unique operation named: listUsingGET_15
2019-02-11 10:09:40.001  INFO 8872 --- [           main] .d.s.w.r.o.CachingOperationNameGenerator : Generating unique operation named: saveUsingPOST_6
2019-02-11 10:09:40.006  INFO 8872 --- [           main] .d.s.w.r.o.CachingOperationNameGenerator : Generating unique operation named: updateUsingPUT_7
2019-02-11 10:09:40.011  INFO 8872 --- [           main] .d.s.w.r.o.CachingOperationNameGenerator : Generating unique operation named: deleteUsingDELETE_7
2019-02-11 10:09:40.017  INFO 8872 --- [           main] .d.s.w.r.o.CachingOperationNameGenerator : Generating unique operation named: findUsingGET_15
2019-02-11 10:09:40.026  INFO 8872 --- [           main] .d.s.w.r.o.CachingOperationNameGenerator : Generating unique operation named: listUsingGET_16
2019-02-11 10:09:40.033  INFO 8872 --- [           main] .d.s.w.r.o.CachingOperationNameGenerator : Generating unique operation named: saveUsingPOST_7
2019-02-11 10:09:40.037  INFO 8872 --- [           main] .d.s.w.r.o.CachingOperationNameGenerator : Generating unique operation named: updateUsingPUT_8
2019-02-11 10:09:40.042  INFO 8872 --- [           main] .d.s.w.r.o.CachingOperationNameGenerator : Generating unique operation named: deleteUsingDELETE_8
2019-02-11 10:09:40.049  INFO 8872 --- [           main] .d.s.w.r.o.CachingOperationNameGenerator : Generating unique operation named: findUsingGET_16
2019-02-11 10:09:40.058  INFO 8872 --- [           main] .d.s.w.r.o.CachingOperationNameGenerator : Generating unique operation named: listUsingGET_17
2019-02-11 10:09:40.066  INFO 8872 --- [           main] .d.s.w.r.o.CachingOperationNameGenerator : Generating unique operation named: saveUsingPOST_8
2019-02-11 10:09:40.071  INFO 8872 --- [           main] .d.s.w.r.o.CachingOperationNameGenerator : Generating unique operation named: updateUsingPUT_9
2019-02-11 10:09:40.073  INFO 8872 --- [           main] .d.s.w.r.o.CachingOperationNameGenerator : Generating unique operation named: downloadUsingGET_1
2019-02-11 10:09:40.127  INFO 8872 --- [           main] o.s.b.w.embedded.tomcat.TomcatWebServer  : Tomcat started on port(s): 45349 (http) with context path ''
2019-02-11 10:09:40.129  INFO 8872 --- [           main] com.clarolab.api.test.BuildAPITest      : Started BuildAPITest in 57.786 seconds (JVM running for 58.64)
2019-02-11 10:09:42.218  INFO 8872 --- [           main] com.clarolab.populate.PopulateDemoData   : All Demo Data Populated!
2019-02-11 10:09:42.228  INFO 8872 --- [       Thread-4] com.clarolab.service.ContainerService    : To populate: qa-reports
2019-02-11 10:09:48.642  WARN 8872 --- [       Thread-4] o.a.h.c.protocol.ResponseProcessCookies  : Invalid cookie header: "Set-Cookie: ring-session=jrBHmfaZy4sAQAdC4QePG%2FY4ro44r5DOxws0qt107sbcuyOS%2BI9yg8OHJogcUiK3vLVjtLcFn0bSv%2FvMm8dSEf62wJDaTHgNyUr%2FSnISKz3sctJaKbfnRndV62pBhvGaVRma9Of1UrAQ30qsDBumif1ecd2UcXocmxBlEzJNxfVicVYeP%2F1uXDY%2FQV2c0isdGvcGZNKujz0I1YUfzoDPWE9tgSGcpOuHzoMbByX9Z8s%3D--sIjtD932r0UNyfvHhHMV6wY4R55eZUT7ixbvwJRQb4o%3D;Path=/;HttpOnly;Expires=Fri, 07 Feb 2020 07:31:12 +0000;Max-Age=1209600;Secure". Invalid 'expires' attribute: Fri, 07 Feb 2020 07:31:12 +0000
2019-02-11 10:09:48.645  INFO 8872 --- [       Thread-4] com.clarolab.service.ContainerService    : Container qa-reports is being populated for first time.
2019-02-11 10:09:48.647  INFO 8872 --- [       Thread-4] com.clarolab.util.rest.HttpClient        : Curl to execute: curl -u a296eed321ab07d489eae6a2eed301eac5472b19: --header 'Accept: application/json;' -X GET "https://circleci.com/api/v1.1/project/bitbucket/TTriage/qa-reports?offset=0&limit=20" --insecure
2019-02-11 10:09:49.667  INFO 8872 --- [o-auto-1-exec-1] o.a.c.c.C.[Tomcat].[localhost].[/]       : Initializing Spring DispatcherServlet 'dispatcherServlet'
2019-02-11 10:09:49.667  INFO 8872 --- [o-auto-1-exec-1] o.s.web.servlet.DispatcherServlet        : Initializing Servlet 'dispatcherServlet'
2019-02-11 10:09:49.686  INFO 8872 --- [o-auto-1-exec-1] o.s.web.servlet.DispatcherServlet        : Completed initialization in 19 ms
]]></system-out>
  </testcase>
  <testcase name="testBuildCreate" classname="com.clarolab.api.test.BuildAPITest" time="0.004"/>
  <testcase name="testBuildDelete" classname="com.clarolab.api.test.BuildAPITest" time="0.19"/>
  <testcase name="testBuildGetOne" classname="com.clarolab.api.test.BuildAPITest" time="0.088"/>
  <testcase name="testBuildListNotEmpty" classname="com.clarolab.api.test.BuildAPITest" time="0.572"/>
  <testcase name="testConnectorContainerList" classname="com.clarolab.api.test.ConnectorAPITest" time="0.058"/>
  <testcase name="testGet" classname="com.clarolab.api.test.ConnectorAPITest" time="0.067"/>
  <testcase name="testList" classname="com.clarolab.api.test.ConnectorAPITest" time="0.034"/>
  <testcase name="testAContainer" classname="com.clarolab.api.test.ConnectorAPITest" time="6.899"/>
  <testcase name="testCreate" classname="com.clarolab.api.test.ConnectorAPITest" time="0.126"/>
  <testcase name="testDelete" classname="com.clarolab.api.test.ConnectorAPITest" time="0.028"/>
  <testcase name="testPopulateId" classname="com.clarolab.api.test.ConnectorAPITest" time="0.003"/>
  <testcase name="testUpdate" classname="com.clarolab.api.test.ConnectorAPITest" time="0.042"/>
  <testcase name="testSpecList" classname="com.clarolab.api.test.ListAPITest" time="0.365"/>
  <testcase name="testBuildList" classname="com.clarolab.api.test.ListAPITest" time="0.379"/>
  <testcase name="testContainerList" classname="com.clarolab.api.test.ListAPITest" time="0.144"/>
  <testcase name="testExecutorList" classname="com.clarolab.api.test.ListAPITest" time="0.116"/>
  <testcase name="testPropertyList" classname="com.clarolab.api.test.ListAPITest" time="0.064"/>
  <testcase name="testUserList" classname="com.clarolab.api.test.ListAPITest" time="0.181"/>
  <testcase name="testReportList" classname="com.clarolab.api.test.ListAPITest" time="0.424"/>
  <testcase name="testConnectorList" classname="com.clarolab.api.test.ListAPITest" time="0.22"/>
  <testcase name="testTestCaseList" classname="com.clarolab.api.test.ListAPITest" time="0.233"/>
  <testcase name="testGet" classname="com.clarolab.api.test.ProductAPITest" time="0.036"/>
  <testcase name="testList" classname="com.clarolab.api.test.ProductAPITest" time="0.022"/>
  <testcase name="testCreate" classname="com.clarolab.api.test.ProductAPITest" time="0.039"/>
  <testcase name="testDelete" classname="com.clarolab.api.test.ProductAPITest" time="0.014"/>
  <testcase name="testUpdate" classname="com.clarolab.api.test.ProductAPITest" time="0.064"/>
  <testcase name="testTime4" classname="com.clarolab.api.test.UserAPITest" time="105.004"/>
  <testcase name="testTime5" classname="com.clarolab.api.test.UserAPITest" time="1,005.004"/>
  <testcase name="testViewExportExecutorAsCSV" classname="com.clarolab.api.test.ExportAPITest" time="13.725">
    <failure message="1 expectation failed.&#10;Expected response time was not a value less than &lt;7000L&gt; milliseconds, was 13709 milliseconds (13709 milliseconds)." type="java.lang.AssertionError"><![CDATA[java.lang.AssertionError: 
1 expectation failed.
Expected response time was not a value less than <7000L> milliseconds, was 13709 milliseconds (13709 milliseconds).
	at com.clarolab.api.test.ExportAPITest.testViewExportExecutorAsCSV(ExportAPITest.java:37)
]]></failure>
  </testcase>
  <testcase name="testViewExportExecutorAsPDF" classname="com.clarolab.api.test.ExportAPITest" time="0.183"/>
  <testcase name="testViewExportExecutorAsXLS" classname="com.clarolab.api.test.ExportAPITest" time="0.158"/>
  <testcase name="testViewExportUserAsCSV" classname="com.clarolab.api.test.ExportAPITest" time="0.095"/>
  <testcase name="testViewExportUserAsPDF" classname="com.clarolab.api.test.ExportAPITest" time="0.097"/>
  <testcase name="testViewExportUserAsXLS" classname="com.clarolab.api.test.ExportAPITest" time="0.102"/>
  <testcase name="testJobExecution" classname="com.clarolab.api.report.StatsAPITest" time="0.019"/>
  <testcase name="testBuildFails" classname="com.clarolab.api.report.StatsAPITest" time="0.022"/>
  <testcase name="testViewBuildReport" classname="com.clarolab.api.test.ViewAPITest" time="0.011"/>
  <testcase name="testViewBuildTriage" classname="com.clarolab.api.test.ViewAPITest" time="0.109"/>
  <testcase name="testViewExecutor" classname="com.clarolab.api.test.ViewAPITest" time="0.021"/>
  <testcase name="testViewTestCase" classname="com.clarolab.api.test.ViewAPITest" time="0.018"/>
  <testcase name="testViewExecutors" classname="com.clarolab.api.test.ViewAPITest" time="0.042"/>
  <testcase name="testTestCaseReport" classname="com.clarolab.api.test.ViewAPITest" time="0.031"/>
  <testcase name="testBasic" classname="com.clarolab.api.test.ApproveAutomaticTriageAPITest" time="0.13"/>
  <testcase name="testBase" classname="com.clarolab.api.test.AssigneeToBuildAPITest" time="0.122"/>
  <testcase name="testBasic" classname="com.clarolab.api.test.InvalidBuildTriageAPITest" time="0.124"/>
  <testcase name="testBasic" classname="com.clarolab.api.test.TriageBuildAPITest" time="0.115"/>
  <testcase name="testBasic" classname="com.clarolab.api.test.AssignTestCaseAPITest" time="0.101"/>
  <testcase name="testTestCaseListNotEmpty" classname="com.clarolab.api.test.TestExecutionAPITest" time="0.023"/>
  <testcase name="testTestCaseDeleteNotInList" classname="com.clarolab.api.test.TestExecutionAPITest" time="0.029"/>
  <testcase name="testTestCaseCreate" classname="com.clarolab.api.test.TestExecutionAPITest" time="0.004"/>
  <testcase name="testTestCaseDelete" classname="com.clarolab.api.test.TestExecutionAPITest" time="0.015"/>
  <testcase name="testTestCaseGetOne" classname="com.clarolab.api.test.TestExecutionAPITest" time="0.017"/>
  <testcase name="testTestCaseListTimeOut" classname="com.clarolab.api.test.TestExecutionAPITest" time="0.009"/>
  <testcase name="testBasic" classname="com.clarolab.api.test.TriageTestAPITest" time="0.114"/>
</testsuite>